{
  "stats": {
    "suites": 62,
    "tests": 190,
    "passes": 190,
    "pending": 0,
    "failures": 0,
    "start": "2025-12-30T03:04:31.310Z",
    "end": "2025-12-30T03:49:26.028Z",
    "duration": 2694718,
    "testsRegistered": 190,
    "passPercent": 100,
    "pendingPercent": 0,
    "other": 0,
    "hasOther": false,
    "skipped": 0,
    "hasSkipped": false
  },
  "results": [
    {
      "uuid": "66f3da00-b0ae-454a-bd7b-6269be39a23d",
      "title": "",
      "fullFile": "",
      "file": "",
      "beforeHooks": [],
      "afterHooks": [],
      "tests": [],
      "suites": [
        {
          "uuid": "46eddb11-a227-4e3c-acde-47111bd5e9ee",
          "title": "Dispute Functions",
          "fullFile": "/home/runner/work/sdk/sdk/packages/core-sdk/test/integration/dispute.test.ts",
          "file": "/test/integration/dispute.test.ts",
          "beforeHooks": [
            {
              "title": "\"before all\" hook in \"Dispute Functions\"",
              "fullTitle": "Dispute Functions \"before all\" hook in \"Dispute Functions\"",
              "timedOut": false,
              "duration": 9633,
              "state": null,
              "speed": null,
              "pass": false,
              "fail": false,
              "pending": false,
              "context": null,
              "code": "clientA = (0, util_1.getStoryClient)();\nconst derivedClient = await (0, BIP32_1.getDerivedStoryClient)();\nclientB = derivedClient.clientB;\nminimumBond = await (0, oov3_1.getMinimumBond)(util_1.publicClient, new generated_1.ArbitrationPolicyUmaClient(util_1.publicClient, util_1.walletClient), src_1.WIP_TOKEN_ADDRESS);\nconst txData = await clientA.nftClient.createNFTCollection({\n    name: \"test-collection\",\n    symbol: \"TEST\",\n    maxSupply: 100,\n    isPublicMinting: true,\n    mintOpen: true,\n    contractURI: \"test-uri\",\n    mintFeeRecipient: util_1.TEST_WALLET_ADDRESS,\n});\nconst nftContract = txData.spgNftContract;\nipIdB = (await clientB.ipAsset.mintAndRegisterIp({\n    spgNftContract: nftContract,\n})).ipId;",
              "err": {},
              "uuid": "358662f3-0fe3-4ce9-9e6b-243d4a8b9773",
              "parentUUID": "46eddb11-a227-4e3c-acde-47111bd5e9ee",
              "isHook": true,
              "skipped": false
            }
          ],
          "afterHooks": [],
          "tests": [
            {
              "title": "it should not cancel a dispute (yet)",
              "fullTitle": "Dispute Functions it should not cancel a dispute (yet)",
              "timedOut": false,
              "duration": 9600,
              "state": "passed",
              "speed": "slow",
              "pass": true,
              "fail": false,
              "pending": false,
              "context": null,
              "code": "const raiseResponse = await clientA.dispute.raiseDispute({\n    targetIpId: ipIdB,\n    cid: await generateCID(),\n    targetTag: src_1.DisputeTargetTag.IMPROPER_REGISTRATION,\n    liveness: 2592000,\n    bond: minimumBond,\n});\nawait (0, chai_1.expect)(clientA.dispute.cancelDispute({\n    disputeId: raiseResponse.disputeId,\n})).to.be.rejected;",
              "err": {},
              "uuid": "dcd4c06d-9ac7-45b2-a709-ba4b1de0c84d",
              "parentUUID": "46eddb11-a227-4e3c-acde-47111bd5e9ee",
              "isHook": false,
              "skipped": false
            }
          ],
          "suites": [
            {
              "uuid": "0a933069-5c15-4500-bbc7-f56eaafc21d6",
              "title": "raiseDispute and counter dispute",
              "fullFile": "/home/runner/work/sdk/sdk/packages/core-sdk/test/integration/dispute.test.ts",
              "file": "/test/integration/dispute.test.ts",
              "beforeHooks": [],
              "afterHooks": [],
              "tests": [
                {
                  "title": "should raise a dispute",
                  "fullTitle": "Dispute Functions raiseDispute and counter dispute should raise a dispute",
                  "timedOut": false,
                  "duration": 13601,
                  "state": "passed",
                  "speed": "slow",
                  "pass": true,
                  "fail": false,
                  "pending": false,
                  "context": null,
                  "code": "const raiseDisputeRequest = {\n    targetIpId: ipIdB,\n    cid: await generateCID(),\n    targetTag: src_1.DisputeTargetTag.IMPROPER_REGISTRATION,\n    liveness: 2592000,\n    bond: minimumBond,\n};\nconst response = await clientA.dispute.raiseDispute(raiseDisputeRequest);\n(0, chai_1.expect)(response.txHash).to.be.a(\"string\");\n(0, chai_1.expect)(response.disputeId).to.be.a(\"bigint\");\ndisputeId = response.disputeId;",
                  "err": {},
                  "uuid": "158ef91a-08a4-457d-88b1-ab736a9b21ea",
                  "parentUUID": "0a933069-5c15-4500-bbc7-f56eaafc21d6",
                  "isHook": false,
                  "skipped": false
                },
                {
                  "title": "should validate all enum values defined in DisputeTargetTag",
                  "fullTitle": "Dispute Functions raiseDispute and counter dispute should validate all enum values defined in DisputeTargetTag",
                  "timedOut": false,
                  "duration": 329,
                  "state": "passed",
                  "speed": "slow",
                  "pass": true,
                  "fail": false,
                  "pending": false,
                  "context": null,
                  "code": "const allTags = Object.values(src_1.DisputeTargetTag);\nfor (const tag of allTags) {\n    const tagHex = (0, viem_1.toHex)(tag, { size: 32 });\n    const { allowed } = await clientA.dispute.disputeModuleClient.isWhitelistedDisputeTag({\n        tag: tagHex,\n    });\n    if (tag === src_1.DisputeTargetTag.IN_DISPUTE) {\n        (0, chai_1.expect)(allowed).equal(false);\n    }\n    else {\n        (0, chai_1.expect)(allowed).equal(true);\n    }\n}",
                  "err": {},
                  "uuid": "117e57e7-84ac-46c7-82a2-9fc079029c1b",
                  "parentUUID": "0a933069-5c15-4500-bbc7-f56eaafc21d6",
                  "isHook": false,
                  "skipped": false
                },
                {
                  "title": "should raise disputes with different DisputeTargetTag enum values",
                  "fullTitle": "Dispute Functions raiseDispute and counter dispute should raise disputes with different DisputeTargetTag enum values",
                  "timedOut": false,
                  "duration": 42516,
                  "state": "passed",
                  "speed": "slow",
                  "pass": true,
                  "fail": false,
                  "pending": false,
                  "context": null,
                  "code": "const allTags = Object.values(src_1.DisputeTargetTag);\nfor (const tag of allTags) {\n    const raiseDisputeRequest = {\n        targetIpId: ipIdB,\n        cid: await generateCID(),\n        targetTag: tag,\n        liveness: 2592000,\n        bond: minimumBond,\n    };\n    if (tag === src_1.DisputeTargetTag.IN_DISPUTE) {\n        await (0, chai_1.expect)(clientA.dispute.raiseDispute(raiseDisputeRequest)).to.be.rejectedWith(\"The target tag IN_DISPUTE is not whitelisted\");\n    }\n    else {\n        const response = await clientA.dispute.raiseDispute(raiseDisputeRequest);\n        (0, chai_1.expect)(response.txHash).to.be.a(\"string\");\n        (0, chai_1.expect)(response.disputeId).to.be.a(\"bigint\");\n    }\n}",
                  "err": {},
                  "uuid": "1c15839f-551f-42a7-b770-6909c92f6c44",
                  "parentUUID": "0a933069-5c15-4500-bbc7-f56eaafc21d6",
                  "isHook": false,
                  "skipped": false
                },
                {
                  "title": "should reject a dispute with an invalid tag not defined in the enum",
                  "fullTitle": "Dispute Functions raiseDispute and counter dispute should reject a dispute with an invalid tag not defined in the enum",
                  "timedOut": false,
                  "duration": 264,
                  "state": "passed",
                  "speed": "slow",
                  "pass": true,
                  "fail": false,
                  "pending": false,
                  "context": null,
                  "code": "await (0, chai_1.expect)(clientA.dispute.raiseDispute({\n    targetIpId: ipIdB,\n    cid: await generateCID(),\n    targetTag: \"INVALID_TAG\",\n    liveness: 2592000,\n    bond: minimumBond,\n})).to.be.rejectedWith(\"The target tag INVALID_TAG is not whitelisted\");",
                  "err": {},
                  "uuid": "f513b561-fa85-4971-a173-1c3f93340a88",
                  "parentUUID": "0a933069-5c15-4500-bbc7-f56eaafc21d6",
                  "isHook": false,
                  "skipped": false
                },
                {
                  "title": "should be able to counter existing dispute once",
                  "fullTitle": "Dispute Functions raiseDispute and counter dispute should be able to counter existing dispute once",
                  "timedOut": false,
                  "duration": 14266,
                  "state": "passed",
                  "speed": "slow",
                  "pass": true,
                  "fail": false,
                  "pending": false,
                  "context": null,
                  "code": "const assertionId = await clientB.dispute.disputeIdToAssertionId(disputeId);\nconst counterEvidenceCID = await generateCID();\nconst ret = await clientB.dispute.disputeAssertion({\n    ipId: ipIdB,\n    assertionId,\n    counterEvidenceCID,\n});\n(0, chai_1.expect)(ret.txHash).to.be.a(\"string\");\n// should throw error if attempting to dispute assertion again\nawait (0, chai_1.expect)(clientB.dispute.disputeAssertion({\n    ipId: ipIdB,\n    assertionId,\n    counterEvidenceCID,\n})).to.be.rejected;",
                  "err": {},
                  "uuid": "cd1a16e5-4d5e-4d04-af66-dc3b411f0255",
                  "parentUUID": "0a933069-5c15-4500-bbc7-f56eaafc21d6",
                  "isHook": false,
                  "skipped": false
                }
              ],
              "suites": [],
              "passes": [
                "158ef91a-08a4-457d-88b1-ab736a9b21ea",
                "117e57e7-84ac-46c7-82a2-9fc079029c1b",
                "1c15839f-551f-42a7-b770-6909c92f6c44",
                "f513b561-fa85-4971-a173-1c3f93340a88",
                "cd1a16e5-4d5e-4d04-af66-dc3b411f0255"
              ],
              "failures": [],
              "pending": [],
              "skipped": [],
              "duration": 70976,
              "root": false,
              "rootEmpty": false,
              "_timeout": 300000
            },
            {
              "uuid": "6da45f22-20a6-45d2-af61-15ed7d97a243",
              "title": "Dispute resolution",
              "fullFile": "/home/runner/work/sdk/sdk/packages/core-sdk/test/integration/dispute.test.ts",
              "file": "/test/integration/dispute.test.ts",
              "beforeHooks": [
                {
                  "title": "\"before each\" hook in \"Dispute resolution\"",
                  "fullTitle": "Dispute Functions Dispute resolution \"before each\" hook in \"Dispute resolution\"",
                  "timedOut": false,
                  "duration": 32346,
                  "state": null,
                  "speed": null,
                  "pass": false,
                  "fail": false,
                  "pending": false,
                  "context": null,
                  "code": "// Setup NFT collection\nconst txData = await clientA.nftClient.createNFTCollection({\n    name: \"test-collection\",\n    symbol: \"TEST\",\n    maxSupply: 100,\n    isPublicMinting: true,\n    mintOpen: true,\n    contractURI: \"test-uri\",\n    mintFeeRecipient: util_1.TEST_WALLET_ADDRESS,\n});\nnftContract = txData.spgNftContract;\n// Get parent IP ID and license terms ID\nconst ipIdAndLicenseResponse = await clientA.ipAsset.mintAndRegisterIpAssetWithPilTerms({\n    spgNftContract: nftContract,\n    allowDuplicates: false,\n    licenseTermsData: [\n        {\n            terms: {\n                transferable: true,\n                royaltyPolicy: generated_1.royaltyPolicyLapAddress[util_1.aeneid],\n                defaultMintingFee: 0n,\n                expiration: 0n,\n                commercialUse: true,\n                commercialAttribution: false,\n                commercializerChecker: viem_1.zeroAddress,\n                commercializerCheckerData: viem_1.zeroAddress,\n                commercialRevShare: 90,\n                commercialRevCeiling: 0n,\n                derivativesAllowed: true,\n                derivativesAttribution: true,\n                derivativesApproval: false,\n                derivativesReciprocal: true,\n                derivativeRevCeiling: 0n,\n                currency: src_1.WIP_TOKEN_ADDRESS,\n                uri: \"\",\n            },\n            licensingConfig: {\n                isSet: true,\n                mintingFee: 0n,\n                licensingHook: viem_1.zeroAddress,\n                hookData: viem_1.zeroAddress,\n                commercialRevShare: 0,\n                disabled: false,\n                expectMinimumGroupRewardShare: 0,\n                expectGroupRewardPool: generated_1.evenSplitGroupPoolAddress[util_1.aeneid],\n            },\n        },\n    ],\n});\nparentIpId = ipIdAndLicenseResponse.ipId;\nlicenseTermsId = ipIdAndLicenseResponse.licenseTermsIds[0];\n//Create a derivative ip\nconst derivativeIpIdResponse1 = await clientA.ipAsset.mintAndRegisterIpAndMakeDerivative({\n    spgNftContract: nftContract,\n    derivData: {\n        parentIpIds: [parentIpId],\n        licenseTermsIds: [licenseTermsId],\n        maxMintingFee: 1n,\n        maxRts: 5 * 10 ** 6,\n        maxRevenueShare: 100,\n    },\n});\nchildIpId = derivativeIpIdResponse1.ipId;\n// Create a second derivative ip\nconst derivativeIpIdResponse2 = await clientA.ipAsset.mintAndRegisterIpAndMakeDerivative({\n    spgNftContract: nftContract,\n    derivData: {\n        parentIpIds: [parentIpId],\n        licenseTermsIds: [licenseTermsId],\n        maxMintingFee: 1n,\n        maxRts: 5 * 10 ** 6,\n        maxRevenueShare: 100,\n    },\n});\nchildIpId2 = derivativeIpIdResponse2.ipId;\n// Raise a dispute\nconst response = await clientA.dispute.raiseDispute({\n    targetIpId: parentIpId,\n    cid: await generateCID(),\n    targetTag: src_1.DisputeTargetTag.IMPROPER_REGISTRATION,\n    liveness: 1,\n    bond: minimumBond,\n});\ndisputeId = response.disputeId;\n// This timeout guarantees that the assertion is expired\n// its intended to be longer than the current block time\n// so it won't be included in the same block\nawait new Promise((resolve) => setTimeout(resolve, 3000));",
                  "err": {},
                  "uuid": "cef0e0bb-ef01-4132-95de-4818e3334d83",
                  "parentUUID": "6da45f22-20a6-45d2-af61-15ed7d97a243",
                  "isHook": true,
                  "skipped": false
                }
              ],
              "afterHooks": [],
              "tests": [
                {
                  "title": "should tag infringing ip",
                  "fullTitle": "Dispute Functions Dispute resolution should tag infringing ip",
                  "timedOut": false,
                  "duration": 9043,
                  "state": "passed",
                  "speed": "slow",
                  "pass": true,
                  "fail": false,
                  "pending": false,
                  "context": null,
                  "code": "await (0, oov3_1.settleAssertion)(util_1.TEST_PRIVATE_KEY, disputeId);\n// Tag derivative IP as infringing\nconst results = await clientA.dispute.tagIfRelatedIpInfringed({\n    infringementTags: [\n        {\n            ipId: childIpId,\n            disputeId: disputeId,\n        },\n        {\n            ipId: childIpId2,\n            disputeId: disputeId,\n        },\n    ],\n});\n(0, chai_1.expect)(results[0].txHash).to.be.a(\"string\");",
                  "err": {},
                  "uuid": "86801174-3c6b-4188-9643-b08872e89abf",
                  "parentUUID": "6da45f22-20a6-45d2-af61-15ed7d97a243",
                  "isHook": false,
                  "skipped": false
                },
                {
                  "title": "should tag a single IP as infringing without using multicall",
                  "fullTitle": "Dispute Functions Dispute resolution should tag a single IP as infringing without using multicall",
                  "timedOut": false,
                  "duration": 9104,
                  "state": "passed",
                  "speed": "slow",
                  "pass": true,
                  "fail": false,
                  "pending": false,
                  "context": null,
                  "code": "/**\n * Test Flow:\n * 1. Set judgment on an existing dispute to mark it as valid (did in `before each` block)\n * 2. Verify the dispute state changed correctly after judgment\n * 3. Try to tag a derivative IP using the judged dispute\n */\n// Step 1: Set judgment on an existing dispute to mark it as valid\nawait (0, oov3_1.settleAssertion)(util_1.TEST_PRIVATE_KEY, disputeId);\n// Step 2: Verify dispute state\n// The disputes() function returns multiple values about the dispute:\n// - targetTag: the tag we wanted to apply when raising the dispute\n// - currentTag: the current state of the dispute after judgment\n// After a successful judgment, currentTag should equal targetTag\nconst { currentTag, targetTag } = await getDisputeState(disputeId);\n(0, chai_1.expect)(currentTag).to.equal(targetTag); // Verify judgment was recorded correctly\n// Step 3: Attempt to tag a derivative IP\n// This will fail if:\n// - The dispute is not in a valid state (still IN_DISPUTE or cleared)\n// - The IP we're trying to tag is not actually a derivative of the disputed IP\n// - The dispute has already been used to tag this IP\nconst response = await clientA.dispute.tagIfRelatedIpInfringed({\n    infringementTags: [\n        {\n            ipId: childIpId, // The derivative IP to tag\n            disputeId: disputeId, // Using the judged dispute as basis for tagging\n        },\n    ],\n    options: {\n        useMulticallWhenPossible: false, // Force single transaction instead of batch\n    },\n});\n// Verify we got the expected response\n(0, chai_1.expect)(response).to.have.lengthOf(1);\n(0, chai_1.expect)(response[0].txHash).to.be.a(\"string\");",
                  "err": {},
                  "uuid": "a8b24b41-7be3-4a69-999c-94623d329165",
                  "parentUUID": "6da45f22-20a6-45d2-af61-15ed7d97a243",
                  "isHook": false,
                  "skipped": false
                },
                {
                  "title": "should tag multiple IPs as infringing using multicall",
                  "fullTitle": "Dispute Functions Dispute resolution should tag multiple IPs as infringing using multicall",
                  "timedOut": false,
                  "duration": 26970,
                  "state": "passed",
                  "speed": "slow",
                  "pass": true,
                  "fail": false,
                  "pending": false,
                  "context": null,
                  "code": "const disputeResponse = await clientA.dispute.raiseDispute({\n    targetIpId: parentIpId,\n    cid: await generateCID(),\n    targetTag: src_1.DisputeTargetTag.IMPROPER_REGISTRATION,\n    liveness: 1,\n    bond: minimumBond,\n});\nconst testDisputeId = disputeResponse.disputeId;\nconst derivativeResponse2 = await clientA.ipAsset.mintAndRegisterIpAndMakeDerivative({\n    spgNftContract: nftContract,\n    derivData: {\n        parentIpIds: [parentIpId],\n        licenseTermsIds: [licenseTermsId],\n        maxMintingFee: 1n,\n        maxRts: 5 * 10 ** 6,\n        maxRevenueShare: 100,\n    },\n    allowDuplicates: true,\n});\nconst newChildIpId = derivativeResponse2.ipId;\nawait (0, oov3_1.settleAssertion)(util_1.TEST_PRIVATE_KEY, testDisputeId);\n// This timeout guarantees that the assertion is expired\n// its intended to be longer than the current block time\n// so it won't be included in the same block\nawait new Promise((resolve) => setTimeout(resolve, 3000));\nconst { currentTag, targetTag } = await getDisputeState(testDisputeId);\n(0, chai_1.expect)(currentTag).to.equal(targetTag);\nconst response = await clientA.dispute.tagIfRelatedIpInfringed({\n    infringementTags: [\n        {\n            ipId: childIpId,\n            disputeId: testDisputeId,\n        },\n        {\n            ipId: newChildIpId,\n            disputeId: testDisputeId,\n        },\n    ],\n    options: {\n        useMulticallWhenPossible: true,\n    },\n});\n(0, chai_1.expect)(response).to.have.lengthOf(1);\n(0, chai_1.expect)(response[0].txHash).to.be.a(\"string\");",
                  "err": {},
                  "uuid": "d82fc50a-262b-47ba-b337-7888a0149f5b",
                  "parentUUID": "6da45f22-20a6-45d2-af61-15ed7d97a243",
                  "isHook": false,
                  "skipped": false
                },
                {
                  "title": "should tag multiple IPs without multicall when specified",
                  "fullTitle": "Dispute Functions Dispute resolution should tag multiple IPs without multicall when specified",
                  "timedOut": false,
                  "duration": 23982,
                  "state": "passed",
                  "speed": "slow",
                  "pass": true,
                  "fail": false,
                  "pending": false,
                  "context": null,
                  "code": "// Create two new derivative IPs sequentially\nconst derivativeResponse3 = await clientA.ipAsset.mintAndRegisterIpAndMakeDerivative({\n    spgNftContract: nftContract,\n    derivData: {\n        parentIpIds: [parentIpId],\n        licenseTermsIds: [licenseTermsId],\n        maxMintingFee: 1n,\n        maxRts: 5 * 10 ** 6,\n        maxRevenueShare: 100,\n    },\n    allowDuplicates: true,\n});\nconst derivativeResponse4 = await clientA.ipAsset.mintAndRegisterIpAndMakeDerivative({\n    spgNftContract: nftContract,\n    derivData: {\n        parentIpIds: [parentIpId],\n        licenseTermsIds: [licenseTermsId],\n        maxMintingFee: 1n,\n        maxRts: 5 * 10 ** 6,\n        maxRevenueShare: 100,\n    },\n    allowDuplicates: true,\n});\nawait (0, oov3_1.settleAssertion)(util_1.TEST_PRIVATE_KEY, disputeId);\nconst { currentTag, targetTag } = await getDisputeState(disputeId);\n(0, chai_1.expect)(currentTag).to.equal(targetTag);\nconst responses = await clientA.dispute.tagIfRelatedIpInfringed({\n    infringementTags: [\n        {\n            ipId: derivativeResponse3.ipId,\n            disputeId: disputeId,\n        },\n        {\n            ipId: derivativeResponse4.ipId,\n            disputeId: disputeId,\n        },\n    ],\n    options: {\n        useMulticallWhenPossible: false,\n    },\n});\n(0, chai_1.expect)(responses).to.have.lengthOf(2);\n(0, chai_1.expect)(responses[0].txHash).to.be.a(\"string\");\n(0, chai_1.expect)(responses[1].txHash).to.be.a(\"string\");",
                  "err": {},
                  "uuid": "b6f9d3ec-b324-422d-b002-48bbb03c39e8",
                  "parentUUID": "6da45f22-20a6-45d2-af61-15ed7d97a243",
                  "isHook": false,
                  "skipped": false
                },
                {
                  "title": "should fail when trying to tag with invalid dispute ID",
                  "fullTitle": "Dispute Functions Dispute resolution should fail when trying to tag with invalid dispute ID",
                  "timedOut": false,
                  "duration": 64,
                  "state": "passed",
                  "speed": "medium",
                  "pass": true,
                  "fail": false,
                  "pending": false,
                  "context": null,
                  "code": "await (0, chai_1.expect)(clientA.dispute.tagIfRelatedIpInfringed({\n    infringementTags: [\n        {\n            ipId: childIpId,\n            disputeId: 999999n,\n        },\n    ],\n})).to.be.rejected;",
                  "err": {},
                  "uuid": "2ed0097f-cb62-4ecb-aac8-238356520448",
                  "parentUUID": "6da45f22-20a6-45d2-af61-15ed7d97a243",
                  "isHook": false,
                  "skipped": false
                },
                {
                  "title": "should resolve a dispute successfully when initiated by dispute initiator",
                  "fullTitle": "Dispute Functions Dispute resolution should resolve a dispute successfully when initiated by dispute initiator",
                  "timedOut": false,
                  "duration": 9089,
                  "state": "passed",
                  "speed": "slow",
                  "pass": true,
                  "fail": false,
                  "pending": false,
                  "context": null,
                  "code": "await (0, oov3_1.settleAssertion)(util_1.TEST_PRIVATE_KEY, disputeId);\nconst { currentTag, targetTag } = await getDisputeState(disputeId);\n(0, chai_1.expect)(currentTag).to.equal(targetTag);\nconst response = await clientA.dispute.resolveDispute({\n    disputeId: disputeId,\n    data: \"0x\",\n});\n(0, chai_1.expect)(response.txHash).to.be.a(\"string\");",
                  "err": {},
                  "uuid": "2b3f23a1-cdb9-4000-b5a8-b940f86ac9df",
                  "parentUUID": "6da45f22-20a6-45d2-af61-15ed7d97a243",
                  "isHook": false,
                  "skipped": false
                },
                {
                  "title": "should fail when non-initiator tries to resolve the dispute",
                  "fullTitle": "Dispute Functions Dispute resolution should fail when non-initiator tries to resolve the dispute",
                  "timedOut": false,
                  "duration": 68,
                  "state": "passed",
                  "speed": "medium",
                  "pass": true,
                  "fail": false,
                  "pending": false,
                  "context": null,
                  "code": "await (0, chai_1.expect)(clientB.dispute.resolveDispute({\n    disputeId: disputeId,\n    data: \"0x\",\n})).to.be.rejectedWith(\"NotDisputeInitiator\");",
                  "err": {},
                  "uuid": "de52ea26-3eb0-47ab-babf-87d5b23df80a",
                  "parentUUID": "6da45f22-20a6-45d2-af61-15ed7d97a243",
                  "isHook": false,
                  "skipped": false
                },
                {
                  "title": "should propagate IMPROPER_REGISTRATION tag to derivative IPs",
                  "fullTitle": "Dispute Functions Dispute resolution should propagate IMPROPER_REGISTRATION tag to derivative IPs",
                  "timedOut": false,
                  "duration": 9135,
                  "state": "passed",
                  "speed": "slow",
                  "pass": true,
                  "fail": false,
                  "pending": false,
                  "context": null,
                  "code": "await (0, oov3_1.settleAssertion)(util_1.TEST_PRIVATE_KEY, disputeId);\n// Verify the dispute state changed correctly\nconst { currentTag: parentCurrentTag, targetTag: parentTargetTag } = await getDisputeState(disputeId);\n(0, chai_1.expect)(parentCurrentTag).to.equal(parentTargetTag);\n// Propagate the tag to both derivative IPs\nconst results = await clientA.dispute.tagIfRelatedIpInfringed({\n    infringementTags: [\n        {\n            ipId: childIpId,\n            disputeId: disputeId,\n        },\n        {\n            ipId: childIpId2,\n            disputeId: disputeId,\n        },\n    ],\n});\nconst logData = results[0].receipt?.logs[0].data;\nconst firstWord = logData.slice(0, 66);\nconst childDisputeId = BigInt(firstWord);\n// Verify successful tagging\n(0, chai_1.expect)(results[0].txHash).to.be.a(\"string\");\nconst { currentTag: childCurrentTag } = await getDisputeState(childDisputeId);\n// Convert the IMPROPER_USAGE tag to hex for comparison\nconst improperUsageTagHex = (0, viem_1.toHex)(src_1.DisputeTargetTag.IMPROPER_REGISTRATION, { size: 32 });\n// Verify both child IPs have the IMPROPER_USAGE tag by\n// fetching and comparing their dispute tags\n(0, chai_1.expect)(parentCurrentTag).to.equal(parentTargetTag);\n(0, chai_1.expect)(childCurrentTag).to.equal(improperUsageTagHex);",
                  "err": {},
                  "uuid": "155aff53-61da-4ff9-8354-a2bba0067ceb",
                  "parentUUID": "6da45f22-20a6-45d2-af61-15ed7d97a243",
                  "isHook": false,
                  "skipped": false
                }
              ],
              "suites": [],
              "passes": [
                "86801174-3c6b-4188-9643-b08872e89abf",
                "a8b24b41-7be3-4a69-999c-94623d329165",
                "d82fc50a-262b-47ba-b337-7888a0149f5b",
                "b6f9d3ec-b324-422d-b002-48bbb03c39e8",
                "2ed0097f-cb62-4ecb-aac8-238356520448",
                "2b3f23a1-cdb9-4000-b5a8-b940f86ac9df",
                "de52ea26-3eb0-47ab-babf-87d5b23df80a",
                "155aff53-61da-4ff9-8354-a2bba0067ceb"
              ],
              "failures": [],
              "pending": [],
              "skipped": [],
              "duration": 87455,
              "root": false,
              "rootEmpty": false,
              "_timeout": 300000
            }
          ],
          "passes": [
            "dcd4c06d-9ac7-45b2-a709-ba4b1de0c84d"
          ],
          "failures": [],
          "pending": [],
          "skipped": [],
          "duration": 9600,
          "root": false,
          "rootEmpty": false,
          "_timeout": 300000
        },
        {
          "uuid": "ba55d9ce-a3ce-48e1-a76e-9085b17e1f62",
          "title": "Group Functions",
          "fullFile": "/home/runner/work/sdk/sdk/packages/core-sdk/test/integration/group.test.ts",
          "file": "/test/integration/group.test.ts",
          "beforeHooks": [
            {
              "title": "\"before all\" hook in \"Group Functions\"",
              "fullTitle": "Group Functions \"before all\" hook in \"Group Functions\"",
              "timedOut": false,
              "duration": 4475,
              "state": null,
              "speed": null,
              "pass": false,
              "fail": false,
              "pending": false,
              "context": null,
              "code": "client = (0, util_1.getStoryClient)();\n// Create NFT Collection\nspgNftContract = (await client.nftClient.createNFTCollection({\n    name: \"test-collection\",\n    symbol: \"TEST\",\n    maxSupply: 100,\n    isPublicMinting: true,\n    mintOpen: true,\n    mintFeeRecipient: util_1.TEST_WALLET_ADDRESS,\n    contractURI: \"test-uri\",\n})).spgNftContract;",
              "err": {},
              "uuid": "409ef5c0-f6b7-40b2-8cc1-d67d55e30ab0",
              "parentUUID": "ba55d9ce-a3ce-48e1-a76e-9085b17e1f62",
              "isHook": true,
              "skipped": false
            }
          ],
          "afterHooks": [],
          "tests": [],
          "suites": [
            {
              "uuid": "241f95f3-04dc-4706-93e9-173557b6d028",
              "title": "Group Operations",
              "fullFile": "/home/runner/work/sdk/sdk/packages/core-sdk/test/integration/group.test.ts",
              "file": "/test/integration/group.test.ts",
              "beforeHooks": [
                {
                  "title": "\"before all\" hook in \"Group Operations\"",
                  "fullTitle": "Group Functions Group Operations \"before all\" hook in \"Group Operations\"",
                  "timedOut": false,
                  "duration": 9668,
                  "state": null,
                  "speed": null,
                  "pass": false,
                  "fail": false,
                  "pending": false,
                  "context": null,
                  "code": "// Create initial IP with license terms\nconst result = await client.ipAsset.mintAndRegisterIpAssetWithPilTerms({\n    spgNftContract,\n    allowDuplicates: false,\n    licenseTermsData,\n});\nlicenseTermsId = result.licenseTermsIds[0];\nipId = result.ipId;\n// Set licensing config\nawait client.license.setLicensingConfig({\n    ipId,\n    licenseTermsId,\n    licenseTemplate: generated_1.piLicenseTemplateAddress[util_1.aeneid],\n    licensingConfig: {\n        isSet: true,\n        mintingFee: 0n,\n        licensingHook: viem_1.zeroAddress,\n        hookData: viem_1.zeroAddress,\n        commercialRevShare: 0,\n        disabled: false,\n        expectMinimumGroupRewardShare: 0,\n        expectGroupRewardPool: groupPoolAddress,\n    },\n});",
                  "err": {},
                  "uuid": "bbf6203e-a56c-4088-b9ef-76f91b8346c6",
                  "parentUUID": "241f95f3-04dc-4706-93e9-173557b6d028",
                  "isHook": true,
                  "skipped": false
                }
              ],
              "afterHooks": [],
              "tests": [
                {
                  "title": "should successfully register group and attach license",
                  "fullTitle": "Group Functions Group Operations should successfully register group and attach license",
                  "timedOut": false,
                  "duration": 4446,
                  "state": "passed",
                  "speed": "slow",
                  "pass": true,
                  "fail": false,
                  "pending": false,
                  "context": null,
                  "code": "const result = await client.groupClient.registerGroupAndAttachLicense({\n    groupPool: groupPoolAddress,\n    licenseData: {\n        licenseTermsId,\n        licensingConfig: {\n            isSet: true,\n            mintingFee: 0n,\n            licensingHook: viem_1.zeroAddress,\n            hookData: viem_1.zeroAddress,\n            commercialRevShare: 0,\n            disabled: false,\n            expectMinimumGroupRewardShare: 0,\n            expectGroupRewardPool: viem_1.zeroAddress,\n        },\n    },\n});\ngroupId = result.groupId;\n(0, chai_1.expect)(result.txHash).to.be.a(\"string\");\n(0, chai_1.expect)(result.groupId).to.be.a(\"string\");",
                  "err": {},
                  "uuid": "26ee6f5a-cf0c-4724-bd40-1e38561b1561",
                  "parentUUID": "241f95f3-04dc-4706-93e9-173557b6d028",
                  "isHook": false,
                  "skipped": false
                },
                {
                  "title": "should successfully mint, register IP, attach license and add to group",
                  "fullTitle": "Group Functions Group Operations should successfully mint, register IP, attach license and add to group",
                  "timedOut": false,
                  "duration": 4671,
                  "state": "passed",
                  "speed": "slow",
                  "pass": true,
                  "fail": false,
                  "pending": false,
                  "context": null,
                  "code": "const result = await client.groupClient.mintAndRegisterIpAndAttachLicenseAndAddToGroup({\n    groupId,\n    spgNftContract,\n    licenseData: [\n        {\n            licenseTermsId,\n            licensingConfig: {\n                isSet: true,\n                mintingFee: 0n,\n                licensingHook: viem_1.zeroAddress,\n                hookData: viem_1.zeroAddress,\n                commercialRevShare: 0,\n                disabled: false,\n                expectMinimumGroupRewardShare: 0,\n                expectGroupRewardPool: groupPoolAddress,\n            },\n        },\n    ],\n    maxAllowedRewardShare: 100,\n});\n(0, chai_1.expect)(result.txHash).to.be.a(\"string\");\n(0, chai_1.expect)(result.ipId).to.be.a(\"string\");",
                  "err": {},
                  "uuid": "b9050932-db4f-40db-9e36-9c960e086e08",
                  "parentUUID": "241f95f3-04dc-4706-93e9-173557b6d028",
                  "isHook": false,
                  "skipped": false
                },
                {
                  "title": "should successfully register a basic group",
                  "fullTitle": "Group Functions Group Operations should successfully register a basic group",
                  "timedOut": false,
                  "duration": 4456,
                  "state": "passed",
                  "speed": "slow",
                  "pass": true,
                  "fail": false,
                  "pending": false,
                  "context": null,
                  "code": "const result = await client.groupClient.registerGroup({\n    groupPool: groupPoolAddress,\n});\n(0, chai_1.expect)(result.txHash).to.be.a(\"string\");\n(0, chai_1.expect)(result.groupId).to.be.a(\"string\");",
                  "err": {},
                  "uuid": "8a7be03a-6c98-4b1e-97b2-33b720f73c4e",
                  "parentUUID": "241f95f3-04dc-4706-93e9-173557b6d028",
                  "isHook": false,
                  "skipped": false
                },
                {
                  "title": "should successfully register existing IP with license and add to group",
                  "fullTitle": "Group Functions Group Operations should successfully register existing IP with license and add to group",
                  "timedOut": false,
                  "duration": 9225,
                  "state": "passed",
                  "speed": "slow",
                  "pass": true,
                  "fail": false,
                  "pending": false,
                  "context": null,
                  "code": "const tokenId = await (0, util_1.mintBySpg)(spgNftContract, \"test-metadata\");\nconst result = await client.groupClient.registerIpAndAttachLicenseAndAddToGroup({\n    groupId,\n    nftContract: spgNftContract,\n    tokenId,\n    licenseData: [\n        {\n            licenseTermsId,\n            licensingConfig: {\n                isSet: true,\n                mintingFee: 0n,\n                licensingHook: viem_1.zeroAddress,\n                hookData: viem_1.zeroAddress,\n                commercialRevShare: 0,\n                disabled: false,\n                expectMinimumGroupRewardShare: 0,\n                expectGroupRewardPool: groupPoolAddress,\n            },\n        },\n    ],\n});\n(0, chai_1.expect)(result.txHash).to.be.a(\"string\");\n(0, chai_1.expect)(result.ipId).to.be.a(\"string\");",
                  "err": {},
                  "uuid": "333f1924-d2fd-42ca-83d8-d9ee041308c2",
                  "parentUUID": "241f95f3-04dc-4706-93e9-173557b6d028",
                  "isHook": false,
                  "skipped": false
                },
                {
                  "title": "should successfully register group with license and add multiple IPs",
                  "fullTitle": "Group Functions Group Operations should successfully register group with license and add multiple IPs",
                  "timedOut": false,
                  "duration": 4586,
                  "state": "passed",
                  "speed": "slow",
                  "pass": true,
                  "fail": false,
                  "pending": false,
                  "context": null,
                  "code": "const result = await client.groupClient.registerGroupAndAttachLicenseAndAddIps({\n    groupPool: groupPoolAddress,\n    maxAllowedRewardShare: 50,\n    ipIds: [ipId],\n    licenseData: {\n        licenseTermsId,\n        licensingConfig: {\n            isSet: true,\n            mintingFee: 0n,\n            licensingHook: viem_1.zeroAddress,\n            hookData: viem_1.zeroAddress,\n            commercialRevShare: 0,\n            disabled: false,\n            expectMinimumGroupRewardShare: 0,\n            expectGroupRewardPool: viem_1.zeroAddress,\n        },\n    },\n});\n(0, chai_1.expect)(result.txHash).to.be.a(\"string\");\n(0, chai_1.expect)(result.groupId).to.be.a(\"string\");",
                  "err": {},
                  "uuid": "d2735ab3-186c-4e94-b1d6-7a0be49f5591",
                  "parentUUID": "241f95f3-04dc-4706-93e9-173557b6d028",
                  "isHook": false,
                  "skipped": false
                },
                {
                  "title": "should fail when trying to add unregistered IP to group",
                  "fullTitle": "Group Functions Group Operations should fail when trying to add unregistered IP to group",
                  "timedOut": false,
                  "duration": 69,
                  "state": "passed",
                  "speed": "medium",
                  "pass": true,
                  "fail": false,
                  "pending": false,
                  "context": null,
                  "code": "await (0, chai_1.expect)(client.groupClient.registerGroupAndAttachLicenseAndAddIps({\n    groupPool: groupPoolAddress,\n    maxAllowedRewardShare: 5,\n    ipIds: [viem_1.zeroAddress], // Invalid IP address\n    licenseData: {\n        licenseTermsId,\n        licensingConfig: {\n            isSet: true,\n            mintingFee: 0n,\n            licensingHook: viem_1.zeroAddress,\n            hookData: viem_1.zeroAddress,\n            commercialRevShare: 0,\n            disabled: false,\n            expectMinimumGroupRewardShare: 0,\n            expectGroupRewardPool: viem_1.zeroAddress,\n        },\n    },\n})).to.be.rejectedWith(\"Failed to register group and attach license and add ips\");",
                  "err": {},
                  "uuid": "ed86c5d1-2ae5-4716-a159-9df279e3f64c",
                  "parentUUID": "241f95f3-04dc-4706-93e9-173557b6d028",
                  "isHook": false,
                  "skipped": false
                }
              ],
              "suites": [
                {
                  "uuid": "38da0554-6a55-43d2-be9b-298c812e7f33",
                  "title": "Add IPs to Group and Remove IPs from Group",
                  "fullFile": "/home/runner/work/sdk/sdk/packages/core-sdk/test/integration/group.test.ts",
                  "file": "/test/integration/group.test.ts",
                  "beforeHooks": [],
                  "afterHooks": [],
                  "tests": [
                    {
                      "title": "should successfully add multiple IPs to group",
                      "fullTitle": "Group Functions Group Operations Add IPs to Group and Remove IPs from Group should successfully add multiple IPs to group",
                      "timedOut": false,
                      "duration": 10155,
                      "state": "passed",
                      "speed": "slow",
                      "pass": true,
                      "fail": false,
                      "pending": false,
                      "context": null,
                      "code": "const registerResult = await client.ipAsset.batchMintAndRegisterIpAssetWithPilTerms({\n    args: [\n        {\n            spgNftContract,\n            licenseTermsData,\n        },\n        {\n            spgNftContract,\n            licenseTermsData,\n        },\n        {\n            spgNftContract,\n            licenseTermsData,\n        },\n    ],\n});\nipIds = registerResult.results?.map((result) => result.ipId) ?? [];\nconst result = await client.groupClient.addIpsToGroup({\n    groupIpId: groupId,\n    ipIds: ipIds,\n    maxAllowedRewardSharePercentage: 55,\n});\n(0, chai_1.expect)(result.txHash).to.be.a(\"string\");",
                      "err": {},
                      "uuid": "a455695c-eeb7-445d-8ac1-ff8cb9f9ac54",
                      "parentUUID": "38da0554-6a55-43d2-be9b-298c812e7f33",
                      "isHook": false,
                      "skipped": false
                    },
                    {
                      "title": "should successfully remove IPs from group",
                      "fullTitle": "Group Functions Group Operations Add IPs to Group and Remove IPs from Group should successfully remove IPs from group",
                      "timedOut": false,
                      "duration": 4475,
                      "state": "passed",
                      "speed": "slow",
                      "pass": true,
                      "fail": false,
                      "pending": false,
                      "context": null,
                      "code": "const result = await client.groupClient.removeIpsFromGroup({\n    groupIpId: groupId,\n    ipIds: ipIds,\n});\n(0, chai_1.expect)(result.txHash).to.be.a(\"string\");",
                      "err": {},
                      "uuid": "fe56b275-ae15-4f6a-aa49-0d2826bb9f17",
                      "parentUUID": "38da0554-6a55-43d2-be9b-298c812e7f33",
                      "isHook": false,
                      "skipped": false
                    },
                    {
                      "title": "should fail when trying to remove IPs from a non-existent group",
                      "fullTitle": "Group Functions Group Operations Add IPs to Group and Remove IPs from Group should fail when trying to remove IPs from a non-existent group",
                      "timedOut": false,
                      "duration": 5168,
                      "state": "passed",
                      "speed": "slow",
                      "pass": true,
                      "fail": false,
                      "pending": false,
                      "context": null,
                      "code": "const registerResult = await client.ipAsset.mintAndRegisterIpAssetWithPilTerms({\n    spgNftContract,\n    licenseTermsData,\n});\nconst testIpId = registerResult.ipId;\nconst nonExistentGroupId = viem_1.zeroAddress;\nawait (0, chai_1.expect)(client.groupClient.removeIpsFromGroup({\n    groupIpId: nonExistentGroupId,\n    ipIds: [testIpId],\n})).to.be.rejectedWith(\"Failed to remove IPs from group\");",
                      "err": {},
                      "uuid": "8b341c8c-090f-43c1-9a61-e3c7b9c865e6",
                      "parentUUID": "38da0554-6a55-43d2-be9b-298c812e7f33",
                      "isHook": false,
                      "skipped": false
                    },
                    {
                      "title": "should fail when trying to remove non-existent IPs from a group",
                      "fullTitle": "Group Functions Group Operations Add IPs to Group and Remove IPs from Group should fail when trying to remove non-existent IPs from a group",
                      "timedOut": false,
                      "duration": 4543,
                      "state": "passed",
                      "speed": "slow",
                      "pass": true,
                      "fail": false,
                      "pending": false,
                      "context": null,
                      "code": "const groupResult = await client.groupClient.registerGroup({\n    groupPool: groupPoolAddress,\n});\nconst testGroupId = groupResult.groupId;\nconst nonExistentIpId = viem_1.zeroAddress;\nawait (0, chai_1.expect)(client.groupClient.removeIpsFromGroup({\n    groupIpId: testGroupId,\n    ipIds: [nonExistentIpId],\n})).to.be.rejectedWith(\"Failed to remove IPs from group\");",
                      "err": {},
                      "uuid": "9c942a91-585d-4e37-a43a-2a50ec2332b6",
                      "parentUUID": "38da0554-6a55-43d2-be9b-298c812e7f33",
                      "isHook": false,
                      "skipped": false
                    }
                  ],
                  "suites": [],
                  "passes": [
                    "a455695c-eeb7-445d-8ac1-ff8cb9f9ac54",
                    "fe56b275-ae15-4f6a-aa49-0d2826bb9f17",
                    "8b341c8c-090f-43c1-9a61-e3c7b9c865e6",
                    "9c942a91-585d-4e37-a43a-2a50ec2332b6"
                  ],
                  "failures": [],
                  "pending": [],
                  "skipped": [],
                  "duration": 24341,
                  "root": false,
                  "rootEmpty": false,
                  "_timeout": 300000
                }
              ],
              "passes": [
                "26ee6f5a-cf0c-4724-bd40-1e38561b1561",
                "b9050932-db4f-40db-9e36-9c960e086e08",
                "8a7be03a-6c98-4b1e-97b2-33b720f73c4e",
                "333f1924-d2fd-42ca-83d8-d9ee041308c2",
                "d2735ab3-186c-4e94-b1d6-7a0be49f5591",
                "ed86c5d1-2ae5-4716-a159-9df279e3f64c"
              ],
              "failures": [],
              "pending": [],
              "skipped": [],
              "duration": 27453,
              "root": false,
              "rootEmpty": false,
              "_timeout": 300000
            },
            {
              "uuid": "d34ef948-d542-4e72-9e1a-0deb5246de85",
              "title": "Collect Royalty and Claim Reward",
              "fullFile": "/home/runner/work/sdk/sdk/packages/core-sdk/test/integration/group.test.ts",
              "file": "/test/integration/group.test.ts",
              "beforeHooks": [
                {
                  "title": "\"before all\" hook in \"Collect Royalty and Claim Reward\"",
                  "fullTitle": "Group Functions Collect Royalty and Claim Reward \"before all\" hook in \"Collect Royalty and Claim Reward\"",
                  "timedOut": false,
                  "duration": 9682,
                  "state": null,
                  "speed": null,
                  "pass": false,
                  "fail": false,
                  "pending": false,
                  "context": null,
                  "code": "// Register IP id\nconst result1 = await mintAndRegisterIpAssetWithPilTermsHelper();\nipId = result1.ipId;\nlicenseTermsId = result1.licenseTermsIds[0];\n// Register group id\ngroupIpId = await registerGroupAndAttachLicenseHelper(licenseTermsId, [ipId]);",
                  "err": {},
                  "uuid": "cf29958e-7ed6-4ab3-9453-7fe87cd85e79",
                  "parentUUID": "d34ef948-d542-4e72-9e1a-0deb5246de85",
                  "isHook": true,
                  "skipped": false
                }
              ],
              "afterHooks": [],
              "tests": [
                {
                  "title": "should successfully collect royalties",
                  "fullTitle": "Group Functions Collect Royalty and Claim Reward should successfully collect royalties",
                  "timedOut": false,
                  "duration": 18795,
                  "state": "passed",
                  "speed": "slow",
                  "pass": true,
                  "fail": false,
                  "pending": false,
                  "context": null,
                  "code": "// Mint and register child IP id\nconst childIpId = await mintAndRegisterIpAndMakeDerivativeHelper(groupIpId, licenseTermsId);\n// Pay royalties from child IP id to group IP id and transfer to vault\nawait payRoyaltyAndTransferToVaultHelper(childIpId, groupIpId, src_1.WIP_TOKEN_ADDRESS, 100n);\n// Collect royalties\nconst result = await client.groupClient.collectRoyalties({\n    groupIpId,\n    currencyToken: src_1.WIP_TOKEN_ADDRESS,\n});\n(0, chai_1.expect)(result.txHash).to.be.a(\"string\");\n(0, chai_1.expect)(result.collectedRoyalties).to.equal(10n);",
                  "err": {},
                  "uuid": "b75c1104-1048-4b95-8557-531b80e8c7aa",
                  "parentUUID": "d34ef948-d542-4e72-9e1a-0deb5246de85",
                  "isHook": false,
                  "skipped": false
                },
                {
                  "title": "should successfully get claimable reward",
                  "fullTitle": "Group Functions Collect Royalty and Claim Reward should successfully get claimable reward",
                  "timedOut": false,
                  "duration": 70,
                  "state": "passed",
                  "speed": "medium",
                  "pass": true,
                  "fail": false,
                  "pending": false,
                  "context": null,
                  "code": "const result = await client.groupClient.getClaimableReward({\n    groupIpId: groupIpId,\n    currencyToken: src_1.WIP_TOKEN_ADDRESS,\n    memberIpIds: [ipId],\n});\n(0, chai_1.expect)(result).to.deep.equal([10n]);",
                  "err": {},
                  "uuid": "385dbebc-26ce-4562-b34c-52258f2cb186",
                  "parentUUID": "d34ef948-d542-4e72-9e1a-0deb5246de85",
                  "isHook": false,
                  "skipped": false
                },
                {
                  "title": "should successfully claim reward",
                  "fullTitle": "Group Functions Collect Royalty and Claim Reward should successfully claim reward",
                  "timedOut": false,
                  "duration": 13385,
                  "state": "passed",
                  "speed": "slow",
                  "pass": true,
                  "fail": false,
                  "pending": false,
                  "context": null,
                  "code": "// Mint license tokens to the IP id which doesn't have a royalty vault\nawait client.license.mintLicenseTokens({\n    licensorIpId: ipId,\n    licenseTermsId,\n    amount: 100,\n    maxMintingFee: 1,\n    maxRevenueShare: 100,\n});\n// Claim reward\nconst result = await client.groupClient.claimReward({\n    groupIpId: groupIpId,\n    currencyToken: src_1.WIP_TOKEN_ADDRESS,\n    memberIpIds: [ipId],\n});\n(0, chai_1.expect)(result.txHash).to.be.a(\"string\");\n(0, chai_1.expect)(result.claimedReward?.[0].amount[0]).to.equal(10n);",
                  "err": {},
                  "uuid": "9d75c384-d323-4366-930e-110fdfa1101a",
                  "parentUUID": "d34ef948-d542-4e72-9e1a-0deb5246de85",
                  "isHook": false,
                  "skipped": false
                },
                {
                  "title": "should fail when trying to claim reward for a non-existent group",
                  "fullTitle": "Group Functions Collect Royalty and Claim Reward should fail when trying to claim reward for a non-existent group",
                  "timedOut": false,
                  "duration": 64,
                  "state": "passed",
                  "speed": "medium",
                  "pass": true,
                  "fail": false,
                  "pending": false,
                  "context": null,
                  "code": "const nonExistentGroupId = viem_1.zeroAddress;\nawait (0, chai_1.expect)(client.groupClient.claimReward({\n    groupIpId: nonExistentGroupId,\n    currencyToken: src_1.WIP_TOKEN_ADDRESS,\n    memberIpIds: [ipId],\n})).to.be.rejectedWith(\"Failed to claim reward\");",
                  "err": {},
                  "uuid": "7db08674-af9a-4582-835e-580aefa5c722",
                  "parentUUID": "d34ef948-d542-4e72-9e1a-0deb5246de85",
                  "isHook": false,
                  "skipped": false
                },
                {
                  "title": "should fail when trying to claim reward with invalid token address",
                  "fullTitle": "Group Functions Collect Royalty and Claim Reward should fail when trying to claim reward with invalid token address",
                  "timedOut": false,
                  "duration": 60,
                  "state": "passed",
                  "speed": "medium",
                  "pass": true,
                  "fail": false,
                  "pending": false,
                  "context": null,
                  "code": "const invalidTokenAddress = viem_1.zeroAddress;\nawait (0, chai_1.expect)(client.groupClient.claimReward({\n    groupIpId: groupIpId,\n    currencyToken: invalidTokenAddress,\n    memberIpIds: [ipId],\n})).to.be.rejectedWith(\"Failed to claim reward\");",
                  "err": {},
                  "uuid": "112e7042-70ca-4c14-bee0-aa867e9aceb7",
                  "parentUUID": "d34ef948-d542-4e72-9e1a-0deb5246de85",
                  "isHook": false,
                  "skipped": false
                },
                {
                  "title": "should successfully collect royalties and claim reward in one transaction",
                  "fullTitle": "Group Functions Collect Royalty and Claim Reward should successfully collect royalties and claim reward in one transaction",
                  "timedOut": false,
                  "duration": 52507,
                  "state": "passed",
                  "speed": "slow",
                  "pass": true,
                  "fail": false,
                  "pending": false,
                  "context": null,
                  "code": "const ipIds = [];\nconst result1 = await mintAndRegisterIpAssetWithPilTermsHelper();\nconst result2 = await mintAndRegisterIpAssetWithPilTermsHelper();\nipIds.push(result1.ipId);\nipIds.push(result2.ipId);\nlicenseTermsId = result1.licenseTermsIds[0];\nconst groupId = await registerGroupAndAttachLicenseHelper(licenseTermsId, ipIds);\nconst childIpId1 = await mintAndRegisterIpAndMakeDerivativeHelper(groupId, licenseTermsId);\nconst childIpId2 = await mintAndRegisterIpAndMakeDerivativeHelper(groupId, licenseTermsId);\nawait payRoyaltyAndTransferToVaultHelper(childIpId1, groupId, src_1.WIP_TOKEN_ADDRESS, 100n);\nawait payRoyaltyAndTransferToVaultHelper(childIpId2, groupId, src_1.WIP_TOKEN_ADDRESS, 100n);\nconst result = await client.groupClient.collectAndDistributeGroupRoyalties({\n    groupIpId: groupId,\n    currencyTokens: [src_1.WIP_TOKEN_ADDRESS],\n    memberIpIds: ipIds,\n});\n(0, chai_1.expect)(result.txHash).to.be.a(\"string\");\n(0, chai_1.expect)(result.collectedRoyalties?.[0].amount).to.equal(20n);\n(0, chai_1.expect)(result.royaltiesDistributed?.[0].amount).to.equal(10n);\n(0, chai_1.expect)(result.royaltiesDistributed?.[1].amount).to.equal(10n);",
                  "err": {},
                  "uuid": "1ef4fe6d-ba5d-4466-ba42-949080621a22",
                  "parentUUID": "d34ef948-d542-4e72-9e1a-0deb5246de85",
                  "isHook": false,
                  "skipped": false
                }
              ],
              "suites": [],
              "passes": [
                "b75c1104-1048-4b95-8557-531b80e8c7aa",
                "385dbebc-26ce-4562-b34c-52258f2cb186",
                "9d75c384-d323-4366-930e-110fdfa1101a",
                "7db08674-af9a-4582-835e-580aefa5c722",
                "112e7042-70ca-4c14-bee0-aa867e9aceb7",
                "1ef4fe6d-ba5d-4466-ba42-949080621a22"
              ],
              "failures": [],
              "pending": [],
              "skipped": [],
              "duration": 84881,
              "root": false,
              "rootEmpty": false,
              "_timeout": 300000
            }
          ],
          "passes": [],
          "failures": [],
          "pending": [],
          "skipped": [],
          "duration": 0,
          "root": false,
          "rootEmpty": false,
          "_timeout": 300000
        },
        {
          "uuid": "d5e11d76-d12c-4001-9033-7671ad632361",
          "title": "IPAccount Functions",
          "fullFile": "/home/runner/work/sdk/sdk/packages/core-sdk/test/integration/ipAccount.test.ts",
          "file": "/test/integration/ipAccount.test.ts",
          "beforeHooks": [
            {
              "title": "\"before all\" hook in \"IPAccount Functions\"",
              "fullTitle": "IPAccount Functions \"before all\" hook in \"IPAccount Functions\"",
              "timedOut": false,
              "duration": 9081,
              "state": null,
              "speed": null,
              "pass": false,
              "fail": false,
              "pending": false,
              "context": null,
              "code": "client = (0, util_1.getStoryClient)();\nconst tokenId = await (0, util_1.getTokenId)();\nconst registerResult = await client.ipAsset.register({\n    nftContract: util_1.mockERC721,\n    tokenId: tokenId,\n});\nipId = registerResult.ipId;\ndata = (0, viem_1.encodeFunctionData)({\n    abi: generated_1.accessControllerAbi,\n    functionName: \"setTransientPermission\",\n    args: [\n        (0, viem_1.getAddress)(ipId),\n        (0, viem_1.getAddress)(util_1.TEST_WALLET_ADDRESS),\n        (0, viem_1.getAddress)(coreMetadataModule),\n        (0, viem_1.toFunctionSelector)(\"function setAll(address,string,bytes32,bytes32)\"),\n        src_1.AccessPermission.ALLOW,\n    ],\n});",
              "err": {},
              "uuid": "ed41379d-a7f5-455b-9c87-0ed3d0abb22d",
              "parentUUID": "d5e11d76-d12c-4001-9033-7671ad632361",
              "isHook": true,
              "skipped": false
            }
          ],
          "afterHooks": [],
          "tests": [
            {
              "title": "should successfully set ip metadata",
              "fullTitle": "IPAccount Functions should successfully set ip metadata",
              "timedOut": false,
              "duration": 4458,
              "state": "passed",
              "speed": "slow",
              "pass": true,
              "fail": false,
              "pending": false,
              "context": null,
              "code": "const txHash = await client.ipAccount.setIpMetadata({\n    ipId: ipId,\n    metadataURI: \"https://example.com\",\n    metadataHash: (0, viem_1.toHex)(\"test\", { size: 32 }),\n});\n(0, chai_1.expect)(txHash).to.be.a(\"string\");",
              "err": {},
              "uuid": "43f56979-fad3-4d82-af0b-bbb2a08ad14e",
              "parentUUID": "d5e11d76-d12c-4001-9033-7671ad632361",
              "isHook": false,
              "skipped": false
            },
            {
              "title": "should successfully transfer ERC20 tokens",
              "fullTitle": "IPAccount Functions should successfully transfer ERC20 tokens",
              "timedOut": false,
              "duration": 18411,
              "state": "passed",
              "speed": "slow",
              "pass": true,
              "fail": false,
              "pending": false,
              "context": null,
              "code": "const erc20 = new generated_1.Erc20Client(util_1.publicClient, util_1.walletClient);\n// 1. Query token balance of ipId and wallet before\nconst initialErc20BalanceOfIpId = await erc20.balanceOf({\n    account: ipId,\n});\nconst initialErc20BalanceOfWallet = await erc20.balanceOf({\n    account: util_1.TEST_WALLET_ADDRESS,\n});\nconst initialWipBalanceOfIpId = await client.wipClient.balanceOf(ipId);\nconst initialWipBalanceOfWallet = await client.wipClient.balanceOf(util_1.TEST_WALLET_ADDRESS);\n// 2. transfer erc20 token to the ip account\nconst txHash = await erc20.mint({\n    to: ipId,\n    amount: (0, viem_1.parseEther)(\"0.002\"),\n});\nawait util_1.publicClient.waitForTransactionReceipt({\n    hash: txHash,\n});\n// 3. transfer wip to the ip account\nawait client.wipClient.deposit({\n    amount: 1n,\n});\nawait client.wipClient.transfer({\n    to: ipId,\n    amount: 1n,\n});\n// 4. transfer token of ip account to wallet address\nconst ret = await client.ipAccount.transferErc20({\n    ipId,\n    tokens: [\n        {\n            address: src_1.WIP_TOKEN_ADDRESS,\n            target: util_1.TEST_WALLET_ADDRESS,\n            amount: 1n,\n        },\n        {\n            address: erc20.address,\n            target: util_1.TEST_WALLET_ADDRESS,\n            amount: (0, viem_1.parseEther)(\"0.001\"),\n        },\n        {\n            address: erc20.address,\n            target: util_1.TEST_WALLET_ADDRESS,\n            amount: (0, viem_1.parseEther)(\"0.001\"),\n        },\n    ],\n});\n// 5. query token balance of ipId and wallet address after\nconst finalErc20BalanceOfIpId = await erc20.balanceOf({\n    account: ipId,\n});\nconst finalWipBalanceOfIpId = await client.wipClient.balanceOf(ipId);\nconst finalErc20BalanceOfWallet = await erc20.balanceOf({\n    account: util_1.TEST_WALLET_ADDRESS,\n});\nconst finalWipBalanceOfWallet = await client.wipClient.balanceOf(util_1.TEST_WALLET_ADDRESS);\n(0, chai_1.expect)(ret.txHash).to.be.a(\"string\");\n(0, chai_1.expect)(finalErc20BalanceOfIpId).to.equal(initialErc20BalanceOfIpId);\n(0, chai_1.expect)(finalWipBalanceOfIpId).to.equal(initialWipBalanceOfIpId);\n(0, chai_1.expect)(finalErc20BalanceOfWallet).to.equal(initialErc20BalanceOfWallet + (0, viem_1.parseEther)(\"0.002\"));\n(0, chai_1.expect)(finalWipBalanceOfWallet).to.equal(initialWipBalanceOfWallet + 1n);",
              "err": {},
              "uuid": "ace792ff-d766-4b70-835e-7119dbdd4e27",
              "parentUUID": "d5e11d76-d12c-4001-9033-7671ad632361",
              "isHook": false,
              "skipped": false
            }
          ],
          "suites": [
            {
              "uuid": "88df6980-4ee6-4db7-ade4-162c8e7de587",
              "title": "execute",
              "fullFile": "/home/runner/work/sdk/sdk/packages/core-sdk/test/integration/ipAccount.test.ts",
              "file": "/test/integration/ipAccount.test.ts",
              "beforeHooks": [],
              "afterHooks": [],
              "tests": [
                {
                  "title": "should successfully execute a transaction",
                  "fullTitle": "IPAccount Functions execute should successfully execute a transaction",
                  "timedOut": false,
                  "duration": 4442,
                  "state": "passed",
                  "speed": "slow",
                  "pass": true,
                  "fail": false,
                  "pending": false,
                  "context": null,
                  "code": "const response = await client.ipAccount.execute({\n    to: permissionAddress,\n    value: 0,\n    data: data,\n    ipId: ipId,\n});\n(0, chai_1.expect)(response.txHash).to.be.a(\"string\");",
                  "err": {},
                  "uuid": "6abf073d-4c7c-4a0e-9748-2f60de5fdd3a",
                  "parentUUID": "88df6980-4ee6-4db7-ade4-162c8e7de587",
                  "isHook": false,
                  "skipped": false
                },
                {
                  "title": "should fail with invalid ipId",
                  "fullTitle": "IPAccount Functions execute should fail with invalid ipId",
                  "timedOut": false,
                  "duration": 87,
                  "state": "passed",
                  "speed": "slow",
                  "pass": true,
                  "fail": false,
                  "pending": false,
                  "context": null,
                  "code": "await (0, chai_1.expect)(client.ipAccount.execute({\n    to: permissionAddress,\n    value: 0,\n    data: data,\n    ipId: \"0x0000000000000000000000000000000000000000\",\n})).to.be.rejected;",
                  "err": {},
                  "uuid": "a77cc426-c746-4c67-8915-94d4d137005e",
                  "parentUUID": "88df6980-4ee6-4db7-ade4-162c8e7de587",
                  "isHook": false,
                  "skipped": false
                }
              ],
              "suites": [],
              "passes": [
                "6abf073d-4c7c-4a0e-9748-2f60de5fdd3a",
                "a77cc426-c746-4c67-8915-94d4d137005e"
              ],
              "failures": [],
              "pending": [],
              "skipped": [],
              "duration": 4529,
              "root": false,
              "rootEmpty": false,
              "_timeout": 300000
            },
            {
              "uuid": "2fb6096c-8d1a-43f4-8973-9a3de9c0b990",
              "title": "executeWithSig",
              "fullFile": "/home/runner/work/sdk/sdk/packages/core-sdk/test/integration/ipAccount.test.ts",
              "file": "/test/integration/ipAccount.test.ts",
              "beforeHooks": [],
              "afterHooks": [],
              "tests": [
                {
                  "title": "should successfully execute with valid signature",
                  "fullTitle": "IPAccount Functions executeWithSig should successfully execute with valid signature",
                  "timedOut": false,
                  "duration": 4516,
                  "state": "passed",
                  "speed": "slow",
                  "pass": true,
                  "fail": false,
                  "pending": false,
                  "context": null,
                  "code": "// Get the IP Account nonce (state)\nconst nonceResult = await client.ipAccount.getIpAccountNonce(ipId);\n// Generate signature for the execute operation itself\n// We need to sign the data that will be executed, not the permission data\nconst { signature } = await (0, src_1.getSignature)({\n    state: nonceResult,\n    to: permissionAddress,\n    encodeData: data,\n    wallet: util_1.walletClient,\n    verifyingContract: ipId,\n    deadline: VALID_DEADLINE,\n    chainId: util_1.aeneid,\n});\n// Execute with signature\nconst response = await client.ipAccount.executeWithSig({\n    to: permissionAddress,\n    data: data,\n    ipId: ipId,\n    signer: util_1.TEST_WALLET_ADDRESS,\n    deadline: VALID_DEADLINE,\n    signature: signature,\n});\n(0, chai_1.expect)(response.txHash).to.be.a(\"string\");",
                  "err": {},
                  "uuid": "cac64016-288f-4d71-ae45-1d3ad01af037",
                  "parentUUID": "2fb6096c-8d1a-43f4-8973-9a3de9c0b990",
                  "isHook": false,
                  "skipped": false
                },
                {
                  "title": "should fail with expired deadline",
                  "fullTitle": "IPAccount Functions executeWithSig should fail with expired deadline",
                  "timedOut": false,
                  "duration": 66,
                  "state": "passed",
                  "speed": "medium",
                  "pass": true,
                  "fail": false,
                  "pending": false,
                  "context": null,
                  "code": "await (0, chai_1.expect)(client.ipAccount.executeWithSig({\n    to: permissionAddress,\n    data: data,\n    ipId: ipId,\n    signer: util_1.TEST_WALLET_ADDRESS,\n    deadline: EXPIRED_DEADLINE,\n    signature: \"0x\",\n})).to.be.rejectedWith(\"IPAccount__ExpiredSignature\");",
                  "err": {},
                  "uuid": "e306b028-2168-475d-8270-08493721d98e",
                  "parentUUID": "2fb6096c-8d1a-43f4-8973-9a3de9c0b990",
                  "isHook": false,
                  "skipped": false
                },
                {
                  "title": "should fail with invalid signature format",
                  "fullTitle": "IPAccount Functions executeWithSig should fail with invalid signature format",
                  "timedOut": false,
                  "duration": 66,
                  "state": "passed",
                  "speed": "medium",
                  "pass": true,
                  "fail": false,
                  "pending": false,
                  "context": null,
                  "code": "await (0, chai_1.expect)(client.ipAccount.executeWithSig({\n    to: permissionAddress,\n    data: data,\n    ipId: ipId,\n    signer: util_1.TEST_WALLET_ADDRESS,\n    deadline: VALID_DEADLINE,\n    signature: \"0x1234567890abcdef\", // Invalid signature format\n})).to.be.rejectedWith(\"IPAccount__InvalidSignature\");",
                  "err": {},
                  "uuid": "f75b1831-a04f-4e74-976c-a883c91dbc54",
                  "parentUUID": "2fb6096c-8d1a-43f4-8973-9a3de9c0b990",
                  "isHook": false,
                  "skipped": false
                },
                {
                  "title": "should fail with signature from wrong signer",
                  "fullTitle": "IPAccount Functions executeWithSig should fail with signature from wrong signer",
                  "timedOut": false,
                  "duration": 132,
                  "state": "passed",
                  "speed": "slow",
                  "pass": true,
                  "fail": false,
                  "pending": false,
                  "context": null,
                  "code": "// Generate signature with wrong signer\nconst wrongSigner = \"0x1234567890123456789012345678901234567890\";\nconst nonceResult = await client.ipAccount.getIpAccountNonce(ipId);\nconst { signature } = await (0, src_1.getSignature)({\n    state: nonceResult,\n    to: permissionAddress,\n    encodeData: data,\n    wallet: util_1.walletClient,\n    verifyingContract: ipId,\n    deadline: VALID_DEADLINE,\n    chainId: util_1.aeneid,\n});\nawait (0, chai_1.expect)(client.ipAccount.executeWithSig({\n    to: permissionAddress,\n    data: data,\n    ipId: ipId,\n    signer: wrongSigner,\n    deadline: VALID_DEADLINE,\n    signature: signature,\n})).to.be.rejectedWith(\"IPAccount__InvalidSignature\");",
                  "err": {},
                  "uuid": "7d8d12ff-177a-46b6-b1aa-4526daab57d0",
                  "parentUUID": "2fb6096c-8d1a-43f4-8973-9a3de9c0b990",
                  "isHook": false,
                  "skipped": false
                },
                {
                  "title": "should fail with invalid ipId format",
                  "fullTitle": "IPAccount Functions executeWithSig should fail with invalid ipId format",
                  "timedOut": false,
                  "duration": 70,
                  "state": "passed",
                  "speed": "medium",
                  "pass": true,
                  "fail": false,
                  "pending": false,
                  "context": null,
                  "code": "const nonceResult = await client.ipAccount.getIpAccountNonce(ipId);\nconst { signature } = await (0, src_1.getSignature)({\n    state: nonceResult,\n    to: permissionAddress,\n    encodeData: data,\n    wallet: util_1.walletClient,\n    verifyingContract: ipId,\n    deadline: VALID_DEADLINE,\n    chainId: util_1.aeneid,\n});\nawait (0, chai_1.expect)(client.ipAccount.executeWithSig({\n    to: permissionAddress,\n    data: data,\n    ipId: \"0x123\", // Invalid address format\n    signer: util_1.TEST_WALLET_ADDRESS,\n    deadline: VALID_DEADLINE,\n    signature: signature,\n})).to.be.rejectedWith(\"Invalid address: 0x123.\");",
                  "err": {},
                  "uuid": "4e54f870-f6bb-4137-a6bc-0add66502fe8",
                  "parentUUID": "2fb6096c-8d1a-43f4-8973-9a3de9c0b990",
                  "isHook": false,
                  "skipped": false
                },
                {
                  "title": "should fail when IP account does not exist",
                  "fullTitle": "IPAccount Functions executeWithSig should fail when IP account does not exist",
                  "timedOut": false,
                  "duration": 59,
                  "state": "passed",
                  "speed": "medium",
                  "pass": true,
                  "fail": false,
                  "pending": false,
                  "context": null,
                  "code": "// Create a real non-existent IP address (but with correct format)\nconst nonExistentIpId = \"0x1111111111111111111111111111111111111111\";\n// Generate signature for this non-existent IP\n// Note: We need to try to get nonce first, if IP doesn't exist, this step should fail\ntry {\n    const nonceResult = await client.ipAccount.getIpAccountNonce(nonExistentIpId);\n    const { signature } = await (0, src_1.getSignature)({\n        state: nonceResult,\n        to: permissionAddress,\n        encodeData: data,\n        wallet: util_1.walletClient,\n        verifyingContract: nonExistentIpId, // Use non-existent IP as verifying contract\n        deadline: VALID_DEADLINE,\n        chainId: util_1.aeneid,\n    });\n    await (0, chai_1.expect)(client.ipAccount.executeWithSig({\n        to: permissionAddress,\n        data: data,\n        ipId: nonExistentIpId,\n        signer: util_1.TEST_WALLET_ADDRESS,\n        deadline: VALID_DEADLINE,\n        signature: signature,\n    })).to.be.rejectedWith(\"IPAccount__InvalidSignature\"); // Should fail because IP doesn't exist\n}\ncatch (error) {\n    // If getting nonce fails, it means IP indeed doesn't exist, which is also our expected result\n    (0, chai_1.expect)(error.message).to.include(\"Failed to get the IP Account nonce\");\n}",
                  "err": {},
                  "uuid": "b6dfad66-328c-4464-b77c-4635ed197c81",
                  "parentUUID": "2fb6096c-8d1a-43f4-8973-9a3de9c0b990",
                  "isHook": false,
                  "skipped": false
                },
                {
                  "title": "should fail with unauthorized signer",
                  "fullTitle": "IPAccount Functions executeWithSig should fail with unauthorized signer",
                  "timedOut": false,
                  "duration": 124,
                  "state": "passed",
                  "speed": "slow",
                  "pass": true,
                  "fail": false,
                  "pending": false,
                  "context": null,
                  "code": "// Test various unauthorized signer scenarios\nconst unauthorizedSigner = \"0x2222222222222222222222222222222222222222\";\nconst nonceResult = await client.ipAccount.getIpAccountNonce(ipId);\nconst { signature } = await (0, src_1.getSignature)({\n    state: nonceResult,\n    to: permissionAddress,\n    encodeData: data,\n    wallet: util_1.walletClient,\n    verifyingContract: ipId,\n    deadline: VALID_DEADLINE,\n    chainId: util_1.aeneid,\n});\nawait (0, chai_1.expect)(client.ipAccount.executeWithSig({\n    to: permissionAddress,\n    data: data,\n    ipId: ipId,\n    signer: unauthorizedSigner, // Unauthorized signer\n    deadline: VALID_DEADLINE,\n    signature: signature,\n})).to.be.rejectedWith(\"IPAccount__InvalidSignature\"); // Contract returns InvalidSignature for permission issues",
                  "err": {},
                  "uuid": "06b7cd08-387c-4686-a0d0-d06fd590368a",
                  "parentUUID": "2fb6096c-8d1a-43f4-8973-9a3de9c0b990",
                  "isHook": false,
                  "skipped": false
                },
                {
                  "title": "should fail with signature for wrong data",
                  "fullTitle": "IPAccount Functions executeWithSig should fail with signature for wrong data",
                  "timedOut": false,
                  "duration": 131,
                  "state": "passed",
                  "speed": "slow",
                  "pass": true,
                  "fail": false,
                  "pending": false,
                  "context": null,
                  "code": "// Generate signature for different data than what we execute\nconst wrongData = (0, viem_1.encodeFunctionData)({\n    abi: generated_1.accessControllerAbi,\n    functionName: \"setTransientPermission\",\n    args: [\n        (0, viem_1.getAddress)(\"0x1234567890123456789012345678901234567890\"),\n        (0, viem_1.getAddress)(util_1.TEST_WALLET_ADDRESS),\n        (0, viem_1.getAddress)(coreMetadataModule),\n        (0, viem_1.toFunctionSelector)(\"function setAll(address,string,bytes32,bytes32)\"),\n        src_1.AccessPermission.DENY,\n    ],\n});\nconst nonceResult = await client.ipAccount.getIpAccountNonce(ipId);\nconst { signature } = await (0, src_1.getSignature)({\n    state: nonceResult,\n    to: permissionAddress,\n    encodeData: wrongData, // Sign wrong data\n    wallet: util_1.walletClient,\n    verifyingContract: ipId,\n    deadline: VALID_DEADLINE,\n    chainId: util_1.aeneid,\n});\nawait (0, chai_1.expect)(client.ipAccount.executeWithSig({\n    to: permissionAddress,\n    data: data, // Execute with original data, not the signed data\n    ipId: ipId,\n    signer: util_1.TEST_WALLET_ADDRESS,\n    deadline: VALID_DEADLINE,\n    signature: signature,\n})).to.be.rejectedWith(\"IPAccount__InvalidSignature\"); // Should fail because data doesn't match signature",
                  "err": {},
                  "uuid": "1c01757f-9d69-4cfd-bd5d-3a22f4e42a8a",
                  "parentUUID": "2fb6096c-8d1a-43f4-8973-9a3de9c0b990",
                  "isHook": false,
                  "skipped": false
                },
                {
                  "title": "should fail with signature for wrong target address",
[...]
ates two distinct IP asset hierarchies (IpA and IpB) to demonstrate\n * different revenue collection scenarios using LAP (Licensing Agreement Policy) and LRP\n * (Licensing Revenue Policy) respectively.\n *\n * IpA Hierarchy (LAP - Licensing Agreement Policy):                           IpB Hierarchy (LRP - Licensing Revenue Policy):\n * ┌─────────────────────────────────────────────────────────────┐          ┌─────────────────────────────────────────────────────────────┐\n * │ IpA (Parent) - Total Expected Revenue: 130 WIP              │          │ IpB (Parent) - Total Expected Revenue: 330 WIP              │\n * ├─────────────────────────────────────────────────────────────┤          ├─────────────────────────────────────────────────────────────┤\n * │ Revenue Sources:                                            │          │ Revenue Sources:                                            │\n * │ ├── Minting Fee: 100 WIP                                    │          │ ├── Minting Fee: 150 WIP                                    │\n * │ ├── Revenue Share (ipA2->ipA1): 10 WIP (10% LAP)            │          │ ├── LRP Revenue Share: 10%                                  │\n * │ ├── Revenue Share (ipA3->ipA2): 10 WIP (10% LAP)            │          │ ├── Total Revenue: 330 WIP                                  │\n * │ └── Direct Payment (ipA3): 10 WIP (10% LAP)                 │          │    └── From ipB1: 150 WIP + 10% revenue share               │\n * │                                                             │          │    └── From ipB2: 150 WIP + 10% revenue share               │\n * │                                                             │          │                                                             │\n * | Ownership Distribution:                                     │          |                                                             │\n * │ ├── Wallet Address: 50%  65 WIP                             │          │ Revenue Flow:                                               │\n * │ └── Another Address: 50% 65 WIP                             │          │ ipB3                                                        │\n * │                                                             │          │ ├── ipB1 ─┐                                                 │\n * │ Revenue Flow:                                               │          │ └── ipB2 ─┴──> ipB (collects 330 WIP)                       │\n * │ ipA3                                                        │          │                                                             │\n * │  └──> ipA2 (20% LAP) ──> ipA1 (10% LAP) ──> ipA             │          │                                                             │\n * │       └──> Direct Payment: 100 WIP                          │          │                                                             │\n * └─────────────────────────────────────────────────────────────┘          └─────────────────────────────────────────────────────────────┘\n */\nconst txData = await client.nftClient.createNFTCollection({\n    name: \"free-collection\",\n    symbol: \"FREE\",\n    maxSupply: 100,\n    isPublicMinting: true,\n    mintOpen: true,\n    contractURI: \"test-uri\",\n    mintFeeRecipient: viem_1.zeroAddress,\n});\nspgNftContract = txData.spgNftContract;\n// 1. Register ipA\nconst ret1A = await client.ipAsset.mintAndRegisterIpAndAttachPilTermsAndDistributeRoyaltyTokens({\n    spgNftContract,\n    licenseTermsData: [\n        {\n            terms: {\n                transferable: true,\n                royaltyPolicy: generated_1.royaltyPolicyLapAddress[util_1.aeneid],\n                defaultMintingFee: 100n,\n                expiration: 0n,\n                commercialUse: true,\n                commercialAttribution: false,\n                commercializerChecker: viem_1.zeroAddress,\n                commercializerCheckerData: viem_1.zeroAddress,\n                commercialRevShare: 10,\n                commercialRevCeiling: 0n,\n                derivativesAllowed: true,\n                derivativesAttribution: true,\n                derivativesApproval: false,\n                derivativesReciprocal: true,\n                derivativeRevCeiling: 0n,\n                currency: common_1.WIP_TOKEN_ADDRESS,\n                uri: \"\",\n            },\n            licensingConfig: {\n                isSet: false,\n                mintingFee: 100n,\n                licensingHook: viem_1.zeroAddress,\n                hookData: viem_1.zeroAddress,\n                commercialRevShare: 0,\n                disabled: false,\n                expectMinimumGroupRewardShare: 0,\n                expectGroupRewardPool: viem_1.zeroAddress,\n            },\n        },\n    ],\n    royaltyShares: [\n        {\n            recipient: util_1.TEST_WALLET_ADDRESS,\n            percentage: 50,\n        },\n        {\n            recipient: anotherAddress,\n            percentage: 50,\n        },\n    ],\n});\nipA = ret1A.ipId;\nlicenseId = ret1A.licenseTermsIds[0];\n// 2. Register ipB\nconst ret1B = await client.ipAsset.mintAndRegisterIpAssetWithPilTerms({\n    spgNftContract,\n    licenseTermsData: [\n        {\n            terms: {\n                transferable: true,\n                royaltyPolicy: generated_1.royaltyPolicyLrpAddress[util_1.aeneid],\n                defaultMintingFee: 150n,\n                expiration: 0n,\n                commercialUse: true,\n                commercialAttribution: false,\n                commercializerChecker: viem_1.zeroAddress,\n                commercializerCheckerData: viem_1.zeroAddress,\n                commercialRevShare: 10,\n                commercialRevCeiling: 0n,\n                derivativesAllowed: true,\n                derivativesAttribution: true,\n                derivativesApproval: false,\n                derivativesReciprocal: true,\n                derivativeRevCeiling: 0n,\n                currency: common_1.WIP_TOKEN_ADDRESS,\n                uri: \"\",\n            },\n            licensingConfig: {\n                isSet: false,\n                mintingFee: 150n,\n                licensingHook: viem_1.zeroAddress,\n                hookData: viem_1.zeroAddress,\n                commercialRevShare: 0,\n                disabled: false,\n                expectMinimumGroupRewardShare: 0,\n                expectGroupRewardPool: viem_1.zeroAddress,\n            },\n        },\n    ],\n});\nipB = ret1B.ipId;\nlicenseId1 = ret1B.licenseTermsIds[0];\n// 3. Register ipA1 from ipA and ipB1 from ipB\nconst { results: ret2 } = await client.ipAsset.batchMintAndRegisterIpAndMakeDerivative({\n    args: [\n        {\n            spgNftContract,\n            derivData: {\n                parentIpIds: [ipA],\n                licenseTermsIds: [licenseId],\n            },\n        },\n        {\n            spgNftContract,\n            derivData: {\n                parentIpIds: [ipB],\n                licenseTermsIds: [licenseId1],\n            },\n        },\n    ],\n});\nipA1 = ret2[0].ipId;\nipB1 = ret2[1].ipId;\n// 4. Register ipA2 from ipA1 and ipB2 from ipB\nconst { results: ret3 } = await client.ipAsset.batchMintAndRegisterIpAndMakeDerivative({\n    args: [\n        {\n            spgNftContract,\n            derivData: {\n                parentIpIds: [ipA1],\n                licenseTermsIds: [licenseId],\n            },\n        },\n        {\n            spgNftContract,\n            derivData: {\n                parentIpIds: [ipB],\n                licenseTermsIds: [licenseId1],\n            },\n        },\n    ],\n});\nipA2 = ret3[0].ipId;\nipB2 = ret3[1].ipId;\n// 5. Register ipA3 from ipA2 and ipB3 from ipB1 and ipB2\nconst { results: ret4 } = await client.ipAsset.batchMintAndRegisterIpAndMakeDerivative({\n    args: [\n        {\n            spgNftContract,\n            derivData: {\n                parentIpIds: [ipA2],\n                licenseTermsIds: [licenseId],\n            },\n        },\n        {\n            spgNftContract,\n            derivData: {\n                parentIpIds: [ipB1, ipB2],\n                licenseTermsIds: [licenseId1, licenseId1],\n            },\n        },\n    ],\n});\nipA3 = ret4[0].ipId;\n// 6. Pay royalty on behalf of ipA2 to ipA3\nawait client.royalty.payRoyaltyOnBehalf({\n    receiverIpId: ipA2,\n    payerIpId: ipA3,\n    token: common_1.WIP_TOKEN_ADDRESS,\n    amount: 100n,\n});\nconst balance = await client.wipClient.balanceOf(util_1.TEST_WALLET_ADDRESS);\nawait client.wipClient.withdraw({\n    amount: balance,\n});",
                  "err": {},
                  "uuid": "9494c713-6dbe-42d4-8f2c-e7000087229b",
                  "parentUUID": "b41f594a-c91c-4d27-8459-25a1329ee789",
                  "isHook": true,
                  "skipped": false
                }
              ],
              "afterHooks": [],
              "tests": [
                {
                  "title": "should batch claim all revenue",
                  "fullTitle": "Royalty Functions BatchClaimAllRevenue With WIP should batch claim all revenue",
                  "timedOut": false,
                  "duration": 13870,
                  "state": "passed",
                  "speed": "slow",
                  "pass": true,
                  "fail": false,
                  "pending": false,
                  "context": null,
                  "code": "const anotherAddressWipBalanceBefore = await client.wipClient.balanceOf(anotherAddress);\nconst result = await client.royalty.batchClaimAllRevenue({\n    ancestorIps: [\n        {\n            ipId: ipA,\n            claimer: util_1.TEST_WALLET_ADDRESS,\n            childIpIds: [ipA1, ipA2],\n            royaltyPolicies: [generated_1.royaltyPolicyLapAddress[util_1.aeneid], generated_1.royaltyPolicyLapAddress[util_1.aeneid]],\n            currencyTokens: [common_1.WIP_TOKEN_ADDRESS, common_1.WIP_TOKEN_ADDRESS],\n        },\n        {\n            ipId: ipA,\n            claimer: anotherAddress,\n            childIpIds: [],\n            royaltyPolicies: [],\n            currencyTokens: [common_1.WIP_TOKEN_ADDRESS],\n        },\n        {\n            ipId: ipB,\n            claimer: ipB,\n            childIpIds: [ipB1, ipB2],\n            royaltyPolicies: [generated_1.royaltyPolicyLrpAddress[util_1.aeneid], generated_1.royaltyPolicyLrpAddress[util_1.aeneid]],\n            currencyTokens: [common_1.WIP_TOKEN_ADDRESS, common_1.WIP_TOKEN_ADDRESS],\n        },\n    ],\n});\nconst anotherAddressWipBalanceAfter = await client.wipClient.balanceOf(anotherAddress);\nconst walletWipBalanceAfter = await client.wipClient.balanceOf(util_1.TEST_WALLET_ADDRESS);\n(0, chai_1.expect)(result.txHashes).to.be.an(\"array\");\n(0, chai_1.expect)(result.claimedTokens[0].amount).to.equal(65n);\n(0, chai_1.expect)(result.claimedTokens[1].amount).to.equal(65n);\n(0, chai_1.expect)(result.claimedTokens[2].amount).to.equal(330n);\n(0, chai_1.expect)(walletWipBalanceAfter).to.equal(0n);\n(0, chai_1.expect)(anotherAddressWipBalanceAfter).to.equal(anotherAddressWipBalanceBefore + 65n);\n// Note: The final wallet balance cannot be precisely calculated because:\n// The test involves multiple transactions (claimAllRevenue, token transfers, etc.)\n// batchClaimAllRevenue only returns receipts for claimAllRevenue calls\n// Additional gas costs and token transfers occur outside the returned receipts",
                  "err": {},
                  "uuid": "c86746b3-1536-4c42-9cc0-344021daa358",
                  "parentUUID": "b41f594a-c91c-4d27-8459-25a1329ee789",
                  "isHook": false,
                  "skipped": false
                }
              ],
              "suites": [],
              "passes": [
                "c86746b3-1536-4c42-9cc0-344021daa358"
              ],
              "failures": [],
              "pending": [],
              "skipped": [],
              "duration": 13870,
              "root": false,
              "rootEmpty": false,
              "_timeout": 300000
            }
          ],
          "passes": [],
          "failures": [],
          "pending": [],
          "skipped": [],
          "duration": 0,
          "root": false,
          "rootEmpty": false,
          "_timeout": 300000
        },
        {
          "uuid": "29cbb5a4-582b-4c8f-a64a-b9fa5272d695",
          "title": "WIP Functions",
          "fullFile": "/home/runner/work/sdk/sdk/packages/core-sdk/test/integration/wip.test.ts",
          "file": "/test/integration/wip.test.ts",
          "beforeHooks": [
            {
              "title": "\"before all\" hook in \"WIP Functions\"",
              "fullTitle": "WIP Functions \"before all\" hook in \"WIP Functions\"",
              "timedOut": false,
              "duration": 1,
              "state": null,
              "speed": null,
              "pass": false,
              "fail": false,
              "pending": false,
              "context": null,
              "code": "client = (0, util_1.getStoryClient)();",
              "err": {},
              "uuid": "e7ab940c-caac-4690-969a-20ea4390fd21",
              "parentUUID": "29cbb5a4-582b-4c8f-a64a-b9fa5272d695",
              "isHook": true,
              "skipped": false
            }
          ],
          "afterHooks": [],
          "tests": [],
          "suites": [
            {
              "uuid": "2aa2208a-af96-43c8-af94-f4261bab3abb",
              "title": "deposit",
              "fullFile": "/home/runner/work/sdk/sdk/packages/core-sdk/test/integration/wip.test.ts",
              "file": "/test/integration/wip.test.ts",
              "beforeHooks": [],
              "afterHooks": [],
              "tests": [
                {
                  "title": "should deposit 0.01 WIP",
                  "fullTitle": "WIP Functions deposit should deposit 0.01 WIP",
                  "timedOut": false,
                  "duration": 4707,
                  "state": "passed",
                  "speed": "slow",
                  "pass": true,
                  "fail": false,
                  "pending": false,
                  "context": null,
                  "code": "const ipAmt = (0, viem_1.parseEther)(\"0.01\");\nconst balanceBefore = await client.getWalletBalance();\nconst wipBefore = await client.wipClient.balanceOf(util_1.TEST_WALLET_ADDRESS);\nconst rsp = await client.wipClient.deposit({\n    amount: ipAmt,\n});\n(0, chai_1.expect)(rsp.txHash).to.be.a(\"string\");\nconst balanceAfter = await client.getWalletBalance();\nconst wipAfter = await client.wipClient.balanceOf(util_1.TEST_WALLET_ADDRESS);\n(0, chai_1.expect)(wipAfter).to.equal(wipBefore + ipAmt);\nconst gasCost = rsp.receipt.gasUsed * rsp.receipt.effectiveGasPrice;\n(0, chai_1.expect)(balanceAfter).to.equal(balanceBefore - ipAmt - gasCost);",
                  "err": {},
                  "uuid": "59c7e8d8-d97c-49fe-a598-01384113770d",
                  "parentUUID": "2aa2208a-af96-43c8-af94-f4261bab3abb",
                  "isHook": false,
                  "skipped": false
                }
              ],
              "suites": [],
              "passes": [
                "59c7e8d8-d97c-49fe-a598-01384113770d"
              ],
              "failures": [],
              "pending": [],
              "skipped": [],
              "duration": 4707,
              "root": false,
              "rootEmpty": false,
              "_timeout": 300000
            },
            {
              "uuid": "c9d42360-3aaa-48c3-8c29-6f567bd64df2",
              "title": "transfer",
              "fullFile": "/home/runner/work/sdk/sdk/packages/core-sdk/test/integration/wip.test.ts",
              "file": "/test/integration/wip.test.ts",
              "beforeHooks": [],
              "afterHooks": [],
              "tests": [
                {
                  "title": "should transfer WIP",
                  "fullTitle": "WIP Functions transfer should transfer WIP",
                  "timedOut": false,
                  "duration": 4453,
                  "state": "passed",
                  "speed": "slow",
                  "pass": true,
                  "fail": false,
                  "pending": false,
                  "context": null,
                  "code": "const rsp = await client.wipClient.transfer({\n    to: util_1.TEST_WALLET_ADDRESS,\n    amount: (0, viem_1.parseEther)(\"0.01\"),\n});\n(0, chai_1.expect)(rsp.txHash).to.be.a(\"string\");\n//Due to approve cannot approve msy.sender, so skip transferFrom test",
                  "err": {},
                  "uuid": "e129b767-1630-486a-98d6-ed77120904be",
                  "parentUUID": "c9d42360-3aaa-48c3-8c29-6f567bd64df2",
                  "isHook": false,
                  "skipped": false
                }
              ],
              "suites": [],
              "passes": [
                "e129b767-1630-486a-98d6-ed77120904be"
              ],
              "failures": [],
              "pending": [],
              "skipped": [],
              "duration": 4453,
              "root": false,
              "rootEmpty": false,
              "_timeout": 300000
            },
            {
              "uuid": "cc279a10-1507-4097-a5ed-4f4d600ddcc2",
              "title": "withdraw",
              "fullFile": "/home/runner/work/sdk/sdk/packages/core-sdk/test/integration/wip.test.ts",
              "file": "/test/integration/wip.test.ts",
              "beforeHooks": [],
              "afterHooks": [],
              "tests": [
                {
                  "title": "should withdrawal WIP",
                  "fullTitle": "WIP Functions withdraw should withdrawal WIP",
                  "timedOut": false,
                  "duration": 4732,
                  "state": "passed",
                  "speed": "slow",
                  "pass": true,
                  "fail": false,
                  "pending": false,
                  "context": null,
                  "code": "const balanceBefore = await client.getWalletBalance();\nconst wipBefore = await client.wipClient.balanceOf(util_1.TEST_WALLET_ADDRESS);\nconst rsp = await client.wipClient.withdraw({\n    amount: wipBefore,\n});\n(0, chai_1.expect)(rsp.txHash).to.be.a(\"string\");\nconst wipAfter = await client.wipClient.balanceOf(util_1.TEST_WALLET_ADDRESS);\n(0, chai_1.expect)(wipAfter).to.equal(0n);\nconst balanceAfter = await client.getWalletBalance();\nconst gasCost = rsp.receipt.gasUsed * rsp.receipt.effectiveGasPrice;\n(0, chai_1.expect)(balanceAfter).to.equal(balanceBefore + wipBefore - gasCost);",
                  "err": {},
                  "uuid": "341f9015-96a6-4edc-a7dc-ce20a5fb98fe",
                  "parentUUID": "cc279a10-1507-4097-a5ed-4f4d600ddcc2",
                  "isHook": false,
                  "skipped": false
                }
              ],
              "suites": [],
              "passes": [
                "341f9015-96a6-4edc-a7dc-ce20a5fb98fe"
              ],
              "failures": [],
              "pending": [],
              "skipped": [],
              "duration": 4732,
              "root": false,
              "rootEmpty": false,
              "_timeout": 300000
            }
          ],
          "passes": [],
          "failures": [],
          "pending": [],
          "skipped": [],
          "duration": 0,
          "root": false,
          "rootEmpty": false,
          "_timeout": 300000
        }
      ],
      "passes": [],
      "failures": [],
      "pending": [],
      "skipped": [],
      "duration": 0,
      "root": true,
      "rootEmpty": true,
      "_timeout": 300000
    }
  ],
  "meta": {
    "mocha": {
      "version": "10.8.2"
    },
    "mochawesome": {
      "options": {
        "quiet": false,
        "reportFilename": "mochawesome",
        "saveHtml": true,
        "saveJson": true,
        "consoleReporter": "spec",
        "useInlineDiffs": false,
        "code": true
      },
      "version": "7.1.4"
    },
    "marge": {
      "options": null,
      "version": "6.3.2"
    }
  }
}