{
  "stats": {
    "suites": 57,
    "tests": 167,
    "passes": 165,
    "pending": 2,
    "failures": 0,
    "start": "2026-02-16T10:26:19.979Z",
    "end": "2026-02-16T11:14:10.760Z",
    "duration": 2870781,
    "testsRegistered": 167,
    "passPercent": 100,
    "pendingPercent": 1.1976047904191618,
    "other": 0,
    "hasOther": false,
    "skipped": 0,
    "hasSkipped": false
  },
  "results": [
    {
      "uuid": "d4971e04-69ff-4495-a37d-90bc1b06ab11",
      "title": "",
      "fullFile": "",
      "file": "",
      "beforeHooks": [],
      "afterHooks": [],
      "tests": [],
      "suites": [
        {
          "uuid": "e1024efb-22e6-49d3-949b-5208426ad04d",
          "title": "Dispute Functions",
          "fullFile": "/home/runner/work/sdk/sdk/packages/core-sdk/test/integration/dispute.test.ts",
          "file": "/test/integration/dispute.test.ts",
          "beforeHooks": [
            {
              "title": "\"before all\" hook in \"Dispute Functions\"",
              "fullTitle": "Dispute Functions \"before all\" hook in \"Dispute Functions\"",
              "timedOut": false,
              "duration": 10132,
              "state": null,
              "speed": null,
              "pass": false,
              "fail": false,
              "pending": false,
              "context": null,
              "code": "clientA = (0, util_1.getStoryClient)();\nconst derivedClient = await (0, BIP32_1.getDerivedStoryClient)();\nclientB = derivedClient.clientB;\nminimumBond = await (0, oov3_1.getMinimumBond)(util_1.publicClient, new generated_1.ArbitrationPolicyUmaClient(util_1.publicClient, util_1.walletClient), src_1.WIP_TOKEN_ADDRESS);\nconst txData = await clientA.nftClient.createNFTCollection({\n    name: \"test-collection\",\n    symbol: \"TEST\",\n    maxSupply: 100,\n    isPublicMinting: true,\n    mintOpen: true,\n    contractURI: \"test-uri\",\n    mintFeeRecipient: util_1.TEST_WALLET_ADDRESS,\n});\nconst nftContract = txData.spgNftContract;\nipIdB = (await clientB.ipAsset.mintAndRegisterIp({\n    spgNftContract: nftContract,\n})).ipId;",
              "err": {},
              "uuid": "f9e9ed98-ad52-46db-9edc-177a576ac927",
              "parentUUID": "e1024efb-22e6-49d3-949b-5208426ad04d",
              "isHook": true,
              "skipped": false
            }
          ],
          "afterHooks": [],
          "tests": [
            {
              "title": "it should not cancel a dispute (yet)",
              "fullTitle": "Dispute Functions it should not cancel a dispute (yet)",
              "timedOut": false,
              "duration": 10427,
              "state": "passed",
              "speed": "slow",
              "pass": true,
              "fail": false,
              "pending": false,
              "context": null,
              "code": "const raiseResponse = await clientA.dispute.raiseDispute({\n    targetIpId: ipIdB,\n    cid: await generateCID(),\n    targetTag: src_1.DisputeTargetTag.IMPROPER_REGISTRATION,\n    liveness: 2592000,\n    bond: minimumBond,\n});\nawait (0, chai_1.expect)(clientA.dispute.cancelDispute({\n    disputeId: raiseResponse.disputeId,\n})).to.be.rejected;",
              "err": {},
              "uuid": "537a6cc5-007e-412e-a566-fc0abb68478d",
              "parentUUID": "e1024efb-22e6-49d3-949b-5208426ad04d",
              "isHook": false,
              "skipped": false
            }
          ],
          "suites": [
            {
              "uuid": "13c5f765-ec94-4ee1-9c59-d173cce533c5",
              "title": "raiseDispute and counter dispute",
              "fullFile": "/home/runner/work/sdk/sdk/packages/core-sdk/test/integration/dispute.test.ts",
              "file": "/test/integration/dispute.test.ts",
              "beforeHooks": [],
              "afterHooks": [],
              "tests": [
                {
                  "title": "should raise a dispute",
                  "fullTitle": "Dispute Functions raiseDispute and counter dispute should raise a dispute",
                  "timedOut": false,
                  "duration": 10264,
                  "state": "passed",
                  "speed": "slow",
                  "pass": true,
                  "fail": false,
                  "pending": false,
                  "context": null,
                  "code": "const raiseDisputeRequest = {\n    targetIpId: ipIdB,\n    cid: await generateCID(),\n    targetTag: src_1.DisputeTargetTag.IMPROPER_REGISTRATION,\n    liveness: 2592000,\n    bond: minimumBond,\n};\nconst response = await clientA.dispute.raiseDispute(raiseDisputeRequest);\n(0, chai_1.expect)(response.txHash).to.be.a(\"string\");\n(0, chai_1.expect)(response.disputeId).to.be.a(\"bigint\");\ndisputeId = response.disputeId;",
                  "err": {},
                  "uuid": "a51e8a9d-3ad6-4788-91d6-011179b9419c",
                  "parentUUID": "13c5f765-ec94-4ee1-9c59-d173cce533c5",
                  "isHook": false,
                  "skipped": false
                },
                {
                  "title": "should raise disputes with different DisputeTargetTag enum values",
                  "fullTitle": "Dispute Functions raiseDispute and counter dispute should raise disputes with different DisputeTargetTag enum values",
                  "timedOut": false,
                  "duration": 41092,
                  "state": "passed",
                  "speed": "slow",
                  "pass": true,
                  "fail": false,
                  "pending": false,
                  "context": null,
                  "code": "const allTags = Object.values(src_1.DisputeTargetTag);\nfor (const tag of allTags) {\n    const raiseDisputeRequest = {\n        targetIpId: ipIdB,\n        cid: await generateCID(),\n        targetTag: tag,\n        liveness: 2592000,\n        bond: minimumBond,\n    };\n    if (tag === src_1.DisputeTargetTag.IN_DISPUTE) {\n        await (0, chai_1.expect)(clientA.dispute.raiseDispute(raiseDisputeRequest)).to.be.rejectedWith(\"The target tag IN_DISPUTE is not whitelisted\");\n    }\n    else {\n        const response = await clientA.dispute.raiseDispute(raiseDisputeRequest);\n        (0, chai_1.expect)(response.txHash).to.be.a(\"string\");\n        (0, chai_1.expect)(response.disputeId).to.be.a(\"bigint\");\n    }\n}",
                  "err": {},
                  "uuid": "89cf1293-88f5-42d3-b6b3-3b9eb72fbc0e",
                  "parentUUID": "13c5f765-ec94-4ee1-9c59-d173cce533c5",
                  "isHook": false,
                  "skipped": false
                },
                {
                  "title": "should be able to counter existing dispute once",
                  "fullTitle": "Dispute Functions raiseDispute and counter dispute should be able to counter existing dispute once",
                  "timedOut": false,
                  "duration": 15099,
                  "state": "passed",
                  "speed": "slow",
                  "pass": true,
                  "fail": false,
                  "pending": false,
                  "context": null,
                  "code": "const assertionId = await clientB.dispute.disputeIdToAssertionId(disputeId);\nconst counterEvidenceCID = await generateCID();\nconst ret = await clientB.dispute.disputeAssertion({\n    ipId: ipIdB,\n    assertionId,\n    counterEvidenceCID,\n});\n(0, chai_1.expect)(ret.txHash).to.be.a(\"string\");\n// should throw error if attempting to dispute assertion again\nawait (0, chai_1.expect)(clientB.dispute.disputeAssertion({\n    ipId: ipIdB,\n    assertionId,\n    counterEvidenceCID,\n})).to.be.rejected;",
                  "err": {},
                  "uuid": "893b18e2-554b-4d3f-8785-8908d4bcf468",
                  "parentUUID": "13c5f765-ec94-4ee1-9c59-d173cce533c5",
                  "isHook": false,
                  "skipped": false
                }
              ],
              "suites": [],
              "passes": [
                "a51e8a9d-3ad6-4788-91d6-011179b9419c",
                "89cf1293-88f5-42d3-b6b3-3b9eb72fbc0e",
                "893b18e2-554b-4d3f-8785-8908d4bcf468"
              ],
              "failures": [],
              "pending": [],
              "skipped": [],
              "duration": 66455,
              "root": false,
              "rootEmpty": false,
              "_timeout": 300000
            },
            {
              "uuid": "6365b487-0573-4460-a552-54159ecfe907",
              "title": "Dispute resolution",
              "fullFile": "/home/runner/work/sdk/sdk/packages/core-sdk/test/integration/dispute.test.ts",
              "file": "/test/integration/dispute.test.ts",
              "beforeHooks": [
                {
                  "title": "\"before each\" hook in \"Dispute resolution\"",
                  "fullTitle": "Dispute Functions Dispute resolution \"before each\" hook in \"Dispute resolution\"",
                  "timedOut": false,
                  "duration": 50918,
                  "state": null,
                  "speed": null,
                  "pass": false,
                  "fail": false,
                  "pending": false,
                  "context": null,
                  "code": "// Setup NFT collection\nconst txData = await clientA.nftClient.createNFTCollection({\n    name: \"test-collection\",\n    symbol: \"TEST\",\n    maxSupply: 100,\n    isPublicMinting: true,\n    mintOpen: true,\n    contractURI: \"test-uri\",\n    mintFeeRecipient: util_1.TEST_WALLET_ADDRESS,\n});\nnftContract = txData.spgNftContract;\n// Get parent IP ID and license terms ID\nconst ipIdAndLicenseResponse = await clientA.ipAsset.mintAndRegisterIpAssetWithPilTerms({\n    spgNftContract: nftContract,\n    allowDuplicates: false,\n    licenseTermsData: [\n        {\n            terms: {\n                transferable: true,\n                royaltyPolicy: generated_1.royaltyPolicyLapAddress[util_1.aeneid],\n                defaultMintingFee: 0n,\n                expiration: 0n,\n                commercialUse: true,\n                commercialAttribution: false,\n                commercializerChecker: viem_1.zeroAddress,\n                commercializerCheckerData: viem_1.zeroAddress,\n                commercialRevShare: 90,\n                commercialRevCeiling: 0n,\n                derivativesAllowed: true,\n                derivativesAttribution: true,\n                derivativesApproval: false,\n                derivativesReciprocal: true,\n                derivativeRevCeiling: 0n,\n                currency: src_1.WIP_TOKEN_ADDRESS,\n                uri: \"\",\n            },\n            licensingConfig: {\n                isSet: true,\n                mintingFee: 0n,\n                licensingHook: viem_1.zeroAddress,\n                hookData: viem_1.zeroAddress,\n                commercialRevShare: 0,\n                disabled: false,\n                expectMinimumGroupRewardShare: 0,\n                expectGroupRewardPool: generated_1.evenSplitGroupPoolAddress[util_1.aeneid],\n            },\n        },\n    ],\n});\nparentIpId = ipIdAndLicenseResponse.ipId;\nlicenseTermsId = ipIdAndLicenseResponse.licenseTermsIds[0];\n//Create a derivative ip\nconst derivativeIpIdResponse1 = await clientA.ipAsset.mintAndRegisterIpAndMakeDerivative({\n    spgNftContract: nftContract,\n    derivData: {\n        parentIpIds: [parentIpId],\n        licenseTermsIds: [licenseTermsId],\n        maxMintingFee: 1n,\n        maxRts: 5 * 10 ** 6,\n        maxRevenueShare: 100,\n    },\n});\nchildIpId = derivativeIpIdResponse1.ipId;\n// Create a second derivative ip\nconst derivativeIpIdResponse2 = await clientA.ipAsset.mintAndRegisterIpAndMakeDerivative({\n    spgNftContract: nftContract,\n    derivData: {\n        parentIpIds: [parentIpId],\n        licenseTermsIds: [licenseTermsId],\n        maxMintingFee: 1n,\n        maxRts: 5 * 10 ** 6,\n        maxRevenueShare: 100,\n    },\n});\nchildIpId2 = derivativeIpIdResponse2.ipId;\n// Raise a dispute\nconst response = await clientA.dispute.raiseDispute({\n    targetIpId: parentIpId,\n    cid: await generateCID(),\n    targetTag: src_1.DisputeTargetTag.IMPROPER_REGISTRATION,\n    liveness: 1,\n    bond: minimumBond,\n});\ndisputeId = response.disputeId;\n// This timeout guarantees that the assertion is expired\n// its intended to be longer than the current block time\n// so it won't be included in the same block\nawait new Promise((resolve) => setTimeout(resolve, 15000));",
                  "err": {},
                  "uuid": "b1d7e872-b264-4e3c-be92-a8df52147464",
                  "parentUUID": "6365b487-0573-4460-a552-54159ecfe907",
                  "isHook": true,
                  "skipped": false
                }
              ],
              "afterHooks": [],
              "tests": [
                {
                  "title": "should tag infringing ip",
                  "fullTitle": "Dispute Functions Dispute resolution should tag infringing ip",
                  "timedOut": false,
                  "duration": 13532,
                  "state": "passed",
                  "speed": "slow",
                  "pass": true,
                  "fail": false,
                  "pending": false,
                  "context": null,
                  "code": "await (0, oov3_1.settleAssertion)(util_1.TEST_PRIVATE_KEY, disputeId);\n// Tag derivative IP as infringing\nconst results = await clientA.dispute.tagIfRelatedIpInfringed({\n    infringementTags: [\n        {\n            ipId: childIpId,\n            disputeId: disputeId,\n        },\n        {\n            ipId: childIpId2,\n            disputeId: disputeId,\n        },\n    ],\n});\n(0, chai_1.expect)(results[0].txHash).to.be.a(\"string\");",
                  "err": {},
                  "uuid": "2e3e51e9-2984-43fa-8178-35334845be41",
                  "parentUUID": "6365b487-0573-4460-a552-54159ecfe907",
                  "isHook": false,
                  "skipped": false
                },
                {
                  "title": "should tag a single IP as infringing without using multicall",
                  "fullTitle": "Dispute Functions Dispute resolution should tag a single IP as infringing without using multicall",
                  "timedOut": false,
                  "duration": 9579,
                  "state": "passed",
                  "speed": "slow",
                  "pass": true,
                  "fail": false,
                  "pending": false,
                  "context": null,
                  "code": "/**\n * Test Flow:\n * 1. Set judgment on an existing dispute to mark it as valid (did in `before each` block)\n * 2. Verify the dispute state changed correctly after judgment\n * 3. Try to tag a derivative IP using the judged dispute\n */\n// Step 1: Set judgment on an existing dispute to mark it as valid\nawait (0, oov3_1.settleAssertion)(util_1.TEST_PRIVATE_KEY, disputeId);\n// Step 2: Verify dispute state\n// The disputes() function returns multiple values about the dispute:\n// - targetTag: the tag we wanted to apply when raising the dispute\n// - currentTag: the current state of the dispute after judgment\n// After a successful judgment, currentTag should equal targetTag\nconst { currentTag, targetTag } = await getDisputeState(disputeId);\n(0, chai_1.expect)(currentTag).to.equal(targetTag); // Verify judgment was recorded correctly\n// Step 3: Attempt to tag a derivative IP\n// This will fail if:\n// - The dispute is not in a valid state (still IN_DISPUTE or cleared)\n// - The IP we're trying to tag is not actually a derivative of the disputed IP\n// - The dispute has already been used to tag this IP\nconst response = await clientA.dispute.tagIfRelatedIpInfringed({\n    infringementTags: [\n        {\n            ipId: childIpId, // The derivative IP to tag\n            disputeId: disputeId, // Using the judged dispute as basis for tagging\n        },\n    ],\n    options: {\n        useMulticallWhenPossible: false, // Force single transaction instead of batch\n    },\n});\n// Verify we got the expected response\n(0, chai_1.expect)(response).to.have.lengthOf(1);\n(0, chai_1.expect)(response[0].txHash).to.be.a(\"string\");",
                  "err": {},
                  "uuid": "b11a1ee4-ed24-4223-af9f-d6198826af45",
                  "parentUUID": "6365b487-0573-4460-a552-54159ecfe907",
                  "isHook": false,
                  "skipped": false
                },
                {
                  "title": "should tag multiple IPs as infringing using multicall",
                  "fullTitle": "Dispute Functions Dispute resolution should tag multiple IPs as infringing using multicall",
                  "timedOut": false,
                  "duration": 40344,
                  "state": "passed",
                  "speed": "slow",
                  "pass": true,
                  "fail": false,
                  "pending": false,
                  "context": null,
                  "code": "const disputeResponse = await clientA.dispute.raiseDispute({\n    targetIpId: parentIpId,\n    cid: await generateCID(),\n    targetTag: src_1.DisputeTargetTag.IMPROPER_REGISTRATION,\n    liveness: 1,\n    bond: minimumBond,\n});\nconst testDisputeId = disputeResponse.disputeId;\nconst derivativeResponse2 = await clientA.ipAsset.mintAndRegisterIpAndMakeDerivative({\n    spgNftContract: nftContract,\n    derivData: {\n        parentIpIds: [parentIpId],\n        licenseTermsIds: [licenseTermsId],\n        maxMintingFee: 1n,\n        maxRts: 5 * 10 ** 6,\n        maxRevenueShare: 100,\n    },\n    allowDuplicates: true,\n});\nconst newChildIpId = derivativeResponse2.ipId;\nawait (0, oov3_1.settleAssertion)(util_1.TEST_PRIVATE_KEY, testDisputeId);\n// This timeout guarantees that the assertion is expired\n// its intended to be longer than the current block time\n// so it won't be included in the same block\nawait new Promise((resolve) => setTimeout(resolve, 15000));\nconst { currentTag, targetTag } = await getDisputeState(testDisputeId);\n(0, chai_1.expect)(currentTag).to.equal(targetTag);\nconst response = await clientA.dispute.tagIfRelatedIpInfringed({\n    infringementTags: [\n        {\n            ipId: childIpId,\n            disputeId: testDisputeId,\n        },\n        {\n            ipId: newChildIpId,\n            disputeId: testDisputeId,\n        },\n    ],\n    options: {\n        useMulticallWhenPossible: true,\n    },\n});\n(0, chai_1.expect)(response).to.have.lengthOf(1);\n(0, chai_1.expect)(response[0].txHash).to.be.a(\"string\");",
                  "err": {},
                  "uuid": "2ca01c3d-6fe8-4166-80f8-e87037b839a6",
                  "parentUUID": "6365b487-0573-4460-a552-54159ecfe907",
                  "isHook": false,
                  "skipped": false
                },
                {
                  "title": "should tag multiple IPs without multicall when specified",
                  "fullTitle": "Dispute Functions Dispute resolution should tag multiple IPs without multicall when specified",
                  "timedOut": false,
                  "duration": 21292,
                  "state": "passed",
                  "speed": "slow",
                  "pass": true,
                  "fail": false,
                  "pending": false,
                  "context": null,
                  "code": "// Create two new derivative IPs sequentially\nconst derivativeResponse3 = await clientA.ipAsset.mintAndRegisterIpAndMakeDerivative({\n    spgNftContract: nftContract,\n    derivData: {\n        parentIpIds: [parentIpId],\n        licenseTermsIds: [licenseTermsId],\n        maxMintingFee: 1n,\n        maxRts: 5 * 10 ** 6,\n        maxRevenueShare: 100,\n    },\n    allowDuplicates: true,\n});\nconst derivativeResponse4 = await clientA.ipAsset.mintAndRegisterIpAndMakeDerivative({\n    spgNftContract: nftContract,\n    derivData: {\n        parentIpIds: [parentIpId],\n        licenseTermsIds: [licenseTermsId],\n        maxMintingFee: 1n,\n        maxRts: 5 * 10 ** 6,\n        maxRevenueShare: 100,\n    },\n    allowDuplicates: true,\n});\nawait (0, oov3_1.settleAssertion)(util_1.TEST_PRIVATE_KEY, disputeId);\nconst { currentTag, targetTag } = await getDisputeState(disputeId);\n(0, chai_1.expect)(currentTag).to.equal(targetTag);\nconst responses = await clientA.dispute.tagIfRelatedIpInfringed({\n    infringementTags: [\n        {\n            ipId: derivativeResponse3.ipId,\n            disputeId: disputeId,\n        },\n        {\n            ipId: derivativeResponse4.ipId,\n            disputeId: disputeId,\n        },\n    ],\n    options: {\n        useMulticallWhenPossible: false,\n    },\n});\n(0, chai_1.expect)(responses).to.have.lengthOf(2);\n(0, chai_1.expect)(responses[0].txHash).to.be.a(\"string\");\n(0, chai_1.expect)(responses[1].txHash).to.be.a(\"string\");",
                  "err": {},
                  "uuid": "68f138bd-83ed-4056-b612-c971a7492462",
                  "parentUUID": "6365b487-0573-4460-a552-54159ecfe907",
                  "isHook": false,
                  "skipped": false
                },
                {
                  "title": "should resolve a dispute successfully when initiated by dispute initiator",
                  "fullTitle": "Dispute Functions Dispute resolution should resolve a dispute successfully when initiated by dispute initiator",
                  "timedOut": false,
                  "duration": 9520,
                  "state": "passed",
                  "speed": "slow",
                  "pass": true,
                  "fail": false,
                  "pending": false,
                  "context": null,
                  "code": "await (0, oov3_1.settleAssertion)(util_1.TEST_PRIVATE_KEY, disputeId);\nconst { currentTag, targetTag } = await getDisputeState(disputeId);\n(0, chai_1.expect)(currentTag).to.equal(targetTag);\nconst response = await clientA.dispute.resolveDispute({\n    disputeId: disputeId,\n    data: \"0x\",\n});\n(0, chai_1.expect)(response.txHash).to.be.a(\"string\");",
                  "err": {},
                  "uuid": "f92ca64a-505a-4b9a-bb05-57d33f8d6bd0",
                  "parentUUID": "6365b487-0573-4460-a552-54159ecfe907",
                  "isHook": false,
                  "skipped": false
                },
                {
                  "title": "should fail when non-initiator tries to resolve the dispute",
                  "fullTitle": "Dispute Functions Dispute resolution should fail when non-initiator tries to resolve the dispute",
                  "timedOut": false,
                  "duration": 97,
                  "state": "passed",
                  "speed": "slow",
                  "pass": true,
                  "fail": false,
                  "pending": false,
                  "context": null,
                  "code": "await (0, chai_1.expect)(clientB.dispute.resolveDispute({\n    disputeId: disputeId,\n    data: \"0x\",\n})).to.be.rejectedWith(\"NotDisputeInitiator\");",
                  "err": {},
                  "uuid": "3ff315fb-d1ac-413c-ae8f-392cff485235",
                  "parentUUID": "6365b487-0573-4460-a552-54159ecfe907",
                  "isHook": false,
                  "skipped": false
                },
                {
                  "title": "should propagate IMPROPER_REGISTRATION tag to derivative IPs",
                  "fullTitle": "Dispute Functions Dispute resolution should propagate IMPROPER_REGISTRATION tag to derivative IPs",
                  "timedOut": false,
                  "duration": 9603,
                  "state": "passed",
                  "speed": "slow",
                  "pass": true,
                  "fail": false,
                  "pending": false,
                  "context": null,
                  "code": "await (0, oov3_1.settleAssertion)(util_1.TEST_PRIVATE_KEY, disputeId);\n// Verify the dispute state changed correctly\nconst { currentTag: parentCurrentTag, targetTag: parentTargetTag } = await getDisputeState(disputeId);\n(0, chai_1.expect)(parentCurrentTag).to.equal(parentTargetTag);\n// Propagate the tag to both derivative IPs\nconst results = await clientA.dispute.tagIfRelatedIpInfringed({\n    infringementTags: [\n        {\n            ipId: childIpId,\n            disputeId: disputeId,\n        },\n        {\n            ipId: childIpId2,\n            disputeId: disputeId,\n        },\n    ],\n});\nconst logData = results[0].receipt?.logs[0].data;\nconst firstWord = logData.slice(0, 66);\nconst childDisputeId = BigInt(firstWord);\n// Verify successful tagging\n(0, chai_1.expect)(results[0].txHash).to.be.a(\"string\");\nconst { currentTag: childCurrentTag } = await getDisputeState(childDisputeId);\n// Convert the IMPROPER_USAGE tag to hex for comparison\nconst improperUsageTagHex = (0, viem_1.toHex)(src_1.DisputeTargetTag.IMPROPER_REGISTRATION, { size: 32 });\n// Verify both child IPs have the IMPROPER_USAGE tag by\n// fetching and comparing their dispute tags\n(0, chai_1.expect)(parentCurrentTag).to.equal(parentTargetTag);\n(0, chai_1.expect)(childCurrentTag).to.equal(improperUsageTagHex);",
                  "err": {},
                  "uuid": "7c4a7bb9-bc4f-4acf-90c8-da564c631ce5",
                  "parentUUID": "6365b487-0573-4460-a552-54159ecfe907",
                  "isHook": false,
                  "skipped": false
                }
              ],
              "suites": [],
              "passes": [
                "2e3e51e9-2984-43fa-8178-35334845be41",
                "b11a1ee4-ed24-4223-af9f-d6198826af45",
                "2ca01c3d-6fe8-4166-80f8-e87037b839a6",
                "68f138bd-83ed-4056-b612-c971a7492462",
                "f92ca64a-505a-4b9a-bb05-57d33f8d6bd0",
                "3ff315fb-d1ac-413c-ae8f-392cff485235",
                "7c4a7bb9-bc4f-4acf-90c8-da564c631ce5"
              ],
              "failures": [],
              "pending": [],
              "skipped": [],
              "duration": 103967,
              "root": false,
              "rootEmpty": false,
              "_timeout": 300000
            }
          ],
          "passes": [
            "537a6cc5-007e-412e-a566-fc0abb68478d"
          ],
          "failures": [],
          "pending": [],
          "skipped": [],
          "duration": 10427,
          "root": false,
          "rootEmpty": false,
          "_timeout": 300000
        },
        {
          "uuid": "cf9e7ce3-531e-4bc8-8995-63f4e11a2b45",
          "title": "Group Functions",
          "fullFile": "/home/runner/work/sdk/sdk/packages/core-sdk/test/integration/group.test.ts",
          "file": "/test/integration/group.test.ts",
          "beforeHooks": [
            {
              "title": "\"before all\" hook in \"Group Functions\"",
              "fullTitle": "Group Functions \"before all\" hook in \"Group Functions\"",
              "timedOut": false,
              "duration": 4653,
              "state": null,
              "speed": null,
              "pass": false,
              "fail": false,
              "pending": false,
              "context": null,
              "code": "client = (0, util_1.getStoryClient)();\n// Create NFT Collection\nspgNftContract = (await client.nftClient.createNFTCollection({\n    name: \"test-collection\",\n    symbol: \"TEST\",\n    maxSupply: 100,\n    isPublicMinting: true,\n    mintOpen: true,\n    mintFeeRecipient: util_1.TEST_WALLET_ADDRESS,\n    contractURI: \"test-uri\",\n})).spgNftContract;",
              "err": {},
              "uuid": "9c15281b-2562-467c-8055-cb2d6bee0818",
              "parentUUID": "cf9e7ce3-531e-4bc8-8995-63f4e11a2b45",
              "isHook": true,
              "skipped": false
            }
          ],
          "afterHooks": [],
          "tests": [],
          "suites": [
            {
              "uuid": "2fdd2224-f75f-42d6-b59c-d1b4f5fb58d6",
              "title": "Group Operations",
              "fullFile": "/home/runner/work/sdk/sdk/packages/core-sdk/test/integration/group.test.ts",
              "file": "/test/integration/group.test.ts",
              "beforeHooks": [
                {
                  "title": "\"before all\" hook in \"Group Operations\"",
                  "fullTitle": "Group Functions Group Operations \"before all\" hook in \"Group Operations\"",
                  "timedOut": false,
                  "duration": 10345,
                  "state": null,
                  "speed": null,
                  "pass": false,
                  "fail": false,
                  "pending": false,
                  "context": null,
                  "code": "// Create initial IP with license terms\nconst result = await client.ipAsset.mintAndRegisterIpAssetWithPilTerms({\n    spgNftContract,\n    allowDuplicates: false,\n    licenseTermsData,\n});\nlicenseTermsId = result.licenseTermsIds[0];\nipId = result.ipId;\n// Set licensing config\nawait client.license.setLicensingConfig({\n    ipId,\n    licenseTermsId,\n    licenseTemplate: generated_1.piLicenseTemplateAddress[util_1.aeneid],\n    licensingConfig: {\n        isSet: true,\n        mintingFee: 0n,\n        licensingHook: viem_1.zeroAddress,\n        hookData: viem_1.zeroAddress,\n        commercialRevShare: 0,\n        disabled: false,\n        expectMinimumGroupRewardShare: 0,\n        expectGroupRewardPool: groupPoolAddress,\n    },\n});",
                  "err": {},
                  "uuid": "aaa8c522-2f96-4d95-9600-5aba2c75c681",
                  "parentUUID": "2fdd2224-f75f-42d6-b59c-d1b4f5fb58d6",
                  "isHook": true,
                  "skipped": false
                }
              ],
              "afterHooks": [],
              "tests": [
                {
                  "title": "should successfully register group and attach license",
                  "fullTitle": "Group Functions Group Operations should successfully register group and attach license",
                  "timedOut": false,
                  "duration": 4688,
                  "state": "passed",
                  "speed": "slow",
                  "pass": true,
                  "fail": false,
                  "pending": false,
                  "context": null,
                  "code": "const result = await client.groupClient.registerGroupAndAttachLicense({\n    groupPool: groupPoolAddress,\n    licenseData: {\n        licenseTermsId,\n        licensingConfig: {\n            isSet: true,\n            mintingFee: 0n,\n            licensingHook: viem_1.zeroAddress,\n            hookData: viem_1.zeroAddress,\n            commercialRevShare: 0,\n            disabled: false,\n            expectMinimumGroupRewardShare: 0,\n            expectGroupRewardPool: viem_1.zeroAddress,\n        },\n    },\n});\ngroupId = result.groupId;\n(0, chai_1.expect)(result.txHash).to.be.a(\"string\");\n(0, chai_1.expect)(result.groupId).to.be.a(\"string\");",
                  "err": {},
                  "uuid": "61e8823f-acb8-41f2-8224-e4f129feb3da",
                  "parentUUID": "2fdd2224-f75f-42d6-b59c-d1b4f5fb58d6",
                  "isHook": false,
                  "skipped": false
                },
                {
                  "title": "should successfully mint, register IP, attach license and add to group",
                  "fullTitle": "Group Functions Group Operations should successfully mint, register IP, attach license and add to group",
                  "timedOut": false,
                  "duration": 4963,
                  "state": "passed",
                  "speed": "slow",
                  "pass": true,
                  "fail": false,
                  "pending": false,
                  "context": null,
                  "code": "const result = await client.groupClient.mintAndRegisterIpAndAttachLicenseAndAddToGroup({\n    groupId,\n    spgNftContract,\n    licenseData: [\n        {\n            licenseTermsId,\n            licensingConfig: {\n                isSet: true,\n                mintingFee: 0n,\n                licensingHook: viem_1.zeroAddress,\n                hookData: viem_1.zeroAddress,\n                commercialRevShare: 0,\n                disabled: false,\n                expectMinimumGroupRewardShare: 0,\n                expectGroupRewardPool: groupPoolAddress,\n            },\n        },\n    ],\n    maxAllowedRewardShare: 100,\n});\n(0, chai_1.expect)(result.txHash).to.be.a(\"string\");\n(0, chai_1.expect)(result.ipId).to.be.a(\"string\");",
                  "err": {},
                  "uuid": "4d39765c-1733-460b-a023-88047509d18e",
                  "parentUUID": "2fdd2224-f75f-42d6-b59c-d1b4f5fb58d6",
                  "isHook": false,
                  "skipped": false
                },
                {
                  "title": "should successfully register a basic group",
                  "fullTitle": "Group Functions Group Operations should successfully register a basic group",
                  "timedOut": false,
                  "duration": 4671,
                  "state": "passed",
                  "speed": "slow",
                  "pass": true,
                  "fail": false,
                  "pending": false,
                  "context": null,
                  "code": "const result = await client.groupClient.registerGroup({\n    groupPool: groupPoolAddress,\n});\n(0, chai_1.expect)(result.txHash).to.be.a(\"string\");\n(0, chai_1.expect)(result.groupId).to.be.a(\"string\");",
                  "err": {},
                  "uuid": "4045395e-f857-4d4f-bd11-2bc9fdc7ee76",
                  "parentUUID": "2fdd2224-f75f-42d6-b59c-d1b4f5fb58d6",
                  "isHook": false,
                  "skipped": false
                },
                {
                  "title": "should successfully register existing IP with license and add to group",
                  "fullTitle": "Group Functions Group Operations should successfully register existing IP with license and add to group",
                  "timedOut": false,
                  "duration": 9756,
                  "state": "passed",
                  "speed": "slow",
                  "pass": true,
                  "fail": false,
                  "pending": false,
                  "context": null,
                  "code": "const tokenId = await (0, util_1.mintBySpg)(spgNftContract, \"test-metadata\");\nconst result = await client.groupClient.registerIpAndAttachLicenseAndAddToGroup({\n    groupId,\n    nftContract: spgNftContract,\n    tokenId,\n    licenseData: [\n        {\n            licenseTermsId,\n            licensingConfig: {\n                isSet: true,\n                mintingFee: 0n,\n                licensingHook: viem_1.zeroAddress,\n                hookData: viem_1.zeroAddress,\n                commercialRevShare: 0,\n                disabled: false,\n                expectMinimumGroupRewardShare: 0,\n                expectGroupRewardPool: groupPoolAddress,\n            },\n        },\n    ],\n});\n(0, chai_1.expect)(result.txHash).to.be.a(\"string\");\n(0, chai_1.expect)(result.ipId).to.be.a(\"string\");",
                  "err": {},
                  "uuid": "6e8d1d0d-2207-4340-9121-aed7f92b50fd",
                  "parentUUID": "2fdd2224-f75f-42d6-b59c-d1b4f5fb58d6",
                  "isHook": false,
                  "skipped": false
                },
                {
                  "title": "should successfully register group with license and add multiple IPs",
                  "fullTitle": "Group Functions Group Operations should successfully register group with license and add multiple IPs",
                  "timedOut": false,
                  "duration": 4869,
                  "state": "passed",
                  "speed": "slow",
                  "pass": true,
                  "fail": false,
                  "pending": false,
                  "context": null,
                  "code": "const result = await client.groupClient.registerGroupAndAttachLicenseAndAddIps({\n    groupPool: groupPoolAddress,\n    maxAllowedRewardShare: 50,\n    ipIds: [ipId],\n    licenseData: {\n        licenseTermsId,\n        licensingConfig: {\n            isSet: true,\n            mintingFee: 0n,\n            licensingHook: viem_1.zeroAddress,\n            hookData: viem_1.zeroAddress,\n            commercialRevShare: 0,\n            disabled: false,\n            expectMinimumGroupRewardShare: 0,\n            expectGroupRewardPool: viem_1.zeroAddress,\n        },\n    },\n});\n(0, chai_1.expect)(result.txHash).to.be.a(\"string\");\n(0, chai_1.expect)(result.groupId).to.be.a(\"string\");",
                  "err": {},
                  "uuid": "3ca12dde-d6ba-4c96-a054-c87da735d8e4",
                  "parentUUID": "2fdd2224-f75f-42d6-b59c-d1b4f5fb58d6",
                  "isHook": false,
                  "skipped": false
                }
              ],
              "suites": [
                {
                  "uuid": "aca08d31-4b1e-4e0a-9b94-156788be9dae",
                  "title": "Add IPs to Group and Remove IPs from Group",
                  "fullFile": "/home/runner/work/sdk/sdk/packages/core-sdk/test/integration/group.test.ts",
                  "file": "/test/integration/group.test.ts",
                  "beforeHooks": [],
                  "afterHooks": [],
                  "tests": [
                    {
                      "title": "should successfully add multiple IPs to group",
                      "fullTitle": "Group Functions Group Operations Add IPs to Group and Remove IPs from Group should successfully add multiple IPs to group",
                      "timedOut": false,
                      "duration": 11073,
                      "state": "passed",
                      "speed": "slow",
                      "pass": true,
                      "fail": false,
                      "pending": false,
                      "context": null,
                      "code": "const registerResult = await client.ipAsset.batchMintAndRegisterIpAssetWithPilTerms({\n    args: [\n        {\n            spgNftContract,\n            licenseTermsData,\n        },\n        {\n            spgNftContract,\n            licenseTermsData,\n        },\n        {\n            spgNftContract,\n            licenseTermsData,\n        },\n    ],\n});\nipIds = registerResult.results?.map((result) => result.ipId) ?? [];\nconst result = await client.groupClient.addIpsToGroup({\n    groupIpId: groupId,\n    ipIds: ipIds,\n    maxAllowedRewardSharePercentage: 55,\n});\n(0, chai_1.expect)(result.txHash).to.be.a(\"string\");",
                      "err": {},
                      "uuid": "09076d4d-1cc9-4d22-a0c7-189867dab226",
                      "parentUUID": "aca08d31-4b1e-4e0a-9b94-156788be9dae",
                      "isHook": false,
                      "skipped": false
                    },
                    {
                      "title": "should successfully remove IPs from group",
                      "fullTitle": "Group Functions Group Operations Add IPs to Group and Remove IPs from Group should successfully remove IPs from group",
                      "timedOut": false,
                      "duration": 4651,
                      "state": "passed",
                      "speed": "slow",
                      "pass": true,
                      "fail": false,
                      "pending": false,
                      "context": null,
                      "code": "const result = await client.groupClient.removeIpsFromGroup({\n    groupIpId: groupId,\n    ipIds: ipIds,\n});\n(0, chai_1.expect)(result.txHash).to.be.a(\"string\");",
                      "err": {},
                      "uuid": "fad5c815-2acb-4c85-9497-eb8f42d1d016",
                      "parentUUID": "aca08d31-4b1e-4e0a-9b94-156788be9dae",
                      "isHook": false,
                      "skipped": false
                    }
                  ],
                  "suites": [],
                  "passes": [
                    "09076d4d-1cc9-4d22-a0c7-189867dab226",
                    "fad5c815-2acb-4c85-9497-eb8f42d1d016"
                  ],
                  "failures": [],
                  "pending": [],
                  "skipped": [],
                  "duration": 15724,
                  "root": false,
                  "rootEmpty": false,
                  "_timeout": 300000
                }
              ],
              "passes": [
                "61e8823f-acb8-41f2-8224-e4f129feb3da",
                "4d39765c-1733-460b-a023-88047509d18e",
                "4045395e-f857-4d4f-bd11-2bc9fdc7ee76",
                "6e8d1d0d-2207-4340-9121-aed7f92b50fd",
                "3ca12dde-d6ba-4c96-a054-c87da735d8e4"
              ],
              "failures": [],
              "pending": [],
              "skipped": [],
              "duration": 28947,
              "root": false,
              "rootEmpty": false,
              "_timeout": 300000
            },
            {
              "uuid": "c3d2cba6-4aab-4e30-a0f4-f553dd1b756f",
              "title": "Collect Royalty and Claim Reward",
              "fullFile": "/home/runner/work/sdk/sdk/packages/core-sdk/test/integration/group.test.ts",
              "file": "/test/integration/group.test.ts",
              "beforeHooks": [
                {
                  "title": "\"before all\" hook in \"Collect Royalty and Claim Reward\"",
                  "fullTitle": "Group Functions Collect Royalty and Claim Reward \"before all\" hook in \"Collect Royalty and Claim Reward\"",
                  "timedOut": false,
                  "duration": 10403,
                  "state": null,
                  "speed": null,
                  "pass": false,
                  "fail": false,
                  "pending": false,
                  "context": null,
                  "code": "// Register IP id\nconst result1 = await mintAndRegisterIpAssetWithPilTermsHelper();\nipId = result1.ipId;\nlicenseTermsId = result1.licenseTermsIds[0];\n// Register group id\ngroupIpId = await registerGroupAndAttachLicenseHelper(licenseTermsId, [ipId]);",
                  "err": {},
                  "uuid": "44eb472b-9652-44cb-93f4-23e107a922d9",
                  "parentUUID": "c3d2cba6-4aab-4e30-a0f4-f553dd1b756f",
                  "isHook": true,
                  "skipped": false
                }
              ],
              "afterHooks": [],
              "tests": [
                {
                  "title": "should successfully collect royalties",
                  "fullTitle": "Group Functions Collect Royalty and Claim Reward should successfully collect royalties",
                  "timedOut": false,
                  "duration": 20036,
                  "state": "passed",
                  "speed": "slow",
                  "pass": true,
                  "fail": false,
                  "pending": false,
                  "context": null,
                  "code": "this.retries(2);\n// Mint and register child IP id\nconst childIpId = await mintAndRegisterIpAndMakeDerivativeHelper(groupIpId, licenseTermsId);\n// Pay royalties from child IP id to group IP id and transfer to vault\nawait payRoyaltyAndTransferToVaultHelper(childIpId, groupIpId, src_1.WIP_TOKEN_ADDRESS, 100n);\n// Collect royalties\nconst result = await client.groupClient.collectRoyalties({\n    groupIpId,\n    currencyToken: src_1.WIP_TOKEN_ADDRESS,\n});\n(0, chai_1.expect)(result.txHash).to.be.a(\"string\");\n(0, chai_1.expect)(result.collectedRoyalties).to.equal(10n);",
                  "err": {},
                  "uuid": "0bf637b9-fc65-41fb-bce2-2f89ea45cf9c",
                  "parentUUID": "c3d2cba6-4aab-4e30-a0f4-f553dd1b756f",
                  "isHook": false,
                  "skipped": false
                },
                {
                  "title": "should successfully get claimable reward",
                  "fullTitle": "Group Functions Collect Royalty and Claim Reward should successfully get claimable reward",
                  "timedOut": false,
                  "duration": 87,
                  "state": "passed",
                  "speed": "slow",
                  "pass": true,
                  "fail": false,
                  "pending": false,
                  "context": null,
                  "code": "this.retries(2);\nconst result = await client.groupClient.getClaimableReward({\n    groupIpId: groupIpId,\n    currencyToken: src_1.WIP_TOKEN_ADDRESS,\n    memberIpIds: [ipId],\n});\n(0, chai_1.expect)(result).to.deep.equal([10n]);",
                  "err": {},
                  "uuid": "939e9d47-b0db-4132-b623-f50b170f7af4",
                  "parentUUID": "c3d2cba6-4aab-4e30-a0f4-f553dd1b756f",
                  "isHook": false,
                  "skipped": false
                },
                {
                  "title": "should successfully claim reward",
                  "fullTitle": "Group Functions Collect Royalty and Claim Reward should successfully claim reward",
                  "timedOut": false,
                  "duration": 9725,
                  "state": "passed",
                  "speed": "slow",
                  "pass": true,
                  "fail": false,
                  "pending": false,
                  "context": null,
                  "code": "this.retries(2);\n// Mint license tokens to the IP id which doesn't have a royalty vault\nawait client.license.mintLicenseTokens({\n    licensorIpId: ipId,\n    licenseTermsId,\n    amount: 1,\n    maxMintingFee: 1,\n    maxRevenueShare: 100,\n});\n// Claim reward\nconst result = await client.groupClient.claimReward({\n    groupIpId: groupIpId,\n    currencyToken: src_1.WIP_TOKEN_ADDRESS,\n    memberIpIds: [ipId],\n});\n(0, chai_1.expect)(result.txHash).to.be.a(\"string\");\n(0, chai_1.expect)(result.claimedReward?.[0].amount[0]).to.equal(10n);",
                  "err": {},
                  "uuid": "a281a349-a181-41b3-a6bf-5ca417e6fd81",
                  "parentUUID": "c3d2cba6-4aab-4e30-a0f4-f553dd1b756f",
                  "isHook": false,
                  "skipped": false
                },
                {
                  "title": "should successfully collect royalties and claim reward in one transaction",
                  "fullTitle": "Group Functions Collect Royalty and Claim Reward should successfully collect royalties and claim reward in one transaction",
                  "timedOut": false,
                  "duration": 56110,
                  "state": "passed",
                  "speed": "slow",
                  "pass": true,
                  "fail": false,
                  "pending": false,
                  "context": null,
                  "code": "const ipIds = [];\nconst result1 = await mintAndRegisterIpAssetWithPilTermsHelper();\nconst result2 = await mintAndRegisterIpAssetWithPilTermsHelper();\nipIds.push(result1.ipId);\nipIds.push(result2.ipId);\nlicenseTermsId = result1.licenseTermsIds[0];\nconst groupId = await registerGroupAndAttachLicenseHelper(licenseTermsId, ipIds);\nconst childIpId1 = await mintAndRegisterIpAndMakeDerivativeHelper(groupId, licenseTermsId);\nconst childIpId2 = await mintAndRegisterIpAndMakeDerivativeHelper(groupId, licenseTermsId);\nawait payRoyaltyAndTransferToVaultHelper(childIpId1, groupId, src_1.WIP_TOKEN_ADDRESS, 100n);\nawait payRoyaltyAndTransferToVaultHelper(childIpId2, groupId, src_1.WIP_TOKEN_ADDRESS, 100n);\nconst result = await client.groupClient.collectAndDistributeGroupRoyalties({\n    groupIpId: groupId,\n    currencyTokens: [src_1.WIP_TOKEN_ADDRESS],\n    memberIpIds: ipIds,\n});\n(0, chai_1.expect)(result.txHash).to.be.a(\"string\");\n(0, chai_1.expect)(result.collectedRoyalties?.[0].amount).to.equal(20n);\n(0, chai_1.expect)(result.royaltiesDistributed?.[0].amount).to.equal(10n);\n(0, chai_1.expect)(result.royaltiesDistributed?.[1].amount).to.equal(10n);",
                  "err": {},
                  "uuid": "cdbfd247-d3db-43d6-a6d7-5efeffe57e03",
                  "parentUUID": "c3d2cba6-4aab-4e30-a0f4-f553dd1b756f",
                  "isHook": false,
                  "skipped": false
                }
              ],
              "suites": [],
              "passes": [
                "0bf637b9-fc65-41fb-bce2-2f89ea45cf9c",
                "939e9d47-b0db-4132-b623-f50b170f7af4",
                "a281a349-a181-41b3-a6bf-5ca417e6fd81",
                "cdbfd247-d3db-43d6-a6d7-5efeffe57e03"
              ],
              "failures": [],
              "pending": [],
              "skipped": [],
              "duration": 85958,
              "root": false,
              "rootEmpty": false,
              "_timeout": 300000
            }
          ],
          "passes": [],
          "failures": [],
          "pending": [],
          "skipped": [],
          "duration": 0,
          "root": false,
          "rootEmpty": false,
          "_timeout": 300000
        },
        {
          "uuid": "0cb9c5bb-fcac-4131-abe0-f3241ab4354f",
          "title": "IPAccount Functions",
          "fullFile": "/home/runner/work/sdk/sdk/packages/core-sdk/test/integration/ipAccount.test.ts",
          "file": "/test/integration/ipAccount.test.ts",
          "beforeHooks": [
            {
              "title": "\"before all\" hook in \"IPAccount Functions\"",
              "fullTitle": "IPAccount Functions \"before all\" hook in \"IPAccount Functions\"",
              "timedOut": false,
              "duration": 9472,
              "state": null,
              "speed": null,
              "pass": false,
              "fail": false,
              "pending": false,
              "context": null,
              "code": "client = (0, util_1.getStoryClient)();\nconst tokenId = await (0, util_1.getTokenId)();\nconst registerResult = await client.ipAsset.register({\n    nftContract: util_1.mockERC721,\n    tokenId: tokenId,\n});\nipId = registerResult.ipId;\ndata = (0, viem_1.encodeFunctionData)({\n    abi: generated_1.accessControllerAbi,\n    functionName: \"setTransientPermission\",\n    args: [\n        (0, viem_1.getAddress)(ipId),\n        (0, viem_1.getAddress)(util_1.TEST_WALLET_ADDRESS),\n        (0, viem_1.getAddress)(coreMetadataModule),\n        (0, viem_1.toFunctionSelector)(\"function setAll(address,string,bytes32,bytes32)\"),\n        src_1.AccessPermission.ALLOW,\n    ],\n});",
              "err": {},
              "uuid": "720578b2-a6e5-42f9-bd2c-ddf66176c47d",
              "parentUUID": "0cb9c5bb-fcac-4131-abe0-f3241ab4354f",
              "isHook": true,
              "skipped": false
            }
          ],
          "afterHooks": [],
          "tests": [
            {
              "title": "should successfully return account nonce",
              "fullTitle": "IPAccount Functions should successfully return account nonce",
              "timedOut": false,
              "duration": 86,
              "state": "passed",
              "speed": "slow",
              "pass": true,
              "fail": false,
              "pending": false,
              "context": null,
              "code": "const response = await client.ipAccount.getIpAccountNonce(ipId);\n(0, chai_1.expect)(response).to.be.a(\"string\");",
              "err": {},
              "uuid": "0b152a24-7017-4b90-a55a-d6fc0a32fb67",
              "parentUUID": "0cb9c5bb-fcac-4131-abe0-f3241ab4354f",
              "isHook": false,
              "skipped": false
            },
            {
              "title": "should successfully return token information",
              "fullTitle": "IPAccount Functions should successfully return token information",
              "timedOut": false,
              "duration": 95,
              "state": "passed",
              "speed": "slow",
              "pass": true,
              "fail": false,
              "pending": false,
              "context": null,
              "code": "const response = await client.ipAccount.getToken(ipId);\n(0, chai_1.expect)(response.chainId).to.be.a(\"bigint\");\n(0, chai_1.expect)(response.tokenContract).to.be.a(\"string\");\n(0, chai_1.expect)(response.tokenId).to.be.a(\"bigint\");\n(0, chai_1.expect)(response.tokenContract).to.equal(util_1.mockERC721);",
              "err": {},
              "uuid": "59bcddff-4e2f-49f3-8f2e-0b2573c45da3",
              "parentUUID": "0cb9c5bb-fcac-4131-abe0-f3241ab4354f",
              "isHook": false,
              "skipped": false
            },
            {
              "title": "should successfully set ip metadata",
              "fullTitle": "IPAccount Functions should successfully set ip metadata",
              "timedOut": false,
              "duration": 4647,
              "state": "passed",
              "speed": "slow",
              "pass": true,
              "fail": false,
              "pending": false,
              "context": null,
              "code": "const txHash = await client.ipAccount.setIpMetadata({\n    ipId: ipId,\n    metadataURI: \"https://example.com\",\n    metadataHash: (0, viem_1.toHex)(\"test\", { size: 32 }),\n});\n(0, chai_1.expect)(txHash).to.be.a(\"string\");",
              "err": {},
              "uuid": "e607e067-9b08-4f0f-b419-e47fc48f3ff8",
              "parentUUID": "0cb9c5bb-fcac-4131-abe0-f3241ab4354f",
              "isHook": false,
              "skipped": false
            },
            {
              "title": "should successfully transfer ERC20 tokens",
              "fullTitle": "IPAccount Functions should successfully transfer ERC20 tokens",
              "timedOut": false,
              "duration": 19331,
              "state": "passed",
              "speed": "slow",
              "pass": true,
              "fail": false,
              "pending": false,
              "context": null,
              "code": "const erc20 = new generated_1.Erc20Client(util_1.publicClient, util_1.walletClient);\n// 1. Query token balance of ipId and wallet before\nconst initialErc20BalanceOfIpId = await erc20.balanceOf({\n    account: ipId,\n});\nconst initialErc20BalanceOfWallet = await erc20.balanceOf({\n    account: util_1.TEST_WALLET_ADDRESS,\n});\nconst initialWipBalanceOfIpId = await client.wipClient.balanceOf(ipId);\nconst initialWipBalanceOfWallet = await client.wipClient.balanceOf(util_1.TEST_WALLET_ADDRESS);\n// 2. transfer erc20 token to the ip account\nconst txHash = await erc20.mint({\n    to: ipId,\n    amount: (0, viem_1.parseEther)(\"0.002\"),\n});\nawait util_1.publicClient.waitForTransactionReceipt({\n    hash: txHash,\n});\n// 3. transfer wip to the ip account\nawait client.wipClient.deposit({\n    amount: 1n,\n});\nawait client.wipClient.transfer({\n    to: ipId,\n    amount: 1n,\n});\n// 4. transfer token of ip account to wallet address\nconst ret = await client.ipAccount.transferErc20({\n    ipId,\n    tokens: [\n        {\n            address: src_1.WIP_TOKEN_ADDRESS,\n            target: util_1.TEST_WALLET_ADDRESS,\n            amount: 1n,\n        },\n        {\n            address: erc20.address,\n            target: util_1.TEST_WALLET_ADDRESS,\n            amount: (0, viem_1.parseEther)(\"0.001\"),\n        },\n        {\n            address: erc20.address,\n            target: util_1.TEST_WALLET_ADDRESS,\n            amount: (0, viem_1.parseEther)(\"0.001\"),\n        },\n    ],\n});\n// 5. query token balance of ipId and wallet address after\nconst finalErc20BalanceOfIpId = await erc20.balanceOf({\n    account: ipId,\n});\nconst finalWipBalanceOfIpId = await client.wipClient.balanceOf(ipId);\nconst finalErc20BalanceOfWallet = await erc20.balanceOf({\n    account: util_1.TEST_WALLET_ADDRESS,\n});\nconst finalWipBalanceOfWallet = await client.wipClient.balanceOf(util_1.TEST_WALLET_ADDRESS);\n(0, chai_1.expect)(ret.txHash).to.be.a(\"string\");\n(0, chai_1.expect)(finalErc20BalanceOfIpId).to.equal(initialErc20BalanceOfIpId);\n(0, chai_1.expect)(finalWipBalanceOfIpId).to.equal(initialWipBalanceOfIpId);\n(0, chai_1.expect)(finalErc20BalanceOfWallet).to.equal(initialErc20BalanceOfWallet + (0, viem_1.parseEther)(\"0.002\"));\n(0, chai_1.expect)(finalWipBalanceOfWallet).to.equal(initialWipBalanceOfWallet + 1n);",
              "err": {},
              "uuid": "2bc782c2-0cfa-418e-a4ab-76edf276a06b",
              "parentUUID": "0cb9c5bb-fcac-4131-abe0-f3241ab4354f",
              "isHook": false,
              "skipped": false
            }
          ],
          "suites": [
            {
              "uuid": "17552f89-0a82-47ac-98bb-9429e831e3ee",
              "title": "execute",
              "fullFile": "/home/runner/work/sdk/sdk/packages/core-sdk/test/integration/ipAccount.test.ts",
              "file": "/test/integration/ipAccount.test.ts",
              "beforeHooks": [],
              "afterHooks": [],
              "tests": [
                {
                  "title": "should successfully execute a transaction",
                  "fullTitle": "IPAccount Functions execute should successfully execute a transaction",
                  "timedOut": false,
                  "duration": 4664,
                  "state": "passed",
                  "speed": "slow",
                  "pass": true,
                  "fail": false,
                  "pending": false,
                  "context": null,
                  "code": "const response = await client.ipAccount.execute({\n    to: permissionAddress,\n    value: 0,\n    data: data,\n    ipId: ipId,\n});\n(0, chai_1.expect)(response.txHash).to.be.a(\"string\");",
                  "err": {},
                  "uuid": "7125bd98-8aab-4d20-84f6-2785e9e3cf8f",
                  "parentUUID": "17552f89-0a82-47ac-98bb-9429e831e3ee",
                  "isHook": false,
                  "skipped": false
                }
              ],
              "suites": [],
              "passes": [
                "7125bd98-8aab-4d20-84f6-2785e9e3cf8f"
              ],
              "failures": [],
              "pending": [],
              "skipped": [],
              "duration": 4664,
              "root": false,
              "rootEmpty": false,
              "_timeout": 300000
            },
            {
              "uuid": "af51d039-9904-4a80-b255-84e61eeba9e7",
              "title": "executeWithSig",
              "fullFile": "/home/runner/work/sdk/sdk/packages/core-sdk/test/integration/ipAccount.test.ts",
              "file": "/test/integration/ipAccount.test.ts",
              "beforeHooks": [],
              "afterHooks": [],
              "tests": [
                {
                  "title": "should successfully execute with valid signature",
                  "fullTitle": "IPAccount Functions executeWithSig should successfully execute with valid signature",
                  "timedOut": false,
                  "duration": 4747,
                  "state": "passed",
                  "speed": "slow",
                  "pass": true,
                  "fail": false,
                  "pending": false,
                  "context": null,
                  "code": "// Get the IP Account nonce (state)\nconst nonceResult = await client.ipAccount.getIpAccountNonce(ipId);\n// Generate signature for the execute operation itself\n// We need to sign the data that will be executed, not the permission data\nconst { signature } = await (0, src_1.getSignature)({\n    state: nonceResult,\n    to: permissionAddress,\n    encodeData: data,\n    wallet: util_1.walletClient,\n    verifyingContract: ipId,\n    deadline: VALID_DEADLINE,\n    chainId: util_1.aeneid,\n});\n// Execute with signature\nconst response = await client.ipAccount.executeWithSig({\n    to: permissionAddress,\n    data: data,\n    ipId: ipId,\n    signer: util_1.TEST_WALLET_ADDRESS,\n    deadline: VALID_DEADLINE,\n    signature: signature,\n});\n(0, chai_1.expect)(response.txHash).to.be.a(\"string\");",
                  "err": {},
                  "uuid": "c5e275f6-6974-4629-a8f0-34a74c0f1f5b",
                  "parentUUID": "af51d039-9904-4a80-b255-84e61eeba9e7",
                  "isHook": false,
                  "skipped": false
                },
                {
                  "title": "should fail with expired deadline",
                  "fullTitle": "IPAccount Functions executeWithSig should fail with expired deadline",
                  "timedOut": false,
                  "duration": 101,
                  "state": "passed",
                  "speed": "slow",
                  "pass": true,
                  "fail": false,
                  "pending": false,
                  "context": null,
                  "code": "await (0, chai_1.expect)(client.ipAccount.executeWithSig({\n    to: permissionAddress,\n    data: data,\n    ipId: ipId,\n    signer: util_1.TEST_WALLET_ADDRESS,\n    deadline: EXPIRED_DEADLINE,\n    signature: \"0x\",\n})).to.be.rejectedWith(\"IPAccount__ExpiredSignature\");",
                  "err": {},
                  "uuid": "5ecd6eba-a50e-496a-9431-ec90da97972c",
                  "parentUUID": "af51d039-9904-4a80-b255-84e61eeba9e7",
                  "isHook": false,
                  "skipped": false
                },
                {
                  "title": "should fail with signature from wrong signer",
                  "fullTitle": "IPAccount Functions executeWithSig should fail with signature from wrong signer",
                  "timedOut": false,
                  "duration": 189,
                  "state": "passed",
                  "speed": "slow",
                  "pass": true,
                  "fail": false,
                  "pending": false,
                  "context": null,
                  "code": "// Generate signature with wrong signer\nconst wrongSigner = \"0x1234567890123456789012345678901234567890\";\nconst nonceResult = await client.ipAccount.getIpAccountNonce(ipId);\nconst { signature } = await (0, src_1.getSignature)({\n    state: nonceResult,\n    to: permissionAddress,\n    encodeData: data,\n    wallet: util_1.walletClient,\n    verifyingContract: ipId,\n    deadline: VALID_DEADLINE,\n    chainId: util_1.aeneid,\n});\nawait (0, chai_1.expect)(client.ipAccount.executeWithSig({\n    to: permissionAddress,\n    data: data,\n    ipId: ipId,\n    signer: wrongSigner,\n    deadline: VALID_DEADLINE,\n    signature: signature,\n})).to.be.rejectedWith(\"IPAccount__InvalidSignature\");",
                  "err": {},
                  "uuid": "6e005f03-7708-4922-a171-8c3afd254463",
                  "parentUUID": "af51d039-9904-4a80-b255-84e61eeba9e7",
                  "isHook": false,
                  "skipped": false
                },
                {
                  "title": "should execute with zero value transaction",
                  "fullTitle": "IPAccount Functions executeWithSig should execute with zero value transaction",
                  "timedOut": false,
                  "duration": 4748,
                  "state": "passed",
                  "speed": "slow",
                  "pass": true,
                  "fail": false,
                  "pending": false,
                  "context": null,
                  "code": "// Test successful execution with zero value\nconst nonceResult = await client.ipAccount.getIpAccountNonce(ipId);\nconst { signature } = await (0, src_1.getSignature)({\n    state: nonceResult,\n    to: permissionAddress,\n    encodeData: data,\n    wallet: util_1.walletClient,\n    verifyingContract: ipId,\n    deadline: VALID_DEADLINE,\n    chainId: util_1.aeneid,\n});\nconst response = await client.ipAccount.executeWithSig({\n    to: permissionAddress,\n    data: data,\n    ipId: ipId,\n    signer: util_1.TEST_WALLET_ADDRESS,\n    deadline: VALID_DEADLINE,\n    signature: signature,\n    value: 0, // Explicitly set zero value\n});\n(0, chai_1.expect)(response.txHash).to.be.a(\"string\");",
                  "err": {},
                  "uuid": "c46ee3be-5023-4dad-8ef4-98de3d60da87",
                  "parentUUID": "af51d039-9904-4a80-b255-84e61eeba9e7",
                  "isHook": false,
                  "skipped": false
                }
              ],
              "suites": [],
              "passes": [
                "c5e275f6-6974-4629-a8f0-34a74c0f1f5b",
                "5ecd6eba-a50e-496a-9431-ec90da97972c",
                "6e005f03-7708-4922-a171-8c3afd254463",
                "c46ee3be-5023-4dad-8ef4-98de3d60da87"
              ],
              "failures": [],
              "pending": [],
              "skipped": [],
              "duration": 9785,
              "root": false,
              "rootEmpty": false,
              "_timeout": 300000
            }
          ],
          "passes": [
            "0b152a24-7017-4b90-a55a-d6fc0a32fb67",
            "59bcddff-4e2f-49f3-8f2e-0b2573c45da3",
            "e607e067-9b08-4f0f-b419-e47fc48f3ff8",
            "2bc782c2-0cfa-418e-a4ab-76edf276a06b"
          ],
          "failures": [],
          "pending": [],
          "skipped": [],
          "duration": 24159,
          "root": false,
          "rootEmpty": false,
          "_timeout": 300000
        },
        {
          "uuid": "1b48f68b-680e-4048-b5d7-4264076b4a9a",
          "title": "IP Asset Functions",
          "fullFile": "/home/runner/work/sdk/sdk/packages/core-sdk/test/integration/ipAsset.test.ts",
          "file": "/test/integration/ipAsset.test.ts",
          "beforeHooks": [
            {
              "title": "\"before all\" hook in \"IP Asset Functions\"",
              "fullTitle": "IP Asset Functions \"before all\" hook in \"IP Asset Functions\"",
              "timedOut": false,
              "duration": 102,
              "state": null,
              "speed": null,
              "pass": false,
              "fail": false,
              "pending": false,
              "context": null,
              "code": "client = (0, util_1.getStoryClient)();\nconst res = await client.license.registerPILTerms(src_1.PILFlavor.nonCommercialSocialRemixing());\nnoCommercialLicenseTermsId = res.licenseTermsId;",
              "err": {},
              "uuid": "cf16ed47-44ca-4557-8361-f8f5f3a707d7",
              "parentUUID": "1b48f68b-680e-4048-b5d7-4264076b4a9a",
              "isHook": true,
              "skipped": false
            }
          ],
          "afterHooks": [],
          "tests": [],
          "suites": [
            {
              "uuid": "103d7937-d173-4d1f-a0d1-438dc35eb04e",
              "title": "Basic IP Asset Operations",
              "fullFile": "/home/runner/work/sdk/sdk/packages/core-sdk/test/integration/ipAsset.test.ts",
              "file": "/test/integration/ipAsset.test.ts",
              "beforeHooks": [],
              "afterHooks": [],
              "tests": [
                {
                  "title": "should register an IP Asset",
                  "fullTitle": "IP Asset Functions Basic IP Asset Operations should register an IP Asset",
                  "timedOut": false,
                  "duration": 9492,
                  "state": "passed",
                  "speed": "slow",
                  "pass": true,
                  "fail": false,
                  "pending": false,
                  "context": null,
                  "code": "const tokenId = await (0, util_1.getTokenId)();\nconst response = await client.ipAsset.register({\n    nftContract: util_1.mockERC721,\n    tokenId: tokenId,\n});\nchildIpId = response.ipId;\n(0, chai_1.expect)(childIpId).to.be.a(\"string\");",
                  "err": {},
                  "uuid": "54b738c4-1010-4573-a7fe-14bc4f8d78b4",
                  "parentUUID": "103d7937-d173-4d1f-a0d1-438dc35eb04e",
                  "isHook": false,
                  "skipped": false
                },
                {
                  "title": "should register an IP Asset with multiple metadata fields",
                  "fullTitle": "IP Asset Functions Basic IP Asset Operations should register an IP Asset with multiple metadata fields",
                  "timedOut": false,
                  "duration": 9592,
                  "state": "passed",
                  "speed": "slow",
                  "pass": true,
                  "fail": false,
                  "pending": false,
                  "context": null,
                  "code": "const tokenId = await (0, util_1.getTokenId)();\nconst response = await client.ipAsset.register({\n    nftContract: util_1.mockERC721,\n    tokenId: tokenId,\n    ipMetadata: {\n        ipMetadataURI: \"ipfs://test-uri\",\n        ipMetadataHash: (0, viem_1.toHex)(\"test-metadata-hash\", { size: 32 }),\n        nftMetadataURI: \"ipfs://test-nft-uri\",\n        nftMetadataHash: (0, viem_1.toHex)(\"test-nft-metadata-hash\", { size: 32 }),\n    },\n});\nchildIpId2 = response.ipId;\n(0, chai_1.expect)(response.ipId).to.be.a(\"string\");\n(0, chai_1.expect)(response.tokenId).to.be.a(\"bigint\");",
                  "err": {},
                  "uuid": "0a86da73-7ab9-4879-9e9f-8f27a954c27b",
                  "parentUUID": "103d7937-d173-4d1f-a0d1-438dc35eb04e",
                  "isHook": false,
                  "skipped": false
                },
                {
                  "title": "should register derivative with Non-Commercial Remix PIL",
                  "fullTitle": "IP Asset Functions Basic IP Asset Operations should register derivative with Non-Commercial Remix PIL",
                  "timedOut": false,
                  "duration": 19793,
                  "state": "passed",
                  "speed": "slow",
                  "pass": true,
                  "fail": false,
                  "pending": false,
                  "context": null,
                  "code": "const tokenId = await (0, util_1.getTokenId)();\nparentIpId = (await client.ipAsset.register({\n    nftContract: util_1.mockERC721,\n    tokenId: tokenId,\n})).ipId;\nawait client.license.attachLicenseTerms({\n    ipId: parentIpId,\n    licenseTermsId: noCommercialLicenseTermsId,\n});\nconst response = await client.ipAsset.registerDerivative({\n    childIpId: childIpId,\n    parentIpIds: [parentIpId],\n    licenseTermsIds: [noCommercialLicenseTermsId],\n    maxMintingFee: 0,\n    maxRts: 5 * 10 ** 6,\n    maxRevenueShare: 0.32423,\n});\n(0, chai_1.expect)(response.txHash).to.be.a(\"string\");",
                  "err": {},
                  "uuid": "258e347c-82bc-468e-9ea7-aac0ea075fe3",
                  "parentUUID": "103d7937-d173-4d1f-a0d1-438dc35eb04e",
                  "isHook": false,
                  "skipped": false
                },
                {
                  "title": "should register derivative with Commercial Remix PIL",
                  "fullTitle": "IP Asset Functions Basic IP Asset Operations should register derivative with Commercial Remix PIL",
                  "timedOut": false,
                  "duration": 24815,
                  "state": "passed",
                  "speed": "slow",
                  "pass": true,
                  "fail": false,
                  "pending": false,
                  "context": null,
                  "code": "// Register commercial remix PIL\nconst licenseResponse = await client.license.registerPILTerms(src_1.PILFlavor.commercialRemix({\n    defaultMintingFee: 10n,\n    commercialRevShare: 10,\n    currency: common_1.WIP_TOKEN_ADDRESS,\n    royaltyPolicy: src_1.NativeRoyaltyPolicy.LAP,\n}));\n// Register parent IP\nconst tokenId = await (0, util_1.getTokenId)();\nconst commercialParentIpId = (await client.ipAsset.register({\n    nftContract: util_1.mockERC721,\n    tokenId: tokenId,\n})).ipId;\n// Attach license terms to parent IP\nawait client.license.attachLicenseTerms({\n    ipId: commercialParentIpId,\n    licenseTermsId: licenseResponse.licenseTermsId,\n});\nconst response = await client.ipAsset.registerDerivative({\n    childIpId: childIpId2,\n    parentIpIds: [commercialParentIpId],\n    licenseTermsIds: [licenseResponse.licenseTermsId],\n    maxMintingFee: 100,\n    maxRts: 5 * 10 ** 6,\n    maxRevenueShare: 10,\n});\n(0, chai_1.expect)(response.txHash).to.be.a(\"string\");",
                  "err": {},
                  "uuid": "dc297ddb-89e2-4dd4-9b27-6a13acc4f86b",
                  "parentUUID": "103d7937-d173-4d1f-a0d1-438dc35eb04e",
                  "isHook": false,
                  "skipped": false
                },
                {
                  "title": "should register derivative with multiple parent IPs",
                  "fullTitle": "IP Asset Functions Basic IP Asset Operations should register derivative with multiple parent IPs",
                  "timedOut": false,
                  "duration": 48149,
                  "state": "passed",
                  "speed": "slow",
                  "pass": true,
                  "fail": false,
                  "pending": false,
                  "context": null,
                  "code": "// Create first parent IP\nconst tokenId1 = await (0, util_1.getTokenId)();\nconst parentIpId1 = (await client.ipAsset.register({\n    nftContract: util_1.mockERC721,\n    tokenId: tokenId1,\n})).ipId;\n// Create second parent IP\nconst tokenId2 = await (0, util_1.getTokenId)();\nconst parentIpId2 = (await client.ipAsset.register({\n    nftContract: util_1.mockERC721,\n    tokenId: tokenId2,\n})).ipId;\n// Attach license terms to both parents\nawait client.license.attachLicenseTerms({\n    ipId: parentIpId1,\n    licenseTermsId: noCommercialLicenseTermsId,\n});\nawait client.license.attachLicenseTerms({\n    ipId: parentIpId2,\n    licenseTermsId: noCommercialLicenseTermsId,\n});\n// Create child IP\nconst childTokenId = await (0, util_1.getTokenId)();\nconst newChildIpId = (await client.ipAsset.register({\n    nftContract: util_1.mockERC721,\n    tokenId: childTokenId,\n})).ipId;\n// Register derivative with multiple parents\nconst response = await client.ipAsset.registerDerivative({\n    childIpId: newChildIpId,\n    parentIpIds: [parentIpId1, parentIpId2],\n    licenseTermsIds: [noCommercialLicenseTermsId, noCommercialLicenseTermsId],\n    maxMintingFee: 0,\n    maxRts: 5 * 10 ** 6,\n    maxRevenueShare: 0.9999999999,\n});\n(0, chai_1.expect)(response.txHash).to.be.a(\"string\");",
                  "err": {},
                  "uuid": "f90f6ccc-7e05-4197-8398-3c694c01207f",
                  "parentUUID": "103d7937-d173-4d1f-a0d1-438dc35eb04e",
                  "isHook": false,
                  "skipped": false
                },
                {
                  "title": "should register derivative with license tokens",
                  "fullTitle": "IP Asset Functions Basic IP Asset Operations should register derivative with license tokens",
                  "timedOut": false,
                  "duration": 19410,
                  "state": "passed",
                  "speed": "slow",
                  "pass": true,
                  "fail": false,
                  "pending": false,
                  "context": null,
                  "code": "const tokenId = await (0, util_1.getTokenId)();\nconst ipId = (await client.ipAsset.register({\n    nftContract: util_1.mockERC721,\n    tokenId: tokenId,\n})).ipId;\nconst mintLicenseTokensResult = await client.license.mintLicenseTokens({\n    licenseTermsId: noCommercialLicenseTermsId,\n    licensorIpId: parentIpId,\n    maxMintingFee: 0,\n    maxRevenueShare: 1,\n});\nconst response = await client.ipAsset.registerDerivativeWithLicenseTokens({\n    childIpId: ipId,\n    licenseTokenIds: [mintLicenseTokensResult.licenseTokenIds[0]],\n});\n(0, chai_1.expect)(response.txHash).to.be.a(\"string\");",
                  "err": {},
                  "uuid": "d3014b85-b21e-489d-a011-64cb74f316a0",
                  "parentUUID": "103d7937-d173-4d1f-a0d1-438dc35eb04e",
                  "isHook": false,
                  "skipped": false
                },
                {
                  "title": "should return true if IP asset is registered",
                  "fullTitle": "IP Asset Functions Basic IP Asset Operations should return true if IP asset is registered",
                  "timedOut": false,
                  "duration": 87,
                  "state": "passed",
                  "speed": "slow",
                  "pass": true,
                  "fail": false,
                  "pending": false,
                  "context": null,
                  "code": "const isRegistered = await client.ipAsset.isRegistered(parentIpId);\n(0, chai_1.expect)(isRegistered).to.equal(true);",
                  "err": {},
                  "uuid": "a849fe4c-ba60-466a-b658-2b65df3ffd72",
                  "parentUUID": "103d7937-d173-4d1f-a0d1-438dc35eb04e",
                  "isHook": false,
                  "skipped": false
                }
              ],
              "suites": [],
              "passes": [
                "54b738c4-1010-4573-a7fe-14bc4f8d78b4",
                "0a86da73-7ab9-4879-9e9f-8f27a954c27b",
                "258e347c-82bc-468e-9ea7-aac0ea075fe3",
                "dc297ddb-89e2-4dd4-9b27-6a13acc4f86b",
                "f90f6ccc-7e05-4197-8398-3c694c01207f",
                "d3014b85-b21e-489d-a011-64cb74f316a0",
                "a849fe4c-ba60-466a-b658-2b65df3ffd72"
              ],
              "failures": [],
              "pending": [],
              "skipped": [],
              "duration": 131338,
              "root": false,
              "rootEmpty": false,
              "_timeout": 300000
            },
            {
              "uuid": "b39049d7-a600-4cac-b631-eb80d676e971",
              "title": "SPG NFT Operations",
              "fullFile": "/home/runner/work/sdk/sdk/packages/core-sdk/test/integration/ipAsset.test.ts",
              "file": "/test/integration/ipAsset.test.ts",
              "beforeHooks": [
                {
                  "title": "\"before all\" hook in \"SPG NFT Operations\"",
                  "fullTitle": "IP Asset Functions SPG NFT Operations \"before all\" hook in \"SPG NFT Operations\"",
                  "timedOut": false,
                  "duration": 10987,
                  "state": null,
                  "speed": null,
                  "pass": false,
                  "fail": false,
                  "pending": false,
                  "context": null,
[...]
                  "err": {},
                  "uuid": "2aa6e157-9750-4c94-9be1-5f31957f2cdf",
                  "parentUUID": "37c542cf-a4f0-43ac-b418-efb4f64df9e1",
                  "isHook": false,
                  "skipped": false
                },
                {
                  "title": "should create client with resolver via newClientUseAccount",
                  "fullTitle": "TxHashResolver Integration Tests Pass-through resolver (normal wallet with resolver) should create client with resolver via newClientUseAccount",
                  "timedOut": false,
                  "duration": 1,
                  "state": "passed",
                  "speed": "fast",
                  "pass": true,
                  "fail": false,
                  "pending": false,
                  "context": null,
                  "code": "const resolver = (hash) => Promise.resolve(hash);\nconst client = src_1.StoryClient.newClientUseAccount({\n    transport: (0, viem_1.http)(util_1.RPC),\n    account: (0, accounts_1.privateKeyToAccount)(util_1.TEST_PRIVATE_KEY),\n    txHashResolver: resolver,\n});\n(0, chai_1.expect)(client).to.be.instanceOf(src_1.StoryClient);",
                  "err": {},
                  "uuid": "ff2987da-3627-4d4e-bb57-b1cc9c66c286",
                  "parentUUID": "37c542cf-a4f0-43ac-b418-efb4f64df9e1",
                  "isHook": false,
                  "skipped": false
                }
              ],
              "suites": [],
              "passes": [
                "b97d6acd-d5d7-4a1d-b509-a3976374d251",
                "2aa6e157-9750-4c94-9be1-5f31957f2cdf",
                "ff2987da-3627-4d4e-bb57-b1cc9c66c286"
              ],
              "failures": [],
              "pending": [],
              "skipped": [],
              "duration": 4,
              "root": false,
              "rootEmpty": false,
              "_timeout": 300000
            },
            {
              "uuid": "44e5374e-ce7d-403a-b7f2-ff81ef6216a7",
              "title": "Simulated AA resolver",
              "fullFile": "/home/runner/work/sdk/sdk/packages/core-sdk/test/integration/txHashResolver.test.ts",
              "file": "/test/integration/txHashResolver.test.ts",
              "beforeHooks": [],
              "afterHooks": [],
              "tests": [
                {
                  "title": "should forward value and fee fields when rawUserOpWallet sends user operation",
                  "fullTitle": "TxHashResolver Integration Tests Simulated AA resolver should forward value and fee fields when rawUserOpWallet sends user operation",
                  "timedOut": false,
                  "duration": 1,
                  "state": "passed",
                  "speed": "fast",
                  "pass": true,
                  "fail": false,
                  "pending": false,
                  "context": null,
                  "code": "const capturedCalls = [];\nconst captured = {\n    userOpRequest: undefined,\n};\nconst fakeKernelClient = {\n    account: { address: util_1.TEST_WALLET_ADDRESS },\n    sendUserOperation: (request) => {\n        captured.userOpRequest = request;\n        return Promise.resolve(\"0xaaaaaaaaaaaaaaaaaaaaaaaaaaaaaaaaaaaaaaaaaaaaaaaaaaaaaaaaaaaaaaaa\");\n    },\n};\nconst fakeAccount = {\n    encodeCalls: (calls) => {\n        capturedCalls.push(...calls);\n        return Promise.resolve(\"0xbbbbbbbbbbbbbbbbbbbbbbbbbbbbbbbbbbbbbbbbbbbbbbbbbbbbbbbbbbbbbbbb\");\n    },\n};\nconst wallet = createRawUserOpWallet(fakeKernelClient, fakeAccount);\nconst mockWriteContractParams = {\n    address: \"0x1111111111111111111111111111111111111111\",\n    abi: [\n        {\n            type: \"function\",\n            name: \"transfer\",\n            stateMutability: \"payable\",\n            inputs: [{ name: \"to\", type: \"address\" }],\n            outputs: [],\n        },\n    ],\n    functionName: \"transfer\",\n    args: [\"0x2222222222222222222222222222222222222222\"],\n    value: 123n,\n    maxFeePerGas: 456n,\n    maxPriorityFeePerGas: 789n,\n};\nawait wallet.writeContract(mockWriteContractParams);\n(0, chai_1.expect)(capturedCalls).to.have.lengthOf(1);\n(0, chai_1.expect)(capturedCalls[0].value).to.equal(123n);\nif (!captured.userOpRequest) {\n    throw new Error(\"Expected sendUserOperation to capture a request\");\n}\nconst userOpRequest = captured.userOpRequest;\n(0, chai_1.expect)(userOpRequest.maxFeePerGas).to.equal(456n);\n(0, chai_1.expect)(userOpRequest.maxPriorityFeePerGas).to.equal(789n);",
                  "err": {},
                  "uuid": "4780f41e-325d-4a45-8662-5cbb65b0973b",
                  "parentUUID": "44e5374e-ce7d-403a-b7f2-ff81ef6216a7",
                  "isHook": false,
                  "skipped": false
                },
                {
                  "title": "should invoke resolver before querying transaction receipt",
                  "fullTitle": "TxHashResolver Integration Tests Simulated AA resolver should invoke resolver before querying transaction receipt",
                  "timedOut": false,
                  "duration": 1001,
                  "state": "passed",
                  "speed": "slow",
                  "pass": true,
                  "fail": false,
                  "pending": false,
                  "context": null,
                  "code": "const fakeTxHash = \"0x1111111111111111111111111111111111111111111111111111111111111111\";\nconst realTxHash = \"0x2222222222222222222222222222222222222222222222222222222222222222\";\nconst resolverCalls = [];\nconst resolver = (hash) => {\n    resolverCalls.push(hash);\n    return Promise.resolve(hash === fakeTxHash ? realTxHash : hash);\n};\nconst config = {\n    chainId: \"aeneid\",\n    transport: (0, viem_1.http)(util_1.RPC),\n    account: (0, accounts_1.privateKeyToAccount)(util_1.TEST_PRIVATE_KEY),\n    txHashResolver: resolver,\n};\nconst client = src_1.StoryClient.newClient(config);\nconst rpcClient = client.rpcClient;\ntry {\n    await rpcClient.waitForTransactionReceipt({\n        hash: fakeTxHash,\n        timeout: 1000,\n    });\n}\ncatch {\n    // The transaction hash does not exist on-chain in this simulation.\n}\n(0, chai_1.expect)(resolverCalls).to.deep.equal([fakeTxHash]);\n(0, chai_1.expect)(realTxHash).to.be.a(\"string\");",
                  "err": {},
                  "uuid": "c466e1a9-2192-458f-ad77-251f19067090",
                  "parentUUID": "44e5374e-ce7d-403a-b7f2-ff81ef6216a7",
                  "isHook": false,
                  "skipped": false
                }
              ],
              "suites": [],
              "passes": [
                "4780f41e-325d-4a45-8662-5cbb65b0973b",
                "c466e1a9-2192-458f-ad77-251f19067090"
              ],
              "failures": [],
              "pending": [],
              "skipped": [],
              "duration": 1002,
              "root": false,
              "rootEmpty": false,
              "_timeout": 300000
            },
            {
              "uuid": "ee1bd870-7c42-43ec-98c7-ea10a2f38714",
              "title": "[REQUIRES_ZERODEV] End-to-end AA wallet test",
              "fullFile": "/home/runner/work/sdk/sdk/packages/core-sdk/test/integration/txHashResolver.test.ts",
              "file": "/test/integration/txHashResolver.test.ts",
              "beforeHooks": [],
              "afterHooks": [],
              "tests": [
                {
                  "title": "should create NFT collection using ZeroDev kernel client as wallet",
                  "fullTitle": "TxHashResolver Integration Tests [REQUIRES_ZERODEV] End-to-end AA wallet test should create NFT collection using ZeroDev kernel client as wallet",
                  "timedOut": false,
                  "duration": 0,
                  "state": "pending",
                  "speed": null,
                  "pass": false,
                  "fail": false,
                  "pending": true,
                  "context": null,
                  "code": "this.timeout(300000);\nconst helper = await getZeroDevHelper();\nif (!helper) {\n    this.skip();\n    return;\n}\nconst client = src_1.StoryClient.newClientUseWallet({\n    chainId: \"aeneid\",\n    transport: (0, viem_1.http)(util_1.RPC),\n    wallet: helper.wallet,\n});\nconst unique = Date.now().toString().slice(-6);\nconst txData = await client.nftClient.createNFTCollection({\n    name: `zerodev-e2e-${unique}`,\n    symbol: `ZD${unique.slice(-4)}`,\n    maxSupply: 100,\n    isPublicMinting: true,\n    mintOpen: true,\n    contractURI: \"ipfs://zerodev-e2e\",\n    mintFeeRecipient: util_1.TEST_WALLET_ADDRESS,\n});\n(0, chai_1.expect)(txData.txHash).to.match(/^0x[a-fA-F0-9]{64}$/);\n(0, chai_1.expect)(txData.spgNftContract).to.match(/^0x[a-fA-F0-9]{40}$/);",
                  "err": {},
                  "uuid": "96157692-fa8a-4f60-ab17-31a05f81037b",
                  "parentUUID": "ee1bd870-7c42-43ec-98c7-ea10a2f38714",
                  "isHook": false,
                  "skipped": false
                },
                {
                  "title": "should create NFT collection with txHashResolver resolving userOpHash",
                  "fullTitle": "TxHashResolver Integration Tests [REQUIRES_ZERODEV] End-to-end AA wallet test should create NFT collection with txHashResolver resolving userOpHash",
                  "timedOut": false,
                  "duration": 0,
                  "state": "pending",
                  "speed": null,
                  "pass": false,
                  "fail": false,
                  "pending": true,
                  "context": null,
                  "code": "this.timeout(300000);\nconst helper = await getZeroDevHelper();\nif (!helper) {\n    this.skip();\n    return;\n}\nconst resolverCalls = [];\nconst client = src_1.StoryClient.newClientUseWallet({\n    chainId: \"aeneid\",\n    transport: (0, viem_1.http)(util_1.RPC),\n    wallet: helper.rawUserOpWallet,\n    txHashResolver: async (userOpHash) => {\n        resolverCalls.push(userOpHash);\n        const receipt = await helper.bundlerClient.waitForUserOperationReceipt({\n            hash: userOpHash,\n            timeout: USER_OP_RECEIPT_TIMEOUT,\n        });\n        return receipt.receipt.transactionHash;\n    },\n});\nconst unique = Date.now().toString().slice(-6);\nconst txData = await client.nftClient.createNFTCollection({\n    name: `zerodev-resolver-${unique}`,\n    symbol: `ZR${unique.slice(-4)}`,\n    maxSupply: 100,\n    isPublicMinting: true,\n    mintOpen: true,\n    contractURI: \"ipfs://zerodev-resolver-e2e\",\n    mintFeeRecipient: util_1.TEST_WALLET_ADDRESS,\n});\n// Verify the resolver was invoked and returned a valid hash.\n(0, chai_1.expect)(resolverCalls.length).to.be.greaterThan(0);\n(0, chai_1.expect)(txData.txHash).to.match(/^0x[a-fA-F0-9]{64}$/);\n(0, chai_1.expect)(txData.spgNftContract).to.match(/^0x[a-fA-F0-9]{40}$/);",
                  "err": {},
                  "uuid": "924ae15b-ae07-4f83-bc72-f6a507f040fc",
                  "parentUUID": "ee1bd870-7c42-43ec-98c7-ea10a2f38714",
                  "isHook": false,
                  "skipped": false
                }
              ],
              "suites": [],
              "passes": [],
              "failures": [],
              "pending": [
                "96157692-fa8a-4f60-ab17-31a05f81037b",
                "924ae15b-ae07-4f83-bc72-f6a507f040fc"
              ],
              "skipped": [],
              "duration": 0,
              "root": false,
              "rootEmpty": false,
              "_timeout": 300000
            }
          ],
          "passes": [],
          "failures": [],
          "pending": [],
          "skipped": [],
          "duration": 0,
          "root": false,
          "rootEmpty": false,
          "_timeout": 300000
        },
        {
          "uuid": "0e4a8657-8da0-4f41-8b58-a49762f6f80a",
          "title": "WIP Functions",
          "fullFile": "/home/runner/work/sdk/sdk/packages/core-sdk/test/integration/wip.test.ts",
          "file": "/test/integration/wip.test.ts",
          "beforeHooks": [
            {
              "title": "\"before all\" hook in \"WIP Functions\"",
              "fullTitle": "WIP Functions \"before all\" hook in \"WIP Functions\"",
              "timedOut": false,
              "duration": 1,
              "state": null,
              "speed": null,
              "pass": false,
              "fail": false,
              "pending": false,
              "context": null,
              "code": "client = (0, util_1.getStoryClient)();",
              "err": {},
              "uuid": "404ba564-55d3-4417-809c-143d8942e88c",
              "parentUUID": "0e4a8657-8da0-4f41-8b58-a49762f6f80a",
              "isHook": true,
              "skipped": false
            }
          ],
          "afterHooks": [],
          "tests": [],
          "suites": [
            {
              "uuid": "3ebc6680-d538-4aca-a674-eb0f69904784",
              "title": "deposit",
              "fullFile": "/home/runner/work/sdk/sdk/packages/core-sdk/test/integration/wip.test.ts",
              "file": "/test/integration/wip.test.ts",
              "beforeHooks": [],
              "afterHooks": [],
              "tests": [
                {
                  "title": "should deposit 0.01 WIP",
                  "fullTitle": "WIP Functions deposit should deposit 0.01 WIP",
                  "timedOut": false,
                  "duration": 4908,
                  "state": "passed",
                  "speed": "slow",
                  "pass": true,
                  "fail": false,
                  "pending": false,
                  "context": null,
                  "code": "const ipAmt = (0, viem_1.parseEther)(\"0.01\");\nconst balanceBefore = await client.getWalletBalance();\nconst wipBefore = await client.wipClient.balanceOf(util_1.TEST_WALLET_ADDRESS);\nconst rsp = await client.wipClient.deposit({\n    amount: ipAmt,\n});\n(0, chai_1.expect)(rsp.txHash).to.be.a(\"string\");\nconst balanceAfter = await client.getWalletBalance();\nconst wipAfter = await client.wipClient.balanceOf(util_1.TEST_WALLET_ADDRESS);\n(0, chai_1.expect)(wipAfter).to.equal(wipBefore + ipAmt);\nconst gasCost = rsp.receipt.gasUsed * rsp.receipt.effectiveGasPrice;\n(0, chai_1.expect)(balanceAfter).to.equal(balanceBefore - ipAmt - gasCost);",
                  "err": {},
                  "uuid": "531116bd-2893-4c55-8a18-0c4a0e9341ad",
                  "parentUUID": "3ebc6680-d538-4aca-a674-eb0f69904784",
                  "isHook": false,
                  "skipped": false
                }
              ],
              "suites": [],
              "passes": [
                "531116bd-2893-4c55-8a18-0c4a0e9341ad"
              ],
              "failures": [],
              "pending": [],
              "skipped": [],
              "duration": 4908,
              "root": false,
              "rootEmpty": false,
              "_timeout": 300000
            },
            {
              "uuid": "0fc01a0e-4d1f-4162-b4fd-dc39b54d4d91",
              "title": "transfer",
              "fullFile": "/home/runner/work/sdk/sdk/packages/core-sdk/test/integration/wip.test.ts",
              "file": "/test/integration/wip.test.ts",
              "beforeHooks": [],
              "afterHooks": [],
              "tests": [
                {
                  "title": "should transfer WIP",
                  "fullTitle": "WIP Functions transfer should transfer WIP",
                  "timedOut": false,
                  "duration": 4599,
                  "state": "passed",
                  "speed": "slow",
                  "pass": true,
                  "fail": false,
                  "pending": false,
                  "context": null,
                  "code": "const rsp = await client.wipClient.transfer({\n    to: util_1.TEST_WALLET_ADDRESS,\n    amount: (0, viem_1.parseEther)(\"0.01\"),\n});\n(0, chai_1.expect)(rsp.txHash).to.be.a(\"string\");\n//Due to approve cannot approve msy.sender, so skip transferFrom test",
                  "err": {},
                  "uuid": "3e661078-03a2-4fc1-a5eb-dc7dcf4881c6",
                  "parentUUID": "0fc01a0e-4d1f-4162-b4fd-dc39b54d4d91",
                  "isHook": false,
                  "skipped": false
                }
              ],
              "suites": [],
              "passes": [
                "3e661078-03a2-4fc1-a5eb-dc7dcf4881c6"
              ],
              "failures": [],
              "pending": [],
              "skipped": [],
              "duration": 4599,
              "root": false,
              "rootEmpty": false,
              "_timeout": 300000
            },
            {
              "uuid": "5b07337e-7b73-4e3f-bed7-2de1f07500a9",
              "title": "withdraw",
              "fullFile": "/home/runner/work/sdk/sdk/packages/core-sdk/test/integration/wip.test.ts",
              "file": "/test/integration/wip.test.ts",
              "beforeHooks": [],
              "afterHooks": [],
              "tests": [
                {
                  "title": "should withdrawal WIP",
                  "fullTitle": "WIP Functions withdraw should withdrawal WIP",
                  "timedOut": false,
                  "duration": 4903,
                  "state": "passed",
                  "speed": "slow",
                  "pass": true,
                  "fail": false,
                  "pending": false,
                  "context": null,
                  "code": "const balanceBefore = await client.getWalletBalance();\nconst wipBefore = await client.wipClient.balanceOf(util_1.TEST_WALLET_ADDRESS);\nconst rsp = await client.wipClient.withdraw({\n    amount: wipBefore,\n});\n(0, chai_1.expect)(rsp.txHash).to.be.a(\"string\");\nconst wipAfter = await client.wipClient.balanceOf(util_1.TEST_WALLET_ADDRESS);\n(0, chai_1.expect)(wipAfter).to.equal(0n);\nconst balanceAfter = await client.getWalletBalance();\nconst gasCost = rsp.receipt.gasUsed * rsp.receipt.effectiveGasPrice;\n(0, chai_1.expect)(balanceAfter).to.equal(balanceBefore + wipBefore - gasCost);",
                  "err": {},
                  "uuid": "79008bd1-366d-48d4-9fc4-a01a2767a099",
                  "parentUUID": "5b07337e-7b73-4e3f-bed7-2de1f07500a9",
                  "isHook": false,
                  "skipped": false
                }
              ],
              "suites": [],
              "passes": [
                "79008bd1-366d-48d4-9fc4-a01a2767a099"
              ],
              "failures": [],
              "pending": [],
              "skipped": [],
              "duration": 4903,
              "root": false,
              "rootEmpty": false,
              "_timeout": 300000
            }
          ],
          "passes": [],
          "failures": [],
          "pending": [],
          "skipped": [],
          "duration": 0,
          "root": false,
          "rootEmpty": false,
          "_timeout": 300000
        }
      ],
      "passes": [],
      "failures": [],
      "pending": [],
      "skipped": [],
      "duration": 0,
      "root": true,
      "rootEmpty": true,
      "_timeout": 300000
    }
  ],
  "meta": {
    "mocha": {
      "version": "10.8.2"
    },
    "mochawesome": {
      "options": {
        "quiet": false,
        "reportFilename": "mochawesome",
        "saveHtml": true,
        "saveJson": true,
        "consoleReporter": "spec",
        "useInlineDiffs": false,
        "code": true
      },
      "version": "7.1.4"
    },
    "marge": {
      "options": null,
      "version": "6.3.2"
    }
  }
}