{
  "stats": {
    "suites": 53,
    "tests": 160,
    "passes": 160,
    "pending": 0,
    "failures": 0,
    "start": "2026-02-28T02:04:13.390Z",
    "end": "2026-02-28T02:51:08.664Z",
    "duration": 2815274,
    "testsRegistered": 160,
    "passPercent": 100,
    "pendingPercent": 0,
    "other": 0,
    "hasOther": false,
    "skipped": 0,
    "hasSkipped": false
  },
  "results": [
    {
      "uuid": "49948152-83ee-48e6-a6ac-3851cc4052ba",
      "title": "",
      "fullFile": "",
      "file": "",
      "beforeHooks": [],
      "afterHooks": [],
      "tests": [],
      "suites": [
        {
          "uuid": "be7d36da-bad6-45ba-8663-a35dc896cd93",
          "title": "Dispute Functions",
          "fullFile": "/home/runner/work/sdk/sdk/packages/core-sdk/test/integration/dispute.test.ts",
          "file": "/test/integration/dispute.test.ts",
          "beforeHooks": [
            {
              "title": "\"before all\" hook in \"Dispute Functions\"",
              "fullTitle": "Dispute Functions \"before all\" hook in \"Dispute Functions\"",
              "timedOut": false,
              "duration": 10228,
              "state": null,
              "speed": null,
              "pass": false,
              "fail": false,
              "pending": false,
              "context": null,
              "code": "clientA = (0, util_1.getStoryClient)();\nconst derivedClient = await (0, BIP32_1.getDerivedStoryClient)();\nclientB = derivedClient.clientB;\nminimumBond = await (0, oov3_1.getMinimumBond)(util_1.publicClient, new generated_1.ArbitrationPolicyUmaClient(util_1.publicClient, util_1.walletClient), src_1.WIP_TOKEN_ADDRESS);\nconst txData = await clientA.nftClient.createNFTCollection({\n    name: \"test-collection\",\n    symbol: \"TEST\",\n    maxSupply: 100,\n    isPublicMinting: true,\n    mintOpen: true,\n    contractURI: \"test-uri\",\n    mintFeeRecipient: util_1.TEST_WALLET_ADDRESS,\n});\nconst nftContract = txData.spgNftContract;\nipIdB = (await clientB.ipAsset.mintAndRegisterIp({\n    spgNftContract: nftContract,\n})).ipId;",
              "err": {},
              "uuid": "26b87b6e-ae54-47b6-8e47-bd00159009c0",
              "parentUUID": "be7d36da-bad6-45ba-8663-a35dc896cd93",
              "isHook": true,
              "skipped": false
            }
          ],
          "afterHooks": [],
          "tests": [
            {
              "title": "it should not cancel a dispute (yet)",
              "fullTitle": "Dispute Functions it should not cancel a dispute (yet)",
              "timedOut": false,
              "duration": 10028,
              "state": "passed",
              "speed": "slow",
              "pass": true,
              "fail": false,
              "pending": false,
              "context": null,
              "code": "const raiseResponse = await clientA.dispute.raiseDispute({\n    targetIpId: ipIdB,\n    cid: await generateCID(),\n    targetTag: src_1.DisputeTargetTag.IMPROPER_REGISTRATION,\n    liveness: 2592000,\n    bond: minimumBond,\n});\nawait (0, chai_1.expect)(clientA.dispute.cancelDispute({\n    disputeId: raiseResponse.disputeId,\n})).to.be.rejected;",
              "err": {},
              "uuid": "8ff24b40-ce29-4ebd-976b-224a19bdf1f3",
              "parentUUID": "be7d36da-bad6-45ba-8663-a35dc896cd93",
              "isHook": false,
              "skipped": false
            }
          ],
          "suites": [
            {
              "uuid": "2d390eed-2023-4da6-9944-6f729ce98a8a",
              "title": "raiseDispute and counter dispute",
              "fullFile": "/home/runner/work/sdk/sdk/packages/core-sdk/test/integration/dispute.test.ts",
              "file": "/test/integration/dispute.test.ts",
              "beforeHooks": [],
              "afterHooks": [],
              "tests": [
                {
                  "title": "should raise a dispute",
                  "fullTitle": "Dispute Functions raiseDispute and counter dispute should raise a dispute",
                  "timedOut": false,
                  "duration": 10072,
                  "state": "passed",
                  "speed": "slow",
                  "pass": true,
                  "fail": false,
                  "pending": false,
                  "context": null,
                  "code": "const raiseDisputeRequest = {\n    targetIpId: ipIdB,\n    cid: await generateCID(),\n    targetTag: src_1.DisputeTargetTag.IMPROPER_REGISTRATION,\n    liveness: 2592000,\n    bond: minimumBond,\n};\nconst response = await clientA.dispute.raiseDispute(raiseDisputeRequest);\n(0, chai_1.expect)(response.txHash).to.be.a(\"string\");\n(0, chai_1.expect)(response.disputeId).to.be.a(\"bigint\");\ndisputeId = response.disputeId;",
                  "err": {},
                  "uuid": "8af5d1d6-a614-4b55-9394-54ac6eeebc68",
                  "parentUUID": "2d390eed-2023-4da6-9944-6f729ce98a8a",
                  "isHook": false,
                  "skipped": false
                },
                {
                  "title": "should raise disputes with different DisputeTargetTag enum values",
                  "fullTitle": "Dispute Functions raiseDispute and counter dispute should raise disputes with different DisputeTargetTag enum values",
                  "timedOut": false,
                  "duration": 48211,
                  "state": "passed",
                  "speed": "slow",
                  "pass": true,
                  "fail": false,
                  "pending": false,
                  "context": null,
                  "code": "const allTags = Object.values(src_1.DisputeTargetTag);\nfor (const tag of allTags) {\n    const raiseDisputeRequest = {\n        targetIpId: ipIdB,\n        cid: await generateCID(),\n        targetTag: tag,\n        liveness: 2592000,\n        bond: minimumBond,\n    };\n    if (tag === src_1.DisputeTargetTag.IN_DISPUTE) {\n        await (0, chai_1.expect)(clientA.dispute.raiseDispute(raiseDisputeRequest)).to.be.rejectedWith(\"The target tag IN_DISPUTE is not whitelisted\");\n    }\n    else {\n        const response = await clientA.dispute.raiseDispute(raiseDisputeRequest);\n        (0, chai_1.expect)(response.txHash).to.be.a(\"string\");\n        (0, chai_1.expect)(response.disputeId).to.be.a(\"bigint\");\n    }\n}",
                  "err": {},
                  "uuid": "1b4198be-3bcc-4bde-ab07-97687e7ce74c",
                  "parentUUID": "2d390eed-2023-4da6-9944-6f729ce98a8a",
                  "isHook": false,
                  "skipped": false
                },
                {
                  "title": "should be able to counter existing dispute once",
                  "fullTitle": "Dispute Functions raiseDispute and counter dispute should be able to counter existing dispute once",
                  "timedOut": false,
                  "duration": 14863,
                  "state": "passed",
                  "speed": "slow",
                  "pass": true,
                  "fail": false,
                  "pending": false,
                  "context": null,
                  "code": "const assertionId = await clientB.dispute.disputeIdToAssertionId(disputeId);\nconst counterEvidenceCID = await generateCID();\nconst ret = await clientB.dispute.disputeAssertion({\n    ipId: ipIdB,\n    assertionId,\n    counterEvidenceCID,\n});\n(0, chai_1.expect)(ret.txHash).to.be.a(\"string\");\n// should throw error if attempting to dispute assertion again\nawait (0, chai_1.expect)(clientB.dispute.disputeAssertion({\n    ipId: ipIdB,\n    assertionId,\n    counterEvidenceCID,\n})).to.be.rejected;",
                  "err": {},
                  "uuid": "7afcf99f-8385-421e-b1cf-b66ecf554bb6",
                  "parentUUID": "2d390eed-2023-4da6-9944-6f729ce98a8a",
                  "isHook": false,
                  "skipped": false
                }
              ],
              "suites": [],
              "passes": [
                "8af5d1d6-a614-4b55-9394-54ac6eeebc68",
                "1b4198be-3bcc-4bde-ab07-97687e7ce74c",
                "7afcf99f-8385-421e-b1cf-b66ecf554bb6"
              ],
              "failures": [],
              "pending": [],
              "skipped": [],
              "duration": 73146,
              "root": false,
              "rootEmpty": false,
              "_timeout": 300000
            },
            {
              "uuid": "501b537b-6ccf-46b1-9742-4058b155b620",
              "title": "Dispute resolution",
              "fullFile": "/home/runner/work/sdk/sdk/packages/core-sdk/test/integration/dispute.test.ts",
              "file": "/test/integration/dispute.test.ts",
              "beforeHooks": [
                {
                  "title": "\"before each\" hook in \"Dispute resolution\"",
                  "fullTitle": "Dispute Functions Dispute resolution \"before each\" hook in \"Dispute resolution\"",
                  "timedOut": false,
                  "duration": 38468,
                  "state": null,
                  "speed": null,
                  "pass": false,
                  "fail": false,
                  "pending": false,
                  "context": null,
                  "code": "// Setup NFT collection\nconst txData = await clientA.nftClient.createNFTCollection({\n    name: \"test-collection\",\n    symbol: \"TEST\",\n    maxSupply: 100,\n    isPublicMinting: true,\n    mintOpen: true,\n    contractURI: \"test-uri\",\n    mintFeeRecipient: util_1.TEST_WALLET_ADDRESS,\n});\nnftContract = txData.spgNftContract;\n// Get parent IP ID and license terms ID\nconst ipIdAndLicenseResponse = await clientA.ipAsset.mintAndRegisterIpAssetWithPilTerms({\n    spgNftContract: nftContract,\n    allowDuplicates: false,\n    licenseTermsData: [\n        {\n            terms: {\n                transferable: true,\n                royaltyPolicy: generated_1.royaltyPolicyLapAddress[util_1.aeneid],\n                defaultMintingFee: 0n,\n                expiration: 0n,\n                commercialUse: true,\n                commercialAttribution: false,\n                commercializerChecker: viem_1.zeroAddress,\n                commercializerCheckerData: viem_1.zeroAddress,\n                commercialRevShare: 90,\n                commercialRevCeiling: 0n,\n                derivativesAllowed: true,\n                derivativesAttribution: true,\n                derivativesApproval: false,\n                derivativesReciprocal: true,\n                derivativeRevCeiling: 0n,\n                currency: src_1.WIP_TOKEN_ADDRESS,\n                uri: \"\",\n            },\n            licensingConfig: {\n                isSet: true,\n                mintingFee: 0n,\n                licensingHook: viem_1.zeroAddress,\n                hookData: viem_1.zeroAddress,\n                commercialRevShare: 0,\n                disabled: false,\n                expectMinimumGroupRewardShare: 0,\n                expectGroupRewardPool: generated_1.evenSplitGroupPoolAddress[util_1.aeneid],\n            },\n        },\n    ],\n});\nparentIpId = ipIdAndLicenseResponse.ipId;\nlicenseTermsId = ipIdAndLicenseResponse.licenseTermsIds[0];\n//Create a derivative ip\nconst derivativeIpIdResponse1 = await clientA.ipAsset.mintAndRegisterIpAndMakeDerivative({\n    spgNftContract: nftContract,\n    derivData: {\n        parentIpIds: [parentIpId],\n        licenseTermsIds: [licenseTermsId],\n        maxMintingFee: 1n,\n        maxRts: 5 * 10 ** 6,\n        maxRevenueShare: 100,\n    },\n});\nchildIpId = derivativeIpIdResponse1.ipId;\n// Create a second derivative ip\nconst derivativeIpIdResponse2 = await clientA.ipAsset.mintAndRegisterIpAndMakeDerivative({\n    spgNftContract: nftContract,\n    derivData: {\n        parentIpIds: [parentIpId],\n        licenseTermsIds: [licenseTermsId],\n        maxMintingFee: 1n,\n        maxRts: 5 * 10 ** 6,\n        maxRevenueShare: 100,\n    },\n});\nchildIpId2 = derivativeIpIdResponse2.ipId;\n// Raise a dispute\nconst response = await clientA.dispute.raiseDispute({\n    targetIpId: parentIpId,\n    cid: await generateCID(),\n    targetTag: src_1.DisputeTargetTag.IMPROPER_REGISTRATION,\n    liveness: 1,\n    bond: minimumBond,\n});\ndisputeId = response.disputeId;\n// This timeout guarantees that the assertion is expired\n// its intended to be longer than the current block time\n// so it won't be included in the same block\nawait new Promise((resolve) => setTimeout(resolve, 3000));",
                  "err": {},
                  "uuid": "b2c58774-1c4b-416a-ab1b-9f45b1b4f1ce",
                  "parentUUID": "501b537b-6ccf-46b1-9742-4058b155b620",
                  "isHook": true,
                  "skipped": false
                }
              ],
              "afterHooks": [],
              "tests": [
                {
                  "title": "should tag infringing ip",
                  "fullTitle": "Dispute Functions Dispute resolution should tag infringing ip",
                  "timedOut": false,
                  "duration": 9301,
                  "state": "passed",
                  "speed": "slow",
                  "pass": true,
                  "fail": false,
                  "pending": false,
                  "context": null,
                  "code": "await (0, oov3_1.settleAssertion)(util_1.TEST_PRIVATE_KEY, disputeId);\n// Tag derivative IP as infringing\nconst results = await clientA.dispute.tagIfRelatedIpInfringed({\n    infringementTags: [\n        {\n            ipId: childIpId,\n            disputeId: disputeId,\n        },\n        {\n            ipId: childIpId2,\n            disputeId: disputeId,\n        },\n    ],\n});\n(0, chai_1.expect)(results[0].txHash).to.be.a(\"string\");",
                  "err": {},
                  "uuid": "4b0dc13c-ba96-4b4d-b841-73edb0500508",
                  "parentUUID": "501b537b-6ccf-46b1-9742-4058b155b620",
                  "isHook": false,
                  "skipped": false
                },
                {
                  "title": "should tag a single IP as infringing without using multicall",
                  "fullTitle": "Dispute Functions Dispute resolution should tag a single IP as infringing without using multicall",
                  "timedOut": false,
                  "duration": 9381,
                  "state": "passed",
                  "speed": "slow",
                  "pass": true,
                  "fail": false,
                  "pending": false,
                  "context": null,
                  "code": "/**\n * Test Flow:\n * 1. Set judgment on an existing dispute to mark it as valid (did in `before each` block)\n * 2. Verify the dispute state changed correctly after judgment\n * 3. Try to tag a derivative IP using the judged dispute\n */\n// Step 1: Set judgment on an existing dispute to mark it as valid\nawait (0, oov3_1.settleAssertion)(util_1.TEST_PRIVATE_KEY, disputeId);\n// Step 2: Verify dispute state\n// The disputes() function returns multiple values about the dispute:\n// - targetTag: the tag we wanted to apply when raising the dispute\n// - currentTag: the current state of the dispute after judgment\n// After a successful judgment, currentTag should equal targetTag\nconst { currentTag, targetTag } = await getDisputeState(disputeId);\n(0, chai_1.expect)(currentTag).to.equal(targetTag); // Verify judgment was recorded correctly\n// Step 3: Attempt to tag a derivative IP\n// This will fail if:\n// - The dispute is not in a valid state (still IN_DISPUTE or cleared)\n// - The IP we're trying to tag is not actually a derivative of the disputed IP\n// - The dispute has already been used to tag this IP\nconst response = await clientA.dispute.tagIfRelatedIpInfringed({\n    infringementTags: [\n        {\n            ipId: childIpId, // The derivative IP to tag\n            disputeId: disputeId, // Using the judged dispute as basis for tagging\n        },\n    ],\n    options: {\n        useMulticallWhenPossible: false, // Force single transaction instead of batch\n    },\n});\n// Verify we got the expected response\n(0, chai_1.expect)(response).to.have.lengthOf(1);\n(0, chai_1.expect)(response[0].txHash).to.be.a(\"string\");",
                  "err": {},
                  "uuid": "8e631d11-90c7-432a-8aa1-511dbad1749d",
                  "parentUUID": "501b537b-6ccf-46b1-9742-4058b155b620",
                  "isHook": false,
                  "skipped": false
                },
                {
                  "title": "should tag multiple IPs as infringing using multicall",
                  "fullTitle": "Dispute Functions Dispute resolution should tag multiple IPs as infringing using multicall",
                  "timedOut": false,
                  "duration": 31965,
                  "state": "passed",
                  "speed": "slow",
                  "pass": true,
                  "fail": false,
                  "pending": false,
                  "context": null,
                  "code": "const disputeResponse = await clientA.dispute.raiseDispute({\n    targetIpId: parentIpId,\n    cid: await generateCID(),\n    targetTag: src_1.DisputeTargetTag.IMPROPER_REGISTRATION,\n    liveness: 1,\n    bond: minimumBond,\n});\nconst testDisputeId = disputeResponse.disputeId;\nconst derivativeResponse2 = await clientA.ipAsset.mintAndRegisterIpAndMakeDerivative({\n    spgNftContract: nftContract,\n    derivData: {\n        parentIpIds: [parentIpId],\n        licenseTermsIds: [licenseTermsId],\n        maxMintingFee: 1n,\n        maxRts: 5 * 10 ** 6,\n        maxRevenueShare: 100,\n    },\n    allowDuplicates: true,\n});\nconst newChildIpId = derivativeResponse2.ipId;\nawait (0, oov3_1.settleAssertion)(util_1.TEST_PRIVATE_KEY, testDisputeId);\n// This timeout guarantees that the assertion is expired\n// its intended to be longer than the current block time\n// so it won't be included in the same block\nawait new Promise((resolve) => setTimeout(resolve, 3000));\nconst { currentTag, targetTag } = await getDisputeState(testDisputeId);\n(0, chai_1.expect)(currentTag).to.equal(targetTag);\nconst response = await clientA.dispute.tagIfRelatedIpInfringed({\n    infringementTags: [\n        {\n            ipId: childIpId,\n            disputeId: testDisputeId,\n        },\n        {\n            ipId: newChildIpId,\n            disputeId: testDisputeId,\n        },\n    ],\n    options: {\n        useMulticallWhenPossible: true,\n    },\n});\n(0, chai_1.expect)(response).to.have.lengthOf(1);\n(0, chai_1.expect)(response[0].txHash).to.be.a(\"string\");",
                  "err": {},
                  "uuid": "c9754873-4e1c-48f2-b35b-1aeaa80a2b83",
                  "parentUUID": "501b537b-6ccf-46b1-9742-4058b155b620",
                  "isHook": false,
                  "skipped": false
                },
                {
                  "title": "should tag multiple IPs without multicall when specified",
                  "fullTitle": "Dispute Functions Dispute resolution should tag multiple IPs without multicall when specified",
                  "timedOut": false,
                  "duration": 20889,
                  "state": "passed",
                  "speed": "slow",
                  "pass": true,
                  "fail": false,
                  "pending": false,
                  "context": null,
                  "code": "// Create two new derivative IPs sequentially\nconst derivativeResponse3 = await clientA.ipAsset.mintAndRegisterIpAndMakeDerivative({\n    spgNftContract: nftContract,\n    derivData: {\n        parentIpIds: [parentIpId],\n        licenseTermsIds: [licenseTermsId],\n        maxMintingFee: 1n,\n        maxRts: 5 * 10 ** 6,\n        maxRevenueShare: 100,\n    },\n    allowDuplicates: true,\n});\nconst derivativeResponse4 = await clientA.ipAsset.mintAndRegisterIpAndMakeDerivative({\n    spgNftContract: nftContract,\n    derivData: {\n        parentIpIds: [parentIpId],\n        licenseTermsIds: [licenseTermsId],\n        maxMintingFee: 1n,\n        maxRts: 5 * 10 ** 6,\n        maxRevenueShare: 100,\n    },\n    allowDuplicates: true,\n});\nawait (0, oov3_1.settleAssertion)(util_1.TEST_PRIVATE_KEY, disputeId);\nconst { currentTag, targetTag } = await getDisputeState(disputeId);\n(0, chai_1.expect)(currentTag).to.equal(targetTag);\nconst responses = await clientA.dispute.tagIfRelatedIpInfringed({\n    infringementTags: [\n        {\n            ipId: derivativeResponse3.ipId,\n            disputeId: disputeId,\n        },\n        {\n            ipId: derivativeResponse4.ipId,\n            disputeId: disputeId,\n        },\n    ],\n    options: {\n        useMulticallWhenPossible: false,\n    },\n});\n(0, chai_1.expect)(responses).to.have.lengthOf(2);\n(0, chai_1.expect)(responses[0].txHash).to.be.a(\"string\");\n(0, chai_1.expect)(responses[1].txHash).to.be.a(\"string\");",
                  "err": {},
                  "uuid": "5f09c078-4d31-46a6-a5b6-98310b030454",
                  "parentUUID": "501b537b-6ccf-46b1-9742-4058b155b620",
                  "isHook": false,
                  "skipped": false
                },
                {
                  "title": "should resolve a dispute successfully when initiated by dispute initiator",
                  "fullTitle": "Dispute Functions Dispute resolution should resolve a dispute successfully when initiated by dispute initiator",
                  "timedOut": false,
                  "duration": 9389,
                  "state": "passed",
                  "speed": "slow",
                  "pass": true,
                  "fail": false,
                  "pending": false,
                  "context": null,
                  "code": "await (0, oov3_1.settleAssertion)(util_1.TEST_PRIVATE_KEY, disputeId);\nconst { currentTag, targetTag } = await getDisputeState(disputeId);\n(0, chai_1.expect)(currentTag).to.equal(targetTag);\nconst response = await clientA.dispute.resolveDispute({\n    disputeId: disputeId,\n    data: \"0x\",\n});\n(0, chai_1.expect)(response.txHash).to.be.a(\"string\");",
                  "err": {},
                  "uuid": "ae9caf84-a58b-47d4-8f29-e1bb0c440102",
                  "parentUUID": "501b537b-6ccf-46b1-9742-4058b155b620",
                  "isHook": false,
                  "skipped": false
                },
                {
                  "title": "should fail when non-initiator tries to resolve the dispute",
                  "fullTitle": "Dispute Functions Dispute resolution should fail when non-initiator tries to resolve the dispute",
                  "timedOut": false,
                  "duration": 89,
                  "state": "passed",
                  "speed": "slow",
                  "pass": true,
                  "fail": false,
                  "pending": false,
                  "context": null,
                  "code": "await (0, chai_1.expect)(clientB.dispute.resolveDispute({\n    disputeId: disputeId,\n    data: \"0x\",\n})).to.be.rejectedWith(\"NotDisputeInitiator\");",
                  "err": {},
                  "uuid": "874d2a9c-380d-401f-a673-87a3b271d06f",
                  "parentUUID": "501b537b-6ccf-46b1-9742-4058b155b620",
                  "isHook": false,
                  "skipped": false
                },
                {
                  "title": "should propagate IMPROPER_REGISTRATION tag to derivative IPs",
                  "fullTitle": "Dispute Functions Dispute resolution should propagate IMPROPER_REGISTRATION tag to derivative IPs",
                  "timedOut": false,
                  "duration": 9503,
                  "state": "passed",
                  "speed": "slow",
                  "pass": true,
                  "fail": false,
                  "pending": false,
                  "context": null,
                  "code": "await (0, oov3_1.settleAssertion)(util_1.TEST_PRIVATE_KEY, disputeId);\n// Verify the dispute state changed correctly\nconst { currentTag: parentCurrentTag, targetTag: parentTargetTag } = await getDisputeState(disputeId);\n(0, chai_1.expect)(parentCurrentTag).to.equal(parentTargetTag);\n// Propagate the tag to both derivative IPs\nconst results = await clientA.dispute.tagIfRelatedIpInfringed({\n    infringementTags: [\n        {\n            ipId: childIpId,\n            disputeId: disputeId,\n        },\n        {\n            ipId: childIpId2,\n            disputeId: disputeId,\n        },\n    ],\n});\nconst logData = results[0].receipt?.logs[0].data;\nconst firstWord = logData.slice(0, 66);\nconst childDisputeId = BigInt(firstWord);\n// Verify successful tagging\n(0, chai_1.expect)(results[0].txHash).to.be.a(\"string\");\nconst { currentTag: childCurrentTag } = await getDisputeState(childDisputeId);\n// Convert the IMPROPER_USAGE tag to hex for comparison\nconst improperUsageTagHex = (0, viem_1.toHex)(src_1.DisputeTargetTag.IMPROPER_REGISTRATION, { size: 32 });\n// Verify both child IPs have the IMPROPER_USAGE tag by\n// fetching and comparing their dispute tags\n(0, chai_1.expect)(parentCurrentTag).to.equal(parentTargetTag);\n(0, chai_1.expect)(childCurrentTag).to.equal(improperUsageTagHex);",
                  "err": {},
                  "uuid": "4cd8ee5e-5d32-4dd5-9fef-e9dc433ec9a4",
                  "parentUUID": "501b537b-6ccf-46b1-9742-4058b155b620",
                  "isHook": false,
                  "skipped": false
                }
              ],
              "suites": [],
              "passes": [
                "4b0dc13c-ba96-4b4d-b841-73edb0500508",
                "8e631d11-90c7-432a-8aa1-511dbad1749d",
                "c9754873-4e1c-48f2-b35b-1aeaa80a2b83",
                "5f09c078-4d31-46a6-a5b6-98310b030454",
                "ae9caf84-a58b-47d4-8f29-e1bb0c440102",
                "874d2a9c-380d-401f-a673-87a3b271d06f",
                "4cd8ee5e-5d32-4dd5-9fef-e9dc433ec9a4"
              ],
              "failures": [],
              "pending": [],
              "skipped": [],
              "duration": 90517,
              "root": false,
              "rootEmpty": false,
              "_timeout": 300000
            }
          ],
          "passes": [
            "8ff24b40-ce29-4ebd-976b-224a19bdf1f3"
          ],
          "failures": [],
          "pending": [],
          "skipped": [],
          "duration": 10028,
          "root": false,
          "rootEmpty": false,
          "_timeout": 300000
        },
        {
          "uuid": "e15463c9-59c4-44e0-8f78-5e03a74de24f",
          "title": "Group Functions",
          "fullFile": "/home/runner/work/sdk/sdk/packages/core-sdk/test/integration/group.test.ts",
          "file": "/test/integration/group.test.ts",
          "beforeHooks": [
            {
              "title": "\"before all\" hook in \"Group Functions\"",
              "fullTitle": "Group Functions \"before all\" hook in \"Group Functions\"",
              "timedOut": false,
              "duration": 4609,
              "state": null,
              "speed": null,
              "pass": false,
              "fail": false,
              "pending": false,
              "context": null,
              "code": "client = (0, util_1.getStoryClient)();\n// Create NFT Collection\nspgNftContract = (await client.nftClient.createNFTCollection({\n    name: \"test-collection\",\n    symbol: \"TEST\",\n    maxSupply: 100,\n    isPublicMinting: true,\n    mintOpen: true,\n    mintFeeRecipient: util_1.TEST_WALLET_ADDRESS,\n    contractURI: \"test-uri\",\n})).spgNftContract;",
              "err": {},
              "uuid": "a6774195-b94c-41a0-a853-96d648ee1e17",
              "parentUUID": "e15463c9-59c4-44e0-8f78-5e03a74de24f",
              "isHook": true,
              "skipped": false
            }
          ],
          "afterHooks": [],
          "tests": [],
          "suites": [
            {
              "uuid": "b8f6a24e-5b17-42ff-b366-e38361143191",
              "title": "Group Operations",
              "fullFile": "/home/runner/work/sdk/sdk/packages/core-sdk/test/integration/group.test.ts",
              "file": "/test/integration/group.test.ts",
              "beforeHooks": [
                {
                  "title": "\"before all\" hook in \"Group Operations\"",
                  "fullTitle": "Group Functions Group Operations \"before all\" hook in \"Group Operations\"",
                  "timedOut": false,
                  "duration": 14274,
                  "state": null,
                  "speed": null,
                  "pass": false,
                  "fail": false,
                  "pending": false,
                  "context": null,
                  "code": "// Create initial IP with license terms\nconst result = await client.ipAsset.mintAndRegisterIpAssetWithPilTerms({\n    spgNftContract,\n    allowDuplicates: false,\n    licenseTermsData,\n});\nlicenseTermsId = result.licenseTermsIds[0];\nipId = result.ipId;\n// Set licensing config\nawait client.license.setLicensingConfig({\n    ipId,\n    licenseTermsId,\n    licenseTemplate: generated_1.piLicenseTemplateAddress[util_1.aeneid],\n    licensingConfig: {\n        isSet: true,\n        mintingFee: 0n,\n        licensingHook: viem_1.zeroAddress,\n        hookData: viem_1.zeroAddress,\n        commercialRevShare: 0,\n        disabled: false,\n        expectMinimumGroupRewardShare: 0,\n        expectGroupRewardPool: groupPoolAddress,\n    },\n});",
                  "err": {},
                  "uuid": "c86245df-8232-4b3e-9ff4-8e5e63347bb6",
                  "parentUUID": "b8f6a24e-5b17-42ff-b366-e38361143191",
                  "isHook": true,
                  "skipped": false
                }
              ],
              "afterHooks": [],
              "tests": [
                {
                  "title": "should successfully register group and attach license",
                  "fullTitle": "Group Functions Group Operations should successfully register group and attach license",
                  "timedOut": false,
                  "duration": 4615,
                  "state": "passed",
                  "speed": "slow",
                  "pass": true,
                  "fail": false,
                  "pending": false,
                  "context": null,
                  "code": "const result = await client.groupClient.registerGroupAndAttachLicense({\n    groupPool: groupPoolAddress,\n    licenseData: {\n        licenseTermsId,\n        licensingConfig: {\n            isSet: true,\n            mintingFee: 0n,\n            licensingHook: viem_1.zeroAddress,\n            hookData: viem_1.zeroAddress,\n            commercialRevShare: 0,\n            disabled: false,\n            expectMinimumGroupRewardShare: 0,\n            expectGroupRewardPool: viem_1.zeroAddress,\n        },\n    },\n});\ngroupId = result.groupId;\n(0, chai_1.expect)(result.txHash).to.be.a(\"string\");\n(0, chai_1.expect)(result.groupId).to.be.a(\"string\");",
                  "err": {},
                  "uuid": "a6d7b386-bb40-4290-ab02-6586d90a511e",
                  "parentUUID": "b8f6a24e-5b17-42ff-b366-e38361143191",
                  "isHook": false,
                  "skipped": false
                },
                {
                  "title": "should successfully mint, register IP, attach license and add to group",
                  "fullTitle": "Group Functions Group Operations should successfully mint, register IP, attach license and add to group",
                  "timedOut": false,
                  "duration": 4905,
                  "state": "passed",
                  "speed": "slow",
                  "pass": true,
                  "fail": false,
                  "pending": false,
                  "context": null,
                  "code": "const result = await client.groupClient.mintAndRegisterIpAndAttachLicenseAndAddToGroup({\n    groupId,\n    spgNftContract,\n    licenseData: [\n        {\n            licenseTermsId,\n            licensingConfig: {\n                isSet: true,\n                mintingFee: 0n,\n                licensingHook: viem_1.zeroAddress,\n                hookData: viem_1.zeroAddress,\n                commercialRevShare: 0,\n                disabled: false,\n                expectMinimumGroupRewardShare: 0,\n                expectGroupRewardPool: groupPoolAddress,\n            },\n        },\n    ],\n    maxAllowedRewardShare: 100,\n});\n(0, chai_1.expect)(result.txHash).to.be.a(\"string\");\n(0, chai_1.expect)(result.ipId).to.be.a(\"string\");",
                  "err": {},
                  "uuid": "72bd3a98-02d9-49bc-96af-20e6e7fe93cc",
                  "parentUUID": "b8f6a24e-5b17-42ff-b366-e38361143191",
                  "isHook": false,
                  "skipped": false
                },
                {
                  "title": "should successfully register a basic group",
                  "fullTitle": "Group Functions Group Operations should successfully register a basic group",
                  "timedOut": false,
                  "duration": 4627,
                  "state": "passed",
                  "speed": "slow",
                  "pass": true,
                  "fail": false,
                  "pending": false,
                  "context": null,
                  "code": "const result = await client.groupClient.registerGroup({\n    groupPool: groupPoolAddress,\n});\n(0, chai_1.expect)(result.txHash).to.be.a(\"string\");\n(0, chai_1.expect)(result.groupId).to.be.a(\"string\");",
                  "err": {},
                  "uuid": "a6850ede-ed24-4c51-980b-ec04230668d0",
                  "parentUUID": "b8f6a24e-5b17-42ff-b366-e38361143191",
                  "isHook": false,
                  "skipped": false
                },
                {
                  "title": "should successfully register existing IP with license and add to group",
                  "fullTitle": "Group Functions Group Operations should successfully register existing IP with license and add to group",
                  "timedOut": false,
                  "duration": 9666,
                  "state": "passed",
                  "speed": "slow",
                  "pass": true,
                  "fail": false,
                  "pending": false,
                  "context": null,
                  "code": "const tokenId = await (0, util_1.mintBySpg)(spgNftContract, \"test-metadata\");\nconst result = await client.groupClient.registerIpAndAttachLicenseAndAddToGroup({\n    groupId,\n    nftContract: spgNftContract,\n    tokenId,\n    licenseData: [\n        {\n            licenseTermsId,\n            licensingConfig: {\n                isSet: true,\n                mintingFee: 0n,\n                licensingHook: viem_1.zeroAddress,\n                hookData: viem_1.zeroAddress,\n                commercialRevShare: 0,\n                disabled: false,\n                expectMinimumGroupRewardShare: 0,\n                expectGroupRewardPool: groupPoolAddress,\n            },\n        },\n    ],\n});\n(0, chai_1.expect)(result.txHash).to.be.a(\"string\");\n(0, chai_1.expect)(result.ipId).to.be.a(\"string\");",
                  "err": {},
                  "uuid": "e8debe67-12bf-4024-8582-4b866cb5dde6",
                  "parentUUID": "b8f6a24e-5b17-42ff-b366-e38361143191",
                  "isHook": false,
                  "skipped": false
                },
                {
                  "title": "should successfully register group with license and add multiple IPs",
                  "fullTitle": "Group Functions Group Operations should successfully register group with license and add multiple IPs",
                  "timedOut": false,
                  "duration": 8901,
                  "state": "passed",
                  "speed": "slow",
                  "pass": true,
                  "fail": false,
                  "pending": false,
                  "context": null,
                  "code": "const result = await client.groupClient.registerGroupAndAttachLicenseAndAddIps({\n    groupPool: groupPoolAddress,\n    maxAllowedRewardShare: 50,\n    ipIds: [ipId],\n    licenseData: {\n        licenseTermsId,\n        licensingConfig: {\n            isSet: true,\n            mintingFee: 0n,\n            licensingHook: viem_1.zeroAddress,\n            hookData: viem_1.zeroAddress,\n            commercialRevShare: 0,\n            disabled: false,\n            expectMinimumGroupRewardShare: 0,\n            expectGroupRewardPool: viem_1.zeroAddress,\n        },\n    },\n});\n(0, chai_1.expect)(result.txHash).to.be.a(\"string\");\n(0, chai_1.expect)(result.groupId).to.be.a(\"string\");",
                  "err": {},
                  "uuid": "fbf43e15-7e92-4413-a2dd-2a3aab878125",
                  "parentUUID": "b8f6a24e-5b17-42ff-b366-e38361143191",
                  "isHook": false,
                  "skipped": false
                }
              ],
              "suites": [
                {
                  "uuid": "89370379-a74b-40eb-a78e-80797527afa5",
                  "title": "Add IPs to Group and Remove IPs from Group",
                  "fullFile": "/home/runner/work/sdk/sdk/packages/core-sdk/test/integration/group.test.ts",
                  "file": "/test/integration/group.test.ts",
                  "beforeHooks": [],
                  "afterHooks": [],
                  "tests": [
                    {
                      "title": "should successfully add multiple IPs to group",
                      "fullTitle": "Group Functions Group Operations Add IPs to Group and Remove IPs from Group should successfully add multiple IPs to group",
                      "timedOut": false,
                      "duration": 14971,
                      "state": "passed",
                      "speed": "slow",
                      "pass": true,
                      "fail": false,
                      "pending": false,
                      "context": null,
                      "code": "const registerResult = await client.ipAsset.batchMintAndRegisterIpAssetWithPilTerms({\n    args: [\n        {\n            spgNftContract,\n            licenseTermsData,\n        },\n        {\n            spgNftContract,\n            licenseTermsData,\n        },\n        {\n            spgNftContract,\n            licenseTermsData,\n        },\n    ],\n});\nipIds = registerResult.results?.map((result) => result.ipId) ?? [];\nconst result = await client.groupClient.addIpsToGroup({\n    groupIpId: groupId,\n    ipIds: ipIds,\n    maxAllowedRewardSharePercentage: 55,\n});\n(0, chai_1.expect)(result.txHash).to.be.a(\"string\");",
                      "err": {},
                      "uuid": "cb290303-6804-4632-a9e5-adf930fc658f",
                      "parentUUID": "89370379-a74b-40eb-a78e-80797527afa5",
                      "isHook": false,
                      "skipped": false
                    },
                    {
                      "title": "should successfully remove IPs from group",
                      "fullTitle": "Group Functions Group Operations Add IPs to Group and Remove IPs from Group should successfully remove IPs from group",
                      "timedOut": false,
                      "duration": 8703,
                      "state": "passed",
                      "speed": "slow",
                      "pass": true,
                      "fail": false,
                      "pending": false,
                      "context": null,
                      "code": "const result = await client.groupClient.removeIpsFromGroup({\n    groupIpId: groupId,\n    ipIds: ipIds,\n});\n(0, chai_1.expect)(result.txHash).to.be.a(\"string\");",
                      "err": {},
                      "uuid": "9ede97a8-c02c-4a1a-85fb-e448092fc012",
                      "parentUUID": "89370379-a74b-40eb-a78e-80797527afa5",
                      "isHook": false,
                      "skipped": false
                    }
                  ],
                  "suites": [],
                  "passes": [
                    "cb290303-6804-4632-a9e5-adf930fc658f",
                    "9ede97a8-c02c-4a1a-85fb-e448092fc012"
                  ],
                  "failures": [],
                  "pending": [],
                  "skipped": [],
                  "duration": 23674,
                  "root": false,
                  "rootEmpty": false,
                  "_timeout": 300000
                }
              ],
              "passes": [
                "a6d7b386-bb40-4290-ab02-6586d90a511e",
                "72bd3a98-02d9-49bc-96af-20e6e7fe93cc",
                "a6850ede-ed24-4c51-980b-ec04230668d0",
                "e8debe67-12bf-4024-8582-4b866cb5dde6",
                "fbf43e15-7e92-4413-a2dd-2a3aab878125"
              ],
              "failures": [],
              "pending": [],
              "skipped": [],
              "duration": 32714,
              "root": false,
              "rootEmpty": false,
              "_timeout": 300000
            },
            {
              "uuid": "d62e97e7-f8ee-462c-8e8a-9e0e36143cb9",
              "title": "Collect Royalty and Claim Reward",
              "fullFile": "/home/runner/work/sdk/sdk/packages/core-sdk/test/integration/group.test.ts",
              "file": "/test/integration/group.test.ts",
              "beforeHooks": [
                {
                  "title": "\"before all\" hook in \"Collect Royalty and Claim Reward\"",
                  "fullTitle": "Group Functions Collect Royalty and Claim Reward \"before all\" hook in \"Collect Royalty and Claim Reward\"",
                  "timedOut": false,
                  "duration": 10247,
                  "state": null,
                  "speed": null,
                  "pass": false,
                  "fail": false,
                  "pending": false,
                  "context": null,
                  "code": "// Register IP id\nconst result1 = await mintAndRegisterIpAssetWithPilTermsHelper();\nipId = result1.ipId;\nlicenseTermsId = result1.licenseTermsIds[0];\n// Register group id\ngroupIpId = await registerGroupAndAttachLicenseHelper(licenseTermsId, [ipId]);",
                  "err": {},
                  "uuid": "e7fcf992-9671-43ff-b2da-a26226b4d784",
                  "parentUUID": "d62e97e7-f8ee-462c-8e8a-9e0e36143cb9",
                  "isHook": true,
                  "skipped": false
                }
              ],
              "afterHooks": [],
              "tests": [
                {
                  "title": "should successfully collect royalties",
                  "fullTitle": "Group Functions Collect Royalty and Claim Reward should successfully collect royalties",
                  "timedOut": false,
                  "duration": 19820,
                  "state": "passed",
                  "speed": "slow",
                  "pass": true,
                  "fail": false,
                  "pending": false,
                  "context": null,
                  "code": "// Mint and register child IP id\nconst childIpId = await mintAndRegisterIpAndMakeDerivativeHelper(groupIpId, licenseTermsId);\n// Pay royalties from child IP id to group IP id and transfer to vault\nawait payRoyaltyAndTransferToVaultHelper(childIpId, groupIpId, src_1.WIP_TOKEN_ADDRESS, 100n);\n// Collect royalties\nconst result = await client.groupClient.collectRoyalties({\n    groupIpId,\n    currencyToken: src_1.WIP_TOKEN_ADDRESS,\n});\n(0, chai_1.expect)(result.txHash).to.be.a(\"string\");\n(0, chai_1.expect)(result.collectedRoyalties).to.equal(10n);",
                  "err": {},
                  "uuid": "3fa43184-0efe-443d-a306-ca1e34e9dc8d",
                  "parentUUID": "d62e97e7-f8ee-462c-8e8a-9e0e36143cb9",
                  "isHook": false,
                  "skipped": false
                },
                {
                  "title": "should successfully get claimable reward",
                  "fullTitle": "Group Functions Collect Royalty and Claim Reward should successfully get claimable reward",
                  "timedOut": false,
                  "duration": 94,
                  "state": "passed",
                  "speed": "slow",
                  "pass": true,
                  "fail": false,
                  "pending": false,
                  "context": null,
                  "code": "const result = await client.groupClient.getClaimableReward({\n    groupIpId: groupIpId,\n    currencyToken: src_1.WIP_TOKEN_ADDRESS,\n    memberIpIds: [ipId],\n});\n(0, chai_1.expect)(result).to.deep.equal([10n]);",
                  "err": {},
                  "uuid": "1c5b2537-98b9-4d61-9035-8f2525abd73f",
                  "parentUUID": "d62e97e7-f8ee-462c-8e8a-9e0e36143cb9",
                  "isHook": false,
                  "skipped": false
                },
                {
                  "title": "should successfully claim reward",
                  "fullTitle": "Group Functions Collect Royalty and Claim Reward should successfully claim reward",
                  "timedOut": false,
                  "duration": 9606,
                  "state": "passed",
                  "speed": "slow",
                  "pass": true,
                  "fail": false,
                  "pending": false,
                  "context": null,
                  "code": "// Mint license tokens to the IP id which doesn't have a royalty vault\nawait client.license.mintLicenseTokens({\n    licensorIpId: ipId,\n    licenseTermsId,\n    amount: 1,\n    maxMintingFee: 1,\n    maxRevenueShare: 100,\n});\n// Claim reward\nconst result = await client.groupClient.claimReward({\n    groupIpId: groupIpId,\n    currencyToken: src_1.WIP_TOKEN_ADDRESS,\n    memberIpIds: [ipId],\n});\n(0, chai_1.expect)(result.txHash).to.be.a(\"string\");\n(0, chai_1.expect)(result.claimedReward?.[0].amount[0]).to.equal(10n);",
                  "err": {},
                  "uuid": "0650ce51-fab2-4041-a8c0-d62fb256f8aa",
                  "parentUUID": "d62e97e7-f8ee-462c-8e8a-9e0e36143cb9",
                  "isHook": false,
                  "skipped": false
                },
                {
                  "title": "should successfully collect royalties and claim reward in one transaction",
                  "fullTitle": "Group Functions Collect Royalty and Claim Reward should successfully collect royalties and claim reward in one transaction",
                  "timedOut": false,
                  "duration": 55545,
                  "state": "passed",
                  "speed": "slow",
                  "pass": true,
                  "fail": false,
                  "pending": false,
                  "context": null,
                  "code": "const ipIds = [];\nconst result1 = await mintAndRegisterIpAssetWithPilTermsHelper();\nconst result2 = await mintAndRegisterIpAssetWithPilTermsHelper();\nipIds.push(result1.ipId);\nipIds.push(result2.ipId);\nlicenseTermsId = result1.licenseTermsIds[0];\nconst groupId = await registerGroupAndAttachLicenseHelper(licenseTermsId, ipIds);\nconst childIpId1 = await mintAndRegisterIpAndMakeDerivativeHelper(groupId, licenseTermsId);\nconst childIpId2 = await mintAndRegisterIpAndMakeDerivativeHelper(groupId, licenseTermsId);\nawait payRoyaltyAndTransferToVaultHelper(childIpId1, groupId, src_1.WIP_TOKEN_ADDRESS, 100n);\nawait payRoyaltyAndTransferToVaultHelper(childIpId2, groupId, src_1.WIP_TOKEN_ADDRESS, 100n);\nconst result = await client.groupClient.collectAndDistributeGroupRoyalties({\n    groupIpId: groupId,\n    currencyTokens: [src_1.WIP_TOKEN_ADDRESS],\n    memberIpIds: ipIds,\n});\n(0, chai_1.expect)(result.txHash).to.be.a(\"string\");\n(0, chai_1.expect)(result.collectedRoyalties?.[0].amount).to.equal(20n);\n(0, chai_1.expect)(result.royaltiesDistributed?.[0].amount).to.equal(10n);\n(0, chai_1.expect)(result.royaltiesDistributed?.[1].amount).to.equal(10n);",
                  "err": {},
                  "uuid": "94910bd3-5a5e-4ff0-a758-c7f589c5ee85",
                  "parentUUID": "d62e97e7-f8ee-462c-8e8a-9e0e36143cb9",
                  "isHook": false,
                  "skipped": false
                }
              ],
              "suites": [],
              "passes": [
                "3fa43184-0efe-443d-a306-ca1e34e9dc8d",
                "1c5b2537-98b9-4d61-9035-8f2525abd73f",
                "0650ce51-fab2-4041-a8c0-d62fb256f8aa",
                "94910bd3-5a5e-4ff0-a758-c7f589c5ee85"
              ],
              "failures": [],
              "pending": [],
              "skipped": [],
              "duration": 85065,
              "root": false,
              "rootEmpty": false,
              "_timeout": 300000
            }
          ],
          "passes": [],
          "failures": [],
          "pending": [],
          "skipped": [],
          "duration": 0,
          "root": false,
          "rootEmpty": false,
          "_timeout": 300000
        },
        {
          "uuid": "f30a2b99-7120-4890-81b7-9b2481da5bc3",
          "title": "IPAccount Functions",
          "fullFile": "/home/runner/work/sdk/sdk/packages/core-sdk/test/integration/ipAccount.test.ts",
          "file": "/test/integration/ipAccount.test.ts",
          "beforeHooks": [
            {
              "title": "\"before all\" hook in \"IPAccount Functions\"",
              "fullTitle": "IPAccount Functions \"before all\" hook in \"IPAccount Functions\"",
              "timedOut": false,
              "duration": 9418,
              "state": null,
              "speed": null,
              "pass": false,
              "fail": false,
              "pending": false,
              "context": null,
              "code": "client = (0, util_1.getStoryClient)();\nconst tokenId = await (0, util_1.getTokenId)();\nconst registerResult = await client.ipAsset.register({\n    nftContract: util_1.mockERC721,\n    tokenId: tokenId,\n});\nipId = registerResult.ipId;\ndata = (0, viem_1.encodeFunctionData)({\n    abi: generated_1.accessControllerAbi,\n    functionName: \"setTransientPermission\",\n    args: [\n        (0, viem_1.getAddress)(ipId),\n        (0, viem_1.getAddress)(util_1.TEST_WALLET_ADDRESS),\n        (0, viem_1.getAddress)(coreMetadataModule),\n        (0, viem_1.toFunctionSelector)(\"function setAll(address,string,bytes32,bytes32)\"),\n        src_1.AccessPermission.ALLOW,\n    ],\n});",
              "err": {},
              "uuid": "051c8d54-1818-4d96-909f-44cfd636ef49",
              "parentUUID": "f30a2b99-7120-4890-81b7-9b2481da5bc3",
              "isHook": true,
              "skipped": false
            }
          ],
          "afterHooks": [],
          "tests": [
            {
              "title": "should successfully return account nonce",
              "fullTitle": "IPAccount Functions should successfully return account nonce",
              "timedOut": false,
              "duration": 93,
              "state": "passed",
              "speed": "slow",
              "pass": true,
              "fail": false,
              "pending": false,
              "context": null,
              "code": "const response = await client.ipAccount.getIpAccountNonce(ipId);\n(0, chai_1.expect)(response).to.be.a(\"string\");",
              "err": {},
              "uuid": "a24f7e89-a0f8-4240-ab2c-6f5a5042cb63",
              "parentUUID": "f30a2b99-7120-4890-81b7-9b2481da5bc3",
              "isHook": false,
              "skipped": false
            },
            {
              "title": "should successfully return token information",
              "fullTitle": "IPAccount Functions should successfully return token information",
              "timedOut": false,
              "duration": 78,
              "state": "passed",
              "speed": "slow",
              "pass": true,
              "fail": false,
              "pending": false,
              "context": null,
              "code": "const response = await client.ipAccount.getToken(ipId);\n(0, chai_1.expect)(response.chainId).to.be.a(\"bigint\");\n(0, chai_1.expect)(response.tokenContract).to.be.a(\"string\");\n(0, chai_1.expect)(response.tokenId).to.be.a(\"bigint\");\n(0, chai_1.expect)(response.tokenContract).to.equal(util_1.mockERC721);",
              "err": {},
              "uuid": "4d705d50-f686-43d6-bb18-e08eefc1fe3e",
              "parentUUID": "f30a2b99-7120-4890-81b7-9b2481da5bc3",
              "isHook": false,
              "skipped": false
            },
            {
              "title": "should successfully set ip metadata",
              "fullTitle": "IPAccount Functions should successfully set ip metadata",
              "timedOut": false,
              "duration": 4621,
              "state": "passed",
              "speed": "slow",
              "pass": true,
              "fail": false,
              "pending": false,
              "context": null,
              "code": "const txHash = await client.ipAccount.setIpMetadata({\n    ipId: ipId,\n    metadataURI: \"https://example.com\",\n    metadataHash: (0, viem_1.toHex)(\"test\", { size: 32 }),\n});\n(0, chai_1.expect)(txHash).to.be.a(\"string\");",
              "err": {},
              "uuid": "01765147-6129-4f7f-8978-aa34cf2a930c",
              "parentUUID": "f30a2b99-7120-4890-81b7-9b2481da5bc3",
              "isHook": false,
              "skipped": false
            },
            {
              "title": "should successfully transfer ERC20 tokens",
              "fullTitle": "IPAccount Functions should successfully transfer ERC20 tokens",
              "timedOut": false,
              "duration": 19175,
              "state": "passed",
              "speed": "slow",
              "pass": true,
              "fail": false,
              "pending": false,
              "context": null,
              "code": "const erc20 = new generated_1.Erc20Client(util_1.publicClient, util_1.walletClient);\n// 1. Query token balance of ipId and wallet before\nconst initialErc20BalanceOfIpId = await erc20.balanceOf({\n    account: ipId,\n});\nconst initialErc20BalanceOfWallet = await erc20.balanceOf({\n    account: util_1.TEST_WALLET_ADDRESS,\n});\nconst initialWipBalanceOfIpId = await client.wipClient.balanceOf(ipId);\nconst initialWipBalanceOfWallet = await client.wipClient.balanceOf(util_1.TEST_WALLET_ADDRESS);\n// 2. transfer erc20 token to the ip account\nconst txHash = await erc20.mint({\n    to: ipId,\n    amount: (0, viem_1.parseEther)(\"0.002\"),\n});\nawait util_1.publicClient.waitForTransactionReceipt({\n    hash: txHash,\n});\n// 3. transfer wip to the ip account\nawait client.wipClient.deposit({\n    amount: 1n,\n});\nawait client.wipClient.transfer({\n    to: ipId,\n    amount: 1n,\n});\n// 4. transfer token of ip account to wallet address\nconst ret = await client.ipAccount.transferErc20({\n    ipId,\n    tokens: [\n        {\n            address: src_1.WIP_TOKEN_ADDRESS,\n            target: util_1.TEST_WALLET_ADDRESS,\n            amount: 1n,\n        },\n        {\n            address: erc20.address,\n            target: util_1.TEST_WALLET_ADDRESS,\n            amount: (0, viem_1.parseEther)(\"0.001\"),\n        },\n        {\n            address: erc20.address,\n            target: util_1.TEST_WALLET_ADDRESS,\n            amount: (0, viem_1.parseEther)(\"0.001\"),\n        },\n    ],\n});\n// 5. query token balance of ipId and wallet address after\nconst finalErc20BalanceOfIpId = await erc20.balanceOf({\n    account: ipId,\n});\nconst finalWipBalanceOfIpId = await client.wipClient.balanceOf(ipId);\nconst finalErc20BalanceOfWallet = await erc20.balanceOf({\n    account: util_1.TEST_WALLET_ADDRESS,\n});\nconst finalWipBalanceOfWallet = await client.wipClient.balanceOf(util_1.TEST_WALLET_ADDRESS);\n(0, chai_1.expect)(ret.txHash).to.be.a(\"string\");\n(0, chai_1.expect)(finalErc20BalanceOfIpId).to.equal(initialErc20BalanceOfIpId);\n(0, chai_1.expect)(finalWipBalanceOfIpId).to.equal(initialWipBalanceOfIpId);\n(0, chai_1.expect)(finalErc20BalanceOfWallet).to.equal(initialErc20BalanceOfWallet + (0, viem_1.parseEther)(\"0.002\"));\n(0, chai_1.expect)(finalWipBalanceOfWallet).to.equal(initialWipBalanceOfWallet + 1n);",
              "err": {},
              "uuid": "a642cc30-9f5f-4f88-a74c-e2dd1169451a",
              "parentUUID": "f30a2b99-7120-4890-81b7-9b2481da5bc3",
              "isHook": false,
              "skipped": false
            }
          ],
          "suites": [
            {
              "uuid": "b36c7182-e124-4f5e-be22-b96a486c1b84",
              "title": "execute",
              "fullFile": "/home/runner/work/sdk/sdk/packages/core-sdk/test/integration/ipAccount.test.ts",
              "file": "/test/integration/ipAccount.test.ts",
              "beforeHooks": [],
              "afterHooks": [],
              "tests": [
                {
                  "title": "should successfully execute a transaction",
                  "fullTitle": "IPAccount Functions execute should successfully execute a transaction",
                  "timedOut": false,
                  "duration": 4615,
                  "state": "passed",
                  "speed": "slow",
                  "pass": true,
                  "fail": false,
                  "pending": false,
                  "context": null,
                  "code": "const response = await client.ipAccount.execute({\n    to: permissionAddress,\n    value: 0,\n    data: data,\n    ipId: ipId,\n});\n(0, chai_1.expect)(response.txHash).to.be.a(\"string\");",
                  "err": {},
                  "uuid": "e623ad0d-5be0-47d6-bcac-f8c06962f779",
                  "parentUUID": "b36c7182-e124-4f5e-be22-b96a486c1b84",
                  "isHook": false,
                  "skipped": false
                }
              ],
              "suites": [],
              "passes": [
                "e623ad0d-5be0-47d6-bcac-f8c06962f779"
              ],
              "failures": [],
              "pending": [],
              "skipped": [],
              "duration": 4615,
              "root": false,
              "rootEmpty": false,
              "_timeout": 300000
            },
            {
              "uuid": "7d08c6da-f533-42ea-9e60-a5aeac68c0d1",
              "title": "executeWithSig",
              "fullFile": "/home/runner/work/sdk/sdk/packages/core-sdk/test/integration/ipAccount.test.ts",
              "file": "/test/integration/ipAccount.test.ts",
              "beforeHooks": [],
              "afterHooks": [],
              "tests": [
                {
                  "title": "should successfully execute with valid signature",
                  "fullTitle": "IPAccount Functions executeWithSig should successfully execute with valid signature",
                  "timedOut": false,
                  "duration": 4703,
                  "state": "passed",
                  "speed": "slow",
                  "pass": true,
                  "fail": false,
                  "pending": false,
                  "context": null,
                  "code": "// Get the IP Account nonce (state)\nconst nonceResult = await client.ipAccount.getIpAccountNonce(ipId);\n// Generate signature for the execute operation itself\n// We need to sign the data that will be executed, not the permission data\nconst { signature } = await (0, src_1.getSignature)({\n    state: nonceResult,\n    to: permissionAddress,\n    encodeData: data,\n    wallet: util_1.walletClient,\n    verifyingContract: ipId,\n    deadline: VALID_DEADLINE,\n    chainId: util_1.aeneid,\n});\n// Execute with signature\nconst response = await client.ipAccount.executeWithSig({\n    to: permissionAddress,\n    data: data,\n    ipId: ipId,\n    signer: util_1.TEST_WALLET_ADDRESS,\n    deadline: VALID_DEADLINE,\n    signature: signature,\n});\n(0, chai_1.expect)(response.txHash).to.be.a(\"string\");",
                  "err": {},
                  "uuid": "150b91f1-05fe-4de0-8d01-d7166c239e1f",
                  "parentUUID": "7d08c6da-f533-42ea-9e60-a5aeac68c0d1",
                  "isHook": false,
                  "skipped": false
                },
                {
                  "title": "should fail with expired deadline",
                  "fullTitle": "IPAccount Functions executeWithSig should fail with expired deadline",
                  "timedOut": false,
                  "duration": 83,
                  "state": "passed",
                  "speed": "slow",
                  "pass": true,
                  "fail": false,
                  "pending": false,
                  "context": null,
                  "code": "await (0, chai_1.expect)(client.ipAccount.executeWithSig({\n    to: permissionAddress,\n    data: data,\n    ipId: ipId,\n    signer: util_1.TEST_WALLET_ADDRESS,\n    deadline: EXPIRED_DEADLINE,\n    signature: \"0x\",\n})).to.be.rejectedWith(\"IPAccount__ExpiredSignature\");",
                  "err": {},
                  "uuid": "06ca9ed9-7d1a-41b7-95f2-7d9c09b9f42f",
                  "parentUUID": "7d08c6da-f533-42ea-9e60-a5aeac68c0d1",
                  "isHook": false,
                  "skipped": false
                },
                {
                  "title": "should fail with signature from wrong signer",
                  "fullTitle": "IPAccount Functions executeWithSig should fail with signature from wrong signer",
                  "timedOut": false,
                  "duration": 179,
                  "state": "passed",
                  "speed": "slow",
                  "pass": true,
                  "fail": false,
                  "pending": false,
                  "context": null,
                  "code": "// Generate signature with wrong signer\nconst wrongSigner = \"0x1234567890123456789012345678901234567890\";\nconst nonceResult = await client.ipAccount.getIpAccountNonce(ipId);\nconst { signature } = await (0, src_1.getSignature)({\n    state: nonceResult,\n    to: permissionAddress,\n    encodeData: data,\n    wallet: util_1.walletClient,\n    verifyingContract: ipId,\n    deadline: VALID_DEADLINE,\n    chainId: util_1.aeneid,\n});\nawait (0, chai_1.expect)(client.ipAccount.executeWithSig({\n    to: permissionAddress,\n    data: data,\n    ipId: ipId,\n    signer: wrongSigner,\n    deadline: VALID_DEADLINE,\n    signature: signature,\n})).to.be.rejectedWith(\"IPAccount__InvalidSignature\");",
                  "err": {},
                  "uuid": "7328d3eb-8a92-441e-b64f-e435bcd6727b",
                  "parentUUID": "7d08c6da-f533-42ea-9e60-a5aeac68c0d1",
                  "isHook": false,
                  "skipped": false
                },
                {
                  "title": "should execute with zero value transaction",
                  "fullTitle": "IPAccount Functions executeWithSig should execute with zero value transaction",
                  "timedOut": false,
                  "duration": 4708,
                  "state": "passed",
                  "speed": "slow",
                  "pass": true,
                  "fail": false,
                  "pending": false,
                  "context": null,
                  "code": "// Test successful execution with zero value\nconst nonceResult = await client.ipAccount.getIpAccountNonce(ipId);\nconst { signature } = await (0, src_1.getSignature)({\n    state: nonceResult,\n    to: permissionAddress,\n    encodeData: data,\n    wallet: util_1.walletClient,\n    verifyingContract: ipId,\n    deadline: VALID_DEADLINE,\n    chainId: util_1.aeneid,\n});\nconst response = await client.ipAccount.executeWithSig({\n    to: permissionAddress,\n    data: data,\n    ipId: ipId,\n    signer: util_1.TEST_WALLET_ADDRESS,\n    deadline: VALID_DEADLINE,\n    signature: signature,\n    value: 0, // Explicitly set zero value\n});\n(0, chai_1.expect)(response.txHash).to.be.a(\"string\");",
                  "err": {},
                  "uuid": "8b6af983-8af9-406d-b1ec-112ed72918f9",
                  "parentUUID": "7d08c6da-f533-42ea-9e60-a5aeac68c0d1",
                  "isHook": false,
                  "skipped": false
                }
              ],
              "suites": [],
              "passes": [
                "150b91f1-05fe-4de0-8d01-d7166c239e1f",
                "06ca9ed9-7d1a-41b7-95f2-7d9c09b9f42f",
                "7328d3eb-8a92-441e-b64f-e435bcd6727b",
                "8b6af983-8af9-406d-b1ec-112ed72918f9"
              ],
              "failures": [],
              "pending": [],
              "skipped": [],
              "duration": 9673,
              "root": false,
              "rootEmpty": false,
              "_timeout": 300000
            }
          ],
          "passes": [
            "a24f7e89-a0f8-4240-ab2c-6f5a5042cb63",
            "4d705d50-f686-43d6-bb18-e08eefc1fe3e",
            "01765147-6129-4f7f-8978-aa34cf2a930c",
            "a642cc30-9f5f-4f88-a74c-e2dd1169451a"
          ],
          "failures": [],
          "pending": [],
          "skipped": [],
          "duration": 23967,
          "root": false,
          "rootEmpty": false,
          "_timeout": 300000
        },
        {
          "uuid": "fe357cf7-8d04-491c-abf2-cbee978d9cec",
          "title": "IP Asset Functions",
          "fullFile": "/home/runner/work/sdk/sdk/packages/core-sdk/test/integration/ipAsset.test.ts",
          "file": "/test/integration/ipAsset.test.ts",
          "beforeHooks": [
            {
              "title": "\"before all\" hook in \"IP Asset Functions\"",
              "fullTitle": "IP Asset Functions \"before all\" hook in \"IP Asset Functions\"",
              "timedOut": false,
              "duration": 80,
              "state": null,
              "speed": null,
              "pass": false,
              "fail": false,
              "pending": false,
              "context": null,
              "code": "client = (0, util_1.getStoryClient)();\nconst res = await client.license.registerPILTerms(src_1.PILFlavor.nonCommercialSocialRemixing());\nnoCommercialLicenseTermsId = res.licenseTermsId;",
              "err": {},
              "uuid": "28223493-3902-4a43-943d-c130b5e9db49",
              "parentUUID": "fe357cf7-8d04-491c-abf2-cbee978d9cec",
              "isHook": true,
              "skipped": false
            }
          ],
          "afterHooks": [],
          "tests": [],
          "suites": [
            {
              "uuid": "b71f3a75-3cde-4222-aadd-c4268649d98a",
              "title": "Basic IP Asset Operations",
              "fullFile": "/home/runner/work/sdk/sdk/packages/core-sdk/test/integration/ipAsset.test.ts",
              "file": "/test/integration/ipAsset.test.ts",
              "beforeHooks": [],
              "afterHooks": [],
              "tests": [
                {
                  "title": "should register an IP Asset",
                  "fullTitle": "IP Asset Functions Basic IP Asset Operations should register an IP Asset",
                  "timedOut": false,
                  "duration": 9420,
                  "state": "passed",
                  "speed": "slow",
                  "pass": true,
                  "fail": false,
                  "pending": false,
                  "context": null,
                  "code": "const tokenId = await (0, util_1.getTokenId)();\nconst response = await client.ipAsset.register({\n    nftContract: util_1.mockERC721,\n    tokenId: tokenId,\n});\nchildIpId = response.ipId;\n(0, chai_1.expect)(childIpId).to.be.a(\"string\");",
                  "err": {},
                  "uuid": "77a7fbd1-cbb2-4b8c-af0b-5ee5be3847f5",
                  "parentUUID": "b71f3a75-3cde-4222-aadd-c4268649d98a",
                  "isHook": false,
                  "skipped": false
                },
                {
                  "title": "should register an IP Asset with multiple metadata fields",
                  "fullTitle": "IP Asset Functions Basic IP Asset Operations should register an IP Asset with multiple metadata fields",
                  "timedOut": false,
                  "duration": 9553,
                  "state": "passed",
                  "speed": "slow",
                  "pass": true,
                  "fail": false,
                  "pending": false,
                  "context": null,
                  "code": "const tokenId = await (0, util_1.getTokenId)();\nconst response = await client.ipAsset.register({\n    nftContract: util_1.mockERC721,\n    tokenId: tokenId,\n    ipMetadata: {\n        ipMetadataURI: \"ipfs://test-uri\",\n        ipMetadataHash: (0, viem_1.toHex)(\"test-metadata-hash\", { size: 32 }),\n        nftMetadataURI: \"ipfs://test-nft-uri\",\n        nftMetadataHash: (0, viem_1.toHex)(\"test-nft-metadata-hash\", { size: 32 }),\n    },\n});\nchildIpId2 = response.ipId;\n(0, chai_1.expect)(response.ipId).to.be.a(\"string\");\n(0, chai_1.expect)(response.tokenId).to.be.a(\"bigint\");",
                  "err": {},
                  "uuid": "118966be-e9d2-4241-aa14-f00bcf92f6bd",
                  "parentUUID": "b71f3a75-3cde-4222-aadd-c4268649d98a",
                  "isHook": false,
                  "skipped": false
                },
                {
                  "title": "should register derivative with Non-Commercial Remix PIL",
                  "fullTitle": "IP Asset Functions Basic IP Asset Operations should register derivative with Non-Commercial Remix PIL",
                  "timedOut": false,
                  "duration": 23604,
                  "state": "passed",
                  "speed": "slow",
                  "pass": true,
                  "fail": false,
                  "pending": false,
                  "context": null,
                  "code": "const tokenId = await (0, util_1.getTokenId)();\nparentIpId = (await client.ipAsset.register({\n    nftContract: util_1.mockERC721,\n    tokenId: tokenId,\n})).ipId;\nawait client.license.attachLicenseTerms({\n    ipId: parentIpId,\n    licenseTermsId: noCommercialLicenseTermsId,\n});\nconst response = await client.ipAsset.registerDerivative({\n    childIpId: childIpId,\n    parentIpIds: [parentIpId],\n    licenseTermsIds: [noCommercialLicenseTermsId],\n    maxMintingFee: 0,\n    maxRts: 5 * 10 ** 6,\n    maxRevenueShare: 0.32423,\n});\n(0, chai_1.expect)(response.txHash).to.be.a(\"string\");",
                  "err": {},
                  "uuid": "952e9594-796e-4d27-bb40-2be08e340108",
                  "parentUUID": "b71f3a75-3cde-4222-aadd-c4268649d98a",
                  "isHook": false,
                  "skipped": false
                },
                {
                  "title": "should register derivative with Commercial Remix PIL",
                  "fullTitle": "IP Asset Functions Basic IP Asset Operations should register derivative with Commercial Remix PIL",
                  "timedOut": false,
                  "duration": 28583,
                  "state": "passed",
                  "speed": "slow",
                  "pass": true,
                  "fail": false,
                  "pending": false,
                  "context": null,
                  "code": "// Register commercial remix PIL\nconst licenseResponse = await client.license.registerPILTerms(src_1.PILFlavor.commercialRemix({\n    defaultMintingFee: 10n,\n    commercialRevShare: 10,\n    currency: common_1.WIP_TOKEN_ADDRESS,\n    royaltyPolicy: src_1.NativeRoyaltyPolicy.LAP,\n}));\n// Register parent IP\nconst tokenId = await (0, util_1.getTokenId)();\nconst commercialParentIpId = (await client.ipAsset.register({\n    nftContract: util_1.mockERC721,\n    tokenId: tokenId,\n})).ipId;\n// Attach license terms to parent IP\nawait client.license.attachLicenseTerms({\n    ipId: commercialParentIpId,\n    licenseTermsId: licenseResponse.licenseTermsId,\n});\nconst response = await client.ipAsset.registerDerivative({\n    childIpId: childIpId2,\n    parentIpIds: [commercialParentIpId],\n    licenseTermsIds: [licenseResponse.licenseTermsId],\n    maxMintingFee: 100,\n    maxRts: 5 * 10 ** 6,\n    maxRevenueShare: 10,\n});\n(0, chai_1.expect)(response.txHash).to.be.a(\"string\");",
                  "err": {},
                  "uuid": "57251e6b-9758-4ce5-8a60-1a54b54dc4b4",
                  "parentUUID": "b71f3a75-3cde-4222-aadd-c4268649d98a",
                  "isHook": false,
                  "skipped": false
                },
                {
                  "title": "should register derivative with multiple parent IPs",
                  "fullTitle": "IP Asset Functions Basic IP Asset Operations should register derivative with multiple parent IPs",
                  "timedOut": false,
                  "duration": 43651,
                  "state": "passed",
                  "speed": "slow",
                  "pass": true,
                  "fail": false,
                  "pending": false,
                  "context": null,
                  "code": "// Create first parent IP\nconst tokenId1 = await (0, util_1.getTokenId)();\nconst parentIpId1 = (await client.ipAsset.register({\n    nftContract: util_1.mockERC721,\n    tokenId: tokenId1,\n})).ipId;\n// Create second parent IP\nconst tokenId2 = await (0, util_1.getTokenId)();\nconst parentIpId2 = (await client.ipAsset.register({\n    nftContract: util_1.mockERC721,\n    tokenId: tokenId2,\n})).ipId;\n// Attach license terms to both parents\nawait client.license.attachLicenseTerms({\n    ipId: parentIpId1,\n    licenseTermsId: noCommercialLicenseTermsId,\n});\nawait client.license.attachLicenseTerms({\n    ipId: parentIpId2,\n    licenseTermsId: noCommercialLicenseTermsId,\n});\n// Create child IP\nconst childTokenId = await (0, util_1.getTokenId)();\nconst newChildIpId = (await client.ipAsset.register({\n    nftContract: util_1.mockERC721,\n    tokenId: childTokenId,\n})).ipId;\n// Register derivative with multiple parents\nconst response = await client.ipAsset.registerDerivative({\n    childIpId: newChildIpId,\n    parentIpIds: [parentIpId1, parentIpId2],\n    licenseTermsIds: [noCommercialLicenseTermsId, noCommercialLicenseTermsId],\n    maxMintingFee: 0,\n    maxRts: 5 * 10 ** 6,\n    maxRevenueShare: 0.9999999999,\n});\n(0, chai_1.expect)(response.txHash).to.be.a(\"string\");",
                  "err": {},
                  "uuid": "5d696306-86f3-4838-8194-d2a23d6c6d81",
                  "parentUUID": "b71f3a75-3cde-4222-aadd-c4268649d98a",
                  "isHook": false,
                  "skipped": false
                },
                {
                  "title": "should register derivative with license tokens",
                  "fullTitle": "IP Asset Functions Basic IP Asset Operations should register derivative with license tokens",
                  "timedOut": false,
                  "duration": 19220,
                  "state": "passed",
                  "speed": "slow",
                  "pass": true,
                  "fail": false,
                  "pending": false,
                  "context": null,
                  "code": "const tokenId = await (0, util_1.getTokenId)();\nconst ipId = (await client.ipAsset.register({\n    nftContract: util_1.mockERC721,\n    tokenId: tokenId,\n})).ipId;\nconst mintLicenseTokensResult = await client.license.mintLicenseTokens({\n    licenseTermsId: noCommercialLicenseTermsId,\n    licensorIpId: parentIpId,\n    maxMintingFee: 0,\n    maxRevenueShare: 1,\n});\nconst response = await client.ipAsset.registerDerivativeWithLicenseTokens({\n    childIpId: ipId,\n    licenseTokenIds: [mintLicenseTokensResult.licenseTokenIds[0]],\n});\n(0, chai_1.expect)(response.txHash).to.be.a(\"string\");",
                  "err": {},
                  "uuid": "83723ae2-5d39-4913-9097-d81d0cccca21",
                  "parentUUID": "b71f3a75-3cde-4222-aadd-c4268649d98a",
                  "isHook": false,
                  "skipped": false
                },
                {
                  "title": "should return true if IP asset is registered",
                  "fullTitle": "IP Asset Functions Basic IP Asset Operations should return true if IP asset is registered",
                  "timedOut": false,
                  "duration": 77,
                  "state": "passed",
                  "speed": "slow",
                  "pass": true,
                  "fail": false,
                  "pending": false,
                  "context": null,
                  "code": "const isRegistered = await client.ipAsset.isRegistered(parentIpId);\n(0, chai_1.expect)(isRegistered).to.equal(true);",
                  "err": {},
                  "uuid": "bd3d5e69-a634-46b4-b81d-f207d1994cfd",
                  "parentUUID": "b71f3a75-3cde-4222-aadd-c4268649d98a",
                  "isHook": false,
                  "skipped": false
                }
              ],
              "suites": [],
              "passes": [
                "77a7fbd1-cbb2-4b8c-af0b-5ee5be3847f5",
                "118966be-e9d2-4241-aa14-f00bcf92f6bd",
                "952e9594-796e-4d27-bb40-2be08e340108",
                "57251e6b-9758-4ce5-8a60-1a54b54dc4b4",
                "5d696306-86f3-4838-8194-d2a23d6c6d81",
                "83723ae2-5d39-4913-9097-d81d0cccca21",
                "bd3d5e69-a634-46b4-b81d-f207d1994cfd"
              ],
              "failures": [],
              "pending": [],
              "skipped": [],
              "duration": 134108,
              "root": false,
              "rootEmpty": false,
              "_timeout": 300000
            },
            {
              "uuid": "16140bac-ec05-4af3-8d3f-2b78c7da430d",
              "title": "SPG NFT Operations",
              "fullFile": "/home/runner/work/sdk/sdk/packages/core-sdk/test/integration/ipAsset.test.ts",
              "file": "/test/integration/ipAsset.test.ts",
              "beforeHooks": [
                {
                  "title": "\"before all\" hook in \"SPG NFT Operations\"",
                  "fullTitle": "IP Asset Functions SPG NFT Operations \"before all\" hook in \"SPG NFT Operations\"",
                  "timedOut": false,
                  "duration": 11006,
                  "state": null,
                  "speed": null,
                  "pass": false,
                  "fail": false,
                  "pending": false,
                  "context": null,
                  "code": "// Setup NFT collection\nconst txData = await client.nftClient.createNFTCollection({\n    name: \"test-collection\",\n    symbol: \"TEST\",\n    maxSupply: 100,\n    isPublicMinting: true,\n    mintOpen: true,\n    contractURI: \"test-uri\",\n    mintFeeRecipient: util_1.TEST_WALLET_ADDRESS,\n});\nnftContract = txData.spgNftContract;\n// Setup license terms\nconst result = await client.ipAsset.mintAndRegisterIpAssetWithPilTerms({\n    spgNftContract: nftContract,\n    allowDuplicates: false,\n    licenseTermsData: [\n        {\n            terms: {\n                transferable: true,\n                royaltyPolicy: generated_1.royaltyPolicyLapAddress[util_1.aeneid],\n                defaultMintingFee: 0n,\n                expiration: 0n,\n                commercialUse: true,\n                commercialAttribution: false,\n                commercializerChecker: viem_1.zeroAddress,\n                commercializerCheckerData: viem_1.zeroAddress,\n                commercialRevShare: 90,\n                commercialRevCeiling: 0n,\n                derivativesAllowed: true,\n                derivativesAttribution: true,\n                derivativesApproval: false,\n                derivativesReciprocal: true,\n                derivativeRevCeiling: 0n,\n                currency: common_1.WIP_TOKEN_ADDRESS,\n                uri: \"\",\n            },\n            licensingConfig: {\n                isSet: true,\n                mintingFee: 0n,\n                licensingHook: viem_1.zeroAddress,\n                hookData: viem_1.zeroAddress,\n                commercialRevShare: 0,\n                disabled: false,\n                expectMinimumGroupRewardShare: 0,\n                expectGroupRewardPool: pool,\n            },\n        },\n    ],\n});\nparentIpId = result.ipId;\nlicenseTermsId = result.licenseTermsIds[0];\n// Setup ERC20\nconst mockERC20 = new token_1.ERC20Client(util_1.publicClient, util_1.walletClient, generated_1.erc20Address[util_1.aeneid]);\nawait mockE
[...]
ate\n * different revenue collection scenarios using LAP (Licensing Agreement Policy) and LRP\n * (Licensing Revenue Policy) respectively.\n *\n * IpA Hierarchy (LAP - Licensing Agreement Policy):                           IpB Hierarchy (LRP - Licensing Revenue Policy):\n * ┌─────────────────────────────────────────────────────────────┐          ┌─────────────────────────────────────────────────────────────┐\n * │ IpA (Parent) - Total Expected Revenue: 130 WIP              │          │ IpB (Parent) - Total Expected Revenue: 330 WIP              │\n * ├─────────────────────────────────────────────────────────────┤          ├─────────────────────────────────────────────────────────────┤\n * │ Revenue Sources:                                            │          │ Revenue Sources:                                            │\n * │ ├── Minting Fee: 100 WIP                                    │          │ ├── Minting Fee: 150 WIP                                    │\n * │ ├── Revenue Share (ipA2->ipA1): 10 WIP (10% LAP)            │          │ ├── LRP Revenue Share: 10%                                  │\n * │ ├── Revenue Share (ipA3->ipA2): 10 WIP (10% LAP)            │          │ ├── Total Revenue: 330 WIP                                  │\n * │ └── Direct Payment (ipA3): 10 WIP (10% LAP)                 │          │    └── From ipB1: 150 WIP + 10% revenue share               │\n * │                                                             │          │    └── From ipB2: 150 WIP + 10% revenue share               │\n * │                                                             │          │                                                             │\n * | Ownership Distribution:                                     │          |                                                             │\n * │ ├── Wallet Address: 50%  65 WIP                             │          │ Revenue Flow:                                               │\n * │ └── Another Address: 50% 65 WIP                             │          │ ipB3                                                        │\n * │                                                             │          │ ├── ipB1 ─┐                                                 │\n * │ Revenue Flow:                                               │          │ └── ipB2 ─┴──> ipB (collects 330 WIP)                       │\n * │ ipA3                                                        │          │                                                             │\n * │  └──> ipA2 (20% LAP) ──> ipA1 (10% LAP) ──> ipA             │          │                                                             │\n * │       └──> Direct Payment: 100 WIP                          │          │                                                             │\n * └─────────────────────────────────────────────────────────────┘          └─────────────────────────────────────────────────────────────┘\n */\nconst txData = await client.nftClient.createNFTCollection({\n    name: \"free-collection\",\n    symbol: \"FREE\",\n    maxSupply: 100,\n    isPublicMinting: true,\n    mintOpen: true,\n    contractURI: \"test-uri\",\n    mintFeeRecipient: viem_1.zeroAddress,\n});\nspgNftContract = txData.spgNftContract;\n// 1. Register ipA\nconst ret1A = await client.ipAsset.mintAndRegisterIpAndAttachPilTermsAndDistributeRoyaltyTokens({\n    spgNftContract,\n    licenseTermsData: [\n        {\n            terms: {\n                transferable: true,\n                royaltyPolicy: generated_1.royaltyPolicyLapAddress[util_1.aeneid],\n                defaultMintingFee: 100n,\n                expiration: 0n,\n                commercialUse: true,\n                commercialAttribution: false,\n                commercializerChecker: viem_1.zeroAddress,\n                commercializerCheckerData: viem_1.zeroAddress,\n                commercialRevShare: 10,\n                commercialRevCeiling: 0n,\n                derivativesAllowed: true,\n                derivativesAttribution: true,\n                derivativesApproval: false,\n                derivativesReciprocal: true,\n                derivativeRevCeiling: 0n,\n                currency: common_1.WIP_TOKEN_ADDRESS,\n                uri: \"\",\n            },\n            licensingConfig: {\n                isSet: false,\n                mintingFee: 100n,\n                licensingHook: viem_1.zeroAddress,\n                hookData: viem_1.zeroAddress,\n                commercialRevShare: 0,\n                disabled: false,\n                expectMinimumGroupRewardShare: 0,\n                expectGroupRewardPool: viem_1.zeroAddress,\n            },\n        },\n    ],\n    royaltyShares: [\n        {\n            recipient: util_1.TEST_WALLET_ADDRESS,\n            percentage: 50,\n        },\n        {\n            recipient: anotherAddress,\n            percentage: 50,\n        },\n    ],\n});\nipA = ret1A.ipId;\nlicenseId = ret1A.licenseTermsIds[0];\n// 2. Register ipB\nconst ret1B = await client.ipAsset.mintAndRegisterIpAssetWithPilTerms({\n    spgNftContract,\n    licenseTermsData: [\n        {\n            terms: {\n                transferable: true,\n                royaltyPolicy: generated_1.royaltyPolicyLrpAddress[util_1.aeneid],\n                defaultMintingFee: 150n,\n                expiration: 0n,\n                commercialUse: true,\n                commercialAttribution: false,\n                commercializerChecker: viem_1.zeroAddress,\n                commercializerCheckerData: viem_1.zeroAddress,\n                commercialRevShare: 10,\n                commercialRevCeiling: 0n,\n                derivativesAllowed: true,\n                derivativesAttribution: true,\n                derivativesApproval: false,\n                derivativesReciprocal: true,\n                derivativeRevCeiling: 0n,\n                currency: common_1.WIP_TOKEN_ADDRESS,\n                uri: \"\",\n            },\n            licensingConfig: {\n                isSet: false,\n                mintingFee: 150n,\n                licensingHook: viem_1.zeroAddress,\n                hookData: viem_1.zeroAddress,\n                commercialRevShare: 0,\n                disabled: false,\n                expectMinimumGroupRewardShare: 0,\n                expectGroupRewardPool: viem_1.zeroAddress,\n            },\n        },\n    ],\n});\nipB = ret1B.ipId;\nlicenseId1 = ret1B.licenseTermsIds[0];\n// 3. Register ipA1 from ipA and ipB1 from ipB\nconst { results: ret2 } = await client.ipAsset.batchMintAndRegisterIpAndMakeDerivative({\n    args: [\n        {\n            spgNftContract,\n            derivData: {\n                parentIpIds: [ipA],\n                licenseTermsIds: [licenseId],\n            },\n        },\n        {\n            spgNftContract,\n            derivData: {\n                parentIpIds: [ipB],\n                licenseTermsIds: [licenseId1],\n            },\n        },\n    ],\n});\nipA1 = ret2[0].ipId;\nipB1 = ret2[1].ipId;\n// 4. Register ipA2 from ipA1 and ipB2 from ipB\nconst { results: ret3 } = await client.ipAsset.batchMintAndRegisterIpAndMakeDerivative({\n    args: [\n        {\n            spgNftContract,\n            derivData: {\n                parentIpIds: [ipA1],\n                licenseTermsIds: [licenseId],\n            },\n        },\n        {\n            spgNftContract,\n            derivData: {\n                parentIpIds: [ipB],\n                licenseTermsIds: [licenseId1],\n            },\n        },\n    ],\n});\nipA2 = ret3[0].ipId;\nipB2 = ret3[1].ipId;\n// 5. Register ipA3 from ipA2 and ipB3 from ipB1 and ipB2\nconst { results: ret4 } = await client.ipAsset.batchMintAndRegisterIpAndMakeDerivative({\n    args: [\n        {\n            spgNftContract,\n            derivData: {\n                parentIpIds: [ipA2],\n                licenseTermsIds: [licenseId],\n            },\n        },\n        {\n            spgNftContract,\n            derivData: {\n                parentIpIds: [ipB1, ipB2],\n                licenseTermsIds: [licenseId1, licenseId1],\n            },\n        },\n    ],\n});\nipA3 = ret4[0].ipId;\n// 6. Pay royalty on behalf of ipA2 to ipA3\nawait client.royalty.payRoyaltyOnBehalf({\n    receiverIpId: ipA2,\n    payerIpId: ipA3,\n    token: common_1.WIP_TOKEN_ADDRESS,\n    amount: 100n,\n});\nconst balance = await client.wipClient.balanceOf(util_1.TEST_WALLET_ADDRESS);\nawait client.wipClient.withdraw({\n    amount: balance,\n});",
                  "err": {},
                  "uuid": "90b55d71-196d-4b3d-9b49-c59979429dde",
                  "parentUUID": "8627ac71-9990-4892-be71-a5066d8c9710",
                  "isHook": true,
                  "skipped": false
                }
              ],
              "afterHooks": [],
              "tests": [
                {
                  "title": "should batch claim all revenue",
                  "fullTitle": "Royalty Functions BatchClaimAllRevenue With WIP should batch claim all revenue",
                  "timedOut": false,
                  "duration": 14522,
                  "state": "passed",
                  "speed": "slow",
                  "pass": true,
                  "fail": false,
                  "pending": false,
                  "context": null,
                  "code": "const anotherAddressWipBalanceBefore = await client.wipClient.balanceOf(anotherAddress);\nconst result = await client.royalty.batchClaimAllRevenue({\n    ancestorIps: [\n        {\n            ipId: ipA,\n            claimer: util_1.TEST_WALLET_ADDRESS,\n            childIpIds: [ipA1, ipA2],\n            royaltyPolicies: [generated_1.royaltyPolicyLapAddress[util_1.aeneid], generated_1.royaltyPolicyLapAddress[util_1.aeneid]],\n            currencyTokens: [common_1.WIP_TOKEN_ADDRESS, common_1.WIP_TOKEN_ADDRESS],\n        },\n        {\n            ipId: ipA,\n            claimer: anotherAddress,\n            childIpIds: [],\n            royaltyPolicies: [],\n            currencyTokens: [common_1.WIP_TOKEN_ADDRESS],\n        },\n        {\n            ipId: ipB,\n            claimer: ipB,\n            childIpIds: [ipB1, ipB2],\n            royaltyPolicies: [generated_1.royaltyPolicyLrpAddress[util_1.aeneid], generated_1.royaltyPolicyLrpAddress[util_1.aeneid]],\n            currencyTokens: [common_1.WIP_TOKEN_ADDRESS, common_1.WIP_TOKEN_ADDRESS],\n        },\n    ],\n});\nconst anotherAddressWipBalanceAfter = await client.wipClient.balanceOf(anotherAddress);\nconst walletWipBalanceAfter = await client.wipClient.balanceOf(util_1.TEST_WALLET_ADDRESS);\n(0, chai_1.expect)(result.txHashes).to.be.an(\"array\");\n(0, chai_1.expect)(result.claimedTokens[0].amount).to.equal(65n);\n(0, chai_1.expect)(result.claimedTokens[1].amount).to.equal(65n);\n(0, chai_1.expect)(result.claimedTokens[2].amount).to.equal(330n);\n(0, chai_1.expect)(walletWipBalanceAfter).to.equal(0n);\n(0, chai_1.expect)(anotherAddressWipBalanceAfter).to.equal(anotherAddressWipBalanceBefore + 65n);\n// Note: The final wallet balance cannot be precisely calculated because:\n// The test involves multiple transactions (claimAllRevenue, token transfers, etc.)\n// batchClaimAllRevenue only returns receipts for claimAllRevenue calls\n// Additional gas costs and token transfers occur outside the returned receipts",
                  "err": {},
                  "uuid": "a56949cb-2c8b-4e4c-9802-ed955aa5155a",
                  "parentUUID": "8627ac71-9990-4892-be71-a5066d8c9710",
                  "isHook": false,
                  "skipped": false
                }
              ],
              "suites": [],
              "passes": [
                "a56949cb-2c8b-4e4c-9802-ed955aa5155a"
              ],
              "failures": [],
              "pending": [],
              "skipped": [],
              "duration": 14522,
              "root": false,
              "rootEmpty": false,
              "_timeout": 300000
            }
          ],
          "passes": [
            "86f2d422-05ad-4221-9e22-8c60ebf97e38"
          ],
          "failures": [],
          "pending": [],
          "skipped": [],
          "duration": 272,
          "root": false,
          "rootEmpty": false,
          "_timeout": 300000
        },
        {
          "uuid": "260c6433-475e-4904-9c42-aca2f78703b2",
          "title": "WIP Functions",
          "fullFile": "/home/runner/work/sdk/sdk/packages/core-sdk/test/integration/wip.test.ts",
          "file": "/test/integration/wip.test.ts",
          "beforeHooks": [
            {
              "title": "\"before all\" hook in \"WIP Functions\"",
              "fullTitle": "WIP Functions \"before all\" hook in \"WIP Functions\"",
              "timedOut": false,
              "duration": 1,
              "state": null,
              "speed": null,
              "pass": false,
              "fail": false,
              "pending": false,
              "context": null,
              "code": "client = (0, util_1.getStoryClient)();",
              "err": {},
              "uuid": "c96ae144-7e23-4917-a57d-05d8ed6daf87",
              "parentUUID": "260c6433-475e-4904-9c42-aca2f78703b2",
              "isHook": true,
              "skipped": false
            }
          ],
          "afterHooks": [],
          "tests": [],
          "suites": [
            {
              "uuid": "f50bdd22-3042-4cff-99fe-6f7330192550",
              "title": "deposit",
              "fullFile": "/home/runner/work/sdk/sdk/packages/core-sdk/test/integration/wip.test.ts",
              "file": "/test/integration/wip.test.ts",
              "beforeHooks": [],
              "afterHooks": [],
              "tests": [
                {
                  "title": "should deposit 0.01 WIP",
                  "fullTitle": "WIP Functions deposit should deposit 0.01 WIP",
                  "timedOut": false,
                  "duration": 4981,
                  "state": "passed",
                  "speed": "slow",
                  "pass": true,
                  "fail": false,
                  "pending": false,
                  "context": null,
                  "code": "const ipAmt = (0, viem_1.parseEther)(\"0.01\");\nconst balanceBefore = await client.getWalletBalance();\nconst wipBefore = await client.wipClient.balanceOf(util_1.TEST_WALLET_ADDRESS);\nconst rsp = await client.wipClient.deposit({\n    amount: ipAmt,\n});\n(0, chai_1.expect)(rsp.txHash).to.be.a(\"string\");\nconst balanceAfter = await client.getWalletBalance();\nconst wipAfter = await client.wipClient.balanceOf(util_1.TEST_WALLET_ADDRESS);\n(0, chai_1.expect)(wipAfter).to.equal(wipBefore + ipAmt);\nconst gasCost = rsp.receipt.gasUsed * rsp.receipt.effectiveGasPrice;\n(0, chai_1.expect)(balanceAfter).to.equal(balanceBefore - ipAmt - gasCost);",
                  "err": {},
                  "uuid": "3f69f624-6ed9-42cb-bf14-00accbdfeadb",
                  "parentUUID": "f50bdd22-3042-4cff-99fe-6f7330192550",
                  "isHook": false,
                  "skipped": false
                }
              ],
              "suites": [],
              "passes": [
                "3f69f624-6ed9-42cb-bf14-00accbdfeadb"
              ],
              "failures": [],
              "pending": [],
              "skipped": [],
              "duration": 4981,
              "root": false,
              "rootEmpty": false,
              "_timeout": 300000
            },
            {
              "uuid": "d3e04ab3-8c21-47cd-8cea-a7d38a314dee",
              "title": "transfer",
              "fullFile": "/home/runner/work/sdk/sdk/packages/core-sdk/test/integration/wip.test.ts",
              "file": "/test/integration/wip.test.ts",
              "beforeHooks": [],
              "afterHooks": [],
              "tests": [
                {
                  "title": "should transfer WIP",
                  "fullTitle": "WIP Functions transfer should transfer WIP",
                  "timedOut": false,
                  "duration": 4652,
                  "state": "passed",
                  "speed": "slow",
                  "pass": true,
                  "fail": false,
                  "pending": false,
                  "context": null,
                  "code": "const rsp = await client.wipClient.transfer({\n    to: util_1.TEST_WALLET_ADDRESS,\n    amount: (0, viem_1.parseEther)(\"0.01\"),\n});\n(0, chai_1.expect)(rsp.txHash).to.be.a(\"string\");\n//Due to approve cannot approve msy.sender, so skip transferFrom test",
                  "err": {},
                  "uuid": "113be22d-10d7-4979-943a-438ed10c2b33",
                  "parentUUID": "d3e04ab3-8c21-47cd-8cea-a7d38a314dee",
                  "isHook": false,
                  "skipped": false
                }
              ],
              "suites": [],
              "passes": [
                "113be22d-10d7-4979-943a-438ed10c2b33"
              ],
              "failures": [],
              "pending": [],
              "skipped": [],
              "duration": 4652,
              "root": false,
              "rootEmpty": false,
              "_timeout": 300000
            },
            {
              "uuid": "b8e00e40-48fd-4faf-88cf-0d9f512ae591",
              "title": "withdraw",
              "fullFile": "/home/runner/work/sdk/sdk/packages/core-sdk/test/integration/wip.test.ts",
              "file": "/test/integration/wip.test.ts",
              "beforeHooks": [],
              "afterHooks": [],
              "tests": [
                {
                  "title": "should withdrawal WIP",
                  "fullTitle": "WIP Functions withdraw should withdrawal WIP",
                  "timedOut": false,
                  "duration": 4978,
                  "state": "passed",
                  "speed": "slow",
                  "pass": true,
                  "fail": false,
                  "pending": false,
                  "context": null,
                  "code": "const balanceBefore = await client.getWalletBalance();\nconst wipBefore = await client.wipClient.balanceOf(util_1.TEST_WALLET_ADDRESS);\nconst rsp = await client.wipClient.withdraw({\n    amount: wipBefore,\n});\n(0, chai_1.expect)(rsp.txHash).to.be.a(\"string\");\nconst wipAfter = await client.wipClient.balanceOf(util_1.TEST_WALLET_ADDRESS);\n(0, chai_1.expect)(wipAfter).to.equal(0n);\nconst balanceAfter = await client.getWalletBalance();\nconst gasCost = rsp.receipt.gasUsed * rsp.receipt.effectiveGasPrice;\n(0, chai_1.expect)(balanceAfter).to.equal(balanceBefore + wipBefore - gasCost);",
                  "err": {},
                  "uuid": "9d49ec90-d824-476a-81ba-623591f0795f",
                  "parentUUID": "b8e00e40-48fd-4faf-88cf-0d9f512ae591",
                  "isHook": false,
                  "skipped": false
                }
              ],
              "suites": [],
              "passes": [
                "9d49ec90-d824-476a-81ba-623591f0795f"
              ],
              "failures": [],
              "pending": [],
              "skipped": [],
              "duration": 4978,
              "root": false,
              "rootEmpty": false,
              "_timeout": 300000
            }
          ],
          "passes": [],
          "failures": [],
          "pending": [],
          "skipped": [],
          "duration": 0,
          "root": false,
          "rootEmpty": false,
          "_timeout": 300000
        }
      ],
      "passes": [],
      "failures": [],
      "pending": [],
      "skipped": [],
      "duration": 0,
      "root": true,
      "rootEmpty": true,
      "_timeout": 300000
    }
  ],
  "meta": {
    "mocha": {
      "version": "10.8.2"
    },
    "mochawesome": {
      "options": {
        "quiet": false,
        "reportFilename": "mochawesome",
        "saveHtml": true,
        "saveJson": true,
        "consoleReporter": "spec",
        "useInlineDiffs": false,
        "code": true
      },
      "version": "7.1.4"
    },
    "marge": {
      "options": null,
      "version": "6.3.2"
    }
  }
}