{
  "stats": {
    "suites": 56,
    "tests": 166,
    "passes": 166,
    "pending": 0,
    "failures": 0,
    "start": "2025-09-18T03:14:19.404Z",
    "end": "2025-09-18T03:57:35.182Z",
    "duration": 2595778,
    "testsRegistered": 166,
    "passPercent": 100,
    "pendingPercent": 0,
    "other": 0,
    "hasOther": false,
    "skipped": 0,
    "hasSkipped": false
  },
  "results": [
    {
      "uuid": "adc68154-e353-4134-b89b-463264f125f2",
      "title": "",
      "fullFile": "",
      "file": "",
      "beforeHooks": [],
      "afterHooks": [],
      "tests": [],
      "suites": [
        {
          "uuid": "e1f8550c-db01-435d-a296-21d337d3c0f8",
          "title": "Dispute Functions",
          "fullFile": "/home/runner/work/sdk/sdk/packages/core-sdk/test/integration/dispute.test.ts",
          "file": "/test/integration/dispute.test.ts",
          "beforeHooks": [
            {
              "title": "\"before all\" hook in \"Dispute Functions\"",
              "fullTitle": "Dispute Functions \"before all\" hook in \"Dispute Functions\"",
              "timedOut": false,
              "duration": 10472,
              "state": null,
              "speed": null,
              "pass": false,
              "fail": false,
              "pending": false,
              "context": null,
              "code": "clientA = (0, util_1.getStoryClient)();\nconst derivedClient = await (0, BIP32_1.getDerivedStoryClient)();\nclientB = derivedClient.clientB;\nminimumBond = await (0, oov3_1.getMinimumBond)(util_1.publicClient, new generated_1.ArbitrationPolicyUmaClient(util_1.publicClient, util_1.walletClient), src_1.WIP_TOKEN_ADDRESS);\nconst txData = await clientA.nftClient.createNFTCollection({\n    name: \"test-collection\",\n    symbol: \"TEST\",\n    maxSupply: 100,\n    isPublicMinting: true,\n    mintOpen: true,\n    contractURI: \"test-uri\",\n    mintFeeRecipient: util_1.TEST_WALLET_ADDRESS,\n});\nconst nftContract = txData.spgNftContract;\nipIdB = (await clientB.ipAsset.mintAndRegisterIp({\n    spgNftContract: nftContract,\n})).ipId;",
              "err": {},
              "uuid": "2f3fb523-5448-42db-b47a-2a8206ebd808",
              "parentUUID": "e1f8550c-db01-435d-a296-21d337d3c0f8",
              "isHook": true,
              "skipped": false
            }
          ],
          "afterHooks": [],
          "tests": [
            {
              "title": "it should not cancel a dispute (yet)",
              "fullTitle": "Dispute Functions it should not cancel a dispute (yet)",
              "timedOut": false,
              "duration": 14830,
              "state": "passed",
              "speed": "slow",
              "pass": true,
              "fail": false,
              "pending": false,
              "context": null,
              "code": "const raiseResponse = await clientA.dispute.raiseDispute({\n    targetIpId: ipIdB,\n    cid: await generateCID(),\n    targetTag: src_1.DisputeTargetTag.IMPROPER_REGISTRATION,\n    liveness: 2592000,\n    bond: minimumBond,\n});\nawait (0, chai_1.expect)(clientA.dispute.cancelDispute({\n    disputeId: raiseResponse.disputeId,\n})).to.be.rejected;",
              "err": {},
              "uuid": "18e541d1-7395-48c9-9c92-4432bca71349",
              "parentUUID": "e1f8550c-db01-435d-a296-21d337d3c0f8",
              "isHook": false,
              "skipped": false
            }
          ],
          "suites": [
            {
              "uuid": "635c3a2d-cfa0-4d2e-b276-9496ebc9ee6c",
              "title": "raiseDispute and counter dispute",
              "fullFile": "/home/runner/work/sdk/sdk/packages/core-sdk/test/integration/dispute.test.ts",
              "file": "/test/integration/dispute.test.ts",
              "beforeHooks": [],
              "afterHooks": [],
              "tests": [
                {
                  "title": "should raise a dispute",
                  "fullTitle": "Dispute Functions raiseDispute and counter dispute should raise a dispute",
                  "timedOut": false,
                  "duration": 10386,
                  "state": "passed",
                  "speed": "slow",
                  "pass": true,
                  "fail": false,
                  "pending": false,
                  "context": null,
                  "code": "const raiseDisputeRequest = {\n    targetIpId: ipIdB,\n    cid: await generateCID(),\n    targetTag: src_1.DisputeTargetTag.IMPROPER_REGISTRATION,\n    liveness: 2592000,\n    bond: minimumBond,\n};\nconst response = await clientA.dispute.raiseDispute(raiseDisputeRequest);\n(0, chai_1.expect)(response.txHash).to.be.a(\"string\");\n(0, chai_1.expect)(response.disputeId).to.be.a(\"bigint\");\ndisputeId = response.disputeId;",
                  "err": {},
                  "uuid": "5b9d4b49-b359-456b-b8a5-6575a1debb13",
                  "parentUUID": "635c3a2d-cfa0-4d2e-b276-9496ebc9ee6c",
                  "isHook": false,
                  "skipped": false
                },
                {
                  "title": "should validate all enum values defined in DisputeTargetTag",
                  "fullTitle": "Dispute Functions raiseDispute and counter dispute should validate all enum values defined in DisputeTargetTag",
                  "timedOut": false,
                  "duration": 414,
                  "state": "passed",
                  "speed": "slow",
                  "pass": true,
                  "fail": false,
                  "pending": false,
                  "context": null,
                  "code": "const allTags = Object.values(src_1.DisputeTargetTag);\nfor (const tag of allTags) {\n    const tagHex = (0, viem_1.toHex)(tag, { size: 32 });\n    const { allowed } = await clientA.dispute.disputeModuleClient.isWhitelistedDisputeTag({\n        tag: tagHex,\n    });\n    if (tag === src_1.DisputeTargetTag.IN_DISPUTE) {\n        (0, chai_1.expect)(allowed).equal(false);\n    }\n    else {\n        (0, chai_1.expect)(allowed).equal(true);\n    }\n}",
                  "err": {},
                  "uuid": "aec5d3fe-2796-4ed4-ace7-e4a2df073d59",
                  "parentUUID": "635c3a2d-cfa0-4d2e-b276-9496ebc9ee6c",
                  "isHook": false,
                  "skipped": false
                },
                {
                  "title": "should raise disputes with different DisputeTargetTag enum values",
                  "fullTitle": "Dispute Functions raiseDispute and counter dispute should raise disputes with different DisputeTargetTag enum values",
                  "timedOut": false,
                  "duration": 50168,
                  "state": "passed",
                  "speed": "slow",
                  "pass": true,
                  "fail": false,
                  "pending": false,
                  "context": null,
                  "code": "const allTags = Object.values(src_1.DisputeTargetTag);\nfor (const tag of allTags) {\n    const raiseDisputeRequest = {\n        targetIpId: ipIdB,\n        cid: await generateCID(),\n        targetTag: tag,\n        liveness: 2592000,\n        bond: minimumBond,\n    };\n    if (tag === src_1.DisputeTargetTag.IN_DISPUTE) {\n        await (0, chai_1.expect)(clientA.dispute.raiseDispute(raiseDisputeRequest)).to.be.rejectedWith(\"The target tag IN_DISPUTE is not whitelisted\");\n    }\n    else {\n        const response = await clientA.dispute.raiseDispute(raiseDisputeRequest);\n        (0, chai_1.expect)(response.txHash).to.be.a(\"string\");\n        (0, chai_1.expect)(response.disputeId).to.be.a(\"bigint\");\n    }\n}",
                  "err": {},
                  "uuid": "2e8c8344-2a23-487f-88d1-cd50229f320a",
                  "parentUUID": "635c3a2d-cfa0-4d2e-b276-9496ebc9ee6c",
                  "isHook": false,
                  "skipped": false
                },
                {
                  "title": "should reject a dispute with an invalid tag not defined in the enum",
                  "fullTitle": "Dispute Functions raiseDispute and counter dispute should reject a dispute with an invalid tag not defined in the enum",
                  "timedOut": false,
                  "duration": 350,
                  "state": "passed",
                  "speed": "slow",
                  "pass": true,
                  "fail": false,
                  "pending": false,
                  "context": null,
                  "code": "await (0, chai_1.expect)(clientA.dispute.raiseDispute({\n    targetIpId: ipIdB,\n    cid: await generateCID(),\n    targetTag: \"INVALID_TAG\",\n    liveness: 2592000,\n    bond: minimumBond,\n})).to.be.rejectedWith(\"The target tag INVALID_TAG is not whitelisted\");",
                  "err": {},
                  "uuid": "c145c615-eb98-4429-b663-1638a9116623",
                  "parentUUID": "635c3a2d-cfa0-4d2e-b276-9496ebc9ee6c",
                  "isHook": false,
                  "skipped": false
                },
                {
                  "title": "should be able to counter existing dispute once",
                  "fullTitle": "Dispute Functions raiseDispute and counter dispute should be able to counter existing dispute once",
                  "timedOut": false,
                  "duration": 15583,
                  "state": "passed",
                  "speed": "slow",
                  "pass": true,
                  "fail": false,
                  "pending": false,
                  "context": null,
                  "code": "const assertionId = await clientB.dispute.disputeIdToAssertionId(disputeId);\nconst counterEvidenceCID = await generateCID();\nconst ret = await clientB.dispute.disputeAssertion({\n    ipId: ipIdB,\n    assertionId,\n    counterEvidenceCID,\n});\n(0, chai_1.expect)(ret.txHash).to.be.a(\"string\");\n// should throw error if attempting to dispute assertion again\nawait (0, chai_1.expect)(clientB.dispute.disputeAssertion({\n    ipId: ipIdB,\n    assertionId,\n    counterEvidenceCID,\n})).to.be.rejected;",
                  "err": {},
                  "uuid": "9123c9ad-37ab-4c01-8718-b079b03c244f",
                  "parentUUID": "635c3a2d-cfa0-4d2e-b276-9496ebc9ee6c",
                  "isHook": false,
                  "skipped": false
                }
              ],
              "suites": [],
              "passes": [
                "5b9d4b49-b359-456b-b8a5-6575a1debb13",
                "aec5d3fe-2796-4ed4-ace7-e4a2df073d59",
                "2e8c8344-2a23-487f-88d1-cd50229f320a",
                "c145c615-eb98-4429-b663-1638a9116623",
                "9123c9ad-37ab-4c01-8718-b079b03c244f"
              ],
              "failures": [],
              "pending": [],
              "skipped": [],
              "duration": 76901,
              "root": false,
              "rootEmpty": false,
              "_timeout": 300000
            },
            {
              "uuid": "ea364c67-8364-4bd2-845a-99e24a470185",
              "title": "Dispute resolution",
              "fullFile": "/home/runner/work/sdk/sdk/packages/core-sdk/test/integration/dispute.test.ts",
              "file": "/test/integration/dispute.test.ts",
              "beforeHooks": [
                {
                  "title": "\"before each\" hook in \"Dispute resolution\"",
                  "fullTitle": "Dispute Functions Dispute resolution \"before each\" hook in \"Dispute resolution\"",
                  "timedOut": false,
                  "duration": 43445,
                  "state": null,
                  "speed": null,
                  "pass": false,
                  "fail": false,
                  "pending": false,
                  "context": null,
                  "code": "// Setup NFT collection\nconst txData = await clientA.nftClient.createNFTCollection({\n    name: \"test-collection\",\n    symbol: \"TEST\",\n    maxSupply: 100,\n    isPublicMinting: true,\n    mintOpen: true,\n    contractURI: \"test-uri\",\n    mintFeeRecipient: util_1.TEST_WALLET_ADDRESS,\n});\nnftContract = txData.spgNftContract;\n// Get parent IP ID and license terms ID\nconst ipIdAndLicenseResponse = await clientA.ipAsset.mintAndRegisterIpAssetWithPilTerms({\n    spgNftContract: nftContract,\n    allowDuplicates: false,\n    licenseTermsData: [\n        {\n            terms: {\n                transferable: true,\n                royaltyPolicy: generated_1.royaltyPolicyLapAddress[util_1.aeneid],\n                defaultMintingFee: 0n,\n                expiration: 0n,\n                commercialUse: true,\n                commercialAttribution: false,\n                commercializerChecker: viem_1.zeroAddress,\n                commercializerCheckerData: viem_1.zeroAddress,\n                commercialRevShare: 90,\n                commercialRevCeiling: 0n,\n                derivativesAllowed: true,\n                derivativesAttribution: true,\n                derivativesApproval: false,\n                derivativesReciprocal: true,\n                derivativeRevCeiling: 0n,\n                currency: src_1.WIP_TOKEN_ADDRESS,\n                uri: \"\",\n            },\n            licensingConfig: {\n                isSet: true,\n                mintingFee: 0n,\n                licensingHook: viem_1.zeroAddress,\n                hookData: viem_1.zeroAddress,\n                commercialRevShare: 0,\n                disabled: false,\n                expectMinimumGroupRewardShare: 0,\n                expectGroupRewardPool: generated_1.evenSplitGroupPoolAddress[util_1.aeneid],\n            },\n        },\n    ],\n});\nparentIpId = ipIdAndLicenseResponse.ipId;\nlicenseTermsId = ipIdAndLicenseResponse.licenseTermsIds[0];\n//Create a derivative ip\nconst derivativeIpIdResponse1 = await clientA.ipAsset.mintAndRegisterIpAndMakeDerivative({\n    spgNftContract: nftContract,\n    derivData: {\n        parentIpIds: [parentIpId],\n        licenseTermsIds: [licenseTermsId],\n        maxMintingFee: 1n,\n        maxRts: 5 * 10 ** 6,\n        maxRevenueShare: 100,\n    },\n});\nchildIpId = derivativeIpIdResponse1.ipId;\n// Create a second derivative ip\nconst derivativeIpIdResponse2 = await clientA.ipAsset.mintAndRegisterIpAndMakeDerivative({\n    spgNftContract: nftContract,\n    derivData: {\n        parentIpIds: [parentIpId],\n        licenseTermsIds: [licenseTermsId],\n        maxMintingFee: 1n,\n        maxRts: 5 * 10 ** 6,\n        maxRevenueShare: 100,\n    },\n});\nchildIpId2 = derivativeIpIdResponse2.ipId;\n// Raise a dispute\nconst response = await clientA.dispute.raiseDispute({\n    targetIpId: parentIpId,\n    cid: await generateCID(),\n    targetTag: src_1.DisputeTargetTag.IMPROPER_REGISTRATION,\n    liveness: 1,\n    bond: minimumBond,\n});\ndisputeId = response.disputeId;\n// This timeout guarantees that the assertion is expired\n// its intended to be longer than the current block time\n// so it won't be included in the same block\nawait new Promise((resolve) => setTimeout(resolve, 3000));",
                  "err": {},
                  "uuid": "2dea04f4-6fd9-4c46-b4a9-54e56d98769a",
                  "parentUUID": "ea364c67-8364-4bd2-845a-99e24a470185",
                  "isHook": true,
                  "skipped": false
                }
              ],
              "afterHooks": [],
              "tests": [
                {
                  "title": "should tag infringing ip",
                  "fullTitle": "Dispute Functions Dispute resolution should tag infringing ip",
                  "timedOut": false,
                  "duration": 9837,
                  "state": "passed",
                  "speed": "slow",
                  "pass": true,
                  "fail": false,
                  "pending": false,
                  "context": null,
                  "code": "await (0, oov3_1.settleAssertion)(util_1.TEST_PRIVATE_KEY, disputeId);\n// Tag derivative IP as infringing\nconst results = await clientA.dispute.tagIfRelatedIpInfringed({\n    infringementTags: [\n        {\n            ipId: childIpId,\n            disputeId: disputeId,\n        },\n        {\n            ipId: childIpId2,\n            disputeId: disputeId,\n        },\n    ],\n});\n(0, chai_1.expect)(results[0].txHash).to.be.a(\"string\");",
                  "err": {},
                  "uuid": "d08bfebb-85fc-4eab-8419-206fd4da547f",
                  "parentUUID": "ea364c67-8364-4bd2-845a-99e24a470185",
                  "isHook": false,
                  "skipped": false
                },
                {
                  "title": "should tag a single IP as infringing without using multicall",
                  "fullTitle": "Dispute Functions Dispute resolution should tag a single IP as infringing without using multicall",
                  "timedOut": false,
                  "duration": 13952,
                  "state": "passed",
                  "speed": "slow",
                  "pass": true,
                  "fail": false,
                  "pending": false,
                  "context": null,
                  "code": "/**\n * Test Flow:\n * 1. Set judgment on an existing dispute to mark it as valid (did in `before each` block)\n * 2. Verify the dispute state changed correctly after judgment\n * 3. Try to tag a derivative IP using the judged dispute\n */\n// Step 1: Set judgment on an existing dispute to mark it as valid\nawait (0, oov3_1.settleAssertion)(util_1.TEST_PRIVATE_KEY, disputeId);\n// Step 2: Verify dispute state\n// The disputes() function returns multiple values about the dispute:\n// - targetTag: the tag we wanted to apply when raising the dispute\n// - currentTag: the current state of the dispute after judgment\n// After a successful judgment, currentTag should equal targetTag\nconst { currentTag, targetTag } = await getDisputeState(disputeId);\n(0, chai_1.expect)(currentTag).to.equal(targetTag); // Verify judgment was recorded correctly\n// Step 3: Attempt to tag a derivative IP\n// This will fail if:\n// - The dispute is not in a valid state (still IN_DISPUTE or cleared)\n// - The IP we're trying to tag is not actually a derivative of the disputed IP\n// - The dispute has already been used to tag this IP\nconst response = await clientA.dispute.tagIfRelatedIpInfringed({\n    infringementTags: [\n        {\n            ipId: childIpId, // The derivative IP to tag\n            disputeId: disputeId, // Using the judged dispute as basis for tagging\n        },\n    ],\n    options: {\n        useMulticallWhenPossible: false, // Force single transaction instead of batch\n    },\n});\n// Verify we got the expected response\n(0, chai_1.expect)(response).to.have.lengthOf(1);\n(0, chai_1.expect)(response[0].txHash).to.be.a(\"string\");",
                  "err": {},
                  "uuid": "5a224428-b092-4687-99ee-9da8e0cffb2e",
                  "parentUUID": "ea364c67-8364-4bd2-845a-99e24a470185",
                  "isHook": false,
                  "skipped": false
                },
                {
                  "title": "should tag multiple IPs as infringing using multicall",
                  "fullTitle": "Dispute Functions Dispute resolution should tag multiple IPs as infringing using multicall",
                  "timedOut": false,
                  "duration": 29035,
                  "state": "passed",
                  "speed": "slow",
                  "pass": true,
                  "fail": false,
                  "pending": false,
                  "context": null,
                  "code": "const disputeResponse = await clientA.dispute.raiseDispute({\n    targetIpId: parentIpId,\n    cid: await generateCID(),\n    targetTag: src_1.DisputeTargetTag.IMPROPER_REGISTRATION,\n    liveness: 1,\n    bond: minimumBond,\n});\nconst testDisputeId = disputeResponse.disputeId;\nconst derivativeResponse2 = await clientA.ipAsset.mintAndRegisterIpAndMakeDerivative({\n    spgNftContract: nftContract,\n    derivData: {\n        parentIpIds: [parentIpId],\n        licenseTermsIds: [licenseTermsId],\n        maxMintingFee: 1n,\n        maxRts: 5 * 10 ** 6,\n        maxRevenueShare: 100,\n    },\n    allowDuplicates: true,\n});\nconst newChildIpId = derivativeResponse2.ipId;\nawait (0, oov3_1.settleAssertion)(util_1.TEST_PRIVATE_KEY, testDisputeId);\n// This timeout guarantees that the assertion is expired\n// its intended to be longer than the current block time\n// so it won't be included in the same block\nawait new Promise((resolve) => setTimeout(resolve, 3000));\nconst { currentTag, targetTag } = await getDisputeState(testDisputeId);\n(0, chai_1.expect)(currentTag).to.equal(targetTag);\nconst response = await clientA.dispute.tagIfRelatedIpInfringed({\n    infringementTags: [\n        {\n            ipId: childIpId,\n            disputeId: testDisputeId,\n        },\n        {\n            ipId: newChildIpId,\n            disputeId: testDisputeId,\n        },\n    ],\n    options: {\n        useMulticallWhenPossible: true,\n    },\n});\n(0, chai_1.expect)(response).to.have.lengthOf(1);\n(0, chai_1.expect)(response[0].txHash).to.be.a(\"string\");",
                  "err": {},
                  "uuid": "02f43406-1c41-4abc-935f-428c1bad4733",
                  "parentUUID": "ea364c67-8364-4bd2-845a-99e24a470185",
                  "isHook": false,
                  "skipped": false
                },
                {
                  "title": "should tag multiple IPs without multicall when specified",
                  "fullTitle": "Dispute Functions Dispute resolution should tag multiple IPs without multicall when specified",
                  "timedOut": false,
                  "duration": 21777,
                  "state": "passed",
                  "speed": "slow",
                  "pass": true,
                  "fail": false,
                  "pending": false,
                  "context": null,
                  "code": "// Create two new derivative IPs sequentially\nconst derivativeResponse3 = await clientA.ipAsset.mintAndRegisterIpAndMakeDerivative({\n    spgNftContract: nftContract,\n    derivData: {\n        parentIpIds: [parentIpId],\n        licenseTermsIds: [licenseTermsId],\n        maxMintingFee: 1n,\n        maxRts: 5 * 10 ** 6,\n        maxRevenueShare: 100,\n    },\n    allowDuplicates: true,\n});\nconst derivativeResponse4 = await clientA.ipAsset.mintAndRegisterIpAndMakeDerivative({\n    spgNftContract: nftContract,\n    derivData: {\n        parentIpIds: [parentIpId],\n        licenseTermsIds: [licenseTermsId],\n        maxMintingFee: 1n,\n        maxRts: 5 * 10 ** 6,\n        maxRevenueShare: 100,\n    },\n    allowDuplicates: true,\n});\nawait (0, oov3_1.settleAssertion)(util_1.TEST_PRIVATE_KEY, disputeId);\nconst { currentTag, targetTag } = await getDisputeState(disputeId);\n(0, chai_1.expect)(currentTag).to.equal(targetTag);\nconst responses = await clientA.dispute.tagIfRelatedIpInfringed({\n    infringementTags: [\n        {\n            ipId: derivativeResponse3.ipId,\n            disputeId: disputeId,\n        },\n        {\n            ipId: derivativeResponse4.ipId,\n            disputeId: disputeId,\n        },\n    ],\n    options: {\n        useMulticallWhenPossible: false,\n    },\n});\n(0, chai_1.expect)(responses).to.have.lengthOf(2);\n(0, chai_1.expect)(responses[0].txHash).to.be.a(\"string\");\n(0, chai_1.expect)(responses[1].txHash).to.be.a(\"string\");",
                  "err": {},
                  "uuid": "bc5371fa-f647-4f3e-a58f-435e996162f8",
                  "parentUUID": "ea364c67-8364-4bd2-845a-99e24a470185",
                  "isHook": false,
                  "skipped": false
                },
                {
                  "title": "should fail when trying to tag with invalid dispute ID",
                  "fullTitle": "Dispute Functions Dispute resolution should fail when trying to tag with invalid dispute ID",
                  "timedOut": false,
                  "duration": 90,
                  "state": "passed",
                  "speed": "slow",
                  "pass": true,
                  "fail": false,
                  "pending": false,
                  "context": null,
                  "code": "await (0, chai_1.expect)(clientA.dispute.tagIfRelatedIpInfringed({\n    infringementTags: [\n        {\n            ipId: childIpId,\n            disputeId: 999999n,\n        },\n    ],\n})).to.be.rejected;",
                  "err": {},
                  "uuid": "891f765a-2552-4201-bf12-350c082d8859",
                  "parentUUID": "ea364c67-8364-4bd2-845a-99e24a470185",
                  "isHook": false,
                  "skipped": false
                },
                {
                  "title": "should resolve a dispute successfully when initiated by dispute initiator",
                  "fullTitle": "Dispute Functions Dispute resolution should resolve a dispute successfully when initiated by dispute initiator",
                  "timedOut": false,
                  "duration": 9869,
                  "state": "passed",
                  "speed": "slow",
                  "pass": true,
                  "fail": false,
                  "pending": false,
                  "context": null,
                  "code": "await (0, oov3_1.settleAssertion)(util_1.TEST_PRIVATE_KEY, disputeId);\nconst { currentTag, targetTag } = await getDisputeState(disputeId);\n(0, chai_1.expect)(currentTag).to.equal(targetTag);\nconst response = await clientA.dispute.resolveDispute({\n    disputeId: disputeId,\n    data: \"0x\",\n});\n(0, chai_1.expect)(response.txHash).to.be.a(\"string\");",
                  "err": {},
                  "uuid": "052f4ef6-10a1-4c11-8c51-0070ae2fe624",
                  "parentUUID": "ea364c67-8364-4bd2-845a-99e24a470185",
                  "isHook": false,
                  "skipped": false
                },
                {
                  "title": "should fail when non-initiator tries to resolve the dispute",
                  "fullTitle": "Dispute Functions Dispute resolution should fail when non-initiator tries to resolve the dispute",
                  "timedOut": false,
                  "duration": 90,
                  "state": "passed",
                  "speed": "slow",
                  "pass": true,
                  "fail": false,
                  "pending": false,
                  "context": null,
                  "code": "await (0, chai_1.expect)(clientB.dispute.resolveDispute({\n    disputeId: disputeId,\n    data: \"0x\",\n})).to.be.rejectedWith(\"NotDisputeInitiator\");",
                  "err": {},
                  "uuid": "ad282609-b96f-4738-8de0-9602e568468e",
                  "parentUUID": "ea364c67-8364-4bd2-845a-99e24a470185",
                  "isHook": false,
                  "skipped": false
                },
                {
                  "title": "should propagate IMPROPER_REGISTRATION tag to derivative IPs",
                  "fullTitle": "Dispute Functions Dispute resolution should propagate IMPROPER_REGISTRATION tag to derivative IPs",
                  "timedOut": false,
                  "duration": 9985,
                  "state": "passed",
                  "speed": "slow",
                  "pass": true,
                  "fail": false,
                  "pending": false,
                  "context": null,
                  "code": "await (0, oov3_1.settleAssertion)(util_1.TEST_PRIVATE_KEY, disputeId);\n// Verify the dispute state changed correctly\nconst { currentTag: parentCurrentTag, targetTag: parentTargetTag } = await getDisputeState(disputeId);\n(0, chai_1.expect)(parentCurrentTag).to.equal(parentTargetTag);\n// Propagate the tag to both derivative IPs\nconst results = await clientA.dispute.tagIfRelatedIpInfringed({\n    infringementTags: [\n        {\n            ipId: childIpId,\n            disputeId: disputeId,\n        },\n        {\n            ipId: childIpId2,\n            disputeId: disputeId,\n        },\n    ],\n});\nconst logData = results[0].receipt?.logs[0].data;\nconst firstWord = logData.slice(0, 66);\nconst childDisputeId = BigInt(firstWord);\n// Verify successful tagging\n(0, chai_1.expect)(results[0].txHash).to.be.a(\"string\");\nconst { currentTag: childCurrentTag } = await getDisputeState(childDisputeId);\n// Convert the IMPROPER_USAGE tag to hex for comparison\nconst improperUsageTagHex = (0, viem_1.toHex)(src_1.DisputeTargetTag.IMPROPER_REGISTRATION, { size: 32 });\n// Verify both child IPs have the IMPROPER_USAGE tag by\n// fetching and comparing their dispute tags\n(0, chai_1.expect)(parentCurrentTag).to.equal(parentTargetTag);\n(0, chai_1.expect)(childCurrentTag).to.equal(improperUsageTagHex);",
                  "err": {},
                  "uuid": "68a2ea1c-cc13-4f68-a858-b001cf9a2b15",
                  "parentUUID": "ea364c67-8364-4bd2-845a-99e24a470185",
                  "isHook": false,
                  "skipped": false
                }
              ],
              "suites": [],
              "passes": [
                "d08bfebb-85fc-4eab-8419-206fd4da547f",
                "5a224428-b092-4687-99ee-9da8e0cffb2e",
                "02f43406-1c41-4abc-935f-428c1bad4733",
                "bc5371fa-f647-4f3e-a58f-435e996162f8",
                "891f765a-2552-4201-bf12-350c082d8859",
                "052f4ef6-10a1-4c11-8c51-0070ae2fe624",
                "ad282609-b96f-4738-8de0-9602e568468e",
                "68a2ea1c-cc13-4f68-a858-b001cf9a2b15"
              ],
              "failures": [],
              "pending": [],
              "skipped": [],
              "duration": 94635,
              "root": false,
              "rootEmpty": false,
              "_timeout": 300000
            }
          ],
          "passes": [
            "18e541d1-7395-48c9-9c92-4432bca71349"
          ],
          "failures": [],
          "pending": [],
          "skipped": [],
          "duration": 14830,
          "root": false,
          "rootEmpty": false,
          "_timeout": 300000
        },
        {
          "uuid": "e29496c9-61fb-46d2-9db0-3e5819344292",
          "title": "Group Functions",
          "fullFile": "/home/runner/work/sdk/sdk/packages/core-sdk/test/integration/group.test.ts",
          "file": "/test/integration/group.test.ts",
          "beforeHooks": [
            {
              "title": "\"before all\" hook in \"Group Functions\"",
              "fullTitle": "Group Functions \"before all\" hook in \"Group Functions\"",
              "timedOut": false,
              "duration": 4842,
              "state": null,
              "speed": null,
              "pass": false,
              "fail": false,
              "pending": false,
              "context": null,
              "code": "client = (0, util_1.getStoryClient)();\n// Create NFT Collection\nspgNftContract = (await client.nftClient.createNFTCollection({\n    name: \"test-collection\",\n    symbol: \"TEST\",\n    maxSupply: 100,\n    isPublicMinting: true,\n    mintOpen: true,\n    mintFeeRecipient: util_1.TEST_WALLET_ADDRESS,\n    contractURI: \"test-uri\",\n})).spgNftContract;",
              "err": {},
              "uuid": "fe66c951-cf65-439d-8afb-0c7c5a4a2520",
              "parentUUID": "e29496c9-61fb-46d2-9db0-3e5819344292",
              "isHook": true,
              "skipped": false
            }
          ],
          "afterHooks": [],
          "tests": [],
          "suites": [
            {
              "uuid": "e090b4ca-99d3-4f4d-b00f-bdb833b99b80",
              "title": "Group Operations",
              "fullFile": "/home/runner/work/sdk/sdk/packages/core-sdk/test/integration/group.test.ts",
              "file": "/test/integration/group.test.ts",
              "beforeHooks": [
                {
                  "title": "\"before all\" hook in \"Group Operations\"",
                  "fullTitle": "Group Functions Group Operations \"before all\" hook in \"Group Operations\"",
                  "timedOut": false,
                  "duration": 14712,
                  "state": null,
                  "speed": null,
                  "pass": false,
                  "fail": false,
                  "pending": false,
                  "context": null,
                  "code": "// Create initial IP with license terms\nconst result = await client.ipAsset.mintAndRegisterIpAssetWithPilTerms({\n    spgNftContract,\n    allowDuplicates: false,\n    licenseTermsData,\n});\nlicenseTermsId = result.licenseTermsIds[0];\nipId = result.ipId;\n// Set licensing config\nawait client.license.setLicensingConfig({\n    ipId,\n    licenseTermsId,\n    licenseTemplate: generated_1.piLicenseTemplateAddress[util_1.aeneid],\n    licensingConfig: {\n        isSet: true,\n        mintingFee: 0n,\n        licensingHook: viem_1.zeroAddress,\n        hookData: viem_1.zeroAddress,\n        commercialRevShare: 0,\n        disabled: false,\n        expectMinimumGroupRewardShare: 0,\n        expectGroupRewardPool: groupPoolAddress,\n    },\n});",
                  "err": {},
                  "uuid": "2d3ed101-7764-435c-bcd3-43ba41f451bb",
                  "parentUUID": "e090b4ca-99d3-4f4d-b00f-bdb833b99b80",
                  "isHook": true,
                  "skipped": false
                }
              ],
              "afterHooks": [],
              "tests": [
                {
                  "title": "should successfully register group and attach license",
                  "fullTitle": "Group Functions Group Operations should successfully register group and attach license",
                  "timedOut": false,
                  "duration": 4938,
                  "state": "passed",
                  "speed": "slow",
                  "pass": true,
                  "fail": false,
                  "pending": false,
                  "context": null,
                  "code": "const result = await client.groupClient.registerGroupAndAttachLicense({\n    groupPool: groupPoolAddress,\n    licenseData: {\n        licenseTermsId,\n        licensingConfig: {\n            isSet: true,\n            mintingFee: 0n,\n            licensingHook: viem_1.zeroAddress,\n            hookData: viem_1.zeroAddress,\n            commercialRevShare: 0,\n            disabled: false,\n            expectMinimumGroupRewardShare: 0,\n            expectGroupRewardPool: viem_1.zeroAddress,\n        },\n    },\n});\ngroupId = result.groupId;\n(0, chai_1.expect)(result.txHash).to.be.a(\"string\");\n(0, chai_1.expect)(result.groupId).to.be.a(\"string\");",
                  "err": {},
                  "uuid": "6f0d5fe0-78d8-451a-81f3-6f71f5048aed",
                  "parentUUID": "e090b4ca-99d3-4f4d-b00f-bdb833b99b80",
                  "isHook": false,
                  "skipped": false
                },
                {
                  "title": "should successfully mint, register IP, attach license and add to group",
                  "fullTitle": "Group Functions Group Operations should successfully mint, register IP, attach license and add to group",
                  "timedOut": false,
                  "duration": 5168,
                  "state": "passed",
                  "speed": "slow",
                  "pass": true,
                  "fail": false,
                  "pending": false,
                  "context": null,
                  "code": "const result = await client.groupClient.mintAndRegisterIpAndAttachLicenseAndAddToGroup({\n    groupId,\n    spgNftContract,\n    licenseData: [\n        {\n            licenseTermsId,\n            licensingConfig: {\n                isSet: true,\n                mintingFee: 0n,\n                licensingHook: viem_1.zeroAddress,\n                hookData: viem_1.zeroAddress,\n                commercialRevShare: 0,\n                disabled: false,\n                expectMinimumGroupRewardShare: 0,\n                expectGroupRewardPool: groupPoolAddress,\n            },\n        },\n    ],\n    maxAllowedRewardShare: 5,\n});\n(0, chai_1.expect)(result.txHash).to.be.a(\"string\");\n(0, chai_1.expect)(result.ipId).to.be.a(\"string\");",
                  "err": {},
                  "uuid": "372a5667-5d41-418d-be24-8f635a48d209",
                  "parentUUID": "e090b4ca-99d3-4f4d-b00f-bdb833b99b80",
                  "isHook": false,
                  "skipped": false
                },
                {
                  "title": "should successfully register a basic group",
                  "fullTitle": "Group Functions Group Operations should successfully register a basic group",
                  "timedOut": false,
                  "duration": 4870,
                  "state": "passed",
                  "speed": "slow",
                  "pass": true,
                  "fail": false,
                  "pending": false,
                  "context": null,
                  "code": "const result = await client.groupClient.registerGroup({\n    groupPool: groupPoolAddress,\n});\n(0, chai_1.expect)(result.txHash).to.be.a(\"string\");\n(0, chai_1.expect)(result.groupId).to.be.a(\"string\");",
                  "err": {},
                  "uuid": "f4976647-a365-40c1-9096-358c5c40734b",
                  "parentUUID": "e090b4ca-99d3-4f4d-b00f-bdb833b99b80",
                  "isHook": false,
                  "skipped": false
                },
                {
                  "title": "should successfully register existing IP with license and add to group",
                  "fullTitle": "Group Functions Group Operations should successfully register existing IP with license and add to group",
                  "timedOut": false,
                  "duration": 10228,
                  "state": "passed",
                  "speed": "slow",
                  "pass": true,
                  "fail": false,
                  "pending": false,
                  "context": null,
                  "code": "const tokenId = await (0, util_1.mintBySpg)(spgNftContract, \"test-metadata\");\nconst result = await client.groupClient.registerIpAndAttachLicenseAndAddToGroup({\n    groupId,\n    nftContract: spgNftContract,\n    tokenId,\n    maxAllowedRewardShare: 5,\n    licenseData: [\n        {\n            licenseTermsId,\n            licensingConfig: {\n                isSet: true,\n                mintingFee: 0n,\n                licensingHook: viem_1.zeroAddress,\n                hookData: viem_1.zeroAddress,\n                commercialRevShare: 0,\n                disabled: false,\n                expectMinimumGroupRewardShare: 0,\n                expectGroupRewardPool: groupPoolAddress,\n            },\n        },\n    ],\n});\n(0, chai_1.expect)(result.txHash).to.be.a(\"string\");\n(0, chai_1.expect)(result.ipId).to.be.a(\"string\");",
                  "err": {},
                  "uuid": "d2085199-fdb2-44da-be89-0af9b9cc662e",
                  "parentUUID": "e090b4ca-99d3-4f4d-b00f-bdb833b99b80",
                  "isHook": false,
                  "skipped": false
                },
                {
                  "title": "should successfully register group with license and add multiple IPs",
                  "fullTitle": "Group Functions Group Operations should successfully register group with license and add multiple IPs",
                  "timedOut": false,
                  "duration": 5059,
                  "state": "passed",
                  "speed": "slow",
                  "pass": true,
                  "fail": false,
                  "pending": false,
                  "context": null,
                  "code": "const result = await client.groupClient.registerGroupAndAttachLicenseAndAddIps({\n    groupPool: groupPoolAddress,\n    maxAllowedRewardShare: 5,\n    ipIds: [ipId],\n    licenseData: {\n        licenseTermsId,\n        licensingConfig: {\n            isSet: true,\n            mintingFee: 0n,\n            licensingHook: viem_1.zeroAddress,\n            hookData: viem_1.zeroAddress,\n            commercialRevShare: 0,\n            disabled: false,\n            expectMinimumGroupRewardShare: 0,\n            expectGroupRewardPool: viem_1.zeroAddress,\n        },\n    },\n});\n(0, chai_1.expect)(result.txHash).to.be.a(\"string\");\n(0, chai_1.expect)(result.groupId).to.be.a(\"string\");",
                  "err": {},
                  "uuid": "db139bf4-8e97-4850-88a0-4388180ef7af",
                  "parentUUID": "e090b4ca-99d3-4f4d-b00f-bdb833b99b80",
                  "isHook": false,
                  "skipped": false
                },
                {
                  "title": "should fail when trying to add unregistered IP to group",
                  "fullTitle": "Group Functions Group Operations should fail when trying to add unregistered IP to group",
                  "timedOut": false,
                  "duration": 88,
                  "state": "passed",
                  "speed": "slow",
                  "pass": true,
                  "fail": false,
                  "pending": false,
                  "context": null,
                  "code": "await (0, chai_1.expect)(client.groupClient.registerGroupAndAttachLicenseAndAddIps({\n    groupPool: groupPoolAddress,\n    maxAllowedRewardShare: 5,\n    ipIds: [viem_1.zeroAddress], // Invalid IP address\n    licenseData: {\n        licenseTermsId,\n        licensingConfig: {\n            isSet: true,\n            mintingFee: 0n,\n            licensingHook: viem_1.zeroAddress,\n            hookData: viem_1.zeroAddress,\n            commercialRevShare: 0,\n            disabled: false,\n            expectMinimumGroupRewardShare: 0,\n            expectGroupRewardPool: viem_1.zeroAddress,\n        },\n    },\n})).to.be.rejectedWith(\"Failed to register group and attach license and add ips\");",
                  "err": {},
                  "uuid": "4bbfb6bd-010f-4ad8-8933-68c52e7588f2",
                  "parentUUID": "e090b4ca-99d3-4f4d-b00f-bdb833b99b80",
                  "isHook": false,
                  "skipped": false
                }
              ],
              "suites": [
                {
                  "uuid": "03be8540-0059-444c-b06d-ba73ec1d04b5",
                  "title": "Add IPs to Group and Remove IPs from Group",
                  "fullFile": "/home/runner/work/sdk/sdk/packages/core-sdk/test/integration/group.test.ts",
                  "file": "/test/integration/group.test.ts",
                  "beforeHooks": [],
                  "afterHooks": [],
                  "tests": [
                    {
                      "title": "should successfully add multiple IPs to group",
                      "fullTitle": "Group Functions Group Operations Add IPs to Group and Remove IPs from Group should successfully add multiple IPs to group",
                      "timedOut": false,
                      "duration": 11126,
                      "state": "passed",
                      "speed": "slow",
                      "pass": true,
                      "fail": false,
                      "pending": false,
                      "context": null,
                      "code": "const registerResult = await client.ipAsset.batchMintAndRegisterIpAssetWithPilTerms({\n    args: [\n        {\n            spgNftContract,\n            licenseTermsData,\n        },\n        {\n            spgNftContract,\n            licenseTermsData,\n        },\n        {\n            spgNftContract,\n            licenseTermsData,\n        },\n    ],\n});\nipIds = registerResult.results?.map((result) => result.ipId) ?? [];\nconst result = await client.groupClient.addIpsToGroup({\n    groupIpId: groupId,\n    ipIds: ipIds,\n    maxAllowedRewardSharePercentage: 5,\n});\n(0, chai_1.expect)(result.txHash).to.be.a(\"string\");",
                      "err": {},
                      "uuid": "fdac5d4a-fb60-4bb4-99e7-f0e081e81ab8",
                      "parentUUID": "03be8540-0059-444c-b06d-ba73ec1d04b5",
                      "isHook": false,
                      "skipped": false
                    },
                    {
                      "title": "should successfully remove IPs from group",
                      "fullTitle": "Group Functions Group Operations Add IPs to Group and Remove IPs from Group should successfully remove IPs from group",
                      "timedOut": false,
                      "duration": 4901,
                      "state": "passed",
                      "speed": "slow",
                      "pass": true,
                      "fail": false,
                      "pending": false,
                      "context": null,
                      "code": "const result = await client.groupClient.removeIpsFromGroup({\n    groupIpId: groupId,\n    ipIds: ipIds,\n});\n(0, chai_1.expect)(result.txHash).to.be.a(\"string\");",
                      "err": {},
                      "uuid": "0e7d526a-daca-4e7b-8549-fd3f0145df93",
                      "parentUUID": "03be8540-0059-444c-b06d-ba73ec1d04b5",
                      "isHook": false,
                      "skipped": false
                    },
                    {
                      "title": "should fail when trying to remove IPs from a non-existent group",
                      "fullTitle": "Group Functions Group Operations Add IPs to Group and Remove IPs from Group should fail when trying to remove IPs from a non-existent group",
                      "timedOut": false,
                      "duration": 5685,
                      "state": "passed",
                      "speed": "slow",
                      "pass": true,
                      "fail": false,
                      "pending": false,
                      "context": null,
                      "code": "const registerResult = await client.ipAsset.mintAndRegisterIpAssetWithPilTerms({\n    spgNftContract,\n    licenseTermsData,\n});\nconst testIpId = registerResult.ipId;\nconst nonExistentGroupId = viem_1.zeroAddress;\nawait (0, chai_1.expect)(client.groupClient.removeIpsFromGroup({\n    groupIpId: nonExistentGroupId,\n    ipIds: [testIpId],\n})).to.be.rejectedWith(\"Failed to remove IPs from group\");",
                      "err": {},
                      "uuid": "c3bb8d16-f507-4e60-bfbc-6119e72cc228",
                      "parentUUID": "03be8540-0059-444c-b06d-ba73ec1d04b5",
                      "isHook": false,
                      "skipped": false
                    },
                    {
                      "title": "should fail when trying to remove non-existent IPs from a group",
                      "fullTitle": "Group Functions Group Operations Add IPs to Group and Remove IPs from Group should fail when trying to remove non-existent IPs from a group",
                      "timedOut": false,
                      "duration": 4940,
                      "state": "passed",
                      "speed": "slow",
                      "pass": true,
                      "fail": false,
                      "pending": false,
                      "context": null,
                      "code": "const groupResult = await client.groupClient.registerGroup({\n    groupPool: groupPoolAddress,\n});\nconst testGroupId = groupResult.groupId;\nconst nonExistentIpId = viem_1.zeroAddress;\nawait (0, chai_1.expect)(client.groupClient.removeIpsFromGroup({\n    groupIpId: testGroupId,\n    ipIds: [nonExistentIpId],\n})).to.be.rejectedWith(\"Failed to remove IPs from group\");",
                      "err": {},
                      "uuid": "a3a87b1b-4e09-40fb-b903-30511443a647",
                      "parentUUID": "03be8540-0059-444c-b06d-ba73ec1d04b5",
                      "isHook": false,
                      "skipped": false
                    }
                  ],
                  "suites": [],
                  "passes": [
                    "fdac5d4a-fb60-4bb4-99e7-f0e081e81ab8",
                    "0e7d526a-daca-4e7b-8549-fd3f0145df93",
                    "c3bb8d16-f507-4e60-bfbc-6119e72cc228",
                    "a3a87b1b-4e09-40fb-b903-30511443a647"
                  ],
                  "failures": [],
                  "pending": [],
                  "skipped": [],
                  "duration": 26652,
                  "root": false,
                  "rootEmpty": false,
                  "_timeout": 300000
                }
              ],
              "passes": [
                "6f0d5fe0-78d8-451a-81f3-6f71f5048aed",
                "372a5667-5d41-418d-be24-8f635a48d209",
                "f4976647-a365-40c1-9096-358c5c40734b",
                "d2085199-fdb2-44da-be89-0af9b9cc662e",
                "db139bf4-8e97-4850-88a0-4388180ef7af",
                "4bbfb6bd-010f-4ad8-8933-68c52e7588f2"
              ],
              "failures": [],
              "pending": [],
              "skipped": [],
              "duration": 30351,
              "root": false,
              "rootEmpty": false,
              "_timeout": 300000
            },
            {
              "uuid": "352deda7-76a4-4365-8116-88bbf3e718a9",
              "title": "Collect Royalty and Claim Reward",
              "fullFile": "/home/runner/work/sdk/sdk/packages/core-sdk/test/integration/group.test.ts",
              "file": "/test/integration/group.test.ts",
              "beforeHooks": [
                {
                  "title": "\"before all\" hook in \"Collect Royalty and Claim Reward\"",
                  "fullTitle": "Group Functions Collect Royalty and Claim Reward \"before all\" hook in \"Collect Royalty and Claim Reward\"",
                  "timedOut": false,
                  "duration": 10596,
                  "state": null,
                  "speed": null,
                  "pass": false,
                  "fail": false,
                  "pending": false,
                  "context": null,
                  "code": "// Register IP id\nconst result1 = await mintAndRegisterIpAssetWithPilTermsHelper();\nipId = result1.ipId;\nlicenseTermsId = result1.licenseTermsIds[0];\n// Register group id\ngroupIpId = await registerGroupAndAttachLicenseHelper(licenseTermsId, [ipId]);",
                  "err": {},
                  "uuid": "7526f2c7-0d80-45da-b90e-a66cee12da18",
                  "parentUUID": "352deda7-76a4-4365-8116-88bbf3e718a9",
                  "isHook": true,
                  "skipped": false
                }
              ],
              "afterHooks": [],
              "tests": [
                {
                  "title": "should successfully collect royalties",
                  "fullTitle": "Group Functions Collect Royalty and Claim Reward should successfully collect royalties",
                  "timedOut": false,
                  "duration": 28889,
                  "state": "passed",
                  "speed": "slow",
                  "pass": true,
                  "fail": false,
                  "pending": false,
                  "context": null,
                  "code": "// Mint and register child IP id\nconst childIpId = await mintAndRegisterIpAndMakeDerivativeHelper(groupIpId, licenseTermsId);\n// Pay royalties from child IP id to group IP id and transfer to vault\nawait payRoyaltyAndTransferToVaultHelper(childIpId, groupIpId, src_1.WIP_TOKEN_ADDRESS, 100n);\n// Collect royalties\nconst result = await client.groupClient.collectRoyalties({\n    groupIpId,\n    currencyToken: src_1.WIP_TOKEN_ADDRESS,\n});\n(0, chai_1.expect)(result.txHash).to.be.a(\"string\");\n(0, chai_1.expect)(result.collectedRoyalties).to.equal(10n);",
                  "err": {},
                  "uuid": "f6331863-dcbd-4e63-91bd-03804d3a008f",
                  "parentUUID": "352deda7-76a4-4365-8116-88bbf3e718a9",
                  "isHook": false,
                  "skipped": false
                },
                {
                  "title": "should successfully get claimable reward",
                  "fullTitle": "Group Functions Collect Royalty and Claim Reward should successfully get claimable reward",
                  "timedOut": false,
                  "duration": 83,
                  "state": "passed",
                  "speed": "slow",
                  "pass": true,
                  "fail": false,
                  "pending": false,
                  "context": null,
                  "code": "const result = await client.groupClient.getClaimableReward({\n    groupIpId: groupIpId,\n    currencyToken: src_1.WIP_TOKEN_ADDRESS,\n    memberIpIds: [ipId],\n});\n(0, chai_1.expect)(result).to.deep.equal([10n]);",
                  "err": {},
                  "uuid": "e4e06847-5249-41b5-8642-0f7529c122f8",
                  "parentUUID": "352deda7-76a4-4365-8116-88bbf3e718a9",
                  "isHook": false,
                  "skipped": false
                },
                {
                  "title": "should successfully claim reward",
                  "fullTitle": "Group Functions Collect Royalty and Claim Reward should successfully claim reward",
                  "timedOut": false,
                  "duration": 14405,
                  "state": "passed",
                  "speed": "slow",
                  "pass": true,
                  "fail": false,
                  "pending": false,
                  "context": null,
                  "code": "// Mint license tokens to the IP id which doesn't have a royalty vault\nawait client.license.mintLicenseTokens({\n    licensorIpId: ipId,\n    licenseTermsId,\n    amount: 100,\n    maxMintingFee: 1,\n    maxRevenueShare: 100,\n});\n// Claim reward\nconst result = await client.groupClient.claimReward({\n    groupIpId: groupIpId,\n    currencyToken: src_1.WIP_TOKEN_ADDRESS,\n    memberIpIds: [ipId],\n});\n(0, chai_1.expect)(result.txHash).to.be.a(\"string\");\n(0, chai_1.expect)(result.claimedReward?.[0].amount[0]).to.equal(10n);",
                  "err": {},
                  "uuid": "8ea79bec-686f-440d-99c9-f4488047961f",
                  "parentUUID": "352deda7-76a4-4365-8116-88bbf3e718a9",
                  "isHook": false,
                  "skipped": false
                },
                {
                  "title": "should fail when trying to claim reward for a non-existent group",
                  "fullTitle": "Group Functions Collect Royalty and Claim Reward should fail when trying to claim reward for a non-existent group",
                  "timedOut": false,
                  "duration": 86,
                  "state": "passed",
                  "speed": "slow",
                  "pass": true,
                  "fail": false,
                  "pending": false,
                  "context": null,
                  "code": "const nonExistentGroupId = viem_1.zeroAddress;\nawait (0, chai_1.expect)(client.groupClient.claimReward({\n    groupIpId: nonExistentGroupId,\n    currencyToken: src_1.WIP_TOKEN_ADDRESS,\n    memberIpIds: [ipId],\n})).to.be.rejectedWith(\"Failed to claim reward\");",
                  "err": {},
                  "uuid": "7bde43ce-bdf8-4941-9810-d1e3d096faef",
                  "parentUUID": "352deda7-76a4-4365-8116-88bbf3e718a9",
                  "isHook": false,
                  "skipped": false
                },
                {
                  "title": "should fail when trying to claim reward with invalid token address",
                  "fullTitle": "Group Functions Collect Royalty and Claim Reward should fail when trying to claim reward with invalid token address",
                  "timedOut": false,
                  "duration": 90,
                  "state": "passed",
                  "speed": "slow",
                  "pass": true,
                  "fail": false,
                  "pending": false,
                  "context": null,
                  "code": "const invalidTokenAddress = viem_1.zeroAddress;\nawait (0, chai_1.expect)(client.groupClient.claimReward({\n    groupIpId: groupIpId,\n    currencyToken: invalidTokenAddress,\n    memberIpIds: [ipId],\n})).to.be.rejectedWith(\"Failed to claim reward\");",
                  "err": {},
                  "uuid": "9f379a67-b996-4d46-a3f7-6a659dcad4be",
                  "parentUUID": "352deda7-76a4-4365-8116-88bbf3e718a9",
                  "isHook": false,
                  "skipped": false
                },
                {
                  "title": "should successfully collect royalties and claim reward in one transaction",
                  "fullTitle": "Group Functions Collect Royalty and Claim Reward should successfully collect royalties and claim reward in one transaction",
                  "timedOut": false,
                  "duration": 57254,
                  "state": "passed",
                  "speed": "slow",
                  "pass": true,
                  "fail": false,
                  "pending": false,
                  "context": null,
                  "code": "const ipIds = [];\nconst result1 = await mintAndRegisterIpAssetWithPilTermsHelper();\nconst result2 = await mintAndRegisterIpAssetWithPilTermsHelper();\nipIds.push(result1.ipId);\nipIds.push(result2.ipId);\nlicenseTermsId = result1.licenseTermsIds[0];\nconst groupId = await registerGroupAndAttachLicenseHelper(licenseTermsId, ipIds);\nconst childIpId1 = await mintAndRegisterIpAndMakeDerivativeHelper(groupId, licenseTermsId);\nconst childIpId2 = await mintAndRegisterIpAndMakeDerivativeHelper(groupId, licenseTermsId);\nawait payRoyaltyAndTransferToVaultHelper(childIpId1, groupId, src_1.WIP_TOKEN_ADDRESS, 100n);\nawait payRoyaltyAndTransferToVaultHelper(childIpId2, groupId, src_1.WIP_TOKEN_ADDRESS, 100n);\nconst result = await client.groupClient.collectAndDistributeGroupRoyalties({\n    groupIpId: groupId,\n    currencyTokens: [src_1.WIP_TOKEN_ADDRESS],\n    memberIpIds: ipIds,\n});\n(0, chai_1.expect)(result.txHash).to.be.a(\"string\");\n(0, chai_1.expect)(result.collectedRoyalties?.[0].amount).to.equal(20n);\n(0, chai_1.expect)(result.royaltiesDistributed?.[0].amount).to.equal(10n);\n(0, chai_1.expect)(result.royaltiesDistributed?.[1].amount).to.equal(10n);",
                  "err": {},
                  "uuid": "11ee5ec8-931e-4a61-a055-0b36f3c46993",
                  "parentUUID": "352deda7-76a4-4365-8116-88bbf3e718a9",
                  "isHook": false,
                  "skipped": false
                }
              ],
              "suites": [],
              "passes": [
                "f6331863-dcbd-4e63-91bd-03804d3a008f",
                "e4e06847-5249-41b5-8642-0f7529c122f8",
                "8ea79bec-686f-440d-99c9-f4488047961f",
                "7bde43ce-bdf8-4941-9810-d1e3d096faef",
                "9f379a67-b996-4d46-a3f7-6a659dcad4be",
                "11ee5ec8-931e-4a61-a055-0b36f3c46993"
              ],
              "failures": [],
              "pending": [],
              "skipped": [],
              "duration": 100807,
              "root": false,
              "rootEmpty": false,
              "_timeout": 300000
            }
          ],
          "passes": [],
          "failures": [],
          "pending": [],
          "skipped": [],
          "duration": 0,
          "root": false,
          "rootEmpty": false,
          "_timeout": 300000
        },
        {
          "uuid": "8ce81d20-f514-46e2-a9a1-5c99319ebaf6",
          "title": "IPAccount Functions",
          "fullFile": "/home/runner/work/sdk/sdk/packages/core-sdk/test/integration/ipAccount.test.ts",
          "file": "/test/integration/ipAccount.test.ts",
          "beforeHooks": [
            {
              "title": "\"before all\" hook in \"IPAccount Functions\"",
              "fullTitle": "IPAccount Functions \"before all\" hook in \"IPAccount Functions\"",
              "timedOut": false,
              "duration": 10048,
              "state": null,
              "speed": null,
              "pass": false,
              "fail": false,
              "pending": false,
              "context": null,
              "code": "client = (0, util_1.getStoryClient)();\nconst tokenId = await (0, util_1.getTokenId)();\nconst registerResult = await client.ipAsset.register({\n    nftContract: util_1.mockERC721,\n    tokenId: tokenId,\n});\nipId = registerResult.ipId;\ndata = (0, viem_1.encodeFunctionData)({\n    abi: generated_1.accessControllerAbi,\n    functionName: \"setTransientPermission\",\n    args: [\n        (0, viem_1.getAddress)(ipId),\n        (0, viem_1.getAddress)(util_1.TEST_WALLET_ADDRESS),\n        (0, viem_1.getAddress)(coreMetadataModule),\n        (0, viem_1.toFunctionSelector)(\"function setAll(address,string,bytes32,bytes32)\"),\n        src_1.AccessPermission.ALLOW,\n    ],\n});",
              "err": {},
              "uuid": "c9618743-b045-4560-b4da-c932f77d7055",
              "parentUUID": "8ce81d20-f514-46e2-a9a1-5c99319ebaf6",
              "isHook": true,
              "skipped": false
            }
          ],
          "afterHooks": [],
          "tests": [
            {
              "title": "should successfully set ip metadata",
              "fullTitle": "IPAccount Functions should successfully set ip metadata",
              "timedOut": false,
              "duration": 9026,
              "state": "passed",
              "speed": "slow",
              "pass": true,
              "fail": false,
              "pending": false,
              "context": null,
              "code": "const txHash = await client.ipAccount.setIpMetadata({\n    ipId: ipId,\n    metadataURI: \"https://example.com\",\n    metadataHash: (0, viem_1.toHex)(\"test\", { size: 32 }),\n});\n(0, chai_1.expect)(txHash).to.be.a(\"string\");",
              "err": {},
              "uuid": "16d35367-3429-4c5f-a5b2-9e52a0308abe",
              "parentUUID": "8ce81d20-f514-46e2-a9a1-5c99319ebaf6",
              "isHook": false,
              "skipped": false
            },
            {
              "title": "should successfully transfer ERC20 tokens",
              "fullTitle": "IPAccount Functions should successfully transfer ERC20 tokens",
              "timedOut": false,
              "duration": 36517,
              "state": "passed",
              "speed": "slow",
              "pass": true,
              "fail": false,
              "pending": false,
              "context": null,
              "code": "const erc20 = new generated_1.Erc20Client(util_1.publicClient, util_1.walletClient);\n// 1. Query token balance of ipId and wallet before\nconst initialErc20BalanceOfIpId = await erc20.balanceOf({\n    account: ipId,\n});\nconst initialErc20BalanceOfWallet = await erc20.balanceOf({\n    account: util_1.TEST_WALLET_ADDRESS,\n});\nconst initialWipBalanceOfIpId = await client.wipClient.balanceOf(ipId);\nconst initialWipBalanceOfWallet = await client.wipClient.balanceOf(util_1.TEST_WALLET_ADDRESS);\n// 2. transfer erc20 token to the ip account\nconst txHash = await erc20.mint({\n    to: ipId,\n    amount: (0, viem_1.parseEther)(\"0.002\"),\n});\nawait util_1.publicClient.waitForTransactionReceipt({\n    hash: txHash,\n});\n// 3. transfer wip to the ip account\nawait client.wipClient.deposit({\n    amount: 1n,\n});\nawait client.wipClient.transfer({\n    to: ipId,\n    amount: 1n,\n});\n// 4. transfer token of ip account to wallet address\nconst ret = await client.ipAccount.transferErc20({\n    ipId,\n    tokens: [\n        {\n            address: src_1.WIP_TOKEN_ADDRESS,\n            target: util_1.TEST_WALLET_ADDRESS,\n            amount: 1n,\n        },\n        {\n            address: erc20.address,\n            target: util_1.TEST_WALLET_ADDRESS,\n            amount: (0, viem_1.parseEther)(\"0.001\"),\n        },\n        {\n            address: erc20.address,\n            target: util_1.TEST_WALLET_ADDRESS,\n            amount: (0, viem_1.parseEther)(\"0.001\"),\n        },\n    ],\n});\n// 5. query token balance of ipId and wallet address after\nconst finalErc20BalanceOfIpId = await erc20.balanceOf({\n    account: ipId,\n});\nconst finalWipBalanceOfIpId = await client.wipClient.balanceOf(ipId);\nconst finalErc20BalanceOfWallet = await erc20.balanceOf({\n    account: util_1.TEST_WALLET_ADDRESS,\n});\nconst finalWipBalanceOfWallet = await client.wipClient.balanceOf(util_1.TEST_WALLET_ADDRESS);\n(0, chai_1.expect)(ret.txHash).to.be.a(\"string\");\n(0, chai_1.expect)(finalErc20BalanceOfIpId).to.equal(initialErc20BalanceOfIpId);\n(0, chai_1.expect)(finalWipBalanceOfIpId).to.equal(initialWipBalanceOfIpId);\n(0, chai_1.expect)(finalErc20BalanceOfWallet).to.equal(initialErc20BalanceOfWallet + (0, viem_1.parseEther)(\"0.002\"));\n(0, chai_1.expect)(finalWipBalanceOfWallet).to.equal(initialWipBalanceOfWallet + 1n);",
              "err": {},
              "uuid": "287c0f2c-f86e-43c7-a57c-83274532d87f",
              "parentUUID": "8ce81d20-f514-46e2-a9a1-5c99319ebaf6",
              "isHook": false,
              "skipped": false
            }
          ],
          "suites": [
            {
              "uuid": "7c430d95-5c87-454b-808d-8a0a510bd542",
              "title": "execute",
              "fullFile": "/home/runner/work/sdk/sdk/packages/core-sdk/test/integration/ipAccount.test.ts",
              "file": "/test/integration/ipAccount.test.ts",
              "beforeHooks": [],
              "afterHooks": [],
              "tests": [
                {
                  "title": "should successfully execute a transaction",
                  "fullTitle": "IPAccount Functions execute should successfully execute a transaction",
                  "timedOut": false,
                  "duration": 8951,
                  "state": "passed",
                  "speed": "slow",
                  "pass": true,
                  "fail": false,
                  "pending": false,
                  "context": null,
                  "code": "const response = await client.ipAccount.execute({\n    to: permissionAddress,\n    value: 0,\n    data: data,\n    ipId: ipId,\n});\n(0, chai_1.expect)(response.txHash).to.be.a(\"string\");",
                  "err": {},
                  "uuid": "f7ea8fa1-e314-47b0-a95c-d432db1e3213",
                  "parentUUID": "7c430d95-5c87-454b-808d-8a0a510bd542",
                  "isHook": false,
                  "skipped": false
                },
                {
                  "title": "should fail with invalid ipId",
                  "fullTitle": "IPAccount Functions execute should fail with invalid ipId",
                  "timedOut": false,
                  "duration": 87,
                  "state": "passed",
                  "speed": "slow",
                  "pass": true,
                  "fail": false,
                  "pending": false,
                  "context": null,
                  "code": "await (0, chai_1.expect)(client.ipAccount.execute({\n    to: permissionAddress,\n    value: 0,\n    data: data,\n    ipId: \"0x0000000000000000000000000000000000000000\",\n})).to.be.rejected;",
                  "err": {},
                  "uuid": "fb80199b-0278-4df0-9a49-220f68476cb2",
                  "parentUUID": "7c430d95-5c87-454b-808d-8a0a510bd542",
                  "isHook": false,
                  "skipped": false
                }
              ],
              "suites": [],
              "passes": [
                "f7ea8fa1-e314-47b0-a95c-d432db1e3213",
                "fb80199b-0278-4df0-9a49-220f68476cb2"
              ],
              "failures": [],
              "pending": [],
              "skipped": [],
              "duration": 9038,
              "root": false,
              "rootEmpty": false,
              "_timeout": 300000
            },
            {
              "uuid": "b9a91782-87f5-4bff-a543-23675234f770",
              "title": "executeWithSig",
              "fullFile": "/home/runner/work/sdk/sdk/packages/core-sdk/test/integration/ipAccount.test.ts",
              "file": "/test/integration/ipAccount.test.ts",
              "beforeHooks": [],
              "afterHooks": [],
              "tests": [
                {
                  "title": "should successfully execute with valid signature",
                  "fullTitle": "IPAccount Functions executeWithSig should successfully execute with valid signature",
                  "timedOut": false,
                  "duration": 9054,
                  "state": "passed",
                  "speed": "slow",
                  "pass": true,
                  "fail": false,
                  "pending": false,
                  "context": null,
                  "code": "// Get the IP Account nonce (state)\nconst nonceResult = await client.ipAccount.getIpAccountNonce(ipId);\n// Generate signature for the execute operation itself\n// We need to sign the data that will be executed, not the permission data\nconst { signature } = await (0, src_1.getSignature)({\n    state: nonceResult,\n    to: permissionAddress,\n    encodeData: data,\n    wallet: util_1.walletClient,\n    verifyingContract: ipId,\n    deadline: VALID_DEADLINE,\n    chainId: util_1.aeneid,\n});\n// Execute with signature\nconst response = await client.ipAccount.executeWithSig({\n    to: permissionAddress,\n    data: data,\n    ipId: ipId,\n    signer: util_1.TEST_WALLET_ADDRESS,\n    deadline: VALID_DEADLINE,\n    signature: signature,\n});\n(0, chai_1.expect)(response.txHash).to.be.a(\"string\");",
                  "err": {},
                  "uuid": "38092830-7079-42d1-9e14-8fd1d3f83861",
                  "parentUUID": "b9a91782-87f5-4bff-a543-23675234f770",
                  "isHook": false,
                  "skipped": false
                },
                {
                  "title": "should fail with expired deadline",
                  "fullTitle": "IPAccount Functions executeWithSig should fail with expired deadline",
                  "timedOut": false,
                  "duration": 83,
                  "state": "passed",
                  "speed": "slow",
                  "pass": true,
                  "fail": false,
                  "pending": false,
                  "context": null,
                  "code": "await (0, chai_1.expect)(client.ipAccount.executeWithSig({\n    to: permissionAddress,\n    data: data,\n    ipId: ipId,\n    signer: util_1.TEST_WALLET_ADDRESS,\n    deadline: EXPIRED_DEADLINE,\n    signature: \"0x\",\n})).to.be.rejectedWith(\"IPAccount__ExpiredSignature\");",
                  "err": {},
                  "uuid": "300a3974-7745-4eba-bebd-c29439e5c358",
                  "parentUUID": "b9a91782-87f5-4bff-a543-23675234f770",
                  "isHook": false,
                  "skipped": false
                },
                {
                  "title": "should fail with invalid signature format",
                  "fullTitle": "IPAccount Functions executeWithSig should fail with invalid signature format",
                  "timedOut": false,
                  "duration": 89,
                  "state": "passed",
                  "speed": "slow",
                  "pass": true,
                  "fail": false,
                  "pending": false,
                  "context": null,
                  "code": "await (0, chai_1.expect)(client.ipAccount.executeWithSig({\n    to: permissionAddress,\n    data: data,\n    ipId: ipId,\n    signer: util_1.TEST_WALLET_ADDRESS,\n    deadline: VALID_DEADLINE,\n    signature: \"0x1234567890abcdef\", // Invalid signature format\n})).to.be.rejectedWith(\"IPAccount__InvalidSignature\");",
                  "err": {},
                  "uuid": "a563a03b-cd55-4ecd-bfb7-bb89be0ac8ab",
                  "parentUUID": "b9a91782-87f5-4bff-a543-23675234f770",
                  "isHook": false,
                  "skipped": false
                },
                {
                  "title": "should fail with signature from wrong signer",
                  "fullTitle": "IPAccount Functions executeWithSig should fail with signature from wrong signer",
                  "timedOut": false,
                  "duration": 173,
                  "state": "passed",
                  "speed": "slow",
                  "pass": true,
                  "fail": false,
                  "pending": false,
                  "context": null,
                  "code": "// Generate signature with wrong signer\nconst wrongSigner = \"0x1234567890123456789012345678901234567890\";\nconst nonceResult = await client.ipAccount.getIpAccountNonce(ipId);\nconst { signature } = await (0, src_1.getSignature)({\n    state: nonceResult,\n    to: permissionAddress,\n    encodeData: data,\n    wallet: util_1.walletClient,\n    verifyingContract: ipId,\n    deadline: VALID_DEADLINE,\n    chainId: util_1.aeneid,\n});\nawait (0, chai_1.expect)(client.ipAccount.executeWithSig({\n    to: permissionAddress,\n    data: data,\n    ipId: ipId,\n    signer: wrongSigner,\n    deadline: VALID_DEADLINE,\n    signature: signature,\n})).to.be.rejectedWith(\"IPAccount__InvalidSignature\");",
                  "err": {},
                  "uuid": "b5506c73-8496-4edf-85a9-ec8fdc0c68f8",
                  "parentUUID": "b9a91782-87f5-4bff-a543-23675234f770",
                  "isHook": false,
                  "skipped": false
                },
                {
                  "title": "should fail with invalid ipId format",
                  "fullTitle": "IPAccount Functions executeWithSig should fail with invalid ipId format",
                  "timedOut": false,
                  "duration": 86,
                  "state": "passed",
                  "speed": "slow",
                  "pass": true,
                  "fail": false,
                  "pending": false,
                  "context": null,
                  "code": "const nonceResult = await client.ipAccount.getIpAccountNonce(ipId);\nconst { signature } = await (0, src_1.getSignature)({\n    state: nonceResult,\n    to: permissionAddress,\n    encodeData: data,\n    wallet: util_1.walletClient,\n    verifyingContract: ipId,\n    deadline: VALID_DEADLINE,\n    chainId: util_1.aeneid,\n});\nawait (0, chai_1.expect)(client.ipAccount.executeWithSig({\n    to: permissionAddress,\n    data: data,\n    ipId: \"0x123\", // Invalid address format\n    signer: util_1.TEST_WALLET_ADDRESS,\n    deadline: VALID_DEADLINE,\n    signature: signature,\n})).to.be.rejectedWith(\"Invalid address: 0x123.\");",
                  "err": {},
                  "uuid": "1eb66651-1463-409b-86f4-5f12a901372a",
                  "parentUUID": "b9a91782-87f5-4bff-a543-23675234f770",
                  "isHook": false,
                  "skipped": false
                },
                {
                  "title": "should fail when IP account does not exist",
                  "fullTitle": "IPAccount Functions executeWithSig should fail when IP account does not exist",
                  "timedOut": false,
                  "duration": 85,
                  "state": "passed",
                  "speed": "slow",
                  "pass": true,
                  "fail": false,
                  "pending": false,
                  "context": null,
                  "code": "// Create a real non-existent IP address (but with correct format)\nconst nonExistentIpId = \"0x1111111111111111111111111111111111111111\";\n// Generate signature for this non-existent IP\n// Note: We need to try to get nonce first, if IP doesn't exist, this step should fail\ntry {\n    const nonceResult = await client.ipAccount.getIpAccountNonce(nonExistentIpId);\n    const { signature } = await (0, src_1.getSignature)({\n        state: nonceResult,\n        to: permissionAddress,\n        encodeData: data,\n        wallet: util_1.walletClient,\n        verifyingContract: nonExistentIpId, // Use non-existent IP as verifying contract\n        deadline: VALID_DEADLINE,\n        chainId: util_1.aeneid,\n    });\n    await (0, chai_1.expect)(client.ipAccount.executeWithSig({\n        to: permissionAddress,\n        data: data,\n        ipId: nonExistentIpId,\n        signer: util_1.TEST_WALLET_ADDRESS,\n        deadline: VALID_DEADLINE,\n        signature: signature,\n    })).to.be.rejectedWith(\"IPAccount__InvalidSignature\"); // Should fail because IP doesn't exist\n}\ncatch (error) {\n    // If getting nonce fails, it means IP indeed doesn't exist, which is also our expected result\n    (0, chai_1.expect)(error.message).to.include(\"Failed to get the IP Account nonce\");\n}",
                  "err": {},
                  "uuid": "cef006d7-24bf-405e-bfac-c22363131ecd",
                  "parentUUID": "b9a91782-87f5-4bff-a543-23675234f770",
                  "isHook": false,
                  "skipped": false
                },
                {
                  "title": "should fail with unauthorized signer",
                  "fullTitle": "IPAccount Functions executeWithSig should fail with unauthorized signer",
                  "timedOut": false,
                  "duration": 172,
                  "state": "passed",
                  "speed": "slow",
                  "pass": true,
                  "fail": false,
                  "pending": false,
                  "context": null,
                  "code": "// Test various unauthorized signer scenarios\nconst unauthorizedSigner = \"0x2222222222222222222222222222222222222222\";\nconst nonceResult = await client.ipAccount.getIpAccountNonce(ipId);\nconst { signature } = await (0, src_1.getSignature)({\n    state: nonceResult,\n    to: permissionAddress,\n    encodeData: data,\n    wallet: util_1.walletClient,\n    verifyingContract: ipId,\n    deadline: VALID_DEADLINE,\n    chainId: util_1.aeneid,\n});\nawait (0, chai_1.expect)(client.ipAccount.executeWithSig({\n    to: permissionAddress,\n    data: data,\n    ipId: ipId,\n    signer: unauthorizedSigner, // Unauthorized signer\n    deadline: VALID_DEADLINE,\n    signature: signature,\n})).to.be.rejectedWith(\"IPAccount__InvalidSignature\"); // Contract returns InvalidSignature for permission issues",
                  "err": {},
                  "uuid": "4e83ed99-b921-4e48-81bd-695e59d24ef1",
                  "parentUUID": "b9a91782-87f5-4bff-a543-23675234f770",
                  "isHook": false,
                  "skipped": false
                },
                {
                  "title": "should fail with signature for wrong data",
                  "fullTitle": "IPAccount Functions executeWithSig should fail with signature for wrong data",
                  "timedOut": false,
                  "duration": 164,
                  "state": "passed",
                  "speed": "slow",
                  "pass": true,
                  "fail": false,
                  "pending": false,
                  "context": null,
                  "code": "// Generate signature for different data than what we execute\nconst wrongData = (0, viem_1.encodeFunctionData)({\n    abi: generated_1.accessControllerAbi,\n    functionName: \"setTransientPermission\",\n    args: [\n        (0, viem_1.getAddress)(\"0x1234567890123456789012345678901234567890\"),\n        (0, viem_1.getAddress)(util_1.TEST_WALLET_ADDRESS),\n        (0, viem_1.getAddress)(coreMetadataModule),\n        (0, viem_1.toFunctionSelector)(\"function setAll(address,string,bytes32,bytes32)\"),\n        src_1.AccessPermission.DENY,\n    ],\n});\nconst nonceResult = await client.ipAccount.getIpAccountNonce(ipId);\nconst { signature } = await (0, src_1.getSignature)({\n    state: nonceResult,\n    to: permissionAddress,\n    encodeData: wrongData, // Sign wrong data\n    wallet: util_1.walletClient,\n    verifyingContract: ipId,\n    deadline: VALID_DEADLINE,\n    chainId: util_1.aeneid,\n});\nawait (0, chai_1.expect)(client.ipAccount.executeWithSig({\n    to: permissionAddress,\n    data: data, // Execute with original data, not the signed data\n    ipId: ipId,\n    signer: util_1.TEST_WALLET_ADDRESS,\n    deadline: VALID_DEADLINE,\n    signature: signature,\n})).to.be.rejectedWith(\"IPAccount__InvalidSignature\"); // Should fail because data doesn't match signature",
                  "err": {},
                  "uuid": "3d2fcf07-fc70-414e-baa4-624dcb012931",
                  "parentUUID": "b9a91782-87f5-4bff-a543-23675234f770",
                  "isHook": false,
                  "skipped": false
                },
                {
                  "title": "should fail with signature for wrong target address",
[...]
ates two distinct IP asset hierarchies (IpA and IpB) to demonstrate\n * different revenue collection scenarios using LAP (Licensing Agreement Policy) and LRP\n * (Licensing Revenue Policy) respectively.\n *\n * IpA Hierarchy (LAP - Licensing Agreement Policy):                           IpB Hierarchy (LRP - Licensing Revenue Policy):\n * ┌─────────────────────────────────────────────────────────────┐          ┌─────────────────────────────────────────────────────────────┐\n * │ IpA (Parent) - Total Expected Revenue: 130 WIP              │          │ IpB (Parent) - Total Expected Revenue: 330 WIP              │\n * ├─────────────────────────────────────────────────────────────┤          ├─────────────────────────────────────────────────────────────┤\n * │ Revenue Sources:                                            │          │ Revenue Sources:                                            │\n * │ ├── Minting Fee: 100 WIP                                    │          │ ├── Minting Fee: 150 WIP                                    │\n * │ ├── Revenue Share (ipA2->ipA1): 10 WIP (10% LAP)            │          │ ├── LRP Revenue Share: 10%                                  │\n * │ ├── Revenue Share (ipA3->ipA2): 10 WIP (10% LAP)            │          │ ├── Total Revenue: 330 WIP                                  │\n * │ └── Direct Payment (ipA3): 10 WIP (10% LAP)                 │          │    └── From ipB1: 150 WIP + 10% revenue share               │\n * │                                                             │          │    └── From ipB2: 150 WIP + 10% revenue share               │\n * │                                                             │          │                                                             │\n * | Ownership Distribution:                                     │          |                                                             │\n * │ ├── Wallet Address: 50%  65 WIP                             │          │ Revenue Flow:                                               │\n * │ └── Another Address: 50% 65 WIP                             │          │ ipB3                                                        │\n * │                                                             │          │ ├── ipB1 ─┐                                                 │\n * │ Revenue Flow:                                               │          │ └── ipB2 ─┴──> ipB (collects 330 WIP)                       │\n * │ ipA3                                                        │          │                                                             │\n * │  └──> ipA2 (20% LAP) ──> ipA1 (10% LAP) ──> ipA             │          │                                                             │\n * │       └──> Direct Payment: 100 WIP                          │          │                                                             │\n * └─────────────────────────────────────────────────────────────┘          └─────────────────────────────────────────────────────────────┘\n */\nconst txData = await client.nftClient.createNFTCollection({\n    name: \"free-collection\",\n    symbol: \"FREE\",\n    maxSupply: 100,\n    isPublicMinting: true,\n    mintOpen: true,\n    contractURI: \"test-uri\",\n    mintFeeRecipient: viem_1.zeroAddress,\n});\nspgNftContract = txData.spgNftContract;\n// 1. Register ipA\nconst ret1A = await client.ipAsset.mintAndRegisterIpAndAttachPilTermsAndDistributeRoyaltyTokens({\n    spgNftContract,\n    licenseTermsData: [\n        {\n            terms: {\n                transferable: true,\n                royaltyPolicy: generated_1.royaltyPolicyLapAddress[util_1.aeneid],\n                defaultMintingFee: 100n,\n                expiration: 0n,\n                commercialUse: true,\n                commercialAttribution: false,\n                commercializerChecker: viem_1.zeroAddress,\n                commercializerCheckerData: viem_1.zeroAddress,\n                commercialRevShare: 10,\n                commercialRevCeiling: 0n,\n                derivativesAllowed: true,\n                derivativesAttribution: true,\n                derivativesApproval: false,\n                derivativesReciprocal: true,\n                derivativeRevCeiling: 0n,\n                currency: common_1.WIP_TOKEN_ADDRESS,\n                uri: \"\",\n            },\n            licensingConfig: {\n                isSet: false,\n                mintingFee: 100n,\n                licensingHook: viem_1.zeroAddress,\n                hookData: viem_1.zeroAddress,\n                commercialRevShare: 0,\n                disabled: false,\n                expectMinimumGroupRewardShare: 0,\n                expectGroupRewardPool: viem_1.zeroAddress,\n            },\n        },\n    ],\n    royaltyShares: [\n        {\n            recipient: util_1.TEST_WALLET_ADDRESS,\n            percentage: 50,\n        },\n        {\n            recipient: anotherAddress,\n            percentage: 50,\n        },\n    ],\n});\nipA = ret1A.ipId;\nlicenseId = ret1A.licenseTermsIds[0];\n// 2. Register ipB\nconst ret1B = await client.ipAsset.mintAndRegisterIpAssetWithPilTerms({\n    spgNftContract,\n    licenseTermsData: [\n        {\n            terms: {\n                transferable: true,\n                royaltyPolicy: generated_1.royaltyPolicyLrpAddress[util_1.aeneid],\n                defaultMintingFee: 150n,\n                expiration: 0n,\n                commercialUse: true,\n                commercialAttribution: false,\n                commercializerChecker: viem_1.zeroAddress,\n                commercializerCheckerData: viem_1.zeroAddress,\n                commercialRevShare: 10,\n                commercialRevCeiling: 0n,\n                derivativesAllowed: true,\n                derivativesAttribution: true,\n                derivativesApproval: false,\n                derivativesReciprocal: true,\n                derivativeRevCeiling: 0n,\n                currency: common_1.WIP_TOKEN_ADDRESS,\n                uri: \"\",\n            },\n            licensingConfig: {\n                isSet: false,\n                mintingFee: 150n,\n                licensingHook: viem_1.zeroAddress,\n                hookData: viem_1.zeroAddress,\n                commercialRevShare: 0,\n                disabled: false,\n                expectMinimumGroupRewardShare: 0,\n                expectGroupRewardPool: viem_1.zeroAddress,\n            },\n        },\n    ],\n});\nipB = ret1B.ipId;\nlicenseId1 = ret1B.licenseTermsIds[0];\n// 3. Register ipA1 from ipA and ipB1 from ipB\nconst { results: ret2 } = await client.ipAsset.batchMintAndRegisterIpAndMakeDerivative({\n    args: [\n        {\n            spgNftContract,\n            derivData: {\n                parentIpIds: [ipA],\n                licenseTermsIds: [licenseId],\n            },\n        },\n        {\n            spgNftContract,\n            derivData: {\n                parentIpIds: [ipB],\n                licenseTermsIds: [licenseId1],\n            },\n        },\n    ],\n});\nipA1 = ret2[0].ipId;\nipB1 = ret2[1].ipId;\n// 4. Register ipA2 from ipA1 and ipB2 from ipB\nconst { results: ret3 } = await client.ipAsset.batchMintAndRegisterIpAndMakeDerivative({\n    args: [\n        {\n            spgNftContract,\n            derivData: {\n                parentIpIds: [ipA1],\n                licenseTermsIds: [licenseId],\n            },\n        },\n        {\n            spgNftContract,\n            derivData: {\n                parentIpIds: [ipB],\n                licenseTermsIds: [licenseId1],\n            },\n        },\n    ],\n});\nipA2 = ret3[0].ipId;\nipB2 = ret3[1].ipId;\n// 5. Register ipA3 from ipA2 and ipB3 from ipB1 and ipB2\nconst { results: ret4 } = await client.ipAsset.batchMintAndRegisterIpAndMakeDerivative({\n    args: [\n        {\n            spgNftContract,\n            derivData: {\n                parentIpIds: [ipA2],\n                licenseTermsIds: [licenseId],\n            },\n        },\n        {\n            spgNftContract,\n            derivData: {\n                parentIpIds: [ipB1, ipB2],\n                licenseTermsIds: [licenseId1, licenseId1],\n            },\n        },\n    ],\n});\nipA3 = ret4[0].ipId;\n// 6. Pay royalty on behalf of ipA2 to ipA3\nawait client.royalty.payRoyaltyOnBehalf({\n    receiverIpId: ipA2,\n    payerIpId: ipA3,\n    token: common_1.WIP_TOKEN_ADDRESS,\n    amount: 100n,\n});\nconst balance = await client.wipClient.balanceOf(util_1.TEST_WALLET_ADDRESS);\nawait client.wipClient.withdraw({\n    amount: balance,\n});",
                  "err": {},
                  "uuid": "922aff2d-61e2-4715-a3ca-7e49d0c82498",
                  "parentUUID": "9f436bd1-ba24-4dbc-abf7-f541ffec2c3d",
                  "isHook": true,
                  "skipped": false
                }
              ],
              "afterHooks": [],
              "tests": [
                {
                  "title": "should batch claim all revenue",
                  "fullTitle": "Royalty Functions BatchClaimAllRevenue With WIP should batch claim all revenue",
                  "timedOut": false,
                  "duration": 15310,
                  "state": "passed",
                  "speed": "slow",
                  "pass": true,
                  "fail": false,
                  "pending": false,
                  "context": null,
                  "code": "const anotherAddressWipBalanceBefore = await client.wipClient.balanceOf(anotherAddress);\nconst result = await client.royalty.batchClaimAllRevenue({\n    ancestorIps: [\n        {\n            ipId: ipA,\n            claimer: util_1.TEST_WALLET_ADDRESS,\n            childIpIds: [ipA1, ipA2],\n            royaltyPolicies: [generated_1.royaltyPolicyLapAddress[util_1.aeneid], generated_1.royaltyPolicyLapAddress[util_1.aeneid]],\n            currencyTokens: [common_1.WIP_TOKEN_ADDRESS, common_1.WIP_TOKEN_ADDRESS],\n        },\n        {\n            ipId: ipA,\n            claimer: anotherAddress,\n            childIpIds: [],\n            royaltyPolicies: [],\n            currencyTokens: [common_1.WIP_TOKEN_ADDRESS],\n        },\n        {\n            ipId: ipB,\n            claimer: ipB,\n            childIpIds: [ipB1, ipB2],\n            royaltyPolicies: [generated_1.royaltyPolicyLrpAddress[util_1.aeneid], generated_1.royaltyPolicyLrpAddress[util_1.aeneid]],\n            currencyTokens: [common_1.WIP_TOKEN_ADDRESS, common_1.WIP_TOKEN_ADDRESS],\n        },\n    ],\n});\nconst anotherAddressWipBalanceAfter = await client.wipClient.balanceOf(anotherAddress);\nconst walletWipBalanceAfter = await client.wipClient.balanceOf(util_1.TEST_WALLET_ADDRESS);\n(0, chai_1.expect)(result.txHashes).to.be.an(\"array\");\n(0, chai_1.expect)(result.claimedTokens[0].amount).to.equal(65n);\n(0, chai_1.expect)(result.claimedTokens[1].amount).to.equal(65n);\n(0, chai_1.expect)(result.claimedTokens[2].amount).to.equal(330n);\n(0, chai_1.expect)(walletWipBalanceAfter).to.equal(0n);\n(0, chai_1.expect)(anotherAddressWipBalanceAfter).to.equal(anotherAddressWipBalanceBefore + 65n);\n// Note: The final wallet balance cannot be precisely calculated because:\n// The test involves multiple transactions (claimAllRevenue, token transfers, etc.)\n// batchClaimAllRevenue only returns receipts for claimAllRevenue calls\n// Additional gas costs and token transfers occur outside the returned receipts",
                  "err": {},
                  "uuid": "5df4c768-2822-4155-bd24-4d7eb84b1bea",
                  "parentUUID": "9f436bd1-ba24-4dbc-abf7-f541ffec2c3d",
                  "isHook": false,
                  "skipped": false
                }
              ],
              "suites": [],
              "passes": [
                "5df4c768-2822-4155-bd24-4d7eb84b1bea"
              ],
              "failures": [],
              "pending": [],
              "skipped": [],
              "duration": 15310,
              "root": false,
              "rootEmpty": false,
              "_timeout": 300000
            }
          ],
          "passes": [],
          "failures": [],
          "pending": [],
          "skipped": [],
          "duration": 0,
          "root": false,
          "rootEmpty": false,
          "_timeout": 300000
        },
        {
          "uuid": "a19513c3-3e77-483b-8d38-e4ee57a0ef47",
          "title": "WIP Functions",
          "fullFile": "/home/runner/work/sdk/sdk/packages/core-sdk/test/integration/wip.test.ts",
          "file": "/test/integration/wip.test.ts",
          "beforeHooks": [
            {
              "title": "\"before all\" hook in \"WIP Functions\"",
              "fullTitle": "WIP Functions \"before all\" hook in \"WIP Functions\"",
              "timedOut": false,
              "duration": 2,
              "state": null,
              "speed": null,
              "pass": false,
              "fail": false,
              "pending": false,
              "context": null,
              "code": "client = (0, util_1.getStoryClient)();",
              "err": {},
              "uuid": "a5e38a6a-f45c-4e27-bcf3-aad54f06446a",
              "parentUUID": "a19513c3-3e77-483b-8d38-e4ee57a0ef47",
              "isHook": true,
              "skipped": false
            }
          ],
          "afterHooks": [],
          "tests": [],
          "suites": [
            {
              "uuid": "3e011ab2-12c9-47ff-b7b0-afa1ce16ff7e",
              "title": "deposit",
              "fullFile": "/home/runner/work/sdk/sdk/packages/core-sdk/test/integration/wip.test.ts",
              "file": "/test/integration/wip.test.ts",
              "beforeHooks": [],
              "afterHooks": [],
              "tests": [
                {
                  "title": "should deposit 0.01 WIP",
                  "fullTitle": "WIP Functions deposit should deposit 0.01 WIP",
                  "timedOut": false,
                  "duration": 5225,
                  "state": "passed",
                  "speed": "slow",
                  "pass": true,
                  "fail": false,
                  "pending": false,
                  "context": null,
                  "code": "const ipAmt = (0, viem_1.parseEther)(\"0.01\");\nconst balanceBefore = await client.getWalletBalance();\nconst wipBefore = await client.wipClient.balanceOf(util_1.TEST_WALLET_ADDRESS);\nconst rsp = await client.wipClient.deposit({\n    amount: ipAmt,\n});\n(0, chai_1.expect)(rsp.txHash).to.be.a(\"string\");\nconst balanceAfter = await client.getWalletBalance();\nconst wipAfter = await client.wipClient.balanceOf(util_1.TEST_WALLET_ADDRESS);\n(0, chai_1.expect)(wipAfter).to.equal(wipBefore + ipAmt);\nconst gasCost = rsp.receipt.gasUsed * rsp.receipt.effectiveGasPrice;\n(0, chai_1.expect)(balanceAfter).to.equal(balanceBefore - ipAmt - gasCost);",
                  "err": {},
                  "uuid": "85284932-1dd4-4529-87ad-3e8772d4300b",
                  "parentUUID": "3e011ab2-12c9-47ff-b7b0-afa1ce16ff7e",
                  "isHook": false,
                  "skipped": false
                }
              ],
              "suites": [],
              "passes": [
                "85284932-1dd4-4529-87ad-3e8772d4300b"
              ],
              "failures": [],
              "pending": [],
              "skipped": [],
              "duration": 5225,
              "root": false,
              "rootEmpty": false,
              "_timeout": 300000
            },
            {
              "uuid": "24710a8e-19fb-44e7-acf0-f4abcdb0f764",
              "title": "transfer",
              "fullFile": "/home/runner/work/sdk/sdk/packages/core-sdk/test/integration/wip.test.ts",
              "file": "/test/integration/wip.test.ts",
              "beforeHooks": [],
              "afterHooks": [],
              "tests": [
                {
                  "title": "should transfer WIP",
                  "fullTitle": "WIP Functions transfer should transfer WIP",
                  "timedOut": false,
                  "duration": 4849,
                  "state": "passed",
                  "speed": "slow",
                  "pass": true,
                  "fail": false,
                  "pending": false,
                  "context": null,
                  "code": "const rsp = await client.wipClient.transfer({\n    to: util_1.TEST_WALLET_ADDRESS,\n    amount: (0, viem_1.parseEther)(\"0.01\"),\n});\n(0, chai_1.expect)(rsp.txHash).to.be.a(\"string\");\n//Due to approve cannot approve msy.sender, so skip transferFrom test",
                  "err": {},
                  "uuid": "72d6085e-c10d-482a-b352-79cdb2b89e12",
                  "parentUUID": "24710a8e-19fb-44e7-acf0-f4abcdb0f764",
                  "isHook": false,
                  "skipped": false
                }
              ],
              "suites": [],
              "passes": [
                "72d6085e-c10d-482a-b352-79cdb2b89e12"
              ],
              "failures": [],
              "pending": [],
              "skipped": [],
              "duration": 4849,
              "root": false,
              "rootEmpty": false,
              "_timeout": 300000
            },
            {
              "uuid": "4c09a32d-670b-4850-a065-891d3de16360",
              "title": "withdraw",
              "fullFile": "/home/runner/work/sdk/sdk/packages/core-sdk/test/integration/wip.test.ts",
              "file": "/test/integration/wip.test.ts",
              "beforeHooks": [],
              "afterHooks": [],
              "tests": [
                {
                  "title": "should withdrawal WIP",
                  "fullTitle": "WIP Functions withdraw should withdrawal WIP",
                  "timedOut": false,
                  "duration": 5212,
                  "state": "passed",
                  "speed": "slow",
                  "pass": true,
                  "fail": false,
                  "pending": false,
                  "context": null,
                  "code": "const balanceBefore = await client.getWalletBalance();\nconst wipBefore = await client.wipClient.balanceOf(util_1.TEST_WALLET_ADDRESS);\nconst rsp = await client.wipClient.withdraw({\n    amount: wipBefore,\n});\n(0, chai_1.expect)(rsp.txHash).to.be.a(\"string\");\nconst wipAfter = await client.wipClient.balanceOf(util_1.TEST_WALLET_ADDRESS);\n(0, chai_1.expect)(wipAfter).to.equal(0n);\nconst balanceAfter = await client.getWalletBalance();\nconst gasCost = rsp.receipt.gasUsed * rsp.receipt.effectiveGasPrice;\n(0, chai_1.expect)(balanceAfter).to.equal(balanceBefore + wipBefore - gasCost);",
                  "err": {},
                  "uuid": "4184cdaf-bd87-4148-894b-c33d5c2fbd9b",
                  "parentUUID": "4c09a32d-670b-4850-a065-891d3de16360",
                  "isHook": false,
                  "skipped": false
                }
              ],
              "suites": [],
              "passes": [
                "4184cdaf-bd87-4148-894b-c33d5c2fbd9b"
              ],
              "failures": [],
              "pending": [],
              "skipped": [],
              "duration": 5212,
              "root": false,
              "rootEmpty": false,
              "_timeout": 300000
            }
          ],
          "passes": [],
          "failures": [],
          "pending": [],
          "skipped": [],
          "duration": 0,
          "root": false,
          "rootEmpty": false,
          "_timeout": 300000
        }
      ],
      "passes": [],
      "failures": [],
      "pending": [],
      "skipped": [],
      "duration": 0,
      "root": true,
      "rootEmpty": true,
      "_timeout": 300000
    }
  ],
  "meta": {
    "mocha": {
      "version": "10.8.2"
    },
    "mochawesome": {
      "options": {
        "quiet": false,
        "reportFilename": "mochawesome",
        "saveHtml": true,
        "saveJson": true,
        "consoleReporter": "spec",
        "useInlineDiffs": false,
        "code": true
      },
      "version": "7.1.4"
    },
    "marge": {
      "options": null,
      "version": "6.3.0"
    }
  }
}