{
  "stats": {
    "suites": 57,
    "tests": 166,
    "passes": 166,
    "pending": 0,
    "failures": 0,
    "start": "2025-11-03T09:52:34.256Z",
    "end": "2025-11-03T10:29:17.571Z",
    "duration": 2203315,
    "testsRegistered": 166,
    "passPercent": 100,
    "pendingPercent": 0,
    "other": 0,
    "hasOther": false,
    "skipped": 0,
    "hasSkipped": false
  },
  "results": [
    {
      "uuid": "bde29e35-d796-4236-a972-5b0e2314134e",
      "title": "",
      "fullFile": "",
      "file": "",
      "beforeHooks": [],
      "afterHooks": [],
      "tests": [],
      "suites": [
        {
          "uuid": "d88420a7-2845-49cd-83df-259dda07a716",
          "title": "Dispute Functions",
          "fullFile": "/home/runner/work/sdk/sdk/packages/core-sdk/test/integration/dispute.test.ts",
          "file": "/test/integration/dispute.test.ts",
          "beforeHooks": [
            {
              "title": "\"before all\" hook in \"Dispute Functions\"",
              "fullTitle": "Dispute Functions \"before all\" hook in \"Dispute Functions\"",
              "timedOut": false,
              "duration": 13050,
              "state": null,
              "speed": null,
              "pass": false,
              "fail": false,
              "pending": false,
              "context": null,
              "code": "clientA = (0, util_1.getStoryClient)();\nconst derivedClient = await (0, BIP32_1.getDerivedStoryClient)();\nclientB = derivedClient.clientB;\nminimumBond = await (0, oov3_1.getMinimumBond)(util_1.publicClient, new generated_1.ArbitrationPolicyUmaClient(util_1.publicClient, util_1.walletClient), src_1.WIP_TOKEN_ADDRESS);\nconst txData = await clientA.nftClient.createNFTCollection({\n    name: \"test-collection\",\n    symbol: \"TEST\",\n    maxSupply: 100,\n    isPublicMinting: true,\n    mintOpen: true,\n    contractURI: \"test-uri\",\n    mintFeeRecipient: util_1.TEST_WALLET_ADDRESS,\n});\nconst nftContract = txData.spgNftContract;\nipIdB = (await clientB.ipAsset.mintAndRegisterIp({\n    spgNftContract: nftContract,\n})).ipId;",
              "err": {},
              "uuid": "be606209-b364-447e-b2bb-182c713efdd8",
              "parentUUID": "d88420a7-2845-49cd-83df-259dda07a716",
              "isHook": true,
              "skipped": false
            }
          ],
          "afterHooks": [],
          "tests": [
            {
              "title": "it should not cancel a dispute (yet)",
              "fullTitle": "Dispute Functions it should not cancel a dispute (yet)",
              "timedOut": false,
              "duration": 9044,
              "state": "passed",
              "speed": "slow",
              "pass": true,
              "fail": false,
              "pending": false,
              "context": null,
              "code": "const raiseResponse = await clientA.dispute.raiseDispute({\n    targetIpId: ipIdB,\n    cid: await generateCID(),\n    targetTag: src_1.DisputeTargetTag.IMPROPER_REGISTRATION,\n    liveness: 2592000,\n    bond: minimumBond,\n});\nawait (0, chai_1.expect)(clientA.dispute.cancelDispute({\n    disputeId: raiseResponse.disputeId,\n})).to.be.rejected;",
              "err": {},
              "uuid": "a4ee1136-c914-44b9-ad6c-143abe791229",
              "parentUUID": "d88420a7-2845-49cd-83df-259dda07a716",
              "isHook": false,
              "skipped": false
            }
          ],
          "suites": [
            {
              "uuid": "edd603d2-983e-4ce7-a43d-528f8a1a2340",
              "title": "raiseDispute and counter dispute",
              "fullFile": "/home/runner/work/sdk/sdk/packages/core-sdk/test/integration/dispute.test.ts",
              "file": "/test/integration/dispute.test.ts",
              "beforeHooks": [],
              "afterHooks": [],
              "tests": [
                {
                  "title": "should raise a dispute",
                  "fullTitle": "Dispute Functions raiseDispute and counter dispute should raise a dispute",
                  "timedOut": false,
                  "duration": 12991,
                  "state": "passed",
                  "speed": "slow",
                  "pass": true,
                  "fail": false,
                  "pending": false,
                  "context": null,
                  "code": "const raiseDisputeRequest = {\n    targetIpId: ipIdB,\n    cid: await generateCID(),\n    targetTag: src_1.DisputeTargetTag.IMPROPER_REGISTRATION,\n    liveness: 2592000,\n    bond: minimumBond,\n};\nconst response = await clientA.dispute.raiseDispute(raiseDisputeRequest);\n(0, chai_1.expect)(response.txHash).to.be.a(\"string\");\n(0, chai_1.expect)(response.disputeId).to.be.a(\"bigint\");\ndisputeId = response.disputeId;",
                  "err": {},
                  "uuid": "fbd98901-f5fd-40ff-9bfd-93937c2cc703",
                  "parentUUID": "edd603d2-983e-4ce7-a43d-528f8a1a2340",
                  "isHook": false,
                  "skipped": false
                },
                {
                  "title": "should validate all enum values defined in DisputeTargetTag",
                  "fullTitle": "Dispute Functions raiseDispute and counter dispute should validate all enum values defined in DisputeTargetTag",
                  "timedOut": false,
                  "duration": 177,
                  "state": "passed",
                  "speed": "slow",
                  "pass": true,
                  "fail": false,
                  "pending": false,
                  "context": null,
                  "code": "const allTags = Object.values(src_1.DisputeTargetTag);\nfor (const tag of allTags) {\n    const tagHex = (0, viem_1.toHex)(tag, { size: 32 });\n    const { allowed } = await clientA.dispute.disputeModuleClient.isWhitelistedDisputeTag({\n        tag: tagHex,\n    });\n    if (tag === src_1.DisputeTargetTag.IN_DISPUTE) {\n        (0, chai_1.expect)(allowed).equal(false);\n    }\n    else {\n        (0, chai_1.expect)(allowed).equal(true);\n    }\n}",
                  "err": {},
                  "uuid": "e0e4c195-a70a-41ad-8ea9-78eef929786d",
                  "parentUUID": "edd603d2-983e-4ce7-a43d-528f8a1a2340",
                  "isHook": false,
                  "skipped": false
                },
                {
                  "title": "should raise disputes with different DisputeTargetTag enum values",
                  "fullTitle": "Dispute Functions raiseDispute and counter dispute should raise disputes with different DisputeTargetTag enum values",
                  "timedOut": false,
                  "duration": 36032,
                  "state": "passed",
                  "speed": "slow",
                  "pass": true,
                  "fail": false,
                  "pending": false,
                  "context": null,
                  "code": "const allTags = Object.values(src_1.DisputeTargetTag);\nfor (const tag of allTags) {\n    const raiseDisputeRequest = {\n        targetIpId: ipIdB,\n        cid: await generateCID(),\n        targetTag: tag,\n        liveness: 2592000,\n        bond: minimumBond,\n    };\n    if (tag === src_1.DisputeTargetTag.IN_DISPUTE) {\n        await (0, chai_1.expect)(clientA.dispute.raiseDispute(raiseDisputeRequest)).to.be.rejectedWith(\"The target tag IN_DISPUTE is not whitelisted\");\n    }\n    else {\n        const response = await clientA.dispute.raiseDispute(raiseDisputeRequest);\n        (0, chai_1.expect)(response.txHash).to.be.a(\"string\");\n        (0, chai_1.expect)(response.disputeId).to.be.a(\"bigint\");\n    }\n}",
                  "err": {},
                  "uuid": "7addaceb-c925-400b-b3b0-09196178820a",
                  "parentUUID": "edd603d2-983e-4ce7-a43d-528f8a1a2340",
                  "isHook": false,
                  "skipped": false
                },
                {
                  "title": "should reject a dispute with an invalid tag not defined in the enum",
                  "fullTitle": "Dispute Functions raiseDispute and counter dispute should reject a dispute with an invalid tag not defined in the enum",
                  "timedOut": false,
                  "duration": 145,
                  "state": "passed",
                  "speed": "slow",
                  "pass": true,
                  "fail": false,
                  "pending": false,
                  "context": null,
                  "code": "await (0, chai_1.expect)(clientA.dispute.raiseDispute({\n    targetIpId: ipIdB,\n    cid: await generateCID(),\n    targetTag: \"INVALID_TAG\",\n    liveness: 2592000,\n    bond: minimumBond,\n})).to.be.rejectedWith(\"The target tag INVALID_TAG is not whitelisted\");",
                  "err": {},
                  "uuid": "61cd71d0-a99a-49bc-9c61-2a3cb79747a4",
                  "parentUUID": "edd603d2-983e-4ce7-a43d-528f8a1a2340",
                  "isHook": false,
                  "skipped": false
                },
                {
                  "title": "should be able to counter existing dispute once",
                  "fullTitle": "Dispute Functions raiseDispute and counter dispute should be able to counter existing dispute once",
                  "timedOut": false,
                  "duration": 21813,
                  "state": "passed",
                  "speed": "slow",
                  "pass": true,
                  "fail": false,
                  "pending": false,
                  "context": null,
                  "code": "const assertionId = await clientB.dispute.disputeIdToAssertionId(disputeId);\nconst counterEvidenceCID = await generateCID();\nconst ret = await clientB.dispute.disputeAssertion({\n    ipId: ipIdB,\n    assertionId,\n    counterEvidenceCID,\n});\n(0, chai_1.expect)(ret.txHash).to.be.a(\"string\");\n// should throw error if attempting to dispute assertion again\nawait (0, chai_1.expect)(clientB.dispute.disputeAssertion({\n    ipId: ipIdB,\n    assertionId,\n    counterEvidenceCID,\n})).to.be.rejected;",
                  "err": {},
                  "uuid": "b6b32121-3bdb-4eb1-85f2-4112dbfa2a1d",
                  "parentUUID": "edd603d2-983e-4ce7-a43d-528f8a1a2340",
                  "isHook": false,
                  "skipped": false
                }
              ],
              "suites": [],
              "passes": [
                "fbd98901-f5fd-40ff-9bfd-93937c2cc703",
                "e0e4c195-a70a-41ad-8ea9-78eef929786d",
                "7addaceb-c925-400b-b3b0-09196178820a",
                "61cd71d0-a99a-49bc-9c61-2a3cb79747a4",
                "b6b32121-3bdb-4eb1-85f2-4112dbfa2a1d"
              ],
              "failures": [],
              "pending": [],
              "skipped": [],
              "duration": 71158,
              "root": false,
              "rootEmpty": false,
              "_timeout": 300000
            },
            {
              "uuid": "9c6e1377-aa2d-46be-9499-222311a99ac4",
              "title": "Dispute resolution",
              "fullFile": "/home/runner/work/sdk/sdk/packages/core-sdk/test/integration/dispute.test.ts",
              "file": "/test/integration/dispute.test.ts",
              "beforeHooks": [
                {
                  "title": "\"before each\" hook in \"Dispute resolution\"",
                  "fullTitle": "Dispute Functions Dispute resolution \"before each\" hook in \"Dispute resolution\"",
                  "timedOut": false,
                  "duration": 42526,
                  "state": null,
                  "speed": null,
                  "pass": false,
                  "fail": false,
                  "pending": false,
                  "context": null,
                  "code": "// Setup NFT collection\nconst txData = await clientA.nftClient.createNFTCollection({\n    name: \"test-collection\",\n    symbol: \"TEST\",\n    maxSupply: 100,\n    isPublicMinting: true,\n    mintOpen: true,\n    contractURI: \"test-uri\",\n    mintFeeRecipient: util_1.TEST_WALLET_ADDRESS,\n});\nnftContract = txData.spgNftContract;\n// Get parent IP ID and license terms ID\nconst ipIdAndLicenseResponse = await clientA.ipAsset.mintAndRegisterIpAssetWithPilTerms({\n    spgNftContract: nftContract,\n    allowDuplicates: false,\n    licenseTermsData: [\n        {\n            terms: {\n                transferable: true,\n                royaltyPolicy: generated_1.royaltyPolicyLapAddress[util_1.aeneid],\n                defaultMintingFee: 0n,\n                expiration: 0n,\n                commercialUse: true,\n                commercialAttribution: false,\n                commercializerChecker: viem_1.zeroAddress,\n                commercializerCheckerData: viem_1.zeroAddress,\n                commercialRevShare: 90,\n                commercialRevCeiling: 0n,\n                derivativesAllowed: true,\n                derivativesAttribution: true,\n                derivativesApproval: false,\n                derivativesReciprocal: true,\n                derivativeRevCeiling: 0n,\n                currency: src_1.WIP_TOKEN_ADDRESS,\n                uri: \"\",\n            },\n            licensingConfig: {\n                isSet: true,\n                mintingFee: 0n,\n                licensingHook: viem_1.zeroAddress,\n                hookData: viem_1.zeroAddress,\n                commercialRevShare: 0,\n                disabled: false,\n                expectMinimumGroupRewardShare: 0,\n                expectGroupRewardPool: generated_1.evenSplitGroupPoolAddress[util_1.aeneid],\n            },\n        },\n    ],\n});\nparentIpId = ipIdAndLicenseResponse.ipId;\nlicenseTermsId = ipIdAndLicenseResponse.licenseTermsIds[0];\n//Create a derivative ip\nconst derivativeIpIdResponse1 = await clientA.ipAsset.mintAndRegisterIpAndMakeDerivative({\n    spgNftContract: nftContract,\n    derivData: {\n        parentIpIds: [parentIpId],\n        licenseTermsIds: [licenseTermsId],\n        maxMintingFee: 1n,\n        maxRts: 5 * 10 ** 6,\n        maxRevenueShare: 100,\n    },\n});\nchildIpId = derivativeIpIdResponse1.ipId;\n// Create a second derivative ip\nconst derivativeIpIdResponse2 = await clientA.ipAsset.mintAndRegisterIpAndMakeDerivative({\n    spgNftContract: nftContract,\n    derivData: {\n        parentIpIds: [parentIpId],\n        licenseTermsIds: [licenseTermsId],\n        maxMintingFee: 1n,\n        maxRts: 5 * 10 ** 6,\n        maxRevenueShare: 100,\n    },\n});\nchildIpId2 = derivativeIpIdResponse2.ipId;\n// Raise a dispute\nconst response = await clientA.dispute.raiseDispute({\n    targetIpId: parentIpId,\n    cid: await generateCID(),\n    targetTag: src_1.DisputeTargetTag.IMPROPER_REGISTRATION,\n    liveness: 1,\n    bond: minimumBond,\n});\ndisputeId = response.disputeId;\n// This timeout guarantees that the assertion is expired\n// its intended to be longer than the current block time\n// so it won't be included in the same block\nawait new Promise((resolve) => setTimeout(resolve, 3000));",
                  "err": {},
                  "uuid": "0028b4f7-9ad4-4d45-97c7-20eb04efc0eb",
                  "parentUUID": "9c6e1377-aa2d-46be-9499-222311a99ac4",
                  "isHook": true,
                  "skipped": false
                }
              ],
              "afterHooks": [],
              "tests": [
                {
                  "title": "should tag infringing ip",
                  "fullTitle": "Dispute Functions Dispute resolution should tag infringing ip",
                  "timedOut": false,
                  "duration": 12778,
                  "state": "passed",
                  "speed": "slow",
                  "pass": true,
                  "fail": false,
                  "pending": false,
                  "context": null,
                  "code": "await (0, oov3_1.settleAssertion)(util_1.TEST_PRIVATE_KEY, disputeId);\n// Tag derivative IP as infringing\nconst results = await clientA.dispute.tagIfRelatedIpInfringed({\n    infringementTags: [\n        {\n            ipId: childIpId,\n            disputeId: disputeId,\n        },\n        {\n            ipId: childIpId2,\n            disputeId: disputeId,\n        },\n    ],\n});\n(0, chai_1.expect)(results[0].txHash).to.be.a(\"string\");",
                  "err": {},
                  "uuid": "5178e18e-eb0a-4ac5-b34d-0b35be963dc2",
                  "parentUUID": "9c6e1377-aa2d-46be-9499-222311a99ac4",
                  "isHook": false,
                  "skipped": false
                },
                {
                  "title": "should tag a single IP as infringing without using multicall",
                  "fullTitle": "Dispute Functions Dispute resolution should tag a single IP as infringing without using multicall",
                  "timedOut": false,
                  "duration": 12775,
                  "state": "passed",
                  "speed": "slow",
                  "pass": true,
                  "fail": false,
                  "pending": false,
                  "context": null,
                  "code": "/**\n * Test Flow:\n * 1. Set judgment on an existing dispute to mark it as valid (did in `before each` block)\n * 2. Verify the dispute state changed correctly after judgment\n * 3. Try to tag a derivative IP using the judged dispute\n */\n// Step 1: Set judgment on an existing dispute to mark it as valid\nawait (0, oov3_1.settleAssertion)(util_1.TEST_PRIVATE_KEY, disputeId);\n// Step 2: Verify dispute state\n// The disputes() function returns multiple values about the dispute:\n// - targetTag: the tag we wanted to apply when raising the dispute\n// - currentTag: the current state of the dispute after judgment\n// After a successful judgment, currentTag should equal targetTag\nconst { currentTag, targetTag } = await getDisputeState(disputeId);\n(0, chai_1.expect)(currentTag).to.equal(targetTag); // Verify judgment was recorded correctly\n// Step 3: Attempt to tag a derivative IP\n// This will fail if:\n// - The dispute is not in a valid state (still IN_DISPUTE or cleared)\n// - The IP we're trying to tag is not actually a derivative of the disputed IP\n// - The dispute has already been used to tag this IP\nconst response = await clientA.dispute.tagIfRelatedIpInfringed({\n    infringementTags: [\n        {\n            ipId: childIpId, // The derivative IP to tag\n            disputeId: disputeId, // Using the judged dispute as basis for tagging\n        },\n    ],\n    options: {\n        useMulticallWhenPossible: false, // Force single transaction instead of batch\n    },\n});\n// Verify we got the expected response\n(0, chai_1.expect)(response).to.have.lengthOf(1);\n(0, chai_1.expect)(response[0].txHash).to.be.a(\"string\");",
                  "err": {},
                  "uuid": "6e0e55d4-a478-45fa-8d29-db99a313e892",
                  "parentUUID": "9c6e1377-aa2d-46be-9499-222311a99ac4",
                  "isHook": false,
                  "skipped": false
                },
                {
                  "title": "should tag multiple IPs as infringing using multicall",
                  "fullTitle": "Dispute Functions Dispute resolution should tag multiple IPs as infringing using multicall",
                  "timedOut": false,
                  "duration": 25469,
                  "state": "passed",
                  "speed": "slow",
                  "pass": true,
                  "fail": false,
                  "pending": false,
                  "context": null,
                  "code": "const disputeResponse = await clientA.dispute.raiseDispute({\n    targetIpId: parentIpId,\n    cid: await generateCID(),\n    targetTag: src_1.DisputeTargetTag.IMPROPER_REGISTRATION,\n    liveness: 1,\n    bond: minimumBond,\n});\nconst testDisputeId = disputeResponse.disputeId;\nconst derivativeResponse2 = await clientA.ipAsset.mintAndRegisterIpAndMakeDerivative({\n    spgNftContract: nftContract,\n    derivData: {\n        parentIpIds: [parentIpId],\n        licenseTermsIds: [licenseTermsId],\n        maxMintingFee: 1n,\n        maxRts: 5 * 10 ** 6,\n        maxRevenueShare: 100,\n    },\n    allowDuplicates: true,\n});\nconst newChildIpId = derivativeResponse2.ipId;\nawait (0, oov3_1.settleAssertion)(util_1.TEST_PRIVATE_KEY, testDisputeId);\n// This timeout guarantees that the assertion is expired\n// its intended to be longer than the current block time\n// so it won't be included in the same block\nawait new Promise((resolve) => setTimeout(resolve, 3000));\nconst { currentTag, targetTag } = await getDisputeState(testDisputeId);\n(0, chai_1.expect)(currentTag).to.equal(targetTag);\nconst response = await clientA.dispute.tagIfRelatedIpInfringed({\n    infringementTags: [\n        {\n            ipId: childIpId,\n            disputeId: testDisputeId,\n        },\n        {\n            ipId: newChildIpId,\n            disputeId: testDisputeId,\n        },\n    ],\n    options: {\n        useMulticallWhenPossible: true,\n    },\n});\n(0, chai_1.expect)(response).to.have.lengthOf(1);\n(0, chai_1.expect)(response[0].txHash).to.be.a(\"string\");",
                  "err": {},
                  "uuid": "41a44404-7e18-4329-81d6-272f95dc1f63",
                  "parentUUID": "9c6e1377-aa2d-46be-9499-222311a99ac4",
                  "isHook": false,
                  "skipped": false
                },
                {
                  "title": "should tag multiple IPs without multicall when specified",
                  "fullTitle": "Dispute Functions Dispute resolution should tag multiple IPs without multicall when specified",
                  "timedOut": false,
                  "duration": 26526,
                  "state": "passed",
                  "speed": "slow",
                  "pass": true,
                  "fail": false,
                  "pending": false,
                  "context": null,
                  "code": "// Create two new derivative IPs sequentially\nconst derivativeResponse3 = await clientA.ipAsset.mintAndRegisterIpAndMakeDerivative({\n    spgNftContract: nftContract,\n    derivData: {\n        parentIpIds: [parentIpId],\n        licenseTermsIds: [licenseTermsId],\n        maxMintingFee: 1n,\n        maxRts: 5 * 10 ** 6,\n        maxRevenueShare: 100,\n    },\n    allowDuplicates: true,\n});\nconst derivativeResponse4 = await clientA.ipAsset.mintAndRegisterIpAndMakeDerivative({\n    spgNftContract: nftContract,\n    derivData: {\n        parentIpIds: [parentIpId],\n        licenseTermsIds: [licenseTermsId],\n        maxMintingFee: 1n,\n        maxRts: 5 * 10 ** 6,\n        maxRevenueShare: 100,\n    },\n    allowDuplicates: true,\n});\nawait (0, oov3_1.settleAssertion)(util_1.TEST_PRIVATE_KEY, disputeId);\nconst { currentTag, targetTag } = await getDisputeState(disputeId);\n(0, chai_1.expect)(currentTag).to.equal(targetTag);\nconst responses = await clientA.dispute.tagIfRelatedIpInfringed({\n    infringementTags: [\n        {\n            ipId: derivativeResponse3.ipId,\n            disputeId: disputeId,\n        },\n        {\n            ipId: derivativeResponse4.ipId,\n            disputeId: disputeId,\n        },\n    ],\n    options: {\n        useMulticallWhenPossible: false,\n    },\n});\n(0, chai_1.expect)(responses).to.have.lengthOf(2);\n(0, chai_1.expect)(responses[0].txHash).to.be.a(\"string\");\n(0, chai_1.expect)(responses[1].txHash).to.be.a(\"string\");",
                  "err": {},
                  "uuid": "de0e031a-f71d-4048-be0d-d295d133fed3",
                  "parentUUID": "9c6e1377-aa2d-46be-9499-222311a99ac4",
                  "isHook": false,
                  "skipped": false
                },
                {
                  "title": "should fail when trying to tag with invalid dispute ID",
                  "fullTitle": "Dispute Functions Dispute resolution should fail when trying to tag with invalid dispute ID",
                  "timedOut": false,
                  "duration": 34,
                  "state": "passed",
                  "speed": "fast",
                  "pass": true,
                  "fail": false,
                  "pending": false,
                  "context": null,
                  "code": "await (0, chai_1.expect)(clientA.dispute.tagIfRelatedIpInfringed({\n    infringementTags: [\n        {\n            ipId: childIpId,\n            disputeId: 999999n,\n        },\n    ],\n})).to.be.rejected;",
                  "err": {},
                  "uuid": "3592da06-8975-40d9-8ca8-61b598611308",
                  "parentUUID": "9c6e1377-aa2d-46be-9499-222311a99ac4",
                  "isHook": false,
                  "skipped": false
                },
                {
                  "title": "should resolve a dispute successfully when initiated by dispute initiator",
                  "fullTitle": "Dispute Functions Dispute resolution should resolve a dispute successfully when initiated by dispute initiator",
                  "timedOut": false,
                  "duration": 8756,
                  "state": "passed",
                  "speed": "slow",
                  "pass": true,
                  "fail": false,
                  "pending": false,
                  "context": null,
                  "code": "await (0, oov3_1.settleAssertion)(util_1.TEST_PRIVATE_KEY, disputeId);\nconst { currentTag, targetTag } = await getDisputeState(disputeId);\n(0, chai_1.expect)(currentTag).to.equal(targetTag);\nconst response = await clientA.dispute.resolveDispute({\n    disputeId: disputeId,\n    data: \"0x\",\n});\n(0, chai_1.expect)(response.txHash).to.be.a(\"string\");",
                  "err": {},
                  "uuid": "8d53354e-f54a-4774-a2ef-0e720130ed30",
                  "parentUUID": "9c6e1377-aa2d-46be-9499-222311a99ac4",
                  "isHook": false,
                  "skipped": false
                },
                {
                  "title": "should fail when non-initiator tries to resolve the dispute",
                  "fullTitle": "Dispute Functions Dispute resolution should fail when non-initiator tries to resolve the dispute",
                  "timedOut": false,
                  "duration": 38,
                  "state": "passed",
                  "speed": "medium",
                  "pass": true,
                  "fail": false,
                  "pending": false,
                  "context": null,
                  "code": "await (0, chai_1.expect)(clientB.dispute.resolveDispute({\n    disputeId: disputeId,\n    data: \"0x\",\n})).to.be.rejectedWith(\"NotDisputeInitiator\");",
                  "err": {},
                  "uuid": "326b83e0-084c-434c-943a-1d6e7ad248f0",
                  "parentUUID": "9c6e1377-aa2d-46be-9499-222311a99ac4",
                  "isHook": false,
                  "skipped": false
                },
                {
                  "title": "should propagate IMPROPER_REGISTRATION tag to derivative IPs",
                  "fullTitle": "Dispute Functions Dispute resolution should propagate IMPROPER_REGISTRATION tag to derivative IPs",
                  "timedOut": false,
                  "duration": 12862,
                  "state": "passed",
                  "speed": "slow",
                  "pass": true,
                  "fail": false,
                  "pending": false,
                  "context": null,
                  "code": "await (0, oov3_1.settleAssertion)(util_1.TEST_PRIVATE_KEY, disputeId);\n// Verify the dispute state changed correctly\nconst { currentTag: parentCurrentTag, targetTag: parentTargetTag } = await getDisputeState(disputeId);\n(0, chai_1.expect)(parentCurrentTag).to.equal(parentTargetTag);\n// Propagate the tag to both derivative IPs\nconst results = await clientA.dispute.tagIfRelatedIpInfringed({\n    infringementTags: [\n        {\n            ipId: childIpId,\n            disputeId: disputeId,\n        },\n        {\n            ipId: childIpId2,\n            disputeId: disputeId,\n        },\n    ],\n});\nconst logData = results[0].receipt?.logs[0].data;\nconst firstWord = logData.slice(0, 66);\nconst childDisputeId = BigInt(firstWord);\n// Verify successful tagging\n(0, chai_1.expect)(results[0].txHash).to.be.a(\"string\");\nconst { currentTag: childCurrentTag } = await getDisputeState(childDisputeId);\n// Convert the IMPROPER_USAGE tag to hex for comparison\nconst improperUsageTagHex = (0, viem_1.toHex)(src_1.DisputeTargetTag.IMPROPER_REGISTRATION, { size: 32 });\n// Verify both child IPs have the IMPROPER_USAGE tag by\n// fetching and comparing their dispute tags\n(0, chai_1.expect)(parentCurrentTag).to.equal(parentTargetTag);\n(0, chai_1.expect)(childCurrentTag).to.equal(improperUsageTagHex);",
                  "err": {},
                  "uuid": "9c3c7872-8151-45ef-af7b-796d688823b4",
                  "parentUUID": "9c6e1377-aa2d-46be-9499-222311a99ac4",
                  "isHook": false,
                  "skipped": false
                }
              ],
              "suites": [],
              "passes": [
                "5178e18e-eb0a-4ac5-b34d-0b35be963dc2",
                "6e0e55d4-a478-45fa-8d29-db99a313e892",
                "41a44404-7e18-4329-81d6-272f95dc1f63",
                "de0e031a-f71d-4048-be0d-d295d133fed3",
                "3592da06-8975-40d9-8ca8-61b598611308",
                "8d53354e-f54a-4774-a2ef-0e720130ed30",
                "326b83e0-084c-434c-943a-1d6e7ad248f0",
                "9c3c7872-8151-45ef-af7b-796d688823b4"
              ],
              "failures": [],
              "pending": [],
              "skipped": [],
              "duration": 99238,
              "root": false,
              "rootEmpty": false,
              "_timeout": 300000
            }
          ],
          "passes": [
            "a4ee1136-c914-44b9-ad6c-143abe791229"
          ],
          "failures": [],
          "pending": [],
          "skipped": [],
          "duration": 9044,
          "root": false,
          "rootEmpty": false,
          "_timeout": 300000
        },
        {
          "uuid": "ccbb4291-c9cb-493c-a7d6-38a5c9e7f7e5",
          "title": "Group Functions",
          "fullFile": "/home/runner/work/sdk/sdk/packages/core-sdk/test/integration/group.test.ts",
          "file": "/test/integration/group.test.ts",
          "beforeHooks": [
            {
              "title": "\"before all\" hook in \"Group Functions\"",
              "fullTitle": "Group Functions \"before all\" hook in \"Group Functions\"",
              "timedOut": false,
              "duration": 4392,
              "state": null,
              "speed": null,
              "pass": false,
              "fail": false,
              "pending": false,
              "context": null,
              "code": "client = (0, util_1.getStoryClient)();\n// Create NFT Collection\nspgNftContract = (await client.nftClient.createNFTCollection({\n    name: \"test-collection\",\n    symbol: \"TEST\",\n    maxSupply: 100,\n    isPublicMinting: true,\n    mintOpen: true,\n    mintFeeRecipient: util_1.TEST_WALLET_ADDRESS,\n    contractURI: \"test-uri\",\n})).spgNftContract;",
              "err": {},
              "uuid": "b1088288-37cc-403f-96e6-0eb9754d7118",
              "parentUUID": "ccbb4291-c9cb-493c-a7d6-38a5c9e7f7e5",
              "isHook": true,
              "skipped": false
            }
          ],
          "afterHooks": [],
          "tests": [],
          "suites": [
            {
              "uuid": "8820060b-ab3b-41dd-9d22-54897bf0b640",
              "title": "Group Operations",
              "fullFile": "/home/runner/work/sdk/sdk/packages/core-sdk/test/integration/group.test.ts",
              "file": "/test/integration/group.test.ts",
              "beforeHooks": [
                {
                  "title": "\"before all\" hook in \"Group Operations\"",
                  "fullTitle": "Group Functions Group Operations \"before all\" hook in \"Group Operations\"",
                  "timedOut": false,
                  "duration": 9132,
                  "state": null,
                  "speed": null,
                  "pass": false,
                  "fail": false,
                  "pending": false,
                  "context": null,
                  "code": "// Create initial IP with license terms\nconst result = await client.ipAsset.mintAndRegisterIpAssetWithPilTerms({\n    spgNftContract,\n    allowDuplicates: false,\n    licenseTermsData,\n});\nlicenseTermsId = result.licenseTermsIds[0];\nipId = result.ipId;\n// Set licensing config\nawait client.license.setLicensingConfig({\n    ipId,\n    licenseTermsId,\n    licenseTemplate: generated_1.piLicenseTemplateAddress[util_1.aeneid],\n    licensingConfig: {\n        isSet: true,\n        mintingFee: 0n,\n        licensingHook: viem_1.zeroAddress,\n        hookData: viem_1.zeroAddress,\n        commercialRevShare: 0,\n        disabled: false,\n        expectMinimumGroupRewardShare: 0,\n        expectGroupRewardPool: groupPoolAddress,\n    },\n});",
                  "err": {},
                  "uuid": "e4caa326-15ba-41b7-a7e0-c7134cb64af7",
                  "parentUUID": "8820060b-ab3b-41dd-9d22-54897bf0b640",
                  "isHook": true,
                  "skipped": false
                }
              ],
              "afterHooks": [],
              "tests": [
                {
                  "title": "should successfully register group and attach license",
                  "fullTitle": "Group Functions Group Operations should successfully register group and attach license",
                  "timedOut": false,
                  "duration": 4385,
                  "state": "passed",
                  "speed": "slow",
                  "pass": true,
                  "fail": false,
                  "pending": false,
                  "context": null,
                  "code": "const result = await client.groupClient.registerGroupAndAttachLicense({\n    groupPool: groupPoolAddress,\n    licenseData: {\n        licenseTermsId,\n        licensingConfig: {\n            isSet: true,\n            mintingFee: 0n,\n            licensingHook: viem_1.zeroAddress,\n            hookData: viem_1.zeroAddress,\n            commercialRevShare: 0,\n            disabled: false,\n            expectMinimumGroupRewardShare: 0,\n            expectGroupRewardPool: viem_1.zeroAddress,\n        },\n    },\n});\ngroupId = result.groupId;\n(0, chai_1.expect)(result.txHash).to.be.a(\"string\");\n(0, chai_1.expect)(result.groupId).to.be.a(\"string\");",
                  "err": {},
                  "uuid": "69b27773-516e-47d0-8a11-18e2f46c31b0",
                  "parentUUID": "8820060b-ab3b-41dd-9d22-54897bf0b640",
                  "isHook": false,
                  "skipped": false
                },
                {
                  "title": "should successfully mint, register IP, attach license and add to group",
                  "fullTitle": "Group Functions Group Operations should successfully mint, register IP, attach license and add to group",
                  "timedOut": false,
                  "duration": 4496,
                  "state": "passed",
                  "speed": "slow",
                  "pass": true,
                  "fail": false,
                  "pending": false,
                  "context": null,
                  "code": "const result = await client.groupClient.mintAndRegisterIpAndAttachLicenseAndAddToGroup({\n    groupId,\n    spgNftContract,\n    licenseData: [\n        {\n            licenseTermsId,\n            licensingConfig: {\n                isSet: true,\n                mintingFee: 0n,\n                licensingHook: viem_1.zeroAddress,\n                hookData: viem_1.zeroAddress,\n                commercialRevShare: 0,\n                disabled: false,\n                expectMinimumGroupRewardShare: 0,\n                expectGroupRewardPool: groupPoolAddress,\n            },\n        },\n    ],\n    maxAllowedRewardShare: 100,\n});\n(0, chai_1.expect)(result.txHash).to.be.a(\"string\");\n(0, chai_1.expect)(result.ipId).to.be.a(\"string\");",
                  "err": {},
                  "uuid": "136a11f0-7d8e-454d-8d28-e4102c951e51",
                  "parentUUID": "8820060b-ab3b-41dd-9d22-54897bf0b640",
                  "isHook": false,
                  "skipped": false
                },
                {
                  "title": "should successfully register a basic group",
                  "fullTitle": "Group Functions Group Operations should successfully register a basic group",
                  "timedOut": false,
                  "duration": 4381,
                  "state": "passed",
                  "speed": "slow",
                  "pass": true,
                  "fail": false,
                  "pending": false,
                  "context": null,
                  "code": "const result = await client.groupClient.registerGroup({\n    groupPool: groupPoolAddress,\n});\n(0, chai_1.expect)(result.txHash).to.be.a(\"string\");\n(0, chai_1.expect)(result.groupId).to.be.a(\"string\");",
                  "err": {},
                  "uuid": "3bf0f2b4-a7a4-4bdd-9eed-875661f89693",
                  "parentUUID": "8820060b-ab3b-41dd-9d22-54897bf0b640",
                  "isHook": false,
                  "skipped": false
                },
                {
                  "title": "should successfully register existing IP with license and add to group",
                  "fullTitle": "Group Functions Group Operations should successfully register existing IP with license and add to group",
                  "timedOut": false,
                  "duration": 8972,
                  "state": "passed",
                  "speed": "slow",
                  "pass": true,
                  "fail": false,
                  "pending": false,
                  "context": null,
                  "code": "const tokenId = await (0, util_1.mintBySpg)(spgNftContract, \"test-metadata\");\nconst result = await client.groupClient.registerIpAndAttachLicenseAndAddToGroup({\n    groupId,\n    nftContract: spgNftContract,\n    tokenId,\n    licenseData: [\n        {\n            licenseTermsId,\n            licensingConfig: {\n                isSet: true,\n                mintingFee: 0n,\n                licensingHook: viem_1.zeroAddress,\n                hookData: viem_1.zeroAddress,\n                commercialRevShare: 0,\n                disabled: false,\n                expectMinimumGroupRewardShare: 0,\n                expectGroupRewardPool: groupPoolAddress,\n            },\n        },\n    ],\n});\n(0, chai_1.expect)(result.txHash).to.be.a(\"string\");\n(0, chai_1.expect)(result.ipId).to.be.a(\"string\");",
                  "err": {},
                  "uuid": "d1826c25-7e45-4d30-a76d-0a6c90f387c3",
                  "parentUUID": "8820060b-ab3b-41dd-9d22-54897bf0b640",
                  "isHook": false,
                  "skipped": false
                },
                {
                  "title": "should successfully register group with license and add multiple IPs",
                  "fullTitle": "Group Functions Group Operations should successfully register group with license and add multiple IPs",
                  "timedOut": false,
                  "duration": 4420,
                  "state": "passed",
                  "speed": "slow",
                  "pass": true,
                  "fail": false,
                  "pending": false,
                  "context": null,
                  "code": "const result = await client.groupClient.registerGroupAndAttachLicenseAndAddIps({\n    groupPool: groupPoolAddress,\n    maxAllowedRewardShare: 50,\n    ipIds: [ipId],\n    licenseData: {\n        licenseTermsId,\n        licensingConfig: {\n            isSet: true,\n            mintingFee: 0n,\n            licensingHook: viem_1.zeroAddress,\n            hookData: viem_1.zeroAddress,\n            commercialRevShare: 0,\n            disabled: false,\n            expectMinimumGroupRewardShare: 0,\n            expectGroupRewardPool: viem_1.zeroAddress,\n        },\n    },\n});\n(0, chai_1.expect)(result.txHash).to.be.a(\"string\");\n(0, chai_1.expect)(result.groupId).to.be.a(\"string\");",
                  "err": {},
                  "uuid": "35a42ff2-f8bf-412d-b6c3-d4773d623371",
                  "parentUUID": "8820060b-ab3b-41dd-9d22-54897bf0b640",
                  "isHook": false,
                  "skipped": false
                },
                {
                  "title": "should fail when trying to add unregistered IP to group",
                  "fullTitle": "Group Functions Group Operations should fail when trying to add unregistered IP to group",
                  "timedOut": false,
                  "duration": 41,
                  "state": "passed",
                  "speed": "medium",
                  "pass": true,
                  "fail": false,
                  "pending": false,
                  "context": null,
                  "code": "await (0, chai_1.expect)(client.groupClient.registerGroupAndAttachLicenseAndAddIps({\n    groupPool: groupPoolAddress,\n    maxAllowedRewardShare: 5,\n    ipIds: [viem_1.zeroAddress], // Invalid IP address\n    licenseData: {\n        licenseTermsId,\n        licensingConfig: {\n            isSet: true,\n            mintingFee: 0n,\n            licensingHook: viem_1.zeroAddress,\n            hookData: viem_1.zeroAddress,\n            commercialRevShare: 0,\n            disabled: false,\n            expectMinimumGroupRewardShare: 0,\n            expectGroupRewardPool: viem_1.zeroAddress,\n        },\n    },\n})).to.be.rejectedWith(\"Failed to register group and attach license and add ips\");",
                  "err": {},
                  "uuid": "174a25e7-d1db-4644-bb2e-4318d6fdcbdd",
                  "parentUUID": "8820060b-ab3b-41dd-9d22-54897bf0b640",
                  "isHook": false,
                  "skipped": false
                }
              ],
              "suites": [
                {
                  "uuid": "e07ff871-5be5-48a0-a451-61d947c42b27",
                  "title": "Add IPs to Group and Remove IPs from Group",
                  "fullFile": "/home/runner/work/sdk/sdk/packages/core-sdk/test/integration/group.test.ts",
                  "file": "/test/integration/group.test.ts",
                  "beforeHooks": [],
                  "afterHooks": [],
                  "tests": [
                    {
                      "title": "should successfully add multiple IPs to group",
                      "fullTitle": "Group Functions Group Operations Add IPs to Group and Remove IPs from Group should successfully add multiple IPs to group",
                      "timedOut": false,
                      "duration": 13361,
                      "state": "passed",
                      "speed": "slow",
                      "pass": true,
                      "fail": false,
                      "pending": false,
                      "context": null,
                      "code": "const registerResult = await client.ipAsset.batchMintAndRegisterIpAssetWithPilTerms({\n    args: [\n        {\n            spgNftContract,\n            licenseTermsData,\n        },\n        {\n            spgNftContract,\n            licenseTermsData,\n        },\n        {\n            spgNftContract,\n            licenseTermsData,\n        },\n    ],\n});\nipIds = registerResult.results?.map((result) => result.ipId) ?? [];\nconst result = await client.groupClient.addIpsToGroup({\n    groupIpId: groupId,\n    ipIds: ipIds,\n    maxAllowedRewardSharePercentage: 55,\n});\n(0, chai_1.expect)(result.txHash).to.be.a(\"string\");",
                      "err": {},
                      "uuid": "8af4dcf6-c78b-4962-b1fa-99a4145c27f1",
                      "parentUUID": "e07ff871-5be5-48a0-a451-61d947c42b27",
                      "isHook": false,
                      "skipped": false
                    },
                    {
                      "title": "should successfully remove IPs from group",
                      "fullTitle": "Group Functions Group Operations Add IPs to Group and Remove IPs from Group should successfully remove IPs from group",
                      "timedOut": false,
                      "duration": 4382,
                      "state": "passed",
                      "speed": "slow",
                      "pass": true,
                      "fail": false,
                      "pending": false,
                      "context": null,
                      "code": "const result = await client.groupClient.removeIpsFromGroup({\n    groupIpId: groupId,\n    ipIds: ipIds,\n});\n(0, chai_1.expect)(result.txHash).to.be.a(\"string\");",
                      "err": {},
                      "uuid": "548fd56e-183c-41ea-b3a3-c3f20ce90817",
                      "parentUUID": "e07ff871-5be5-48a0-a451-61d947c42b27",
                      "isHook": false,
                      "skipped": false
                    },
                    {
                      "title": "should fail when trying to remove IPs from a non-existent group",
                      "fullTitle": "Group Functions Group Operations Add IPs to Group and Remove IPs from Group should fail when trying to remove IPs from a non-existent group",
                      "timedOut": false,
                      "duration": 4704,
                      "state": "passed",
                      "speed": "slow",
                      "pass": true,
                      "fail": false,
                      "pending": false,
                      "context": null,
                      "code": "const registerResult = await client.ipAsset.mintAndRegisterIpAssetWithPilTerms({\n    spgNftContract,\n    licenseTermsData,\n});\nconst testIpId = registerResult.ipId;\nconst nonExistentGroupId = viem_1.zeroAddress;\nawait (0, chai_1.expect)(client.groupClient.removeIpsFromGroup({\n    groupIpId: nonExistentGroupId,\n    ipIds: [testIpId],\n})).to.be.rejectedWith(\"Failed to remove IPs from group\");",
                      "err": {},
                      "uuid": "418edd2f-bcba-489c-a54d-cb5f407fcd2e",
                      "parentUUID": "e07ff871-5be5-48a0-a451-61d947c42b27",
                      "isHook": false,
                      "skipped": false
                    },
                    {
                      "title": "should fail when trying to remove non-existent IPs from a group",
                      "fullTitle": "Group Functions Group Operations Add IPs to Group and Remove IPs from Group should fail when trying to remove non-existent IPs from a group",
                      "timedOut": false,
                      "duration": 4432,
                      "state": "passed",
                      "speed": "slow",
                      "pass": true,
                      "fail": false,
                      "pending": false,
                      "context": null,
                      "code": "const groupResult = await client.groupClient.registerGroup({\n    groupPool: groupPoolAddress,\n});\nconst testGroupId = groupResult.groupId;\nconst nonExistentIpId = viem_1.zeroAddress;\nawait (0, chai_1.expect)(client.groupClient.removeIpsFromGroup({\n    groupIpId: testGroupId,\n    ipIds: [nonExistentIpId],\n})).to.be.rejectedWith(\"Failed to remove IPs from group\");",
                      "err": {},
                      "uuid": "84c88449-5f84-4285-9369-f16f9c6efbcf",
                      "parentUUID": "e07ff871-5be5-48a0-a451-61d947c42b27",
                      "isHook": false,
                      "skipped": false
                    }
                  ],
                  "suites": [],
                  "passes": [
                    "8af4dcf6-c78b-4962-b1fa-99a4145c27f1",
                    "548fd56e-183c-41ea-b3a3-c3f20ce90817",
                    "418edd2f-bcba-489c-a54d-cb5f407fcd2e",
                    "84c88449-5f84-4285-9369-f16f9c6efbcf"
                  ],
                  "failures": [],
                  "pending": [],
                  "skipped": [],
                  "duration": 26879,
                  "root": false,
                  "rootEmpty": false,
                  "_timeout": 300000
                }
              ],
              "passes": [
                "69b27773-516e-47d0-8a11-18e2f46c31b0",
                "136a11f0-7d8e-454d-8d28-e4102c951e51",
                "3bf0f2b4-a7a4-4bdd-9eed-875661f89693",
                "d1826c25-7e45-4d30-a76d-0a6c90f387c3",
                "35a42ff2-f8bf-412d-b6c3-d4773d623371",
                "174a25e7-d1db-4644-bb2e-4318d6fdcbdd"
              ],
              "failures": [],
              "pending": [],
              "skipped": [],
              "duration": 26695,
              "root": false,
              "rootEmpty": false,
              "_timeout": 300000
            },
            {
              "uuid": "6f08b449-94aa-44d3-bc70-d18485741366",
              "title": "Collect Royalty and Claim Reward",
              "fullFile": "/home/runner/work/sdk/sdk/packages/core-sdk/test/integration/group.test.ts",
              "file": "/test/integration/group.test.ts",
              "beforeHooks": [
                {
                  "title": "\"before all\" hook in \"Collect Royalty and Claim Reward\"",
                  "fullTitle": "Group Functions Collect Royalty and Claim Reward \"before all\" hook in \"Collect Royalty and Claim Reward\"",
                  "timedOut": false,
                  "duration": 9066,
                  "state": null,
                  "speed": null,
                  "pass": false,
                  "fail": false,
                  "pending": false,
                  "context": null,
                  "code": "// Register IP id\nconst result1 = await mintAndRegisterIpAssetWithPilTermsHelper();\nipId = result1.ipId;\nlicenseTermsId = result1.licenseTermsIds[0];\n// Register group id\ngroupIpId = await registerGroupAndAttachLicenseHelper(licenseTermsId, [ipId]);",
                  "err": {},
                  "uuid": "c2fff9a1-40c0-40c1-883d-acb686eb9012",
                  "parentUUID": "6f08b449-94aa-44d3-bc70-d18485741366",
                  "isHook": true,
                  "skipped": false
                }
              ],
              "afterHooks": [],
              "tests": [
                {
                  "title": "should successfully collect royalties",
                  "fullTitle": "Group Functions Collect Royalty and Claim Reward should successfully collect royalties",
                  "timedOut": false,
                  "duration": 18005,
                  "state": "passed",
                  "speed": "slow",
                  "pass": true,
                  "fail": false,
                  "pending": false,
                  "context": null,
                  "code": "// Mint and register child IP id\nconst childIpId = await mintAndRegisterIpAndMakeDerivativeHelper(groupIpId, licenseTermsId);\n// Pay royalties from child IP id to group IP id and transfer to vault\nawait payRoyaltyAndTransferToVaultHelper(childIpId, groupIpId, src_1.WIP_TOKEN_ADDRESS, 100n);\n// Collect royalties\nconst result = await client.groupClient.collectRoyalties({\n    groupIpId,\n    currencyToken: src_1.WIP_TOKEN_ADDRESS,\n});\n(0, chai_1.expect)(result.txHash).to.be.a(\"string\");\n(0, chai_1.expect)(result.collectedRoyalties).to.equal(10n);",
                  "err": {},
                  "uuid": "d2feece2-c38c-4282-83c9-e0799adaccba",
                  "parentUUID": "6f08b449-94aa-44d3-bc70-d18485741366",
                  "isHook": false,
                  "skipped": false
                },
                {
                  "title": "should successfully get claimable reward",
                  "fullTitle": "Group Functions Collect Royalty and Claim Reward should successfully get claimable reward",
                  "timedOut": false,
                  "duration": 32,
                  "state": "passed",
                  "speed": "fast",
                  "pass": true,
                  "fail": false,
                  "pending": false,
                  "context": null,
                  "code": "const result = await client.groupClient.getClaimableReward({\n    groupIpId: groupIpId,\n    currencyToken: src_1.WIP_TOKEN_ADDRESS,\n    memberIpIds: [ipId],\n});\n(0, chai_1.expect)(result).to.deep.equal([10n]);",
                  "err": {},
                  "uuid": "647f8478-c1b1-4e53-a9c0-fe4dcaf44bcd",
                  "parentUUID": "6f08b449-94aa-44d3-bc70-d18485741366",
                  "isHook": false,
                  "skipped": false
                },
                {
                  "title": "should successfully claim reward",
                  "fullTitle": "Group Functions Collect Royalty and Claim Reward should successfully claim reward",
                  "timedOut": false,
                  "duration": 8985,
                  "state": "passed",
                  "speed": "slow",
                  "pass": true,
                  "fail": false,
                  "pending": false,
                  "context": null,
                  "code": "// Mint license tokens to the IP id which doesn't have a royalty vault\nawait client.license.mintLicenseTokens({\n    licensorIpId: ipId,\n    licenseTermsId,\n    amount: 100,\n    maxMintingFee: 1,\n    maxRevenueShare: 100,\n});\n// Claim reward\nconst result = await client.groupClient.claimReward({\n    groupIpId: groupIpId,\n    currencyToken: src_1.WIP_TOKEN_ADDRESS,\n    memberIpIds: [ipId],\n});\n(0, chai_1.expect)(result.txHash).to.be.a(\"string\");\n(0, chai_1.expect)(result.claimedReward?.[0].amount[0]).to.equal(10n);",
                  "err": {},
                  "uuid": "959dc90a-c737-4c03-86cd-d6da19348b77",
                  "parentUUID": "6f08b449-94aa-44d3-bc70-d18485741366",
                  "isHook": false,
                  "skipped": false
                },
                {
                  "title": "should fail when trying to claim reward for a non-existent group",
                  "fullTitle": "Group Functions Collect Royalty and Claim Reward should fail when trying to claim reward for a non-existent group",
                  "timedOut": false,
                  "duration": 41,
                  "state": "passed",
                  "speed": "medium",
                  "pass": true,
                  "fail": false,
                  "pending": false,
                  "context": null,
                  "code": "const nonExistentGroupId = viem_1.zeroAddress;\nawait (0, chai_1.expect)(client.groupClient.claimReward({\n    groupIpId: nonExistentGroupId,\n    currencyToken: src_1.WIP_TOKEN_ADDRESS,\n    memberIpIds: [ipId],\n})).to.be.rejectedWith(\"Failed to claim reward\");",
                  "err": {},
                  "uuid": "28c3253a-e151-484a-ae99-fee2f21798a8",
                  "parentUUID": "6f08b449-94aa-44d3-bc70-d18485741366",
                  "isHook": false,
                  "skipped": false
                },
                {
                  "title": "should fail when trying to claim reward with invalid token address",
                  "fullTitle": "Group Functions Collect Royalty and Claim Reward should fail when trying to claim reward with invalid token address",
                  "timedOut": false,
                  "duration": 41,
                  "state": "passed",
                  "speed": "medium",
                  "pass": true,
                  "fail": false,
                  "pending": false,
                  "context": null,
                  "code": "const invalidTokenAddress = viem_1.zeroAddress;\nawait (0, chai_1.expect)(client.groupClient.claimReward({\n    groupIpId: groupIpId,\n    currencyToken: invalidTokenAddress,\n    memberIpIds: [ipId],\n})).to.be.rejectedWith(\"Failed to claim reward\");",
                  "err": {},
                  "uuid": "10a020c5-dc23-4bda-b943-eefa79019292",
                  "parentUUID": "6f08b449-94aa-44d3-bc70-d18485741366",
                  "isHook": false,
                  "skipped": false
                },
                {
                  "title": "should successfully collect royalties and claim reward in one transaction",
                  "fullTitle": "Group Functions Collect Royalty and Claim Reward should successfully collect royalties and claim reward in one transaction",
                  "timedOut": false,
                  "duration": 49746,
                  "state": "passed",
                  "speed": "slow",
                  "pass": true,
                  "fail": false,
                  "pending": false,
                  "context": null,
                  "code": "const ipIds = [];\nconst result1 = await mintAndRegisterIpAssetWithPilTermsHelper();\nconst result2 = await mintAndRegisterIpAssetWithPilTermsHelper();\nipIds.push(result1.ipId);\nipIds.push(result2.ipId);\nlicenseTermsId = result1.licenseTermsIds[0];\nconst groupId = await registerGroupAndAttachLicenseHelper(licenseTermsId, ipIds);\nconst childIpId1 = await mintAndRegisterIpAndMakeDerivativeHelper(groupId, licenseTermsId);\nconst childIpId2 = await mintAndRegisterIpAndMakeDerivativeHelper(groupId, licenseTermsId);\nawait payRoyaltyAndTransferToVaultHelper(childIpId1, groupId, src_1.WIP_TOKEN_ADDRESS, 100n);\nawait payRoyaltyAndTransferToVaultHelper(childIpId2, groupId, src_1.WIP_TOKEN_ADDRESS, 100n);\nconst result = await client.groupClient.collectAndDistributeGroupRoyalties({\n    groupIpId: groupId,\n    currencyTokens: [src_1.WIP_TOKEN_ADDRESS],\n    memberIpIds: ipIds,\n});\n(0, chai_1.expect)(result.txHash).to.be.a(\"string\");\n(0, chai_1.expect)(result.collectedRoyalties?.[0].amount).to.equal(20n);\n(0, chai_1.expect)(result.royaltiesDistributed?.[0].amount).to.equal(10n);\n(0, chai_1.expect)(result.royaltiesDistributed?.[1].amount).to.equal(10n);",
                  "err": {},
                  "uuid": "e41f6374-209b-4ecc-bb28-53ebe184eb7a",
                  "parentUUID": "6f08b449-94aa-44d3-bc70-d18485741366",
                  "isHook": false,
                  "skipped": false
                }
              ],
              "suites": [],
              "passes": [
                "d2feece2-c38c-4282-83c9-e0799adaccba",
                "647f8478-c1b1-4e53-a9c0-fe4dcaf44bcd",
                "959dc90a-c737-4c03-86cd-d6da19348b77",
                "28c3253a-e151-484a-ae99-fee2f21798a8",
                "10a020c5-dc23-4bda-b943-eefa79019292",
                "e41f6374-209b-4ecc-bb28-53ebe184eb7a"
              ],
              "failures": [],
              "pending": [],
              "skipped": [],
              "duration": 76850,
              "root": false,
              "rootEmpty": false,
              "_timeout": 300000
            }
          ],
          "passes": [],
          "failures": [],
          "pending": [],
          "skipped": [],
          "duration": 0,
          "root": false,
          "rootEmpty": false,
          "_timeout": 300000
        },
        {
          "uuid": "99b4c7fd-a31d-4170-bc83-0795d34abbdf",
          "title": "IPAccount Functions",
          "fullFile": "/home/runner/work/sdk/sdk/packages/core-sdk/test/integration/ipAccount.test.ts",
          "file": "/test/integration/ipAccount.test.ts",
          "beforeHooks": [
            {
              "title": "\"before all\" hook in \"IPAccount Functions\"",
              "fullTitle": "IPAccount Functions \"before all\" hook in \"IPAccount Functions\"",
              "timedOut": false,
              "duration": 8764,
              "state": null,
              "speed": null,
              "pass": false,
              "fail": false,
              "pending": false,
              "context": null,
              "code": "client = (0, util_1.getStoryClient)();\nconst tokenId = await (0, util_1.getTokenId)();\nconst registerResult = await client.ipAsset.register({\n    nftContract: util_1.mockERC721,\n    tokenId: tokenId,\n});\nipId = registerResult.ipId;\ndata = (0, viem_1.encodeFunctionData)({\n    abi: generated_1.accessControllerAbi,\n    functionName: \"setTransientPermission\",\n    args: [\n        (0, viem_1.getAddress)(ipId),\n        (0, viem_1.getAddress)(util_1.TEST_WALLET_ADDRESS),\n        (0, viem_1.getAddress)(coreMetadataModule),\n        (0, viem_1.toFunctionSelector)(\"function setAll(address,string,bytes32,bytes32)\"),\n        src_1.AccessPermission.ALLOW,\n    ],\n});",
              "err": {},
              "uuid": "44a07e53-49d5-46f6-81a3-a0afc1c02319",
              "parentUUID": "99b4c7fd-a31d-4170-bc83-0795d34abbdf",
              "isHook": true,
              "skipped": false
            }
          ],
          "afterHooks": [],
          "tests": [
            {
              "title": "should successfully set ip metadata",
              "fullTitle": "IPAccount Functions should successfully set ip metadata",
              "timedOut": false,
              "duration": 4392,
              "state": "passed",
              "speed": "slow",
              "pass": true,
              "fail": false,
              "pending": false,
              "context": null,
              "code": "const txHash = await client.ipAccount.setIpMetadata({\n    ipId: ipId,\n    metadataURI: \"https://example.com\",\n    metadataHash: (0, viem_1.toHex)(\"test\", { size: 32 }),\n});\n(0, chai_1.expect)(txHash).to.be.a(\"string\");",
              "err": {},
              "uuid": "bda9683f-04a6-4ad5-85ad-3421afc106bc",
              "parentUUID": "99b4c7fd-a31d-4170-bc83-0795d34abbdf",
              "isHook": false,
              "skipped": false
            },
            {
              "title": "should successfully transfer ERC20 tokens",
              "fullTitle": "IPAccount Functions should successfully transfer ERC20 tokens",
              "timedOut": false,
              "duration": 17704,
              "state": "passed",
              "speed": "slow",
              "pass": true,
              "fail": false,
              "pending": false,
              "context": null,
              "code": "const erc20 = new generated_1.Erc20Client(util_1.publicClient, util_1.walletClient);\n// 1. Query token balance of ipId and wallet before\nconst initialErc20BalanceOfIpId = await erc20.balanceOf({\n    account: ipId,\n});\nconst initialErc20BalanceOfWallet = await erc20.balanceOf({\n    account: util_1.TEST_WALLET_ADDRESS,\n});\nconst initialWipBalanceOfIpId = await client.wipClient.balanceOf(ipId);\nconst initialWipBalanceOfWallet = await client.wipClient.balanceOf(util_1.TEST_WALLET_ADDRESS);\n// 2. transfer erc20 token to the ip account\nconst txHash = await erc20.mint({\n    to: ipId,\n    amount: (0, viem_1.parseEther)(\"0.002\"),\n});\nawait util_1.publicClient.waitForTransactionReceipt({\n    hash: txHash,\n});\n// 3. transfer wip to the ip account\nawait client.wipClient.deposit({\n    amount: 1n,\n});\nawait client.wipClient.transfer({\n    to: ipId,\n    amount: 1n,\n});\n// 4. transfer token of ip account to wallet address\nconst ret = await client.ipAccount.transferErc20({\n    ipId,\n    tokens: [\n        {\n            address: src_1.WIP_TOKEN_ADDRESS,\n            target: util_1.TEST_WALLET_ADDRESS,\n            amount: 1n,\n        },\n        {\n            address: erc20.address,\n            target: util_1.TEST_WALLET_ADDRESS,\n            amount: (0, viem_1.parseEther)(\"0.001\"),\n        },\n        {\n            address: erc20.address,\n            target: util_1.TEST_WALLET_ADDRESS,\n            amount: (0, viem_1.parseEther)(\"0.001\"),\n        },\n    ],\n});\n// 5. query token balance of ipId and wallet address after\nconst finalErc20BalanceOfIpId = await erc20.balanceOf({\n    account: ipId,\n});\nconst finalWipBalanceOfIpId = await client.wipClient.balanceOf(ipId);\nconst finalErc20BalanceOfWallet = await erc20.balanceOf({\n    account: util_1.TEST_WALLET_ADDRESS,\n});\nconst finalWipBalanceOfWallet = await client.wipClient.balanceOf(util_1.TEST_WALLET_ADDRESS);\n(0, chai_1.expect)(ret.txHash).to.be.a(\"string\");\n(0, chai_1.expect)(finalErc20BalanceOfIpId).to.equal(initialErc20BalanceOfIpId);\n(0, chai_1.expect)(finalWipBalanceOfIpId).to.equal(initialWipBalanceOfIpId);\n(0, chai_1.expect)(finalErc20BalanceOfWallet).to.equal(initialErc20BalanceOfWallet + (0, viem_1.parseEther)(\"0.002\"));\n(0, chai_1.expect)(finalWipBalanceOfWallet).to.equal(initialWipBalanceOfWallet + 1n);",
              "err": {},
              "uuid": "9ed1f509-4ee8-45ae-a2ee-b11d1accea73",
              "parentUUID": "99b4c7fd-a31d-4170-bc83-0795d34abbdf",
              "isHook": false,
              "skipped": false
            }
          ],
          "suites": [
            {
              "uuid": "f915f06a-182c-493d-9e8f-5a961a4fab05",
              "title": "execute",
              "fullFile": "/home/runner/work/sdk/sdk/packages/core-sdk/test/integration/ipAccount.test.ts",
              "file": "/test/integration/ipAccount.test.ts",
              "beforeHooks": [],
              "afterHooks": [],
              "tests": [
                {
                  "title": "should successfully execute a transaction",
                  "fullTitle": "IPAccount Functions execute should successfully execute a transaction",
                  "timedOut": false,
                  "duration": 4348,
                  "state": "passed",
                  "speed": "slow",
                  "pass": true,
                  "fail": false,
                  "pending": false,
                  "context": null,
                  "code": "const response = await client.ipAccount.execute({\n    to: permissionAddress,\n    value: 0,\n    data: data,\n    ipId: ipId,\n});\n(0, chai_1.expect)(response.txHash).to.be.a(\"string\");",
                  "err": {},
                  "uuid": "caff935f-5d84-4f1c-a296-8533158e7ba0",
                  "parentUUID": "f915f06a-182c-493d-9e8f-5a961a4fab05",
                  "isHook": false,
                  "skipped": false
                },
                {
                  "title": "should fail with invalid ipId",
                  "fullTitle": "IPAccount Functions execute should fail with invalid ipId",
                  "timedOut": false,
                  "duration": 46,
                  "state": "passed",
                  "speed": "medium",
                  "pass": true,
                  "fail": false,
                  "pending": false,
                  "context": null,
                  "code": "await (0, chai_1.expect)(client.ipAccount.execute({\n    to: permissionAddress,\n    value: 0,\n    data: data,\n    ipId: \"0x0000000000000000000000000000000000000000\",\n})).to.be.rejected;",
                  "err": {},
                  "uuid": "0b4e12ba-a042-4306-a799-5ba3bd3d14ff",
                  "parentUUID": "f915f06a-182c-493d-9e8f-5a961a4fab05",
                  "isHook": false,
                  "skipped": false
                }
              ],
              "suites": [],
              "passes": [
                "caff935f-5d84-4f1c-a296-8533158e7ba0",
                "0b4e12ba-a042-4306-a799-5ba3bd3d14ff"
              ],
              "failures": [],
              "pending": [],
              "skipped": [],
              "duration": 4394,
              "root": false,
              "rootEmpty": false,
              "_timeout": 300000
            },
            {
              "uuid": "d6afd148-5303-4f8a-be2b-e3ba3ea8166c",
              "title": "executeWithSig",
              "fullFile": "/home/runner/work/sdk/sdk/packages/core-sdk/test/integration/ipAccount.test.ts",
              "file": "/test/integration/ipAccount.test.ts",
              "beforeHooks": [],
              "afterHooks": [],
              "tests": [
                {
                  "title": "should successfully execute with valid signature",
                  "fullTitle": "IPAccount Functions executeWithSig should successfully execute with valid signature",
                  "timedOut": false,
                  "duration": 4422,
                  "state": "passed",
                  "speed": "slow",
                  "pass": true,
                  "fail": false,
                  "pending": false,
                  "context": null,
                  "code": "// Get the IP Account nonce (state)\nconst nonceResult = await client.ipAccount.getIpAccountNonce(ipId);\n// Generate signature for the execute operation itself\n// We need to sign the data that will be executed, not the permission data\nconst { signature } = await (0, src_1.getSignature)({\n    state: nonceResult,\n    to: permissionAddress,\n    encodeData: data,\n    wallet: util_1.walletClient,\n    verifyingContract: ipId,\n    deadline: VALID_DEADLINE,\n    chainId: util_1.aeneid,\n});\n// Execute with signature\nconst response = await client.ipAccount.executeWithSig({\n    to: permissionAddress,\n    data: data,\n    ipId: ipId,\n    signer: util_1.TEST_WALLET_ADDRESS,\n    deadline: VALID_DEADLINE,\n    signature: signature,\n});\n(0, chai_1.expect)(response.txHash).to.be.a(\"string\");",
                  "err": {},
                  "uuid": "3b22a11e-edf6-4fec-8543-d7cd0f69daaf",
                  "parentUUID": "d6afd148-5303-4f8a-be2b-e3ba3ea8166c",
                  "isHook": false,
                  "skipped": false
                },
                {
                  "title": "should fail with expired deadline",
                  "fullTitle": "IPAccount Functions executeWithSig should fail with expired deadline",
                  "timedOut": false,
                  "duration": 40,
                  "state": "passed",
                  "speed": "medium",
                  "pass": true,
                  "fail": false,
                  "pending": false,
                  "context": null,
                  "code": "await (0, chai_1.expect)(client.ipAccount.executeWithSig({\n    to: permissionAddress,\n    data: data,\n    ipId: ipId,\n    signer: util_1.TEST_WALLET_ADDRESS,\n    deadline: EXPIRED_DEADLINE,\n    signature: \"0x\",\n})).to.be.rejectedWith(\"IPAccount__ExpiredSignature\");",
                  "err": {},
                  "uuid": "6e86323b-fe54-48c1-bdbc-2c40d6f4ef4c",
                  "parentUUID": "d6afd148-5303-4f8a-be2b-e3ba3ea8166c",
                  "isHook": false,
                  "skipped": false
                },
                {
                  "title": "should fail with invalid signature format",
                  "fullTitle": "IPAccount Functions executeWithSig should fail with invalid signature format",
                  "timedOut": false,
                  "duration": 32,
                  "state": "passed",
                  "speed": "fast",
                  "pass": true,
                  "fail": false,
                  "pending": false,
                  "context": null,
                  "code": "await (0, chai_1.expect)(client.ipAccount.executeWithSig({\n    to: permissionAddress,\n    data: data,\n    ipId: ipId,\n    signer: util_1.TEST_WALLET_ADDRESS,\n    deadline: VALID_DEADLINE,\n    signature: \"0x1234567890abcdef\", // Invalid signature format\n})).to.be.rejectedWith(\"IPAccount__InvalidSignature\");",
                  "err": {},
                  "uuid": "49ac8b14-4556-48b8-bded-d69102d20c04",
                  "parentUUID": "d6afd148-5303-4f8a-be2b-e3ba3ea8166c",
                  "isHook": false,
                  "skipped": false
                },
                {
                  "title": "should fail with signature from wrong signer",
                  "fullTitle": "IPAccount Functions executeWithSig should fail with signature from wrong signer",
                  "timedOut": false,
                  "duration": 66,
                  "state": "passed",
                  "speed": "medium",
                  "pass": true,
                  "fail": false,
                  "pending": false,
                  "context": null,
                  "code": "// Generate signature with wrong signer\nconst wrongSigner = \"0x1234567890123456789012345678901234567890\";\nconst nonceResult = await client.ipAccount.getIpAccountNonce(ipId);\nconst { signature } = await (0, src_1.getSignature)({\n    state: nonceResult,\n    to: permissionAddress,\n    encodeData: data,\n    wallet: util_1.walletClient,\n    verifyingContract: ipId,\n    deadline: VALID_DEADLINE,\n    chainId: util_1.aeneid,\n});\nawait (0, chai_1.expect)(client.ipAccount.executeWithSig({\n    to: permissionAddress,\n    data: data,\n    ipId: ipId,\n    signer: wrongSigner,\n    deadline: VALID_DEADLINE,\n    signature: signature,\n})).to.be.rejectedWith(\"IPAccount__InvalidSignature\");",
                  "err": {},
                  "uuid": "e737d18b-0f03-4651-bfd7-048f2e2435aa",
                  "parentUUID": "d6afd148-5303-4f8a-be2b-e3ba3ea8166c",
                  "isHook": false,
                  "skipped": false
                },
                {
                  "title": "should fail with invalid ipId format",
                  "fullTitle": "IPAccount Functions executeWithSig should fail with invalid ipId format",
                  "timedOut": false,
                  "duration": 37,
                  "state": "passed",
                  "speed": "fast",
                  "pass": true,
                  "fail": false,
                  "pending": false,
                  "context": null,
                  "code": "const nonceResult = await client.ipAccount.getIpAccountNonce(ipId);\nconst { signature } = await (0, src_1.getSignature)({\n    state: nonceResult,\n    to: permissionAddress,\n    encodeData: data,\n    wallet: util_1.walletClient,\n    verifyingContract: ipId,\n    deadline: VALID_DEADLINE,\n    chainId: util_1.aeneid,\n});\nawait (0, chai_1.expect)(client.ipAccount.executeWithSig({\n    to: permissionAddress,\n    data: data,\n    ipId: \"0x123\", // Invalid address format\n    signer: util_1.TEST_WALLET_ADDRESS,\n    deadline: VALID_DEADLINE,\n    signature: signature,\n})).to.be.rejectedWith(\"Invalid address: 0x123.\");",
                  "err": {},
                  "uuid": "adf1a50a-14f9-4aea-9191-96d439b26645",
                  "parentUUID": "d6afd148-5303-4f8a-be2b-e3ba3ea8166c",
                  "isHook": false,
                  "skipped": false
                },
                {
                  "title": "should fail when IP account does not exist",
                  "fullTitle": "IPAccount Functions executeWithSig should fail when IP account does not exist",
                  "timedOut": false,
                  "duration": 38,
                  "state": "passed",
                  "speed": "medium",
                  "pass": true,
                  "fail": false,
                  "pending": false,
                  "context": null,
                  "code": "// Create a real non-existent IP address (but with correct format)\nconst nonExistentIpId = \"0x1111111111111111111111111111111111111111\";\n// Generate signature for this non-existent IP\n// Note: We need to try to get nonce first, if IP doesn't exist, this step should fail\ntry {\n    const nonceResult = await client.ipAccount.getIpAccountNonce(nonExistentIpId);\n    const { signature } = await (0, src_1.getSignature)({\n        state: nonceResult,\n        to: permissionAddress,\n        encodeData: data,\n        wallet: util_1.walletClient,\n        verifyingContract: nonExistentIpId, // Use non-existent IP as verifying contract\n        deadline: VALID_DEADLINE,\n        chainId: util_1.aeneid,\n    });\n    await (0, chai_1.expect)(client.ipAccount.executeWithSig({\n        to: permissionAddress,\n        data: data,\n        ipId: nonExistentIpId,\n        signer: util_1.TEST_WALLET_ADDRESS,\n        deadline: VALID_DEADLINE,\n        signature: signature,\n    })).to.be.rejectedWith(\"IPAccount__InvalidSignature\"); // Should fail because IP doesn't exist\n}\ncatch (error) {\n    // If getting nonce fails, it means IP indeed doesn't exist, which is also our expected result\n    (0, chai_1.expect)(error.message).to.include(\"Failed to get the IP Account nonce\");\n}",
                  "err": {},
                  "uuid": "4d0a1130-ea25-4338-b3ab-16de57e61e77",
                  "parentUUID": "d6afd148-5303-4f8a-be2b-e3ba3ea8166c",
                  "isHook": false,
                  "skipped": false
                },
                {
                  "title": "should fail with unauthorized signer",
                  "fullTitle": "IPAccount Functions executeWithSig should fail with unauthorized signer",
                  "timedOut": false,
                  "duration": 67,
                  "state": "passed",
                  "speed": "medium",
                  "pass": true,
                  "fail": false,
                  "pending": false,
                  "context": null,
                  "code": "// Test various unauthorized signer scenarios\nconst unauthorizedSigner = \"0x2222222222222222222222222222222222222222\";\nconst nonceResult = await client.ipAccount.getIpAccountNonce(ipId);\nconst { signature } = await (0, src_1.getSignature)({\n    state: nonceResult,\n    to: permissionAddress,\n    encodeData: data,\n    wallet: util_1.walletClient,\n    verifyingContract: ipId,\n    deadline: VALID_DEADLINE,\n    chainId: util_1.aeneid,\n});\nawait (0, chai_1.expect)(client.ipAccount.executeWithSig({\n    to: permissionAddress,\n    data: data,\n    ipId: ipId,\n    signer: unauthorizedSigner, // Unauthorized signer\n    deadline: VALID_DEADLINE,\n    signature: signature,\n})).to.be.rejectedWith(\"IPAccount__InvalidSignature\"); // Contract returns InvalidSignature for permission issues",
                  "err": {},
                  "uuid": "3df42364-2f0b-46fd-826c-44dab96fe65b",
                  "parentUUID": "d6afd148-5303-4f8a-be2b-e3ba3ea8166c",
                  "isHook": false,
                  "skipped": false
                },
                {
                  "title": "should fail with signature for wrong data",
                  "fullTitle": "IPAccount Functions executeWithSig should fail with signature for wrong data",
                  "timedOut": false,
                  "duration": 77,
                  "state": "passed",
                  "speed": "slow",
                  "pass": true,
                  "fail": false,
                  "pending": false,
                  "context": null,
                  "code": "// Generate signature for different data than what we execute\nconst wrongData = (0, viem_1.encodeFunctionData)({\n    abi: generated_1.accessControllerAbi,\n    functionName: \"setTransientPermission\",\n    args: [\n        (0, viem_1.getAddress)(\"0x1234567890123456789012345678901234567890\"),\n        (0, viem_1.getAddress)(util_1.TEST_WALLET_ADDRESS),\n        (0, viem_1.getAddress)(coreMetadataModule),\n        (0, viem_1.toFunctionSelector)(\"function setAll(address,string,bytes32,bytes32)\"),\n        src_1.AccessPermission.DENY,\n    ],\n});\nconst nonceResult = await client.ipAccount.getIpAccountNonce(ipId);\nconst { signature } = await (0, src_1.getSignature)({\n    state: nonceResult,\n    to: permissionAddress,\n    encodeData: wrongData, // Sign wrong data\n    wallet: util_1.walletClient,\n    verifyingContract: ipId,\n    deadline: VALID_DEADLINE,\n    chainId: util_1.aeneid,\n});\nawait (0, chai_1.expect)(client.ipAccount.executeWithSig({\n    to: permissionAddress,\n    data: data, // Execute with original data, not the signed data\n    ipId: ipId,\n    signer: util_1.TEST_WALLET_ADDRESS,\n    deadline: VALID_DEADLINE,\n    signature: signature,\n})).to.be.rejectedWith(\"IPAccount__InvalidSignature\"); // Should fail because data doesn't match signature",
                  "err": {},
                  "uuid": "e5d64791-d4f3-41fe-844a-3e54b8f0faff",
                  "parentUUID": "d6afd148-5303-4f8a-be2b-e3ba3ea8166c",
                  "isHook": false,
                  "skipped": false
                },
                {
                  "title": "should fail with signature for wrong target address",
[...]
ates two distinct IP asset hierarchies (IpA and IpB) to demonstrate\n * different revenue collection scenarios using LAP (Licensing Agreement Policy) and LRP\n * (Licensing Revenue Policy) respectively.\n *\n * IpA Hierarchy (LAP - Licensing Agreement Policy):                           IpB Hierarchy (LRP - Licensing Revenue Policy):\n * ┌─────────────────────────────────────────────────────────────┐          ┌─────────────────────────────────────────────────────────────┐\n * │ IpA (Parent) - Total Expected Revenue: 130 WIP              │          │ IpB (Parent) - Total Expected Revenue: 330 WIP              │\n * ├─────────────────────────────────────────────────────────────┤          ├─────────────────────────────────────────────────────────────┤\n * │ Revenue Sources:                                            │          │ Revenue Sources:                                            │\n * │ ├── Minting Fee: 100 WIP                                    │          │ ├── Minting Fee: 150 WIP                                    │\n * │ ├── Revenue Share (ipA2->ipA1): 10 WIP (10% LAP)            │          │ ├── LRP Revenue Share: 10%                                  │\n * │ ├── Revenue Share (ipA3->ipA2): 10 WIP (10% LAP)            │          │ ├── Total Revenue: 330 WIP                                  │\n * │ └── Direct Payment (ipA3): 10 WIP (10% LAP)                 │          │    └── From ipB1: 150 WIP + 10% revenue share               │\n * │                                                             │          │    └── From ipB2: 150 WIP + 10% revenue share               │\n * │                                                             │          │                                                             │\n * | Ownership Distribution:                                     │          |                                                             │\n * │ ├── Wallet Address: 50%  65 WIP                             │          │ Revenue Flow:                                               │\n * │ └── Another Address: 50% 65 WIP                             │          │ ipB3                                                        │\n * │                                                             │          │ ├── ipB1 ─┐                                                 │\n * │ Revenue Flow:                                               │          │ └── ipB2 ─┴──> ipB (collects 330 WIP)                       │\n * │ ipA3                                                        │          │                                                             │\n * │  └──> ipA2 (20% LAP) ──> ipA1 (10% LAP) ──> ipA             │          │                                                             │\n * │       └──> Direct Payment: 100 WIP                          │          │                                                             │\n * └─────────────────────────────────────────────────────────────┘          └─────────────────────────────────────────────────────────────┘\n */\nconst txData = await client.nftClient.createNFTCollection({\n    name: \"free-collection\",\n    symbol: \"FREE\",\n    maxSupply: 100,\n    isPublicMinting: true,\n    mintOpen: true,\n    contractURI: \"test-uri\",\n    mintFeeRecipient: viem_1.zeroAddress,\n});\nspgNftContract = txData.spgNftContract;\n// 1. Register ipA\nconst ret1A = await client.ipAsset.mintAndRegisterIpAndAttachPilTermsAndDistributeRoyaltyTokens({\n    spgNftContract,\n    licenseTermsData: [\n        {\n            terms: {\n                transferable: true,\n                royaltyPolicy: generated_1.royaltyPolicyLapAddress[util_1.aeneid],\n                defaultMintingFee: 100n,\n                expiration: 0n,\n                commercialUse: true,\n                commercialAttribution: false,\n                commercializerChecker: viem_1.zeroAddress,\n                commercializerCheckerData: viem_1.zeroAddress,\n                commercialRevShare: 10,\n                commercialRevCeiling: 0n,\n                derivativesAllowed: true,\n                derivativesAttribution: true,\n                derivativesApproval: false,\n                derivativesReciprocal: true,\n                derivativeRevCeiling: 0n,\n                currency: common_1.WIP_TOKEN_ADDRESS,\n                uri: \"\",\n            },\n            licensingConfig: {\n                isSet: false,\n                mintingFee: 100n,\n                licensingHook: viem_1.zeroAddress,\n                hookData: viem_1.zeroAddress,\n                commercialRevShare: 0,\n                disabled: false,\n                expectMinimumGroupRewardShare: 0,\n                expectGroupRewardPool: viem_1.zeroAddress,\n            },\n        },\n    ],\n    royaltyShares: [\n        {\n            recipient: util_1.TEST_WALLET_ADDRESS,\n            percentage: 50,\n        },\n        {\n            recipient: anotherAddress,\n            percentage: 50,\n        },\n    ],\n});\nipA = ret1A.ipId;\nlicenseId = ret1A.licenseTermsIds[0];\n// 2. Register ipB\nconst ret1B = await client.ipAsset.mintAndRegisterIpAssetWithPilTerms({\n    spgNftContract,\n    licenseTermsData: [\n        {\n            terms: {\n                transferable: true,\n                royaltyPolicy: generated_1.royaltyPolicyLrpAddress[util_1.aeneid],\n                defaultMintingFee: 150n,\n                expiration: 0n,\n                commercialUse: true,\n                commercialAttribution: false,\n                commercializerChecker: viem_1.zeroAddress,\n                commercializerCheckerData: viem_1.zeroAddress,\n                commercialRevShare: 10,\n                commercialRevCeiling: 0n,\n                derivativesAllowed: true,\n                derivativesAttribution: true,\n                derivativesApproval: false,\n                derivativesReciprocal: true,\n                derivativeRevCeiling: 0n,\n                currency: common_1.WIP_TOKEN_ADDRESS,\n                uri: \"\",\n            },\n            licensingConfig: {\n                isSet: false,\n                mintingFee: 150n,\n                licensingHook: viem_1.zeroAddress,\n                hookData: viem_1.zeroAddress,\n                commercialRevShare: 0,\n                disabled: false,\n                expectMinimumGroupRewardShare: 0,\n                expectGroupRewardPool: viem_1.zeroAddress,\n            },\n        },\n    ],\n});\nipB = ret1B.ipId;\nlicenseId1 = ret1B.licenseTermsIds[0];\n// 3. Register ipA1 from ipA and ipB1 from ipB\nconst { results: ret2 } = await client.ipAsset.batchMintAndRegisterIpAndMakeDerivative({\n    args: [\n        {\n            spgNftContract,\n            derivData: {\n                parentIpIds: [ipA],\n                licenseTermsIds: [licenseId],\n            },\n        },\n        {\n            spgNftContract,\n            derivData: {\n                parentIpIds: [ipB],\n                licenseTermsIds: [licenseId1],\n            },\n        },\n    ],\n});\nipA1 = ret2[0].ipId;\nipB1 = ret2[1].ipId;\n// 4. Register ipA2 from ipA1 and ipB2 from ipB\nconst { results: ret3 } = await client.ipAsset.batchMintAndRegisterIpAndMakeDerivative({\n    args: [\n        {\n            spgNftContract,\n            derivData: {\n                parentIpIds: [ipA1],\n                licenseTermsIds: [licenseId],\n            },\n        },\n        {\n            spgNftContract,\n            derivData: {\n                parentIpIds: [ipB],\n                licenseTermsIds: [licenseId1],\n            },\n        },\n    ],\n});\nipA2 = ret3[0].ipId;\nipB2 = ret3[1].ipId;\n// 5. Register ipA3 from ipA2 and ipB3 from ipB1 and ipB2\nconst { results: ret4 } = await client.ipAsset.batchMintAndRegisterIpAndMakeDerivative({\n    args: [\n        {\n            spgNftContract,\n            derivData: {\n                parentIpIds: [ipA2],\n                licenseTermsIds: [licenseId],\n            },\n        },\n        {\n            spgNftContract,\n            derivData: {\n                parentIpIds: [ipB1, ipB2],\n                licenseTermsIds: [licenseId1, licenseId1],\n            },\n        },\n    ],\n});\nipA3 = ret4[0].ipId;\n// 6. Pay royalty on behalf of ipA2 to ipA3\nawait client.royalty.payRoyaltyOnBehalf({\n    receiverIpId: ipA2,\n    payerIpId: ipA3,\n    token: common_1.WIP_TOKEN_ADDRESS,\n    amount: 100n,\n});\nconst balance = await client.wipClient.balanceOf(util_1.TEST_WALLET_ADDRESS);\nawait client.wipClient.withdraw({\n    amount: balance,\n});",
                  "err": {},
                  "uuid": "791fb170-048e-4ac9-970e-99d0e75bde0f",
                  "parentUUID": "78aca41c-b769-473c-93c5-3d8279cdd3fa",
                  "isHook": true,
                  "skipped": false
                }
              ],
              "afterHooks": [],
              "tests": [
                {
                  "title": "should batch claim all revenue",
                  "fullTitle": "Royalty Functions BatchClaimAllRevenue With WIP should batch claim all revenue",
                  "timedOut": false,
                  "duration": 13492,
                  "state": "passed",
                  "speed": "slow",
                  "pass": true,
                  "fail": false,
                  "pending": false,
                  "context": null,
                  "code": "const anotherAddressWipBalanceBefore = await client.wipClient.balanceOf(anotherAddress);\nconst result = await client.royalty.batchClaimAllRevenue({\n    ancestorIps: [\n        {\n            ipId: ipA,\n            claimer: util_1.TEST_WALLET_ADDRESS,\n            childIpIds: [ipA1, ipA2],\n            royaltyPolicies: [generated_1.royaltyPolicyLapAddress[util_1.aeneid], generated_1.royaltyPolicyLapAddress[util_1.aeneid]],\n            currencyTokens: [common_1.WIP_TOKEN_ADDRESS, common_1.WIP_TOKEN_ADDRESS],\n        },\n        {\n            ipId: ipA,\n            claimer: anotherAddress,\n            childIpIds: [],\n            royaltyPolicies: [],\n            currencyTokens: [common_1.WIP_TOKEN_ADDRESS],\n        },\n        {\n            ipId: ipB,\n            claimer: ipB,\n            childIpIds: [ipB1, ipB2],\n            royaltyPolicies: [generated_1.royaltyPolicyLrpAddress[util_1.aeneid], generated_1.royaltyPolicyLrpAddress[util_1.aeneid]],\n            currencyTokens: [common_1.WIP_TOKEN_ADDRESS, common_1.WIP_TOKEN_ADDRESS],\n        },\n    ],\n});\nconst anotherAddressWipBalanceAfter = await client.wipClient.balanceOf(anotherAddress);\nconst walletWipBalanceAfter = await client.wipClient.balanceOf(util_1.TEST_WALLET_ADDRESS);\n(0, chai_1.expect)(result.txHashes).to.be.an(\"array\");\n(0, chai_1.expect)(result.claimedTokens[0].amount).to.equal(65n);\n(0, chai_1.expect)(result.claimedTokens[1].amount).to.equal(65n);\n(0, chai_1.expect)(result.claimedTokens[2].amount).to.equal(330n);\n(0, chai_1.expect)(walletWipBalanceAfter).to.equal(0n);\n(0, chai_1.expect)(anotherAddressWipBalanceAfter).to.equal(anotherAddressWipBalanceBefore + 65n);\n// Note: The final wallet balance cannot be precisely calculated because:\n// The test involves multiple transactions (claimAllRevenue, token transfers, etc.)\n// batchClaimAllRevenue only returns receipts for claimAllRevenue calls\n// Additional gas costs and token transfers occur outside the returned receipts",
                  "err": {},
                  "uuid": "c659d8e8-8666-45aa-8a81-38bd43125bff",
                  "parentUUID": "78aca41c-b769-473c-93c5-3d8279cdd3fa",
                  "isHook": false,
                  "skipped": false
                }
              ],
              "suites": [],
              "passes": [
                "c659d8e8-8666-45aa-8a81-38bd43125bff"
              ],
              "failures": [],
              "pending": [],
              "skipped": [],
              "duration": 13492,
              "root": false,
              "rootEmpty": false,
              "_timeout": 300000
            }
          ],
          "passes": [],
          "failures": [],
          "pending": [],
          "skipped": [],
          "duration": 0,
          "root": false,
          "rootEmpty": false,
          "_timeout": 300000
        },
        {
          "uuid": "1be65524-917b-4319-bece-3fe191592fbd",
          "title": "WIP Functions",
          "fullFile": "/home/runner/work/sdk/sdk/packages/core-sdk/test/integration/wip.test.ts",
          "file": "/test/integration/wip.test.ts",
          "beforeHooks": [
            {
              "title": "\"before all\" hook in \"WIP Functions\"",
              "fullTitle": "WIP Functions \"before all\" hook in \"WIP Functions\"",
              "timedOut": false,
              "duration": 1,
              "state": null,
              "speed": null,
              "pass": false,
              "fail": false,
              "pending": false,
              "context": null,
              "code": "client = (0, util_1.getStoryClient)();",
              "err": {},
              "uuid": "b13df41c-b593-4b07-bfc2-cca8acf6e164",
              "parentUUID": "1be65524-917b-4319-bece-3fe191592fbd",
              "isHook": true,
              "skipped": false
            }
          ],
          "afterHooks": [],
          "tests": [],
          "suites": [
            {
              "uuid": "7c92cf72-a7e3-405b-a6e5-3a861c36e75d",
              "title": "deposit",
              "fullFile": "/home/runner/work/sdk/sdk/packages/core-sdk/test/integration/wip.test.ts",
              "file": "/test/integration/wip.test.ts",
              "beforeHooks": [],
              "afterHooks": [],
              "tests": [
                {
                  "title": "should deposit 0.01 WIP",
                  "fullTitle": "WIP Functions deposit should deposit 0.01 WIP",
                  "timedOut": false,
                  "duration": 4521,
                  "state": "passed",
                  "speed": "slow",
                  "pass": true,
                  "fail": false,
                  "pending": false,
                  "context": null,
                  "code": "const ipAmt = (0, viem_1.parseEther)(\"0.01\");\nconst balanceBefore = await client.getWalletBalance();\nconst wipBefore = await client.wipClient.balanceOf(util_1.TEST_WALLET_ADDRESS);\nconst rsp = await client.wipClient.deposit({\n    amount: ipAmt,\n});\n(0, chai_1.expect)(rsp.txHash).to.be.a(\"string\");\nconst balanceAfter = await client.getWalletBalance();\nconst wipAfter = await client.wipClient.balanceOf(util_1.TEST_WALLET_ADDRESS);\n(0, chai_1.expect)(wipAfter).to.equal(wipBefore + ipAmt);\nconst gasCost = rsp.receipt.gasUsed * rsp.receipt.effectiveGasPrice;\n(0, chai_1.expect)(balanceAfter).to.equal(balanceBefore - ipAmt - gasCost);",
                  "err": {},
                  "uuid": "a7ce51be-8e9c-4527-88b2-34402a20afe0",
                  "parentUUID": "7c92cf72-a7e3-405b-a6e5-3a861c36e75d",
                  "isHook": false,
                  "skipped": false
                }
              ],
              "suites": [],
              "passes": [
                "a7ce51be-8e9c-4527-88b2-34402a20afe0"
              ],
              "failures": [],
              "pending": [],
              "skipped": [],
              "duration": 4521,
              "root": false,
              "rootEmpty": false,
              "_timeout": 300000
            },
            {
              "uuid": "5d8cf576-485f-4a6e-863c-01faee944303",
              "title": "transfer",
              "fullFile": "/home/runner/work/sdk/sdk/packages/core-sdk/test/integration/wip.test.ts",
              "file": "/test/integration/wip.test.ts",
              "beforeHooks": [],
              "afterHooks": [],
              "tests": [
                {
                  "title": "should transfer WIP",
                  "fullTitle": "WIP Functions transfer should transfer WIP",
                  "timedOut": false,
                  "duration": 4410,
                  "state": "passed",
                  "speed": "slow",
                  "pass": true,
                  "fail": false,
                  "pending": false,
                  "context": null,
                  "code": "const rsp = await client.wipClient.transfer({\n    to: util_1.TEST_WALLET_ADDRESS,\n    amount: (0, viem_1.parseEther)(\"0.01\"),\n});\n(0, chai_1.expect)(rsp.txHash).to.be.a(\"string\");\n//Due to approve cannot approve msy.sender, so skip transferFrom test",
                  "err": {},
                  "uuid": "bf5dd158-c2ba-41c7-9924-41abf3c22ba1",
                  "parentUUID": "5d8cf576-485f-4a6e-863c-01faee944303",
                  "isHook": false,
                  "skipped": false
                }
              ],
              "suites": [],
              "passes": [
                "bf5dd158-c2ba-41c7-9924-41abf3c22ba1"
              ],
              "failures": [],
              "pending": [],
              "skipped": [],
              "duration": 4410,
              "root": false,
              "rootEmpty": false,
              "_timeout": 300000
            },
            {
              "uuid": "66948877-7d41-4ad9-ae61-e022c252920d",
              "title": "withdraw",
              "fullFile": "/home/runner/work/sdk/sdk/packages/core-sdk/test/integration/wip.test.ts",
              "file": "/test/integration/wip.test.ts",
              "beforeHooks": [],
              "afterHooks": [],
              "tests": [
                {
                  "title": "should withdrawal WIP",
                  "fullTitle": "WIP Functions withdraw should withdrawal WIP",
                  "timedOut": false,
                  "duration": 4529,
                  "state": "passed",
                  "speed": "slow",
                  "pass": true,
                  "fail": false,
                  "pending": false,
                  "context": null,
                  "code": "const balanceBefore = await client.getWalletBalance();\nconst wipBefore = await client.wipClient.balanceOf(util_1.TEST_WALLET_ADDRESS);\nconst rsp = await client.wipClient.withdraw({\n    amount: wipBefore,\n});\n(0, chai_1.expect)(rsp.txHash).to.be.a(\"string\");\nconst wipAfter = await client.wipClient.balanceOf(util_1.TEST_WALLET_ADDRESS);\n(0, chai_1.expect)(wipAfter).to.equal(0n);\nconst balanceAfter = await client.getWalletBalance();\nconst gasCost = rsp.receipt.gasUsed * rsp.receipt.effectiveGasPrice;\n(0, chai_1.expect)(balanceAfter).to.equal(balanceBefore + wipBefore - gasCost);",
                  "err": {},
                  "uuid": "3048ab72-3255-4f50-8961-f7dbf9b02df5",
                  "parentUUID": "66948877-7d41-4ad9-ae61-e022c252920d",
                  "isHook": false,
                  "skipped": false
                }
              ],
              "suites": [],
              "passes": [
                "3048ab72-3255-4f50-8961-f7dbf9b02df5"
              ],
              "failures": [],
              "pending": [],
              "skipped": [],
              "duration": 4529,
              "root": false,
              "rootEmpty": false,
              "_timeout": 300000
            }
          ],
          "passes": [],
          "failures": [],
          "pending": [],
          "skipped": [],
          "duration": 0,
          "root": false,
          "rootEmpty": false,
          "_timeout": 300000
        }
      ],
      "passes": [],
      "failures": [],
      "pending": [],
      "skipped": [],
      "duration": 0,
      "root": true,
      "rootEmpty": true,
      "_timeout": 300000
    }
  ],
  "meta": {
    "mocha": {
      "version": "10.8.2"
    },
    "mochawesome": {
      "options": {
        "quiet": false,
        "reportFilename": "mochawesome",
        "saveHtml": true,
        "saveJson": true,
        "consoleReporter": "spec",
        "useInlineDiffs": false,
        "code": true
      },
      "version": "7.1.4"
    },
    "marge": {
      "options": null,
      "version": "6.3.0"
    }
  }
}