{
  "stats": {
    "suites": 5,
    "tests": 16,
    "passes": 16,
    "pending": 0,
    "failures": 0,
    "start": "2025-09-24T01:48:06.719Z",
    "end": "2025-09-24T01:49:37.990Z",
    "duration": 91271,
    "testsRegistered": 16,
    "passPercent": 100,
    "pendingPercent": 0,
    "other": 0,
    "hasOther": false,
    "skipped": 0,
    "hasSkipped": false
  },
  "results": [
    {
      "uuid": "9bed4c7e-5e6d-4174-8658-36deb15f709f",
      "title": "",
      "fullFile": "/home/runner/work/sdk/sdk/packages/core-sdk/test/integration/license.test.ts",
      "file": "/test/integration/license.test.ts",
      "beforeHooks": [],
      "afterHooks": [],
      "tests": [],
      "suites": [
        {
          "uuid": "97ace2c2-da03-4fad-9c7e-bf78f4914ee7",
          "title": "License Functions",
          "fullFile": "/home/runner/work/sdk/sdk/packages/core-sdk/test/integration/license.test.ts",
          "file": "/test/integration/license.test.ts",
          "beforeHooks": [
            {
              "title": "\"before all\" hook in \"License Functions\"",
              "fullTitle": "License Functions \"before all\" hook in \"License Functions\"",
              "timedOut": false,
              "duration": 158,
              "state": null,
              "speed": null,
              "pass": false,
              "fail": false,
              "pending": false,
              "context": null,
              "code": "client = (0, util_1.getStoryClient)();\nconst derivedClient = await (0, BIP32_1.getDerivedStoryClient)();\nclientB = derivedClient.clientB;",
              "err": {},
              "uuid": "2855c2b4-4516-4787-babb-7c9aa49936d0",
              "parentUUID": "97ace2c2-da03-4fad-9c7e-bf78f4914ee7",
              "isHook": true,
              "skipped": false
            }
          ],
          "afterHooks": [],
          "tests": [],
          "suites": [
            {
              "uuid": "3402dce8-a2c0-472c-982b-6e6bd4936492",
              "title": "register license with different types",
              "fullFile": "/home/runner/work/sdk/sdk/packages/core-sdk/test/integration/license.test.ts",
              "file": "/test/integration/license.test.ts",
              "beforeHooks": [],
              "afterHooks": [],
              "tests": [
                {
                  "title": "should register license ",
                  "fullTitle": "License Functions register license with different types should register license ",
                  "timedOut": false,
                  "duration": 45,
                  "state": "passed",
                  "speed": "medium",
                  "pass": true,
                  "fail": false,
                  "pending": false,
                  "context": null,
                  "code": "const result = await client.license.registerPILTerms({\n    defaultMintingFee: 0,\n    currency: common_1.WIP_TOKEN_ADDRESS,\n    transferable: false,\n    royaltyPolicy: viem_1.zeroAddress,\n    commercialUse: false,\n    commercialAttribution: false,\n    commercializerChecker: viem_1.zeroAddress,\n    commercializerCheckerData: \"0x\",\n    commercialRevShare: 0,\n    derivativesAllowed: false,\n    derivativesAttribution: false,\n    derivativesApproval: false,\n    derivativesReciprocal: false,\n    uri: \"\",\n    expiration: 0,\n    commercialRevCeiling: 0,\n    derivativeRevCeiling: 0,\n});\n(0, chai_1.expect)(result.licenseTermsId).to.be.a(\"bigint\");",
                  "err": {},
                  "uuid": "f99888a8-c4f6-4f1a-9eb6-7781d9af8c33",
                  "parentUUID": "3402dce8-a2c0-472c-982b-6e6bd4936492",
                  "isHook": false,
                  "skipped": false
                }
              ],
              "suites": [],
              "passes": [
                "f99888a8-c4f6-4f1a-9eb6-7781d9af8c33"
              ],
              "failures": [],
              "pending": [],
              "skipped": [],
              "duration": 45,
              "root": false,
              "rootEmpty": false,
              "_timeout": 300000
            },
            {
              "uuid": "cf60d786-25fb-4754-b6ca-0273dc495315",
              "title": "attach License Terms and mint license tokens",
              "fullFile": "/home/runner/work/sdk/sdk/packages/core-sdk/test/integration/license.test.ts",
              "file": "/test/integration/license.test.ts",
              "beforeHooks": [
                {
                  "title": "\"before all\" hook in \"attach License Terms and mint license tokens\"",
                  "fullTitle": "License Functions attach License Terms and mint license tokens \"before all\" hook in \"attach License Terms and mint license tokens\"",
                  "timedOut": false,
                  "duration": 9022,
                  "state": null,
                  "speed": null,
                  "pass": false,
                  "fail": false,
                  "pending": false,
                  "context": null,
                  "code": "tokenId = await (0, util_1.getTokenId)();\nconst registerResult = await client.ipAsset.register({\n    nftContract: util_1.mockERC721,\n    tokenId: tokenId,\n});\nconst mockERC20 = new token_1.ERC20Client(util_1.publicClient, util_1.walletClient, generated_1.erc20Address[util_1.aeneid]);\nawait mockERC20.approve(generated_1.licensingModuleAddress[util_1.aeneid], viem_1.maxUint256);\nipId = registerResult.ipId;\nconst registerLicenseResult = await client.license.registerPILTerms(src_1.PILFlavor.commercialRemix({\n    defaultMintingFee: 0n,\n    commercialRevShare: 100,\n    currency: common_1.WIP_TOKEN_ADDRESS,\n}));\nlicenseId = registerLicenseResult.licenseTermsId;\nconst paidLicenseResult = await client.license.registerPILTerms(src_1.PILFlavor.commercialRemix({\n    defaultMintingFee: 100n,\n    commercialRevShare: 10,\n    currency: common_1.WIP_TOKEN_ADDRESS,\n}));\npaidLicenseId = paidLicenseResult.licenseTermsId;",
                  "err": {},
                  "uuid": "4cd03b9e-7287-4bb1-a4cb-7c57161b0a61",
                  "parentUUID": "cf60d786-25fb-4754-b6ca-0273dc495315",
                  "isHook": true,
                  "skipped": false
                }
              ],
              "afterHooks": [],
              "tests": [
                {
                  "title": "should attach License Terms",
                  "fullTitle": "License Functions attach License Terms and mint license tokens should attach License Terms",
                  "timedOut": false,
                  "duration": 4429,
                  "state": "passed",
                  "speed": "slow",
                  "pass": true,
                  "fail": false,
                  "pending": false,
                  "context": null,
                  "code": "const result = await client.license.attachLicenseTerms({\n    ipId: ipId,\n    licenseTermsId: licenseId,\n});\n(0, chai_1.expect)(result.txHash).to.be.a(\"string\");",
                  "err": {},
                  "uuid": "e02fc690-c6a9-4748-a472-684cc4309367",
                  "parentUUID": "cf60d786-25fb-4754-b6ca-0273dc495315",
                  "isHook": false,
                  "skipped": false
                },
                {
                  "title": "should be able to attach another license terms",
                  "fullTitle": "License Functions attach License Terms and mint license tokens should be able to attach another license terms",
                  "timedOut": false,
                  "duration": 4449,
                  "state": "passed",
                  "speed": "slow",
                  "pass": true,
                  "fail": false,
                  "pending": false,
                  "context": null,
                  "code": "const result = await client.license.attachLicenseTerms({\n    ipId: ipId,\n    licenseTermsId: paidLicenseId,\n});\n(0, chai_1.expect)(result.txHash).to.be.a(\"string\");",
                  "err": {},
                  "uuid": "f260f983-8ff4-43f8-add3-08bc1666e4f8",
                  "parentUUID": "cf60d786-25fb-4754-b6ca-0273dc495315",
                  "isHook": false,
                  "skipped": false
                },
                {
                  "title": "should mint license tokens with ip owner",
                  "fullTitle": "License Functions attach License Terms and mint license tokens should mint license tokens with ip owner",
                  "timedOut": false,
                  "duration": 4522,
                  "state": "passed",
                  "speed": "slow",
                  "pass": true,
                  "fail": false,
                  "pending": false,
                  "context": null,
                  "code": "const result = await client.license.mintLicenseTokens({\n    licenseTermsId: licenseId,\n    licensorIpId: ipId,\n    maxMintingFee: 1,\n    maxRevenueShare: 100,\n});\n(0, chai_1.expect)(result.txHash).to.be.a(\"string\");\n(0, chai_1.expect)(result.licenseTokenIds).to.be.a(\"array\");",
                  "err": {},
                  "uuid": "7202961c-64d3-497e-800b-f0c4cdcd84e3",
                  "parentUUID": "cf60d786-25fb-4754-b6ca-0273dc495315",
                  "isHook": false,
                  "skipped": false
                },
                {
                  "title": "should mint license tokens with non ip owner",
                  "fullTitle": "License Functions attach License Terms and mint license tokens should mint license tokens with non ip owner",
                  "timedOut": false,
                  "duration": 17729,
                  "state": "passed",
                  "speed": "slow",
                  "pass": true,
                  "fail": false,
                  "pending": false,
                  "context": null,
                  "code": "// register ip with another wallet account\nconst tokenIdB = await (0, util_1.getTokenId)();\nconst registerResult = await clientB.ipAsset.register({\n    nftContract: util_1.mockERC721,\n    tokenId: tokenIdB,\n});\nconst ipIdB = registerResult.ipId;\n// attach license terms to the ip\nawait client.license.attachLicenseTerms({\n    ipId: ipIdB,\n    licenseTermsId: licenseId,\n});\nconst result = await client.license.mintLicenseTokens({\n    licenseTermsId: licenseId,\n    licensorIpId: ipIdB,\n    maxMintingFee: 1,\n    maxRevenueShare: 100,\n});\n(0, chai_1.expect)(result.txHash).to.be.a(\"string\");\n(0, chai_1.expect)(result.licenseTokenIds).to.be.a(\"array\");",
                  "err": {},
                  "uuid": "7e807e01-2416-4a40-ba93-4fac4b5d8a81",
                  "parentUUID": "cf60d786-25fb-4754-b6ca-0273dc495315",
                  "isHook": false,
                  "skipped": false
                },
                {
                  "title": "should mint license token with default license terms",
                  "fullTitle": "License Functions attach License Terms and mint license tokens should mint license token with default license terms",
                  "timedOut": false,
                  "duration": 4478,
                  "state": "passed",
                  "speed": "slow",
                  "pass": true,
                  "fail": false,
                  "pending": false,
                  "context": null,
                  "code": "// get default license terms id\nconst licenseRegistryReadOnlyClient = new generated_1.LicenseRegistryReadOnlyClient(util_1.publicClient);\nconst { licenseTermsId: defaultLicenseTermsId } = await licenseRegistryReadOnlyClient.getDefaultLicenseTerms();\nconst result = await client.license.mintLicenseTokens({\n    licenseTermsId: defaultLicenseTermsId,\n    licensorIpId: ipId,\n    maxMintingFee: 0n,\n    maxRevenueShare: 1,\n});\n(0, chai_1.expect)(result.txHash).to.be.a(\"string\");\n(0, chai_1.expect)(result.licenseTokenIds).to.be.a(\"array\");",
                  "err": {},
                  "uuid": "e93ca7b1-93bc-4ef2-bb35-9e44db41fac6",
                  "parentUUID": "cf60d786-25fb-4754-b6ca-0273dc495315",
                  "isHook": false,
                  "skipped": false
                },
                {
                  "title": "should mint license tokens with fee and pay with IP",
                  "fullTitle": "License Functions attach License Terms and mint license tokens should mint license tokens with fee and pay with IP",
                  "timedOut": false,
                  "duration": 4700,
                  "state": "passed",
                  "speed": "slow",
                  "pass": true,
                  "fail": false,
                  "pending": false,
                  "context": null,
                  "code": "const balanceBefore = await client.getWalletBalance();\nconst result = await client.license.mintLicenseTokens({\n    licenseTermsId: paidLicenseId,\n    licensorIpId: ipId,\n    maxMintingFee: 0n,\n    maxRevenueShare: 50,\n});\n(0, chai_1.expect)(result.txHash).to.be.a(\"string\");\nconst balanceAfter = await client.getWalletBalance();\n(0, chai_1.expect)(Number(balanceAfter)).lessThan(Number(balanceBefore - 100n));",
                  "err": {},
                  "uuid": "e5ee39be-a6de-4c43-b227-a9726534f73d",
                  "parentUUID": "cf60d786-25fb-4754-b6ca-0273dc495315",
                  "isHook": false,
                  "skipped": false
                },
                {
                  "title": "should get license terms",
                  "fullTitle": "License Functions attach License Terms and mint license tokens should get license terms",
                  "timedOut": false,
                  "duration": 27,
                  "state": "passed",
                  "speed": "fast",
                  "pass": true,
                  "fail": false,
                  "pending": false,
                  "context": null,
                  "code": "const result = await client.license.getLicenseTerms(licenseId);\n(0, chai_1.expect)(result).to.be.an(\"object\");",
                  "err": {},
                  "uuid": "9ae0ec2d-1ca0-4d6c-8fe7-6322c363069f",
                  "parentUUID": "cf60d786-25fb-4754-b6ca-0273dc495315",
                  "isHook": false,
                  "skipped": false
                },
                {
                  "title": "should predict minting license fee",
                  "fullTitle": "License Functions attach License Terms and mint license tokens should predict minting license fee",
                  "timedOut": false,
                  "duration": 95,
                  "state": "passed",
                  "speed": "slow",
                  "pass": true,
                  "fail": false,
                  "pending": false,
                  "context": null,
                  "code": "const result = await client.license.predictMintingLicenseFee({\n    licenseTermsId: licenseId,\n    licensorIpId: ipId,\n    amount: 1,\n});\n(0, chai_1.expect)(result.currencyToken).to.be.a(\"string\");\n(0, chai_1.expect)(result.tokenAmount).to.be.a(\"bigint\");",
                  "err": {},
                  "uuid": "840847d7-aa1a-436a-ba12-acdfaeae0b9c",
                  "parentUUID": "cf60d786-25fb-4754-b6ca-0273dc495315",
                  "isHook": false,
                  "skipped": false
                },
                {
                  "title": "should register PIL terms and attach",
                  "fullTitle": "License Functions attach License Terms and mint license tokens should register PIL terms and attach",
                  "timedOut": false,
                  "duration": 4573,
                  "state": "passed",
                  "speed": "slow",
                  "pass": true,
                  "fail": false,
                  "pending": false,
                  "context": null,
                  "code": "const result = await client.license.registerPilTermsAndAttach({\n    ipId: ipId,\n    licenseTermsData: [\n        {\n            terms: src_1.PILFlavor.commercialRemix({\n                defaultMintingFee: 0n,\n                commercialRevShare: 100,\n                royaltyPolicy: src_1.NativeRoyaltyPolicy.LAP,\n                currency: common_1.WIP_TOKEN_ADDRESS,\n            }),\n            licensingConfig: {\n                isSet: true,\n                mintingFee: 0n,\n                licensingHook: viem_1.zeroAddress,\n                hookData: viem_1.zeroAddress,\n                commercialRevShare: 0,\n                disabled: false,\n                expectMinimumGroupRewardShare: 0,\n                expectGroupRewardPool: viem_1.zeroAddress,\n            },\n        },\n        {\n            terms: src_1.PILFlavor.nonCommercialSocialRemixing(),\n        },\n    ],\n    deadline: 1000n,\n});\n(0, chai_1.expect)(result.txHash).to.be.a(\"string\");\n(0, chai_1.expect)(result.licenseTermsIds?.length).to.be.equal(2);\n(0, chai_1.expect)(result.maxLicenseTokensTxHashes).to.be.an(\"undefined\");",
                  "err": {},
                  "uuid": "85222667-7c49-420a-9f78-f7bdfa2868e4",
                  "parentUUID": "cf60d786-25fb-4754-b6ca-0273dc495315",
                  "isHook": false,
                  "skipped": false
                },
                {
                  "title": "should register PIL terms and attach with license terms max limit",
                  "fullTitle": "License Functions attach License Terms and mint license tokens should register PIL terms and attach with license terms max limit",
                  "timedOut": false,
                  "duration": 5228,
                  "state": "passed",
                  "speed": "slow",
                  "pass": true,
                  "fail": false,
                  "pending": false,
                  "context": null,
                  "code": "const result = await client.license.registerPilTermsAndAttach({\n    ipId: ipId,\n    licenseTermsData: [\n        {\n            terms: src_1.PILFlavor.commercialRemix({\n                defaultMintingFee: 0n,\n                commercialRevShare: 100,\n                royaltyPolicy: src_1.NativeRoyaltyPolicy.LAP,\n                currency: common_1.WIP_TOKEN_ADDRESS,\n            }),\n            licensingConfig: {\n                isSet: true,\n                mintingFee: 0n,\n                licensingHook: viem_1.zeroAddress,\n                hookData: viem_1.zeroAddress,\n                commercialRevShare: 0,\n                disabled: false,\n                expectMinimumGroupRewardShare: 0,\n                expectGroupRewardPool: viem_1.zeroAddress,\n            },\n            maxLicenseTokens: 100,\n        },\n        {\n            terms: src_1.PILFlavor.commercialRemix({\n                defaultMintingFee: 0n,\n                commercialRevShare: 100,\n                royaltyPolicy: src_1.NativeRoyaltyPolicy.LAP,\n                currency: common_1.WIP_TOKEN_ADDRESS,\n            }),\n            licensingConfig: {\n                isSet: true,\n                mintingFee: 0n,\n                licensingHook: viem_1.zeroAddress,\n                hookData: viem_1.zeroAddress,\n                commercialRevShare: 0,\n                disabled: false,\n                expectMinimumGroupRewardShare: 0,\n                expectGroupRewardPool: viem_1.zeroAddress,\n            },\n            maxLicenseTokens: 100,\n        },\n        {\n            terms: src_1.PILFlavor.commercialRemix({\n                defaultMintingFee: 0n,\n                commercialRevShare: 100,\n                royaltyPolicy: src_1.NativeRoyaltyPolicy.LAP,\n                currency: common_1.WIP_TOKEN_ADDRESS,\n            }),\n            licensingConfig: {\n                isSet: true,\n                mintingFee: 0n,\n                licensingHook: viem_1.zeroAddress,\n                hookData: viem_1.zeroAddress,\n                commercialRevShare: 0,\n                disabled: false,\n                expectMinimumGroupRewardShare: 0,\n                expectGroupRewardPool: viem_1.zeroAddress,\n            },\n        },\n    ],\n    deadline: 1000n,\n});\n(0, chai_1.expect)(result.txHash).to.be.a(\"string\");\n(0, chai_1.expect)(result.licenseTermsIds).to.be.an(\"array\");\n(0, chai_1.expect)(result.maxLicenseTokensTxHashes).to.be.an(\"array\");\n(0, chai_1.expect)(result.maxLicenseTokensTxHashes?.length).to.be.equal(2);",
                  "err": {},
                  "uuid": "148b1f4d-9353-4ed9-a47f-e34fd6d138c2",
                  "parentUUID": "cf60d786-25fb-4754-b6ca-0273dc495315",
                  "isHook": false,
                  "skipped": false
                }
              ],
              "suites": [
                {
                  "uuid": "beefa546-6c28-42ab-9aa4-b5d46c6d2719",
                  "title": "licensing config and max license tokens",
                  "fullFile": "/home/runner/work/sdk/sdk/packages/core-sdk/test/integration/license.test.ts",
                  "file": "/test/integration/license.test.ts",
                  "beforeHooks": [],
                  "afterHooks": [],
                  "tests": [
                    {
                      "title": "should set licensing config",
                      "fullTitle": "License Functions attach License Terms and mint license tokens licensing config and max license tokens should set licensing config",
                      "timedOut": false,
                      "duration": 4415,
                      "state": "passed",
                      "speed": "slow",
                      "pass": true,
                      "fail": false,
                      "pending": false,
                      "context": null,
                      "code": "const result = await client.license.setLicensingConfig({\n    ipId: ipId,\n    licenseTermsId: licenseId,\n    licensingConfig,\n});\n(0, chai_1.expect)(result.txHash).to.be.a(\"string\");\n(0, chai_1.expect)(result.success).to.equal(true);",
                      "err": {},
                      "uuid": "3ae4f76c-0049-4d36-be19-e555709e5515",
                      "parentUUID": "beefa546-6c28-42ab-9aa4-b5d46c6d2719",
                      "isHook": false,
                      "skipped": false
                    },
                    {
                      "title": "should get licensing config",
                      "fullTitle": "License Functions attach License Terms and mint license tokens licensing config and max license tokens should get licensing config",
                      "timedOut": false,
                      "duration": 39,
                      "state": "passed",
                      "speed": "medium",
                      "pass": true,
                      "fail": false,
                      "pending": false,
                      "context": null,
                      "code": "const result = await client.license.getLicensingConfig({\n    ipId: ipId,\n    licenseTermsId: licenseId,\n});\n(0, chai_1.expect)(result).to.deep.equal({\n    ...licensingConfig,\n    expectMinimumGroupRewardShare: 1 * 10 ** 6,\n});",
                      "err": {},
                      "uuid": "b6a3373b-d7f1-43c7-b87b-9c95e3117d6b",
                      "parentUUID": "beefa546-6c28-42ab-9aa4-b5d46c6d2719",
                      "isHook": false,
                      "skipped": false
                    },
                    {
                      "title": "should set max license tokens",
                      "fullTitle": "License Functions attach License Terms and mint license tokens licensing config and max license tokens should set max license tokens",
                      "timedOut": false,
                      "duration": 8800,
                      "state": "passed",
                      "speed": "slow",
                      "pass": true,
                      "fail": false,
                      "pending": false,
                      "context": null,
                      "code": "const result = await client.license.setMaxLicenseTokens({\n    ipId: ipId,\n    licenseTermsId: licenseId,\n    maxLicenseTokens: 100,\n});\n(0, chai_1.expect)(result.txHash).to.be.a(\"string\");",
                      "err": {},
                      "uuid": "d8eb9c03-2b4a-4f2f-9fa5-72e1fd7ebe31",
                      "parentUUID": "beefa546-6c28-42ab-9aa4-b5d46c6d2719",
                      "isHook": false,
                      "skipped": false
                    }
                  ],
                  "suites": [],
                  "passes": [
                    "3ae4f76c-0049-4d36-be19-e555709e5515",
                    "b6a3373b-d7f1-43c7-b87b-9c95e3117d6b",
                    "d8eb9c03-2b4a-4f2f-9fa5-72e1fd7ebe31"
                  ],
                  "failures": [],
                  "pending": [],
                  "skipped": [],
                  "duration": 13254,
                  "root": false,
                  "rootEmpty": false,
                  "_timeout": 300000
                }
              ],
              "passes": [
                "e02fc690-c6a9-4748-a472-684cc4309367",
                "f260f983-8ff4-43f8-add3-08bc1666e4f8",
                "7202961c-64d3-497e-800b-f0c4cdcd84e3",
                "7e807e01-2416-4a40-ba93-4fac4b5d8a81",
                "e93ca7b1-93bc-4ef2-bb35-9e44db41fac6",
                "e5ee39be-a6de-4c43-b227-a9726534f73d",
                "9ae0ec2d-1ca0-4d6c-8fe7-6322c363069f",
                "840847d7-aa1a-436a-ba12-acdfaeae0b9c",
                "85222667-7c49-420a-9f78-f7bdfa2868e4",
                "148b1f4d-9353-4ed9-a47f-e34fd6d138c2"
              ],
              "failures": [],
              "pending": [],
              "skipped": [],
              "duration": 50230,
              "root": false,
              "rootEmpty": false,
              "_timeout": 300000
            },
            {
              "uuid": "4dc56ac8-b4b2-4a48-bf12-4fd2c75c09c0",
              "title": "register pil terms and attach",
              "fullFile": "/home/runner/work/sdk/sdk/packages/core-sdk/test/integration/license.test.ts",
              "file": "/test/integration/license.test.ts",
              "beforeHooks": [
                {
                  "title": "\"before all\" hook in \"register pil terms and attach\"",
                  "fullTitle": "License Functions register pil terms and attach \"before all\" hook in \"register pil terms and attach\"",
                  "timedOut": false,
                  "duration": 8694,
                  "state": null,
                  "speed": null,
                  "pass": false,
                  "fail": false,
                  "pending": false,
                  "context": null,
                  "code": "tokenId = await (0, util_1.getTokenId)();\nconst registerResult = await client.ipAsset.register({\n    nftContract: util_1.mockERC721,\n    tokenId: tokenId,\n});\nipId = registerResult.ipId;",
                  "err": {},
                  "uuid": "4e27f604-9b63-43e1-aa3d-98bee5b5e465",
                  "parentUUID": "4dc56ac8-b4b2-4a48-bf12-4fd2c75c09c0",
                  "isHook": true,
                  "skipped": false
                }
              ],
              "afterHooks": [],
              "tests": [
                {
                  "title": "should register PIL terms and attach",
                  "fullTitle": "License Functions register pil terms and attach should register PIL terms and attach",
                  "timedOut": false,
                  "duration": 4612,
                  "state": "passed",
                  "speed": "slow",
                  "pass": true,
                  "fail": false,
                  "pending": false,
                  "context": null,
                  "code": "const result = await client.license.registerPilTermsAndAttach({\n    ipId: ipId,\n    licenseTermsData: [\n        {\n            terms: src_1.PILFlavor.commercialRemix({\n                defaultMintingFee: 0n,\n                commercialRevShare: 100,\n                royaltyPolicy: src_1.NativeRoyaltyPolicy.LAP,\n                currency: common_1.WIP_TOKEN_ADDRESS,\n            }),\n            licensingConfig: {\n                isSet: true,\n                mintingFee: 0n,\n                licensingHook: viem_1.zeroAddress,\n                hookData: viem_1.zeroAddress,\n                commercialRevShare: 0,\n                disabled: false,\n                expectMinimumGroupRewardShare: 0,\n                expectGroupRewardPool: viem_1.zeroAddress,\n            },\n        },\n        {\n            terms: src_1.PILFlavor.nonCommercialSocialRemixing(),\n        },\n    ],\n    deadline: 1000n,\n});\n(0, chai_1.expect)(result.txHash).to.be.a(\"string\");\n(0, chai_1.expect)(result.licenseTermsIds?.length).to.be.equal(2);\n(0, chai_1.expect)(result.maxLicenseTokensTxHashes).to.be.an(\"undefined\");",
                  "err": {},
                  "uuid": "cc7e35cb-00cf-4b46-95f2-0ec412c4fced",
                  "parentUUID": "4dc56ac8-b4b2-4a48-bf12-4fd2c75c09c0",
                  "isHook": false,
                  "skipped": false
                },
                {
                  "title": "should register PIL terms and attach with license terms max limit",
                  "fullTitle": "License Functions register pil terms and attach should register PIL terms and attach with license terms max limit",
                  "timedOut": false,
                  "duration": 5247,
                  "state": "passed",
                  "speed": "slow",
                  "pass": true,
                  "fail": false,
                  "pending": false,
                  "context": null,
                  "code": "const result = await client.license.registerPilTermsAndAttach({\n    ipId: ipId,\n    licenseTermsData: [\n        {\n            terms: src_1.PILFlavor.commercialRemix({\n                defaultMintingFee: 0n,\n                commercialRevShare: 100,\n                royaltyPolicy: src_1.NativeRoyaltyPolicy.LAP,\n                currency: common_1.WIP_TOKEN_ADDRESS,\n            }),\n            licensingConfig: {\n                isSet: true,\n                mintingFee: 0n,\n                licensingHook: viem_1.zeroAddress,\n                hookData: viem_1.zeroAddress,\n                commercialRevShare: 0,\n                disabled: false,\n                expectMinimumGroupRewardShare: 0,\n                expectGroupRewardPool: viem_1.zeroAddress,\n            },\n            maxLicenseTokens: 100,\n        },\n        {\n            terms: src_1.PILFlavor.commercialRemix({\n                defaultMintingFee: 1,\n                commercialRevShare: 100,\n                royaltyPolicy: src_1.NativeRoyaltyPolicy.LAP,\n                currency: common_1.WIP_TOKEN_ADDRESS,\n            }),\n            licensingConfig: {\n                isSet: true,\n                mintingFee: 1n,\n                licensingHook: viem_1.zeroAddress,\n                hookData: viem_1.zeroAddress,\n                commercialRevShare: 0,\n                disabled: false,\n                expectMinimumGroupRewardShare: 0,\n                expectGroupRewardPool: viem_1.zeroAddress,\n            },\n            maxLicenseTokens: 100,\n        },\n        {\n            terms: src_1.PILFlavor.commercialRemix({\n                defaultMintingFee: 0n,\n                commercialRevShare: 100,\n                royaltyPolicy: src_1.NativeRoyaltyPolicy.LAP,\n                currency: common_1.WIP_TOKEN_ADDRESS,\n            }),\n            licensingConfig: {\n                isSet: true,\n                mintingFee: 0n,\n                licensingHook: viem_1.zeroAddress,\n                hookData: viem_1.zeroAddress,\n                commercialRevShare: 0,\n                disabled: false,\n                expectMinimumGroupRewardShare: 0,\n                expectGroupRewardPool: viem_1.zeroAddress,\n            },\n        },\n    ],\n    deadline: 1000n,\n});\n(0, chai_1.expect)(result.txHash).to.be.a(\"string\");\n(0, chai_1.expect)(result.licenseTermsIds).to.be.an(\"array\");\n(0, chai_1.expect)(result.maxLicenseTokensTxHashes).to.be.an(\"array\");\n(0, chai_1.expect)(result.maxLicenseTokensTxHashes?.length).to.be.equal(2);",
                  "err": {},
                  "uuid": "95d87bdb-525b-4162-8340-41b483e6de1f",
                  "parentUUID": "4dc56ac8-b4b2-4a48-bf12-4fd2c75c09c0",
                  "isHook": false,
                  "skipped": false
                }
              ],
              "suites": [],
              "passes": [
                "cc7e35cb-00cf-4b46-95f2-0ec412c4fced",
                "95d87bdb-525b-4162-8340-41b483e6de1f"
              ],
              "failures": [],
              "pending": [],
              "skipped": [],
              "duration": 9859,
              "root": false,
              "rootEmpty": false,
              "_timeout": 300000
            }
          ],
          "passes": [],
          "failures": [],
          "pending": [],
          "skipped": [],
          "duration": 0,
          "root": false,
          "rootEmpty": false,
          "_timeout": 300000
        }
      ],
      "passes": [],
      "failures": [],
      "pending": [],
      "skipped": [],
      "duration": 0,
      "root": true,
      "rootEmpty": true,
      "_timeout": 300000
    }
  ],
  "meta": {
    "mocha": {
      "version": "10.8.2"
    },
    "mochawesome": {
      "options": {
        "quiet": false,
        "reportFilename": "mochawesome",
        "saveHtml": true,
        "saveJson": true,
        "consoleReporter": "spec",
        "useInlineDiffs": false,
        "code": true
      },
      "version": "7.1.4"
    },
    "marge": {
      "options": null,
      "version": "6.3.0"
    }
  }
}