{
  "stats": {
    "suites": 48,
    "tests": 138,
    "passes": 138,
    "pending": 0,
    "failures": 0,
    "start": "2025-07-21T07:54:12.943Z",
    "end": "2025-07-21T08:28:29.057Z",
    "duration": 2056114,
    "testsRegistered": 138,
    "passPercent": 100,
    "pendingPercent": 0,
    "other": 0,
    "hasOther": false,
    "skipped": 0,
    "hasSkipped": false
  },
  "results": [
    {
      "uuid": "0866f077-ca3e-4c10-a81f-b323e53dc352",
      "title": "",
      "fullFile": "",
      "file": "",
      "beforeHooks": [],
      "afterHooks": [],
      "tests": [],
      "suites": [
        {
          "uuid": "f24a5925-a398-4865-899f-e31da40c2ac2",
          "title": "Dispute Functions",
          "fullFile": "/home/runner/work/sdk/sdk/packages/core-sdk/test/integration/dispute.test.ts",
          "file": "/test/integration/dispute.test.ts",
          "beforeHooks": [
            {
              "title": "\"before all\" hook in \"Dispute Functions\"",
              "fullTitle": "Dispute Functions \"before all\" hook in \"Dispute Functions\"",
              "timedOut": false,
              "duration": 9224,
              "state": null,
              "speed": null,
              "pass": false,
              "fail": false,
              "pending": false,
              "context": null,
              "code": "clientA = (0, util_1.getStoryClient)();\nconst derivedClient = await (0, BIP32_1.getDerivedStoryClient)();\nclientB = derivedClient.clientB;\nminimumBond = await (0, oov3_1.getMinimumBond)(util_1.publicClient, new generated_1.ArbitrationPolicyUmaClient(util_1.publicClient, util_1.walletClient), src_1.WIP_TOKEN_ADDRESS);\nconst txData = await clientA.nftClient.createNFTCollection({\n    name: \"test-collection\",\n    symbol: \"TEST\",\n    maxSupply: 100,\n    isPublicMinting: true,\n    mintOpen: true,\n    contractURI: \"test-uri\",\n    mintFeeRecipient: util_1.TEST_WALLET_ADDRESS,\n});\nconst nftContract = txData.spgNftContract;\nipIdB = (await clientB.ipAsset.mintAndRegisterIp({\n    spgNftContract: nftContract,\n})).ipId;",
              "err": {},
              "uuid": "52c721f8-3af7-4329-96a2-33b451381913",
              "parentUUID": "f24a5925-a398-4865-899f-e31da40c2ac2",
              "isHook": true,
              "skipped": false
            }
          ],
          "afterHooks": [],
          "tests": [
            {
              "title": "it should not cancel a dispute (yet)",
              "fullTitle": "Dispute Functions it should not cancel a dispute (yet)",
              "timedOut": false,
              "duration": 9298,
              "state": "passed",
              "speed": "slow",
              "pass": true,
              "fail": false,
              "pending": false,
              "context": null,
              "code": "const raiseResponse = await clientA.dispute.raiseDispute({\n    targetIpId: ipIdB,\n    cid: await generateCID(),\n    targetTag: src_1.DisputeTargetTag.IMPROPER_REGISTRATION,\n    liveness: 2592000,\n    bond: minimumBond,\n});\nawait (0, chai_1.expect)(clientA.dispute.cancelDispute({\n    disputeId: raiseResponse.disputeId,\n})).to.be.rejected;",
              "err": {},
              "uuid": "ceb9bfec-e0a6-4e2f-8489-7165d4fa7f0d",
              "parentUUID": "f24a5925-a398-4865-899f-e31da40c2ac2",
              "isHook": false,
              "skipped": false
            }
          ],
          "suites": [
            {
              "uuid": "5aa75199-96bf-46c8-8c9f-634d5a7c7a45",
              "title": "raiseDispute and counter dispute",
              "fullFile": "/home/runner/work/sdk/sdk/packages/core-sdk/test/integration/dispute.test.ts",
              "file": "/test/integration/dispute.test.ts",
              "beforeHooks": [],
              "afterHooks": [],
              "tests": [
                {
                  "title": "should raise a dispute",
                  "fullTitle": "Dispute Functions raiseDispute and counter dispute should raise a dispute",
                  "timedOut": false,
                  "duration": 9157,
                  "state": "passed",
                  "speed": "slow",
                  "pass": true,
                  "fail": false,
                  "pending": false,
                  "context": null,
                  "code": "const raiseDisputeRequest = {\n    targetIpId: ipIdB,\n    cid: await generateCID(),\n    targetTag: src_1.DisputeTargetTag.IMPROPER_REGISTRATION,\n    liveness: 2592000,\n    bond: minimumBond,\n};\nconst response = await clientA.dispute.raiseDispute(raiseDisputeRequest);\n(0, chai_1.expect)(response.txHash).to.be.a(\"string\");\n(0, chai_1.expect)(response.disputeId).to.be.a(\"bigint\");\ndisputeId = response.disputeId;",
                  "err": {},
                  "uuid": "07ed7bdc-76c2-48a5-95cb-dd4d1ebe706d",
                  "parentUUID": "5aa75199-96bf-46c8-8c9f-634d5a7c7a45",
                  "isHook": false,
                  "skipped": false
                },
                {
                  "title": "should validate all enum values defined in DisputeTargetTag",
                  "fullTitle": "Dispute Functions raiseDispute and counter dispute should validate all enum values defined in DisputeTargetTag",
                  "timedOut": false,
                  "duration": 207,
                  "state": "passed",
                  "speed": "slow",
                  "pass": true,
                  "fail": false,
                  "pending": false,
                  "context": null,
                  "code": "const allTags = Object.values(src_1.DisputeTargetTag);\nfor (const tag of allTags) {\n    const tagHex = (0, viem_1.toHex)(tag, { size: 32 });\n    const { allowed } = await clientA.dispute.disputeModuleClient.isWhitelistedDisputeTag({\n        tag: tagHex,\n    });\n    if (tag === src_1.DisputeTargetTag.IN_DISPUTE) {\n        (0, chai_1.expect)(allowed).equal(false);\n    }\n    else {\n        (0, chai_1.expect)(allowed).equal(true);\n    }\n}",
                  "err": {},
                  "uuid": "5a156c21-e16c-49e3-9073-89afcb078db4",
                  "parentUUID": "5aa75199-96bf-46c8-8c9f-634d5a7c7a45",
                  "isHook": false,
                  "skipped": false
                },
                {
                  "title": "should raise disputes with different DisputeTargetTag enum values",
                  "fullTitle": "Dispute Functions raiseDispute and counter dispute should raise disputes with different DisputeTargetTag enum values",
                  "timedOut": false,
                  "duration": 40869,
                  "state": "passed",
                  "speed": "slow",
                  "pass": true,
                  "fail": false,
                  "pending": false,
                  "context": null,
                  "code": "const allTags = Object.values(src_1.DisputeTargetTag);\nfor (const tag of allTags) {\n    const raiseDisputeRequest = {\n        targetIpId: ipIdB,\n        cid: await generateCID(),\n        targetTag: tag,\n        liveness: 2592000,\n        bond: minimumBond,\n    };\n    if (tag === src_1.DisputeTargetTag.IN_DISPUTE) {\n        await (0, chai_1.expect)(clientA.dispute.raiseDispute(raiseDisputeRequest)).to.be.rejectedWith(\"The target tag IN_DISPUTE is not whitelisted\");\n    }\n    else {\n        const response = await clientA.dispute.raiseDispute(raiseDisputeRequest);\n        (0, chai_1.expect)(response.txHash).to.be.a(\"string\");\n        (0, chai_1.expect)(response.disputeId).to.be.a(\"bigint\");\n    }\n}",
                  "err": {},
                  "uuid": "c21b7116-015d-4f6b-aba8-d3a443833cb4",
                  "parentUUID": "5aa75199-96bf-46c8-8c9f-634d5a7c7a45",
                  "isHook": false,
                  "skipped": false
                },
                {
                  "title": "should reject a dispute with an invalid tag not defined in the enum",
                  "fullTitle": "Dispute Functions raiseDispute and counter dispute should reject a dispute with an invalid tag not defined in the enum",
                  "timedOut": false,
                  "duration": 167,
                  "state": "passed",
                  "speed": "slow",
                  "pass": true,
                  "fail": false,
                  "pending": false,
                  "context": null,
                  "code": "await (0, chai_1.expect)(clientA.dispute.raiseDispute({\n    targetIpId: ipIdB,\n    cid: await generateCID(),\n    targetTag: \"INVALID_TAG\",\n    liveness: 2592000,\n    bond: minimumBond,\n})).to.be.rejectedWith(\"The target tag INVALID_TAG is not whitelisted\");",
                  "err": {},
                  "uuid": "758e44e9-ed1e-4611-8eab-fb5cc0c044b5",
                  "parentUUID": "5aa75199-96bf-46c8-8c9f-634d5a7c7a45",
                  "isHook": false,
                  "skipped": false
                },
                {
                  "title": "should be able to counter existing dispute once",
                  "fullTitle": "Dispute Functions raiseDispute and counter dispute should be able to counter existing dispute once",
                  "timedOut": false,
                  "duration": 13735,
                  "state": "passed",
                  "speed": "slow",
                  "pass": true,
                  "fail": false,
                  "pending": false,
                  "context": null,
                  "code": "const assertionId = await clientB.dispute.disputeIdToAssertionId(disputeId);\nconst counterEvidenceCID = await generateCID();\nconst ret = await clientB.dispute.disputeAssertion({\n    ipId: ipIdB,\n    assertionId,\n    counterEvidenceCID,\n});\n(0, chai_1.expect)(ret.txHash).to.be.a(\"string\");\n// should throw error if attempting to dispute assertion again\nawait (0, chai_1.expect)(clientB.dispute.disputeAssertion({\n    ipId: ipIdB,\n    assertionId,\n    counterEvidenceCID,\n})).to.be.rejected;",
                  "err": {},
                  "uuid": "0cfe7d0f-fcb3-4eb0-8e37-43224d28a2dc",
                  "parentUUID": "5aa75199-96bf-46c8-8c9f-634d5a7c7a45",
                  "isHook": false,
                  "skipped": false
                }
              ],
              "suites": [],
              "passes": [
                "07ed7bdc-76c2-48a5-95cb-dd4d1ebe706d",
                "5a156c21-e16c-49e3-9073-89afcb078db4",
                "c21b7116-015d-4f6b-aba8-d3a443833cb4",
                "758e44e9-ed1e-4611-8eab-fb5cc0c044b5",
                "0cfe7d0f-fcb3-4eb0-8e37-43224d28a2dc"
              ],
              "failures": [],
              "pending": [],
              "skipped": [],
              "duration": 64135,
              "root": false,
              "rootEmpty": false,
              "_timeout": 300000
            },
            {
              "uuid": "5c781b10-53a2-469e-b28c-e6e71e346b62",
              "title": "Dispute resolution",
              "fullFile": "/home/runner/work/sdk/sdk/packages/core-sdk/test/integration/dispute.test.ts",
              "file": "/test/integration/dispute.test.ts",
              "beforeHooks": [
                {
                  "title": "\"before each\" hook in \"Dispute resolution\"",
                  "fullTitle": "Dispute Functions Dispute resolution \"before each\" hook in \"Dispute resolution\"",
                  "timedOut": false,
                  "duration": 35127,
                  "state": null,
                  "speed": null,
                  "pass": false,
                  "fail": false,
                  "pending": false,
                  "context": null,
                  "code": "// Setup NFT collection\nconst txData = await clientA.nftClient.createNFTCollection({\n    name: \"test-collection\",\n    symbol: \"TEST\",\n    maxSupply: 100,\n    isPublicMinting: true,\n    mintOpen: true,\n    contractURI: \"test-uri\",\n    mintFeeRecipient: util_1.TEST_WALLET_ADDRESS,\n});\nnftContract = txData.spgNftContract;\n// Get parent IP ID and license terms ID\nconst ipIdAndLicenseResponse = await clientA.ipAsset.mintAndRegisterIpAssetWithPilTerms({\n    spgNftContract: nftContract,\n    allowDuplicates: false,\n    licenseTermsData: [\n        {\n            terms: {\n                transferable: true,\n                royaltyPolicy: generated_1.royaltyPolicyLapAddress[util_1.aeneid],\n                defaultMintingFee: 0n,\n                expiration: 0n,\n                commercialUse: true,\n                commercialAttribution: false,\n                commercializerChecker: viem_1.zeroAddress,\n                commercializerCheckerData: viem_1.zeroAddress,\n                commercialRevShare: 90,\n                commercialRevCeiling: 0n,\n                derivativesAllowed: true,\n                derivativesAttribution: true,\n                derivativesApproval: false,\n                derivativesReciprocal: true,\n                derivativeRevCeiling: 0n,\n                currency: src_1.WIP_TOKEN_ADDRESS,\n                uri: \"\",\n            },\n            licensingConfig: {\n                isSet: true,\n                mintingFee: 0n,\n                licensingHook: viem_1.zeroAddress,\n                hookData: viem_1.zeroAddress,\n                commercialRevShare: 0,\n                disabled: false,\n                expectMinimumGroupRewardShare: 0,\n                expectGroupRewardPool: generated_1.evenSplitGroupPoolAddress[util_1.aeneid],\n            },\n        },\n    ],\n});\nparentIpId = ipIdAndLicenseResponse.ipId;\nlicenseTermsId = ipIdAndLicenseResponse.licenseTermsIds[0];\n//Create a derivative ip\nconst derivativeIpIdResponse1 = await clientA.ipAsset.mintAndRegisterIpAndMakeDerivative({\n    spgNftContract: nftContract,\n    derivData: {\n        parentIpIds: [parentIpId],\n        licenseTermsIds: [licenseTermsId],\n        maxMintingFee: 1n,\n        maxRts: 5 * 10 ** 6,\n        maxRevenueShare: 100,\n    },\n});\nchildIpId = derivativeIpIdResponse1.ipId;\n// Create a second derivative ip\nconst derivativeIpIdResponse2 = await clientA.ipAsset.mintAndRegisterIpAndMakeDerivative({\n    spgNftContract: nftContract,\n    derivData: {\n        parentIpIds: [parentIpId],\n        licenseTermsIds: [licenseTermsId],\n        maxMintingFee: 1n,\n        maxRts: 5 * 10 ** 6,\n        maxRevenueShare: 100,\n    },\n});\nchildIpId2 = derivativeIpIdResponse2.ipId;\n// Raise a dispute\nconst response = await clientA.dispute.raiseDispute({\n    targetIpId: parentIpId,\n    cid: await generateCID(),\n    targetTag: src_1.DisputeTargetTag.IMPROPER_REGISTRATION,\n    liveness: 1,\n    bond: minimumBond,\n});\ndisputeId = response.disputeId;\n// This timeout guarantees that the assertion is expired\n// its intended to be longer than the current block time\n// so it won't be included in the same block\nawait new Promise((resolve) => setTimeout(resolve, 3000));",
                  "err": {},
                  "uuid": "d01cb604-03d9-4f60-8852-2d2dd12100d7",
                  "parentUUID": "5c781b10-53a2-469e-b28c-e6e71e346b62",
                  "isHook": true,
                  "skipped": false
                }
              ],
              "afterHooks": [],
              "tests": [
                {
                  "title": "should tag infringing ip",
                  "fullTitle": "Dispute Functions Dispute resolution should tag infringing ip",
                  "timedOut": false,
                  "duration": 8870,
                  "state": "passed",
                  "speed": "slow",
                  "pass": true,
                  "fail": false,
                  "pending": false,
                  "context": null,
                  "code": "await (0, oov3_1.settleAssertion)(util_1.TEST_PRIVATE_KEY, disputeId);\n// Tag derivative IP as infringing\nconst results = await clientA.dispute.tagIfRelatedIpInfringed({\n    infringementTags: [\n        {\n            ipId: childIpId,\n            disputeId: disputeId,\n        },\n        {\n            ipId: childIpId2,\n            disputeId: disputeId,\n        },\n    ],\n});\n(0, chai_1.expect)(results[0].txHash).to.be.a(\"string\");",
                  "err": {},
                  "uuid": "41b6f719-3f6b-4e5e-be59-3653e2c9f7c0",
                  "parentUUID": "5c781b10-53a2-469e-b28c-e6e71e346b62",
                  "isHook": false,
                  "skipped": false
                },
                {
                  "title": "should tag a single IP as infringing without using multicall",
                  "fullTitle": "Dispute Functions Dispute resolution should tag a single IP as infringing without using multicall",
                  "timedOut": false,
                  "duration": 8925,
                  "state": "passed",
                  "speed": "slow",
                  "pass": true,
                  "fail": false,
                  "pending": false,
                  "context": null,
                  "code": "/**\n * Test Flow:\n * 1. Set judgment on an existing dispute to mark it as valid (did in `before each` block)\n * 2. Verify the dispute state changed correctly after judgment\n * 3. Try to tag a derivative IP using the judged dispute\n */\n// Step 1: Set judgment on an existing dispute to mark it as valid\nawait (0, oov3_1.settleAssertion)(util_1.TEST_PRIVATE_KEY, disputeId);\n// Step 2: Verify dispute state\n// The disputes() function returns multiple values about the dispute:\n// - targetTag: the tag we wanted to apply when raising the dispute\n// - currentTag: the current state of the dispute after judgment\n// After a successful judgment, currentTag should equal targetTag\nconst { currentTag, targetTag } = await getDisputeState(disputeId);\n(0, chai_1.expect)(currentTag).to.equal(targetTag); // Verify judgment was recorded correctly\n// Step 3: Attempt to tag a derivative IP\n// This will fail if:\n// - The dispute is not in a valid state (still IN_DISPUTE or cleared)\n// - The IP we're trying to tag is not actually a derivative of the disputed IP\n// - The dispute has already been used to tag this IP\nconst response = await clientA.dispute.tagIfRelatedIpInfringed({\n    infringementTags: [\n        {\n            ipId: childIpId, // The derivative IP to tag\n            disputeId: disputeId, // Using the judged dispute as basis for tagging\n        },\n    ],\n    options: {\n        useMulticallWhenPossible: false, // Force single transaction instead of batch\n    },\n});\n// Verify we got the expected response\n(0, chai_1.expect)(response).to.have.lengthOf(1);\n(0, chai_1.expect)(response[0].txHash).to.be.a(\"string\");",
                  "err": {},
                  "uuid": "00617114-d573-4362-a3d6-eb7000b2611a",
                  "parentUUID": "5c781b10-53a2-469e-b28c-e6e71e346b62",
                  "isHook": false,
                  "skipped": false
                },
                {
                  "title": "should tag multiple IPs as infringing using multicall",
                  "fullTitle": "Dispute Functions Dispute resolution should tag multiple IPs as infringing using multicall",
                  "timedOut": false,
                  "duration": 29911,
                  "state": "passed",
                  "speed": "slow",
                  "pass": true,
                  "fail": false,
                  "pending": false,
                  "context": null,
                  "code": "const disputeResponse = await clientA.dispute.raiseDispute({\n    targetIpId: parentIpId,\n    cid: await generateCID(),\n    targetTag: src_1.DisputeTargetTag.IMPROPER_REGISTRATION,\n    liveness: 1,\n    bond: minimumBond,\n});\nconst testDisputeId = disputeResponse.disputeId;\nconst derivativeResponse2 = await clientA.ipAsset.mintAndRegisterIpAndMakeDerivative({\n    spgNftContract: nftContract,\n    derivData: {\n        parentIpIds: [parentIpId],\n        licenseTermsIds: [licenseTermsId],\n        maxMintingFee: 1n,\n        maxRts: 5 * 10 ** 6,\n        maxRevenueShare: 100,\n    },\n    allowDuplicates: true,\n});\nconst newChildIpId = derivativeResponse2.ipId;\nawait (0, oov3_1.settleAssertion)(util_1.TEST_PRIVATE_KEY, testDisputeId);\n// This timeout guarantees that the assertion is expired\n// its intended to be longer than the current block time\n// so it won't be included in the same block\nawait new Promise((resolve) => setTimeout(resolve, 3000));\nconst { currentTag, targetTag } = await getDisputeState(testDisputeId);\n(0, chai_1.expect)(currentTag).to.equal(targetTag);\nconst response = await clientA.dispute.tagIfRelatedIpInfringed({\n    infringementTags: [\n        {\n            ipId: childIpId,\n            disputeId: testDisputeId,\n        },\n        {\n            ipId: newChildIpId,\n            disputeId: testDisputeId,\n        },\n    ],\n    options: {\n        useMulticallWhenPossible: true,\n    },\n});\n(0, chai_1.expect)(response).to.have.lengthOf(1);\n(0, chai_1.expect)(response[0].txHash).to.be.a(\"string\");",
                  "err": {},
                  "uuid": "c55384da-34c1-4027-8a15-71e996ca66c9",
                  "parentUUID": "5c781b10-53a2-469e-b28c-e6e71e346b62",
                  "isHook": false,
                  "skipped": false
                },
                {
                  "title": "should tag multiple IPs without multicall when specified",
                  "fullTitle": "Dispute Functions Dispute resolution should tag multiple IPs without multicall when specified",
                  "timedOut": false,
                  "duration": 18847,
                  "state": "passed",
                  "speed": "slow",
                  "pass": true,
                  "fail": false,
                  "pending": false,
                  "context": null,
                  "code": "// Create two new derivative IPs sequentially\nconst derivativeResponse3 = await clientA.ipAsset.mintAndRegisterIpAndMakeDerivative({\n    spgNftContract: nftContract,\n    derivData: {\n        parentIpIds: [parentIpId],\n        licenseTermsIds: [licenseTermsId],\n        maxMintingFee: 1n,\n        maxRts: 5 * 10 ** 6,\n        maxRevenueShare: 100,\n    },\n    allowDuplicates: true,\n});\nconst derivativeResponse4 = await clientA.ipAsset.mintAndRegisterIpAndMakeDerivative({\n    spgNftContract: nftContract,\n    derivData: {\n        parentIpIds: [parentIpId],\n        licenseTermsIds: [licenseTermsId],\n        maxMintingFee: 1n,\n        maxRts: 5 * 10 ** 6,\n        maxRevenueShare: 100,\n    },\n    allowDuplicates: true,\n});\nawait (0, oov3_1.settleAssertion)(util_1.TEST_PRIVATE_KEY, disputeId);\nconst { currentTag, targetTag } = await getDisputeState(disputeId);\n(0, chai_1.expect)(currentTag).to.equal(targetTag);\nconst responses = await clientA.dispute.tagIfRelatedIpInfringed({\n    infringementTags: [\n        {\n            ipId: derivativeResponse3.ipId,\n            disputeId: disputeId,\n        },\n        {\n            ipId: derivativeResponse4.ipId,\n            disputeId: disputeId,\n        },\n    ],\n    options: {\n        useMulticallWhenPossible: false,\n    },\n});\n(0, chai_1.expect)(responses).to.have.lengthOf(2);\n(0, chai_1.expect)(responses[0].txHash).to.be.a(\"string\");\n(0, chai_1.expect)(responses[1].txHash).to.be.a(\"string\");",
                  "err": {},
                  "uuid": "6aa1e75d-8792-45a7-837c-fe06a1d8f8a2",
                  "parentUUID": "5c781b10-53a2-469e-b28c-e6e71e346b62",
                  "isHook": false,
                  "skipped": false
                },
                {
                  "title": "should fail when trying to tag with invalid dispute ID",
                  "fullTitle": "Dispute Functions Dispute resolution should fail when trying to tag with invalid dispute ID",
                  "timedOut": false,
                  "duration": 40,
                  "state": "passed",
                  "speed": "medium",
                  "pass": true,
                  "fail": false,
                  "pending": false,
                  "context": null,
                  "code": "await (0, chai_1.expect)(clientA.dispute.tagIfRelatedIpInfringed({\n    infringementTags: [\n        {\n            ipId: childIpId,\n            disputeId: 999999n,\n        },\n    ],\n})).to.be.rejected;",
                  "err": {},
                  "uuid": "52695b96-6327-4865-a56a-32b9f2c52048",
                  "parentUUID": "5c781b10-53a2-469e-b28c-e6e71e346b62",
                  "isHook": false,
                  "skipped": false
                },
                {
                  "title": "should resolve a dispute successfully when initiated by dispute initiator",
                  "fullTitle": "Dispute Functions Dispute resolution should resolve a dispute successfully when initiated by dispute initiator",
                  "timedOut": false,
                  "duration": 8889,
                  "state": "passed",
                  "speed": "slow",
                  "pass": true,
                  "fail": false,
                  "pending": false,
                  "context": null,
                  "code": "await (0, oov3_1.settleAssertion)(util_1.TEST_PRIVATE_KEY, disputeId);\nconst { currentTag, targetTag } = await getDisputeState(disputeId);\n(0, chai_1.expect)(currentTag).to.equal(targetTag);\nconst response = await clientA.dispute.resolveDispute({\n    disputeId: disputeId,\n    data: \"0x\",\n});\n(0, chai_1.expect)(response.txHash).to.be.a(\"string\");",
                  "err": {},
                  "uuid": "3adc0402-ec74-4cab-b9b8-a157d2f86a34",
                  "parentUUID": "5c781b10-53a2-469e-b28c-e6e71e346b62",
                  "isHook": false,
                  "skipped": false
                },
                {
                  "title": "should fail when non-initiator tries to resolve the dispute",
                  "fullTitle": "Dispute Functions Dispute resolution should fail when non-initiator tries to resolve the dispute",
                  "timedOut": false,
                  "duration": 41,
                  "state": "passed",
                  "speed": "medium",
                  "pass": true,
                  "fail": false,
                  "pending": false,
                  "context": null,
                  "code": "await (0, chai_1.expect)(clientB.dispute.resolveDispute({\n    disputeId: disputeId,\n    data: \"0x\",\n})).to.be.rejectedWith(\"NotDisputeInitiator\");",
                  "err": {},
                  "uuid": "c35d7e9d-bba8-4e26-b23f-ad155fffcb86",
                  "parentUUID": "5c781b10-53a2-469e-b28c-e6e71e346b62",
                  "isHook": false,
                  "skipped": false
                },
                {
                  "title": "should propagate IMPROPER_REGISTRATION tag to derivative IPs",
                  "fullTitle": "Dispute Functions Dispute resolution should propagate IMPROPER_REGISTRATION tag to derivative IPs",
                  "timedOut": false,
                  "duration": 13043,
                  "state": "passed",
                  "speed": "slow",
                  "pass": true,
                  "fail": false,
                  "pending": false,
                  "context": null,
                  "code": "await (0, oov3_1.settleAssertion)(util_1.TEST_PRIVATE_KEY, disputeId);\n// Verify the dispute state changed correctly\nconst { currentTag: parentCurrentTag, targetTag: parentTargetTag } = await getDisputeState(disputeId);\n(0, chai_1.expect)(parentCurrentTag).to.equal(parentTargetTag);\n// Propagate the tag to both derivative IPs\nconst results = await clientA.dispute.tagIfRelatedIpInfringed({\n    infringementTags: [\n        {\n            ipId: childIpId,\n            disputeId: disputeId,\n        },\n        {\n            ipId: childIpId2,\n            disputeId: disputeId,\n        },\n    ],\n});\nconst logData = results[0].receipt?.logs[0].data;\nconst firstWord = logData.slice(0, 66);\nconst childDisputeId = BigInt(firstWord);\n// Verify successful tagging\n(0, chai_1.expect)(results[0].txHash).to.be.a(\"string\");\nconst { currentTag: childCurrentTag } = await getDisputeState(childDisputeId);\n// Convert the IMPROPER_USAGE tag to hex for comparison\nconst improperUsageTagHex = (0, viem_1.toHex)(src_1.DisputeTargetTag.IMPROPER_REGISTRATION, { size: 32 });\n// Verify both child IPs have the IMPROPER_USAGE tag by\n// fetching and comparing their dispute tags\n(0, chai_1.expect)(parentCurrentTag).to.equal(parentTargetTag);\n(0, chai_1.expect)(childCurrentTag).to.equal(improperUsageTagHex);",
                  "err": {},
                  "uuid": "5a706ee8-9099-4b3f-a5f5-0b0c9b5e8dc4",
                  "parentUUID": "5c781b10-53a2-469e-b28c-e6e71e346b62",
                  "isHook": false,
                  "skipped": false
                }
              ],
              "suites": [],
              "passes": [
                "41b6f719-3f6b-4e5e-be59-3653e2c9f7c0",
                "00617114-d573-4362-a3d6-eb7000b2611a",
                "c55384da-34c1-4027-8a15-71e996ca66c9",
                "6aa1e75d-8792-45a7-837c-fe06a1d8f8a2",
                "52695b96-6327-4865-a56a-32b9f2c52048",
                "3adc0402-ec74-4cab-b9b8-a157d2f86a34",
                "c35d7e9d-bba8-4e26-b23f-ad155fffcb86",
                "5a706ee8-9099-4b3f-a5f5-0b0c9b5e8dc4"
              ],
              "failures": [],
              "pending": [],
              "skipped": [],
              "duration": 88566,
              "root": false,
              "rootEmpty": false,
              "_timeout": 300000
            }
          ],
          "passes": [
            "ceb9bfec-e0a6-4e2f-8489-7165d4fa7f0d"
          ],
          "failures": [],
          "pending": [],
          "skipped": [],
          "duration": 9298,
          "root": false,
          "rootEmpty": false,
          "_timeout": 300000
        },
        {
          "uuid": "84df8123-5bee-4e99-af30-5bd778b09662",
          "title": "Group Functions",
          "fullFile": "/home/runner/work/sdk/sdk/packages/core-sdk/test/integration/group.test.ts",
          "file": "/test/integration/group.test.ts",
          "beforeHooks": [
            {
              "title": "\"before all\" hook in \"Group Functions\"",
              "fullTitle": "Group Functions \"before all\" hook in \"Group Functions\"",
              "timedOut": false,
              "duration": 4420,
              "state": null,
              "speed": null,
              "pass": false,
              "fail": false,
              "pending": false,
              "context": null,
              "code": "client = (0, util_1.getStoryClient)();\n// Create NFT Collection\nspgNftContract = (await client.nftClient.createNFTCollection({\n    name: \"test-collection\",\n    symbol: \"TEST\",\n    maxSupply: 100,\n    isPublicMinting: true,\n    mintOpen: true,\n    mintFeeRecipient: util_1.TEST_WALLET_ADDRESS,\n    contractURI: \"test-uri\",\n})).spgNftContract;",
              "err": {},
              "uuid": "a849fd51-a0de-464b-b228-bdc5ebf7aa19",
              "parentUUID": "84df8123-5bee-4e99-af30-5bd778b09662",
              "isHook": true,
              "skipped": false
            }
          ],
          "afterHooks": [],
          "tests": [],
          "suites": [
            {
              "uuid": "fc04ceb7-1e51-4eba-bd08-b5c9b91c598f",
              "title": "Group Operations",
              "fullFile": "/home/runner/work/sdk/sdk/packages/core-sdk/test/integration/group.test.ts",
              "file": "/test/integration/group.test.ts",
              "beforeHooks": [
                {
                  "title": "\"before all\" hook in \"Group Operations\"",
                  "fullTitle": "Group Functions Group Operations \"before all\" hook in \"Group Operations\"",
                  "timedOut": false,
                  "duration": 9273,
                  "state": null,
                  "speed": null,
                  "pass": false,
                  "fail": false,
                  "pending": false,
                  "context": null,
                  "code": "// Create initial IP with license terms\nconst result = await client.ipAsset.mintAndRegisterIpAssetWithPilTerms({\n    spgNftContract,\n    allowDuplicates: false,\n    licenseTermsData,\n});\nlicenseTermsId = result.licenseTermsIds[0];\nipId = result.ipId;\n// Set licensing config\nawait client.license.setLicensingConfig({\n    ipId,\n    licenseTermsId,\n    licenseTemplate: generated_1.piLicenseTemplateAddress[util_1.aeneid],\n    licensingConfig: {\n        isSet: true,\n        mintingFee: 0n,\n        licensingHook: viem_1.zeroAddress,\n        hookData: viem_1.zeroAddress,\n        commercialRevShare: 0,\n        disabled: false,\n        expectMinimumGroupRewardShare: 0,\n        expectGroupRewardPool: groupPoolAddress,\n    },\n});",
                  "err": {},
                  "uuid": "059c132f-340c-421e-9ae9-3995f954395d",
                  "parentUUID": "fc04ceb7-1e51-4eba-bd08-b5c9b91c598f",
                  "isHook": true,
                  "skipped": false
                }
              ],
              "afterHooks": [],
              "tests": [
                {
                  "title": "should successfully register group and attach license",
                  "fullTitle": "Group Functions Group Operations should successfully register group and attach license",
                  "timedOut": false,
                  "duration": 4433,
                  "state": "passed",
                  "speed": "slow",
                  "pass": true,
                  "fail": false,
                  "pending": false,
                  "context": null,
                  "code": "const result = await client.groupClient.registerGroupAndAttachLicense({\n    groupPool: groupPoolAddress,\n    licenseData: {\n        licenseTermsId,\n        licensingConfig: {\n            isSet: true,\n            mintingFee: 0n,\n            licensingHook: viem_1.zeroAddress,\n            hookData: viem_1.zeroAddress,\n            commercialRevShare: 0,\n            disabled: false,\n            expectMinimumGroupRewardShare: 0,\n            expectGroupRewardPool: viem_1.zeroAddress,\n        },\n    },\n});\ngroupId = result.groupId;\n(0, chai_1.expect)(result.txHash).to.be.a(\"string\");\n(0, chai_1.expect)(result.groupId).to.be.a(\"string\");",
                  "err": {},
                  "uuid": "a7659463-5b55-456d-bead-047df73bbbd8",
                  "parentUUID": "fc04ceb7-1e51-4eba-bd08-b5c9b91c598f",
                  "isHook": false,
                  "skipped": false
                },
                {
                  "title": "should successfully mint, register IP, attach license and add to group",
                  "fullTitle": "Group Functions Group Operations should successfully mint, register IP, attach license and add to group",
                  "timedOut": false,
                  "duration": 8653,
                  "state": "passed",
                  "speed": "slow",
                  "pass": true,
                  "fail": false,
                  "pending": false,
                  "context": null,
                  "code": "const result = await client.groupClient.mintAndRegisterIpAndAttachLicenseAndAddToGroup({\n    groupId,\n    spgNftContract,\n    licenseData: [\n        {\n            licenseTermsId,\n            licensingConfig: {\n                isSet: true,\n                mintingFee: 0n,\n                licensingHook: viem_1.zeroAddress,\n                hookData: viem_1.zeroAddress,\n                commercialRevShare: 0,\n                disabled: false,\n                expectMinimumGroupRewardShare: 0,\n                expectGroupRewardPool: groupPoolAddress,\n            },\n        },\n    ],\n    maxAllowedRewardShare: 5,\n});\n(0, chai_1.expect)(result.txHash).to.be.a(\"string\");\n(0, chai_1.expect)(result.ipId).to.be.a(\"string\");",
                  "err": {},
                  "uuid": "e6d53ef2-c048-41a0-88fd-069cb5195c7c",
                  "parentUUID": "fc04ceb7-1e51-4eba-bd08-b5c9b91c598f",
                  "isHook": false,
                  "skipped": false
                },
                {
                  "title": "should successfully register a basic group",
                  "fullTitle": "Group Functions Group Operations should successfully register a basic group",
                  "timedOut": false,
                  "duration": 4417,
                  "state": "passed",
                  "speed": "slow",
                  "pass": true,
                  "fail": false,
                  "pending": false,
                  "context": null,
                  "code": "const result = await client.groupClient.registerGroup({\n    groupPool: groupPoolAddress,\n});\n(0, chai_1.expect)(result.txHash).to.be.a(\"string\");\n(0, chai_1.expect)(result.groupId).to.be.a(\"string\");",
                  "err": {},
                  "uuid": "b8a34629-55a7-4340-846e-c1eb9a4011a0",
                  "parentUUID": "fc04ceb7-1e51-4eba-bd08-b5c9b91c598f",
                  "isHook": false,
                  "skipped": false
                },
                {
                  "title": "should successfully register existing IP with license and add to group",
                  "fullTitle": "Group Functions Group Operations should successfully register existing IP with license and add to group",
                  "timedOut": false,
                  "duration": 17155,
                  "state": "passed",
                  "speed": "slow",
                  "pass": true,
                  "fail": false,
                  "pending": false,
                  "context": null,
                  "code": "const tokenId = await (0, util_1.mintBySpg)(spgNftContract, \"test-metadata\");\nconst result = await client.groupClient.registerIpAndAttachLicenseAndAddToGroup({\n    groupId,\n    nftContract: spgNftContract,\n    tokenId,\n    maxAllowedRewardShare: 5,\n    licenseData: [\n        {\n            licenseTermsId,\n            licensingConfig: {\n                isSet: true,\n                mintingFee: 0n,\n                licensingHook: viem_1.zeroAddress,\n                hookData: viem_1.zeroAddress,\n                commercialRevShare: 0,\n                disabled: false,\n                expectMinimumGroupRewardShare: 0,\n                expectGroupRewardPool: groupPoolAddress,\n            },\n        },\n    ],\n});\n(0, chai_1.expect)(result.txHash).to.be.a(\"string\");\n(0, chai_1.expect)(result.ipId).to.be.a(\"string\");",
                  "err": {},
                  "uuid": "b12b34bd-ae29-4b60-ae22-c69389381d22",
                  "parentUUID": "fc04ceb7-1e51-4eba-bd08-b5c9b91c598f",
                  "isHook": false,
                  "skipped": false
                },
                {
                  "title": "should successfully register group with license and add multiple IPs",
                  "fullTitle": "Group Functions Group Operations should successfully register group with license and add multiple IPs",
                  "timedOut": false,
                  "duration": 4514,
                  "state": "passed",
                  "speed": "slow",
                  "pass": true,
                  "fail": false,
                  "pending": false,
                  "context": null,
                  "code": "const result = await client.groupClient.registerGroupAndAttachLicenseAndAddIps({\n    groupPool: groupPoolAddress,\n    maxAllowedRewardShare: 5,\n    ipIds: [ipId],\n    licenseData: {\n        licenseTermsId,\n        licensingConfig: {\n            isSet: true,\n            mintingFee: 0n,\n            licensingHook: viem_1.zeroAddress,\n            hookData: viem_1.zeroAddress,\n            commercialRevShare: 0,\n            disabled: false,\n            expectMinimumGroupRewardShare: 0,\n            expectGroupRewardPool: viem_1.zeroAddress,\n        },\n    },\n});\n(0, chai_1.expect)(result.txHash).to.be.a(\"string\");\n(0, chai_1.expect)(result.groupId).to.be.a(\"string\");",
                  "err": {},
                  "uuid": "94eb0f8c-ebd2-4407-8e84-826eb959e0ba",
                  "parentUUID": "fc04ceb7-1e51-4eba-bd08-b5c9b91c598f",
                  "isHook": false,
                  "skipped": false
                },
                {
                  "title": "should fail when trying to add unregistered IP to group",
                  "fullTitle": "Group Functions Group Operations should fail when trying to add unregistered IP to group",
                  "timedOut": false,
                  "duration": 44,
                  "state": "passed",
                  "speed": "medium",
                  "pass": true,
                  "fail": false,
                  "pending": false,
                  "context": null,
                  "code": "await (0, chai_1.expect)(client.groupClient.registerGroupAndAttachLicenseAndAddIps({\n    groupPool: groupPoolAddress,\n    maxAllowedRewardShare: 5,\n    ipIds: [viem_1.zeroAddress], // Invalid IP address\n    licenseData: {\n        licenseTermsId,\n        licensingConfig: {\n            isSet: true,\n            mintingFee: 0n,\n            licensingHook: viem_1.zeroAddress,\n            hookData: viem_1.zeroAddress,\n            commercialRevShare: 0,\n            disabled: false,\n            expectMinimumGroupRewardShare: 0,\n            expectGroupRewardPool: viem_1.zeroAddress,\n        },\n    },\n})).to.be.rejectedWith(\"Failed to register group and attach license and add ips\");",
                  "err": {},
                  "uuid": "97005d04-2f98-44ad-b278-1983aa0ec1b3",
                  "parentUUID": "fc04ceb7-1e51-4eba-bd08-b5c9b91c598f",
                  "isHook": false,
                  "skipped": false
                }
              ],
              "suites": [
                {
                  "uuid": "2b2004cd-891f-4221-9d01-07a8a4b8d2b3",
                  "title": "Add IPs to Group and Remove IPs from Group",
                  "fullFile": "/home/runner/work/sdk/sdk/packages/core-sdk/test/integration/group.test.ts",
                  "file": "/test/integration/group.test.ts",
                  "beforeHooks": [],
                  "afterHooks": [],
                  "tests": [
                    {
                      "title": "should successfully add multiple IPs to group",
                      "fullTitle": "Group Functions Group Operations Add IPs to Group and Remove IPs from Group should successfully add multiple IPs to group",
                      "timedOut": false,
                      "duration": 10017,
                      "state": "passed",
                      "speed": "slow",
                      "pass": true,
                      "fail": false,
                      "pending": false,
                      "context": null,
                      "code": "const registerResult = await client.ipAsset.batchMintAndRegisterIpAssetWithPilTerms({\n    args: [\n        {\n            spgNftContract,\n            licenseTermsData,\n        },\n        {\n            spgNftContract,\n            licenseTermsData,\n        },\n        {\n            spgNftContract,\n            licenseTermsData,\n        },\n    ],\n});\nipIds = registerResult.results?.map((result) => result.ipId) ?? [];\nconst result = await client.groupClient.addIpsToGroup({\n    groupIpId: groupId,\n    ipIds: ipIds,\n    maxAllowedRewardSharePercentage: 5,\n});\n(0, chai_1.expect)(result.txHash).to.be.a(\"string\");",
                      "err": {},
                      "uuid": "7be73d5f-8e9d-44b2-9a84-e09b75cf047d",
                      "parentUUID": "2b2004cd-891f-4221-9d01-07a8a4b8d2b3",
                      "isHook": false,
                      "skipped": false
                    },
                    {
                      "title": "should successfully remove IPs from group",
                      "fullTitle": "Group Functions Group Operations Add IPs to Group and Remove IPs from Group should successfully remove IPs from group",
                      "timedOut": false,
                      "duration": 8449,
                      "state": "passed",
                      "speed": "slow",
                      "pass": true,
                      "fail": false,
                      "pending": false,
                      "context": null,
                      "code": "const result = await client.groupClient.removeIpsFromGroup({\n    groupIpId: groupId,\n    ipIds: ipIds,\n});\n(0, chai_1.expect)(result.txHash).to.be.a(\"string\");",
                      "err": {},
                      "uuid": "9e6cda46-828b-4269-874c-6f8438dc9b6c",
                      "parentUUID": "2b2004cd-891f-4221-9d01-07a8a4b8d2b3",
                      "isHook": false,
                      "skipped": false
                    },
                    {
                      "title": "should fail when trying to remove IPs from a non-existent group",
                      "fullTitle": "Group Functions Group Operations Add IPs to Group and Remove IPs from Group should fail when trying to remove IPs from a non-existent group",
                      "timedOut": false,
                      "duration": 4918,
                      "state": "passed",
                      "speed": "slow",
                      "pass": true,
                      "fail": false,
                      "pending": false,
                      "context": null,
                      "code": "const registerResult = await client.ipAsset.mintAndRegisterIpAssetWithPilTerms({\n    spgNftContract,\n    licenseTermsData,\n});\nconst testIpId = registerResult.ipId;\nconst nonExistentGroupId = viem_1.zeroAddress;\nawait (0, chai_1.expect)(client.groupClient.removeIpsFromGroup({\n    groupIpId: nonExistentGroupId,\n    ipIds: [testIpId],\n})).to.be.rejectedWith(\"Failed to remove IPs from group\");",
                      "err": {},
                      "uuid": "651ca0f0-6a2d-408c-91c5-e7ad326abd19",
                      "parentUUID": "2b2004cd-891f-4221-9d01-07a8a4b8d2b3",
                      "isHook": false,
                      "skipped": false
                    },
                    {
                      "title": "should fail when trying to remove non-existent IPs from a group",
                      "fullTitle": "Group Functions Group Operations Add IPs to Group and Remove IPs from Group should fail when trying to remove non-existent IPs from a group",
                      "timedOut": false,
                      "duration": 4464,
                      "state": "passed",
                      "speed": "slow",
                      "pass": true,
                      "fail": false,
                      "pending": false,
                      "context": null,
                      "code": "const groupResult = await client.groupClient.registerGroup({\n    groupPool: groupPoolAddress,\n});\nconst testGroupId = groupResult.groupId;\nconst nonExistentIpId = viem_1.zeroAddress;\nawait (0, chai_1.expect)(client.groupClient.removeIpsFromGroup({\n    groupIpId: testGroupId,\n    ipIds: [nonExistentIpId],\n})).to.be.rejectedWith(\"Failed to remove IPs from group\");",
                      "err": {},
                      "uuid": "f0c88461-9cac-49c9-89a5-12bb78ac2d4c",
                      "parentUUID": "2b2004cd-891f-4221-9d01-07a8a4b8d2b3",
                      "isHook": false,
                      "skipped": false
                    }
                  ],
                  "suites": [],
                  "passes": [
                    "7be73d5f-8e9d-44b2-9a84-e09b75cf047d",
                    "9e6cda46-828b-4269-874c-6f8438dc9b6c",
                    "651ca0f0-6a2d-408c-91c5-e7ad326abd19",
                    "f0c88461-9cac-49c9-89a5-12bb78ac2d4c"
                  ],
                  "failures": [],
                  "pending": [],
                  "skipped": [],
                  "duration": 27848,
                  "root": false,
                  "rootEmpty": false,
                  "_timeout": 300000
                }
              ],
              "passes": [
                "a7659463-5b55-456d-bead-047df73bbbd8",
                "e6d53ef2-c048-41a0-88fd-069cb5195c7c",
                "b8a34629-55a7-4340-846e-c1eb9a4011a0",
                "b12b34bd-ae29-4b60-ae22-c69389381d22",
                "94eb0f8c-ebd2-4407-8e84-826eb959e0ba",
                "97005d04-2f98-44ad-b278-1983aa0ec1b3"
              ],
              "failures": [],
              "pending": [],
              "skipped": [],
              "duration": 39216,
              "root": false,
              "rootEmpty": false,
              "_timeout": 300000
            },
            {
              "uuid": "00302d83-14e8-43f3-a978-6c88ed32bded",
              "title": "Collect Royalty and Claim Reward",
              "fullFile": "/home/runner/work/sdk/sdk/packages/core-sdk/test/integration/group.test.ts",
              "file": "/test/integration/group.test.ts",
              "beforeHooks": [
                {
                  "title": "\"before all\" hook in \"Collect Royalty and Claim Reward\"",
                  "fullTitle": "Group Functions Collect Royalty and Claim Reward \"before all\" hook in \"Collect Royalty and Claim Reward\"",
                  "timedOut": false,
                  "duration": 9363,
                  "state": null,
                  "speed": null,
                  "pass": false,
                  "fail": false,
                  "pending": false,
                  "context": null,
                  "code": "// Register IP id\nconst result1 = await mintAndRegisterIpAssetWithPilTermsHelper();\nipId = result1.ipId;\nlicenseTermsId = result1.licenseTermsIds[0];\n// Register group id\ngroupIpId = await registerGroupAndAttachLicenseHelper(licenseTermsId, [ipId]);",
                  "err": {},
                  "uuid": "29fe8845-de96-463b-9b8c-60f70041eeb5",
                  "parentUUID": "00302d83-14e8-43f3-a978-6c88ed32bded",
                  "isHook": true,
                  "skipped": false
                }
              ],
              "afterHooks": [],
              "tests": [
                {
                  "title": "should successfully collect royalties",
                  "fullTitle": "Group Functions Collect Royalty and Claim Reward should successfully collect royalties",
                  "timedOut": false,
                  "duration": 26320,
                  "state": "passed",
                  "speed": "slow",
                  "pass": true,
                  "fail": false,
                  "pending": false,
                  "context": null,
                  "code": "// Mint and register child IP id\nconst childIpId = await mintAndRegisterIpAndMakeDerivativeHelper(groupIpId, licenseTermsId);\n// Pay royalties from child IP id to group IP id and transfer to vault\nawait payRoyaltyAndTransferToVaultHelper(childIpId, groupIpId, src_1.WIP_TOKEN_ADDRESS, 100n);\n// Collect royalties\nconst result = await client.groupClient.collectRoyalties({\n    groupIpId,\n    currencyToken: src_1.WIP_TOKEN_ADDRESS,\n});\n(0, chai_1.expect)(result.txHash).to.be.a(\"string\");\n(0, chai_1.expect)(result.collectedRoyalties).to.equal(10n);",
                  "err": {},
                  "uuid": "28f470e4-7d01-4d8e-9fef-ceb66e20f530",
                  "parentUUID": "00302d83-14e8-43f3-a978-6c88ed32bded",
                  "isHook": false,
                  "skipped": false
                },
                {
                  "title": "should successfully get claimable reward",
                  "fullTitle": "Group Functions Collect Royalty and Claim Reward should successfully get claimable reward",
                  "timedOut": false,
                  "duration": 40,
                  "state": "passed",
                  "speed": "medium",
                  "pass": true,
                  "fail": false,
                  "pending": false,
                  "context": null,
                  "code": "const result = await client.groupClient.getClaimableReward({\n    groupIpId: groupIpId,\n    currencyToken: src_1.WIP_TOKEN_ADDRESS,\n    memberIpIds: [ipId],\n});\n(0, chai_1.expect)(result).to.deep.equal([10n]);",
                  "err": {},
                  "uuid": "cb42bc4a-918f-46df-b3f6-d047e14bc77b",
                  "parentUUID": "00302d83-14e8-43f3-a978-6c88ed32bded",
                  "isHook": false,
                  "skipped": false
                },
                {
                  "title": "should successfully claim reward",
                  "fullTitle": "Group Functions Collect Royalty and Claim Reward should successfully claim reward",
                  "timedOut": false,
                  "duration": 13390,
                  "state": "passed",
                  "speed": "slow",
                  "pass": true,
                  "fail": false,
                  "pending": false,
                  "context": null,
                  "code": "// Mint license tokens to the IP id which doesn't have a royalty vault\nawait client.license.mintLicenseTokens({\n    licensorIpId: ipId,\n    licenseTermsId,\n    amount: 100,\n    maxMintingFee: 1,\n    maxRevenueShare: 100,\n});\n// Claim reward\nconst result = await client.groupClient.claimReward({\n    groupIpId: groupIpId,\n    currencyToken: src_1.WIP_TOKEN_ADDRESS,\n    memberIpIds: [ipId],\n});\n(0, chai_1.expect)(result.txHash).to.be.a(\"string\");\n(0, chai_1.expect)(result.claimedReward?.[0].amount[0]).to.equal(10n);",
                  "err": {},
                  "uuid": "c0636aa0-1551-4e0c-beee-46576b77f91e",
                  "parentUUID": "00302d83-14e8-43f3-a978-6c88ed32bded",
                  "isHook": false,
                  "skipped": false
                },
                {
                  "title": "should fail when trying to claim reward for a non-existent group",
                  "fullTitle": "Group Functions Collect Royalty and Claim Reward should fail when trying to claim reward for a non-existent group",
                  "timedOut": false,
                  "duration": 40,
                  "state": "passed",
                  "speed": "medium",
                  "pass": true,
                  "fail": false,
                  "pending": false,
                  "context": null,
                  "code": "const nonExistentGroupId = viem_1.zeroAddress;\nawait (0, chai_1.expect)(client.groupClient.claimReward({\n    groupIpId: nonExistentGroupId,\n    currencyToken: src_1.WIP_TOKEN_ADDRESS,\n    memberIpIds: [ipId],\n})).to.be.rejectedWith(\"Failed to claim reward\");",
                  "err": {},
                  "uuid": "63e3de62-de74-48aa-97e5-83c49fff2422",
                  "parentUUID": "00302d83-14e8-43f3-a978-6c88ed32bded",
                  "isHook": false,
                  "skipped": false
                },
                {
                  "title": "should fail when trying to claim reward with invalid token address",
                  "fullTitle": "Group Functions Collect Royalty and Claim Reward should fail when trying to claim reward with invalid token address",
                  "timedOut": false,
                  "duration": 40,
                  "state": "passed",
                  "speed": "medium",
                  "pass": true,
                  "fail": false,
                  "pending": false,
                  "context": null,
                  "code": "const invalidTokenAddress = viem_1.zeroAddress;\nawait (0, chai_1.expect)(client.groupClient.claimReward({\n    groupIpId: groupIpId,\n    currencyToken: invalidTokenAddress,\n    memberIpIds: [ipId],\n})).to.be.rejectedWith(\"Failed to claim reward\");",
                  "err": {},
                  "uuid": "b12e6764-4e34-4602-87ce-ccd64a6c57df",
                  "parentUUID": "00302d83-14e8-43f3-a978-6c88ed32bded",
                  "isHook": false,
                  "skipped": false
                },
                {
                  "title": "should successfully collect royalties and claim reward in one transaction",
                  "fullTitle": "Group Functions Collect Royalty and Claim Reward should successfully collect royalties and claim reward in one transaction",
                  "timedOut": false,
                  "duration": 58657,
                  "state": "passed",
                  "speed": "slow",
                  "pass": true,
                  "fail": false,
                  "pending": false,
                  "context": null,
                  "code": "const ipIds = [];\nconst result1 = await mintAndRegisterIpAssetWithPilTermsHelper();\nconst result2 = await mintAndRegisterIpAssetWithPilTermsHelper();\nipIds.push(result1.ipId);\nipIds.push(result2.ipId);\nlicenseTermsId = result1.licenseTermsIds[0];\nconst groupId = await registerGroupAndAttachLicenseHelper(licenseTermsId, ipIds);\nconst childIpId1 = await mintAndRegisterIpAndMakeDerivativeHelper(groupId, licenseTermsId);\nconst childIpId2 = await mintAndRegisterIpAndMakeDerivativeHelper(groupId, licenseTermsId);\nawait payRoyaltyAndTransferToVaultHelper(childIpId1, groupId, src_1.WIP_TOKEN_ADDRESS, 100n);\nawait payRoyaltyAndTransferToVaultHelper(childIpId2, groupId, src_1.WIP_TOKEN_ADDRESS, 100n);\nconst result = await client.groupClient.collectAndDistributeGroupRoyalties({\n    groupIpId: groupId,\n    currencyTokens: [src_1.WIP_TOKEN_ADDRESS],\n    memberIpIds: ipIds,\n});\n(0, chai_1.expect)(result.txHash).to.be.a(\"string\");\n(0, chai_1.expect)(result.collectedRoyalties?.[0].amount).to.equal(20n);\n(0, chai_1.expect)(result.royaltiesDistributed?.[0].amount).to.equal(10n);\n(0, chai_1.expect)(result.royaltiesDistributed?.[1].amount).to.equal(10n);",
                  "err": {},
                  "uuid": "1e30e37b-9ae0-453f-95db-8921eea7f3c5",
                  "parentUUID": "00302d83-14e8-43f3-a978-6c88ed32bded",
                  "isHook": false,
                  "skipped": false
                }
              ],
              "suites": [],
              "passes": [
                "28f470e4-7d01-4d8e-9fef-ceb66e20f530",
                "cb42bc4a-918f-46df-b3f6-d047e14bc77b",
                "c0636aa0-1551-4e0c-beee-46576b77f91e",
                "63e3de62-de74-48aa-97e5-83c49fff2422",
                "b12e6764-4e34-4602-87ce-ccd64a6c57df",
                "1e30e37b-9ae0-453f-95db-8921eea7f3c5"
              ],
              "failures": [],
              "pending": [],
              "skipped": [],
              "duration": 98487,
              "root": false,
              "rootEmpty": false,
              "_timeout": 300000
            }
          ],
          "passes": [],
          "failures": [],
          "pending": [],
          "skipped": [],
          "duration": 0,
          "root": false,
          "rootEmpty": false,
          "_timeout": 300000
        },
        {
          "uuid": "ab1cf3df-3853-4b83-8b83-4a57c5d59121",
          "title": "IPAccount Functions",
          "fullFile": "/home/runner/work/sdk/sdk/packages/core-sdk/test/integration/ipAccount.test.ts",
          "file": "/test/integration/ipAccount.test.ts",
          "beforeHooks": [
            {
              "title": "\"before all\" hook in \"IPAccount Functions\"",
              "fullTitle": "IPAccount Functions \"before all\" hook in \"IPAccount Functions\"",
              "timedOut": false,
              "duration": 12991,
              "state": null,
              "speed": null,
              "pass": false,
              "fail": false,
              "pending": false,
              "context": null,
              "code": "client = (0, util_1.getStoryClient)();\nconst tokenId = await (0, util_1.getTokenId)();\nconst registerResult = await client.ipAsset.register({\n    nftContract: util_1.mockERC721,\n    tokenId: tokenId,\n});\nipId = registerResult.ipId;\ndata = (0, viem_1.encodeFunctionData)({\n    abi: generated_1.accessControllerAbi,\n    functionName: \"setTransientPermission\",\n    args: [\n        (0, viem_1.getAddress)(ipId),\n        (0, viem_1.getAddress)(util_1.TEST_WALLET_ADDRESS),\n        (0, viem_1.getAddress)(coreMetadataModule),\n        (0, viem_1.toFunctionSelector)(\"function setAll(address,string,bytes32,bytes32)\"),\n        src_1.AccessPermission.ALLOW,\n    ],\n});",
              "err": {},
              "uuid": "34c48edd-653c-44e4-b024-e8910ee7b8c3",
              "parentUUID": "ab1cf3df-3853-4b83-8b83-4a57c5d59121",
              "isHook": true,
              "skipped": false
            }
          ],
          "afterHooks": [],
          "tests": [
            {
              "title": "should successfully set ip metadata",
              "fullTitle": "IPAccount Functions should successfully set ip metadata",
              "timedOut": false,
              "duration": 8477,
              "state": "passed",
              "speed": "slow",
              "pass": true,
              "fail": false,
              "pending": false,
              "context": null,
              "code": "const txHash = await client.ipAccount.setIpMetadata({\n    ipId: ipId,\n    metadataURI: \"https://example.com\",\n    metadataHash: (0, viem_1.toHex)(\"test\", { size: 32 }),\n});\n(0, chai_1.expect)(txHash).to.be.a(\"string\");",
              "err": {},
              "uuid": "0fbce15e-8465-4592-b221-72d3020bf50d",
              "parentUUID": "ab1cf3df-3853-4b83-8b83-4a57c5d59121",
              "isHook": false,
              "skipped": false
            },
            {
              "title": "should successfully transfer ERC20 tokens",
              "fullTitle": "IPAccount Functions should successfully transfer ERC20 tokens",
              "timedOut": false,
              "duration": 30199,
              "state": "passed",
              "speed": "slow",
              "pass": true,
              "fail": false,
              "pending": false,
              "context": null,
              "code": "const erc20 = new generated_1.Erc20Client(util_1.publicClient, util_1.walletClient);\n// 1. Query token balance of ipId and wallet before\nconst initialErc20BalanceOfIpId = await erc20.balanceOf({\n    account: ipId,\n});\nconst initialErc20BalanceOfWallet = await erc20.balanceOf({\n    account: util_1.TEST_WALLET_ADDRESS,\n});\nconst initialWipBalanceOfIpId = await client.wipClient.balanceOf(ipId);\nconst initialWipBalanceOfWallet = await client.wipClient.balanceOf(util_1.TEST_WALLET_ADDRESS);\n// 2. transfer erc20 token to the ip account\nconst txHash = await erc20.mint({\n    to: ipId,\n    amount: (0, viem_1.parseEther)(\"0.002\"),\n});\nawait util_1.publicClient.waitForTransactionReceipt({\n    hash: txHash,\n});\n// 3. transfer wip to the ip account\nawait client.wipClient.deposit({\n    amount: 1n,\n});\nawait client.wipClient.transfer({\n    to: ipId,\n    amount: 1n,\n});\n// 4. transfer token of ip account to wallet address\nconst ret = await client.ipAccount.transferErc20({\n    ipId,\n    tokens: [\n        {\n            address: src_1.WIP_TOKEN_ADDRESS,\n            target: util_1.TEST_WALLET_ADDRESS,\n            amount: 1n,\n        },\n        {\n            address: erc20.address,\n            target: util_1.TEST_WALLET_ADDRESS,\n            amount: (0, viem_1.parseEther)(\"0.001\"),\n        },\n        {\n            address: erc20.address,\n            target: util_1.TEST_WALLET_ADDRESS,\n            amount: (0, viem_1.parseEther)(\"0.001\"),\n        },\n    ],\n});\n// 5. query token balance of ipId and wallet address after\nconst finalErc20BalanceOfIpId = await erc20.balanceOf({\n    account: ipId,\n});\nconst finalWipBalanceOfIpId = await client.wipClient.balanceOf(ipId);\nconst finalErc20BalanceOfWallet = await erc20.balanceOf({\n    account: util_1.TEST_WALLET_ADDRESS,\n});\nconst finalWipBalanceOfWallet = await client.wipClient.balanceOf(util_1.TEST_WALLET_ADDRESS);\n(0, chai_1.expect)(ret.txHash).to.be.a(\"string\");\n(0, chai_1.expect)(finalErc20BalanceOfIpId).to.equal(initialErc20BalanceOfIpId);\n(0, chai_1.expect)(finalWipBalanceOfIpId).to.equal(initialWipBalanceOfIpId);\n(0, chai_1.expect)(finalErc20BalanceOfWallet).to.equal(initialErc20BalanceOfWallet + (0, viem_1.parseEther)(\"0.002\"));\n(0, chai_1.expect)(finalWipBalanceOfWallet).to.equal(initialWipBalanceOfWallet + 1n);",
              "err": {},
              "uuid": "398746a8-0117-440c-ba6b-eecada57acb9",
              "parentUUID": "ab1cf3df-3853-4b83-8b83-4a57c5d59121",
              "isHook": false,
              "skipped": false
            }
          ],
          "suites": [
            {
              "uuid": "cd972719-2037-43ec-b6dd-9d4426bf0d41",
              "title": "execute",
              "fullFile": "/home/runner/work/sdk/sdk/packages/core-sdk/test/integration/ipAccount.test.ts",
              "file": "/test/integration/ipAccount.test.ts",
              "beforeHooks": [],
              "afterHooks": [],
              "tests": [
                {
                  "title": "should successfully execute a transaction",
                  "fullTitle": "IPAccount Functions execute should successfully execute a transaction",
                  "timedOut": false,
                  "duration": 4475,
                  "state": "passed",
                  "speed": "slow",
                  "pass": true,
                  "fail": false,
                  "pending": false,
                  "context": null,
                  "code": "const response = await client.ipAccount.execute({\n    to: permissionAddress,\n    value: 0,\n    data: data,\n    ipId: ipId,\n});\n(0, chai_1.expect)(response.txHash).to.be.a(\"string\");",
                  "err": {},
                  "uuid": "616d56d1-b06d-46df-a1a8-2e4dd6b0a5aa",
                  "parentUUID": "cd972719-2037-43ec-b6dd-9d4426bf0d41",
                  "isHook": false,
                  "skipped": false
                },
                {
                  "title": "should fail with invalid ipId",
                  "fullTitle": "IPAccount Functions execute should fail with invalid ipId",
                  "timedOut": false,
                  "duration": 44,
                  "state": "passed",
                  "speed": "medium",
                  "pass": true,
                  "fail": false,
                  "pending": false,
                  "context": null,
                  "code": "await (0, chai_1.expect)(client.ipAccount.execute({\n    to: permissionAddress,\n    value: 0,\n    data: data,\n    ipId: \"0x0000000000000000000000000000000000000000\",\n})).to.be.rejected;",
                  "err": {},
                  "uuid": "ef96a195-69d2-44b1-b362-b7615d5d98e7",
                  "parentUUID": "cd972719-2037-43ec-b6dd-9d4426bf0d41",
                  "isHook": false,
                  "skipped": false
                }
              ],
              "suites": [],
              "passes": [
                "616d56d1-b06d-46df-a1a8-2e4dd6b0a5aa",
                "ef96a195-69d2-44b1-b362-b7615d5d98e7"
              ],
              "failures": [],
              "pending": [],
              "skipped": [],
              "duration": 4519,
              "root": false,
              "rootEmpty": false,
              "_timeout": 300000
            },
            {
              "uuid": "4f8dd617-9364-47e1-b175-aab40c6c8f9d",
              "title": "executeWithSig",
              "fullFile": "/home/runner/work/sdk/sdk/packages/core-sdk/test/integration/ipAccount.test.ts",
              "file": "/test/integration/ipAccount.test.ts",
              "beforeHooks": [],
              "afterHooks": [],
              "tests": [
                {
                  "title": "should fail with expired deadline",
                  "fullTitle": "IPAccount Functions executeWithSig should fail with expired deadline",
                  "timedOut": false,
                  "duration": 42,
                  "state": "passed",
                  "speed": "medium",
                  "pass": true,
                  "fail": false,
                  "pending": false,
                  "context": null,
                  "code": "await (0, chai_1.expect)(client.ipAccount.executeWithSig({\n    to: permissionAddress,\n    data: data,\n    ipId: ipId,\n    signer: util_1.TEST_WALLET_ADDRESS,\n    deadline: EXPIRED_DEADLINE,\n    signature: \"0x\",\n})).to.be.rejected;",
                  "err": {},
                  "uuid": "d58e68cc-372d-4d9d-a15e-3bcc210a098a",
                  "parentUUID": "4f8dd617-9364-47e1-b175-aab40c6c8f9d",
                  "isHook": false,
                  "skipped": false
                }
              ],
              "suites": [],
              "passes": [
                "d58e68cc-372d-4d9d-a15e-3bcc210a098a"
              ],
              "failures": [],
              "pending": [],
              "skipped": [],
              "duration": 42,
              "root": false,
              "rootEmpty": false,
              "_timeout": 300000
            },
            {
              "uuid": "f8f2454e-222e-4f3d-b35e-637e62326f2b",
              "title": "getIpAccountNonce",
              "fullFile": "/home/runner/work/sdk/sdk/packages/core-sdk/test/integration/ipAccount.test.ts",
              "file": "/test/integration/ipAccount.test.ts",
              "beforeHooks": [],
              "afterHooks": [],
              "tests": [
                {
                  "title": "should successfully return account nonce",
                  "fullTitle": "IPAccount Functions getIpAccountNonce should successfully return account nonce",
                  "timedOut": false,
                  "duration": 43,
                  "state": "passed",
                  "speed": "medium",
                  "pass": true,
                  "fail": false,
                  "pending": false,
                  "context": null,
                  "code": "const response = await client.ipAccount.getIpAccountNonce(ipId);\n(0, chai_1.expect)(response).to.be.a(\"string\");",
                  "err": {},
                  "uuid": "4eec1d50-f432-46aa-99ee-755c77ac752a",
                  "parentUUID": "f8f2454e-222e-4f3d-b35e-637e62326f2b",
                  "isHook": false,
                  "skipped": false
                },
                {
                  "title": "should fail with invalid ipId",
                  "fullTitle": "IPAccount Functions getIpAccountNonce should fail with invalid ipId",
                  "timedOut": false,
                  "duration": 42,
                  "state": "passed",
                  "speed": "medium",
                  "pass": true,
                  "fail": false,
                  "pending": false,
                  "context": null,
                  "code": "await (0, chai_1.expect)(client.ipAccount.getIpAccountNonce(\"0x0000000000000000000000000000000000000000\"))\n    .to.be.rejected;",
                  "err": {},
                  "uuid": "7da8f693-3d6d-40f3-b264-18f81e49a3a4",
                  "parentUUID": "f8f2454e-222e-4f3d-b35e-637e62326f2b",
                  "isHook": false,
                  "skipped": false
                }
              ],
              "suites": [],
              "passes": [
                "4eec1d50-f432-46aa-99ee-755c77ac752a",
                "7da8f693-3d6d-40f3-b264-18f81e49a3a4"
              ],
              "failures": [],
              "pending": [],
              "skipped": [],
              "duration": 85,
              "root": false,
              "rootEmpty": false,
              "_timeout": 300000
            },
            {
              "uuid": "2d04f5b2-4335-4b79-806c-2f3debf00a45",
              "title": "getToken",
              "fullFile": "/home/runner/work/sdk/sdk/packages/core-sdk/test/integration/ipAccount.test.ts",
              "file": "/test/integration/ipAccount.test.ts",
              "beforeHooks": [],
              "afterHooks": [],
              "tests": [
                {
                  "title": "should successfully return token information",
                  "fullTitle": "IPAccount Functions getToken should successfully return token information",
                  "timedOut": false,
                  "duration": 43,
                  "state": "passed",
                  "speed": "medium",
                  "pass": true,
                  "fail": false,
                  "pending": false,
                  "context": null,
                  "code": "const response = await client.ipAccount.getToken(ipId);\n(0, chai_1.expect)(response.chainId).to.be.a(\"bigint\");\n(0, chai_1.expect)(response.tokenContract).to.be.a(\"string\");\n(0, chai_1.expect)(response.tokenId).to.be.a(\"bigint\");\n(0, chai_1.expect)(response.tokenContract).to.equal(util_1.mockERC721);",
                  "err": {},
                  "uuid": "121c332f-6ee7-4cfd-a980-7af3481d766a",
                  "parentUUID": "2d04f5b2-4335-4b79-806c-2f3debf00a45",
                  "isHook": false,
                  "skipped": false
                },
                {
                  "title": "should fail with invalid ipId",
                  "fullTitle": "IPAccount Functions getToken should fail with invalid ipId",
                  "timedOut": false,
                  "duration": 42,
                  "state": "passed",
                  "speed": "medium",
                  "pass": true,
                  "fail": false,
                  "pending": false,
                  "context": null,
                  "code": "await (0, chai_1.expect)(client.ipAccount.getToken(\"0x0000000000000000000000000000000000000000\")).to.be\n    .rejected;",
                  "err": {},
                  "uuid": "510760c2-7867-46d1-ba3d-c31675329273",
                  "parentUUID": "2d04f5b2-4335-4b79-806c-2f3debf00a45",
                  "isHook": false,
                  "skipped": false
                }
              ],
              "suites": [],
              "passes": [
                "121c332f-6ee7-4cfd-a980-7af3481d766a",
                "510760c2-7867-46d1-ba3d-c31675329273"
              ],
              "failures": [],
              "pending": [],
              "skipped": [],
              "duration": 85,
              "root": false,
              "rootEmpty": false,
              "_timeout": 300000
            }
          ],
          "passes": [
            "0fbce15e-8465-4592-b221-72d3020bf50d",
            "398746a8-0117-440c-ba6b-eecada57acb9"
          ],
          "failures": [],
          "pending": [],
          "skipped": [],
          "duration": 38676,
          "root": false,
          "rootEmpty": false,
          "_timeout": 300000
        },
        {
          "uuid": "95833ec5-df37-4727-a659-3075f2270b76",
          "title": "IP Asset Functions",
          "fullFile": "/home/runner/work/sdk/sdk/packages/core-sdk/test/integration/ipAsset.test.ts",
          "file": "/test/integration/ipAsset.test.ts",
          "beforeHooks": [
            {
              "title": "\"before all\" hook in \"IP Asset Functions\"",
              "fullTitle": "IP Asset Functions \"before all\" hook in \"IP Asset Functions\"",
              "timedOut": false,
              "duration": 44,
              "state": null,
              "speed": null,
              "pass": false,
              "fail": false,
              "pending": false,
              "context": null,
              "code": "client = (0, util_1.getStoryClient)();\nconst res = await client.license.registerNonComSocialRemixingPIL();\nnoCommercialLicenseTermsId = res.licenseTermsId;",
              "err": {},
              "uuid": "c890676f-2c5e-4a89-8811-d485f92bf420",
              "parentUUID": "95833ec5-df37-4727-a659-3075f2270b76",
              "isHook": true,
              "skipped": false
            }
          ],
          "afterHooks": [],
          "tests": [],
          "suites": [
            {
              "uuid": "19022ff4-16c8-47ad-9da1-8389c79c2578",
              "title": "Basic IP Asset Operations",
              "fullFile": "/home/runner/work/sdk/sdk/packages/core-sdk/test/integration/ipAsset.test.ts",
              "file": "/test/integration/ipAsset.test.ts",
              "beforeHooks": [],
              "afterHooks": [],
              "tests": [
                {
                  "title": "should register an IP Asset",
                  "fullTitle": "IP Asset Functions Basic IP Asset Operations should register an IP Asset",
                  "timedOut": false,
                  "duration": 8951,
                  "state": "passed",
                  "speed": "slow",
                  "pass": true,
                  "fail": false,
                  "pending": false,
                  "context": null,
                  "code": "const tokenId = await (0, util_1.getTokenId)();\nconst response = await client.ipAsset.register({\n    nftContract: util_1.mockERC721,\n    tokenId: tokenId,\n});\nchildIpId = response.ipId;\n(0, chai_1.expect)(childIpId).to.be.a(\"string\");",
                  "err": {},
                  "uuid": "f4e89059-980b-4cf8-b2f4-33ef2306ff14",
                  "parentUUID": "19022ff4-16c8-47ad-9da1-8389c79c2578",
                  "isHook": false,
                  "skipped": false
                },
                {
                  "title": "should register an IP Asset with multiple metadata fields",
                  "fullTitle": "IP Asset Functions Basic IP Asset Operations should register an IP Asset with multiple metadata fields",
                  "timedOut": false,
                  "duration": 9007,
                  "state": "passed",
                  "speed": "slow",
                  "pass": true,
                  "fail": false,
                  "pending": false,
                  "context": null,
                  "code": "const tokenId = await (0, util_1.getTokenId)();\nconst response = await client.ipAsset.register({\n    nftContract: util_1.mockERC721,\n    tokenId: tokenId,\n    ipMetadata: {\n        ipMetadataURI: \"ipfs://test-uri\",\n        ipMetadataHash: (0, viem_1.toHex)(\"test-metadata-hash\", { size: 32 }),\n        nftMetadataURI: \"ipfs://test-nft-uri\",\n        nftMetadataHash: (0, viem_1.toHex)(\"test-nft-metadata-hash\", { size: 32 }),\n    },\n});\nchildIpId2 = response.ipId;\n(0, chai_1.expect)(response.ipId).to.be.a(\"string\");\n(0, chai_1.expect)(response.tokenId).to.be.a(\"bigint\");",
                  "err": {},
                  "uuid": "4aa24f79-8e51-4fe0-9404-d080ea22b226",
                  "parentUUID": "19022ff4-16c8-47ad-9da1-8389c79c2578",
                  "isHook": false,
                  "skipped": false
                },
                {
                  "title": "should not register with invalid metadata hash length",
                  "fullTitle": "IP Asset Functions Basic IP Asset Operations should not register with invalid metadata hash length",
                  "timedOut": false,
                  "duration": 4570,
                  "state": "passed",
                  "speed": "slow",
                  "pass": true,
                  "fail": false,
                  "pending": false,
                  "context": null,
                  "code": "const tokenId = await (0, util_1.getTokenId)();\nawait (0, chai_1.expect)(client.ipAsset.register({\n    nftContract: util_1.mockERC721,\n    tokenId: tokenId,\n    ipMetadata: {\n        ipMetadataHash: \"0x123\", // Invalid length hash\n        nftMetadataHash: (0, viem_1.toHex)(\"valid-hash\", { size: 32 }),\n    },\n})).to.be.rejected;",
                  "err": {},
                  "uuid": "4a0f532d-ce5e-4556-9a18-93c63e25931d",
                  "parentUUID": "19022ff4-16c8-47ad-9da1-8389c79c2578",
                  "isHook": false,
                  "skipped": false
                },
                {
                  "title": "should not register with non-existent token ID",
[...]
ates two distinct IP asset hierarchies (IpA and IpB) to demonstrate\n * different revenue collection scenarios using LAP (Licensing Agreement Policy) and LRP\n * (Licensing Revenue Policy) respectively.\n *\n * IpA Hierarchy (LAP - Licensing Agreement Policy):                           IpB Hierarchy (LRP - Licensing Revenue Policy):\n * ┌─────────────────────────────────────────────────────────────┐          ┌─────────────────────────────────────────────────────────────┐\n * │ IpA (Parent) - Total Expected Revenue: 130 WIP              │          │ IpB (Parent) - Total Expected Revenue: 330 WIP              │\n * ├─────────────────────────────────────────────────────────────┤          ├─────────────────────────────────────────────────────────────┤\n * │ Revenue Sources:                                            │          │ Revenue Sources:                                            │\n * │ ├── Minting Fee: 100 WIP                                    │          │ ├── Minting Fee: 150 WIP                                    │\n * │ ├── Revenue Share (ipA2->ipA1): 10 WIP (10% LAP)            │          │ ├── LRP Revenue Share: 10%                                  │\n * │ ├── Revenue Share (ipA3->ipA2): 10 WIP (10% LAP)            │          │ ├── Total Revenue: 330 WIP                                  │\n * │ └── Direct Payment (ipA3): 10 WIP (10% LAP)                 │          │    └── From ipB1: 150 WIP + 10% revenue share               │\n * │                                                             │          │    └── From ipB2: 150 WIP + 10% revenue share               │\n * │                                                             │          │                                                             │\n * | Ownership Distribution:                                     │          |                                                             │\n * │ ├── Wallet Address: 50%  65 WIP                             │          │ Revenue Flow:                                               │\n * │ └── Another Address: 50% 65 WIP                             │          │ ipB3                                                        │\n * │                                                             │          │ ├── ipB1 ─┐                                                 │\n * │ Revenue Flow:                                               │          │ └── ipB2 ─┴──> ipB (collects 330 WIP)                       │\n * │ ipA3                                                        │          │                                                             │\n * │  └──> ipA2 (20% LAP) ──> ipA1 (10% LAP) ──> ipA             │          │                                                             │\n * │       └──> Direct Payment: 100 WIP                          │          │                                                             │\n * └─────────────────────────────────────────────────────────────┘          └─────────────────────────────────────────────────────────────┘\n */\nconst txData = await client.nftClient.createNFTCollection({\n    name: \"free-collection\",\n    symbol: \"FREE\",\n    maxSupply: 100,\n    isPublicMinting: true,\n    mintOpen: true,\n    contractURI: \"test-uri\",\n    mintFeeRecipient: viem_1.zeroAddress,\n});\nspgNftContract = txData.spgNftContract;\n// 1. Register ipA\nconst ret1A = await client.ipAsset.mintAndRegisterIpAndAttachPilTermsAndDistributeRoyaltyTokens({\n    spgNftContract,\n    licenseTermsData: [\n        {\n            terms: {\n                transferable: true,\n                royaltyPolicy: generated_1.royaltyPolicyLapAddress[util_1.aeneid],\n                defaultMintingFee: 100n,\n                expiration: 0n,\n                commercialUse: true,\n                commercialAttribution: false,\n                commercializerChecker: viem_1.zeroAddress,\n                commercializerCheckerData: viem_1.zeroAddress,\n                commercialRevShare: 10,\n                commercialRevCeiling: 0n,\n                derivativesAllowed: true,\n                derivativesAttribution: true,\n                derivativesApproval: false,\n                derivativesReciprocal: true,\n                derivativeRevCeiling: 0n,\n                currency: common_1.WIP_TOKEN_ADDRESS,\n                uri: \"\",\n            },\n            licensingConfig: {\n                isSet: false,\n                mintingFee: 100n,\n                licensingHook: viem_1.zeroAddress,\n                hookData: viem_1.zeroAddress,\n                commercialRevShare: 0,\n                disabled: false,\n                expectMinimumGroupRewardShare: 0,\n                expectGroupRewardPool: viem_1.zeroAddress,\n            },\n        },\n    ],\n    royaltyShares: [\n        {\n            recipient: util_1.TEST_WALLET_ADDRESS,\n            percentage: 50,\n        },\n        {\n            recipient: anotherAddress,\n            percentage: 50,\n        },\n    ],\n});\nipA = ret1A.ipId;\nlicenseId = ret1A.licenseTermsIds[0];\n// 2. Register ipB\nconst ret1B = await client.ipAsset.mintAndRegisterIpAssetWithPilTerms({\n    spgNftContract,\n    licenseTermsData: [\n        {\n            terms: {\n                transferable: true,\n                royaltyPolicy: generated_1.royaltyPolicyLrpAddress[util_1.aeneid],\n                defaultMintingFee: 150n,\n                expiration: 0n,\n                commercialUse: true,\n                commercialAttribution: false,\n                commercializerChecker: viem_1.zeroAddress,\n                commercializerCheckerData: viem_1.zeroAddress,\n                commercialRevShare: 10,\n                commercialRevCeiling: 0n,\n                derivativesAllowed: true,\n                derivativesAttribution: true,\n                derivativesApproval: false,\n                derivativesReciprocal: true,\n                derivativeRevCeiling: 0n,\n                currency: common_1.WIP_TOKEN_ADDRESS,\n                uri: \"\",\n            },\n            licensingConfig: {\n                isSet: false,\n                mintingFee: 150n,\n                licensingHook: viem_1.zeroAddress,\n                hookData: viem_1.zeroAddress,\n                commercialRevShare: 0,\n                disabled: false,\n                expectMinimumGroupRewardShare: 0,\n                expectGroupRewardPool: viem_1.zeroAddress,\n            },\n        },\n    ],\n});\nipB = ret1B.ipId;\nlicenseId1 = ret1B.licenseTermsIds[0];\n// 3. Register ipA1 from ipA and ipB1 from ipB\nconst { results: ret2 } = await client.ipAsset.batchMintAndRegisterIpAndMakeDerivative({\n    args: [\n        {\n            spgNftContract,\n            derivData: {\n                parentIpIds: [ipA],\n                licenseTermsIds: [licenseId],\n            },\n        },\n        {\n            spgNftContract,\n            derivData: {\n                parentIpIds: [ipB],\n                licenseTermsIds: [licenseId1],\n            },\n        },\n    ],\n});\nipA1 = ret2[0].ipId;\nipB1 = ret2[1].ipId;\n// 4. Register ipA2 from ipA1 and ipB2 from ipB\nconst { results: ret3 } = await client.ipAsset.batchMintAndRegisterIpAndMakeDerivative({\n    args: [\n        {\n            spgNftContract,\n            derivData: {\n                parentIpIds: [ipA1],\n                licenseTermsIds: [licenseId],\n            },\n        },\n        {\n            spgNftContract,\n            derivData: {\n                parentIpIds: [ipB],\n                licenseTermsIds: [licenseId1],\n            },\n        },\n    ],\n});\nipA2 = ret3[0].ipId;\nipB2 = ret3[1].ipId;\n// 5. Register ipA3 from ipA2 and ipB3 from ipB1 and ipB2\nconst { results: ret4 } = await client.ipAsset.batchMintAndRegisterIpAndMakeDerivative({\n    args: [\n        {\n            spgNftContract,\n            derivData: {\n                parentIpIds: [ipA2],\n                licenseTermsIds: [licenseId],\n            },\n        },\n        {\n            spgNftContract,\n            derivData: {\n                parentIpIds: [ipB1, ipB2],\n                licenseTermsIds: [licenseId1, licenseId1],\n            },\n        },\n    ],\n});\nipA3 = ret4[0].ipId;\n// 6. Pay royalty on behalf of ipA2 to ipA3\nawait client.royalty.payRoyaltyOnBehalf({\n    receiverIpId: ipA2,\n    payerIpId: ipA3,\n    token: common_1.WIP_TOKEN_ADDRESS,\n    amount: 100n,\n});\nconst balance = await client.wipClient.balanceOf(util_1.TEST_WALLET_ADDRESS);\nawait client.wipClient.withdraw({\n    amount: balance,\n});",
                  "err": {},
                  "uuid": "2d890afe-b935-4230-8e33-149ecdc1b80f",
                  "parentUUID": "2fef2ae7-3cce-48a2-95bd-2d8192ed5b41",
                  "isHook": true,
                  "skipped": false
                }
              ],
              "afterHooks": [],
              "tests": [
                {
                  "title": "should batch claim all revenue",
                  "fullTitle": "Royalty Functions BatchClaimAllRevenue With WIP should batch claim all revenue",
                  "timedOut": false,
                  "duration": 21559,
                  "state": "passed",
                  "speed": "slow",
                  "pass": true,
                  "fail": false,
                  "pending": false,
                  "context": null,
                  "code": "const anotherAddressWipBalanceBefore = await client.wipClient.balanceOf(anotherAddress);\nconst result = await client.royalty.batchClaimAllRevenue({\n    ancestorIps: [\n        {\n            ipId: ipA,\n            claimer: util_1.TEST_WALLET_ADDRESS,\n            childIpIds: [ipA1, ipA2],\n            royaltyPolicies: [generated_1.royaltyPolicyLapAddress[util_1.aeneid], generated_1.royaltyPolicyLapAddress[util_1.aeneid]],\n            currencyTokens: [common_1.WIP_TOKEN_ADDRESS, common_1.WIP_TOKEN_ADDRESS],\n        },\n        {\n            ipId: ipA,\n            claimer: anotherAddress,\n            childIpIds: [],\n            royaltyPolicies: [],\n            currencyTokens: [common_1.WIP_TOKEN_ADDRESS],\n        },\n        {\n            ipId: ipB,\n            claimer: ipB,\n            childIpIds: [ipB1, ipB2],\n            royaltyPolicies: [generated_1.royaltyPolicyLrpAddress[util_1.aeneid], generated_1.royaltyPolicyLrpAddress[util_1.aeneid]],\n            currencyTokens: [common_1.WIP_TOKEN_ADDRESS, common_1.WIP_TOKEN_ADDRESS],\n        },\n    ],\n});\nconst anotherAddressWipBalanceAfter = await client.wipClient.balanceOf(anotherAddress);\nconst walletWipBalanceAfter = await client.wipClient.balanceOf(util_1.TEST_WALLET_ADDRESS);\n(0, chai_1.expect)(result.txHashes).to.be.an(\"array\");\n(0, chai_1.expect)(result.claimedTokens[0].amount).to.equal(65n);\n(0, chai_1.expect)(result.claimedTokens[1].amount).to.equal(65n);\n(0, chai_1.expect)(result.claimedTokens[2].amount).to.equal(330n);\n(0, chai_1.expect)(walletWipBalanceAfter).to.equal(0n);\n(0, chai_1.expect)(anotherAddressWipBalanceAfter).to.equal(anotherAddressWipBalanceBefore + 65n);\n// Note: The final wallet balance cannot be precisely calculated because:\n// The test involves multiple transactions (claimAllRevenue, token transfers, etc.)\n// batchClaimAllRevenue only returns receipts for claimAllRevenue calls\n// Additional gas costs and token transfers occur outside the returned receipts",
                  "err": {},
                  "uuid": "3fe74045-653e-405e-b679-7f55fe9d217c",
                  "parentUUID": "2fef2ae7-3cce-48a2-95bd-2d8192ed5b41",
                  "isHook": false,
                  "skipped": false
                }
              ],
              "suites": [],
              "passes": [
                "3fe74045-653e-405e-b679-7f55fe9d217c"
              ],
              "failures": [],
              "pending": [],
              "skipped": [],
              "duration": 21559,
              "root": false,
              "rootEmpty": false,
              "_timeout": 300000
            }
          ],
          "passes": [],
          "failures": [],
          "pending": [],
          "skipped": [],
          "duration": 0,
          "root": false,
          "rootEmpty": false,
          "_timeout": 300000
        },
        {
          "uuid": "34aa94a6-ffde-466d-8414-6fc595c59a5c",
          "title": "WIP Functions",
          "fullFile": "/home/runner/work/sdk/sdk/packages/core-sdk/test/integration/wip.test.ts",
          "file": "/test/integration/wip.test.ts",
          "beforeHooks": [
            {
              "title": "\"before all\" hook in \"WIP Functions\"",
              "fullTitle": "WIP Functions \"before all\" hook in \"WIP Functions\"",
              "timedOut": false,
              "duration": 1,
              "state": null,
              "speed": null,
              "pass": false,
              "fail": false,
              "pending": false,
              "context": null,
              "code": "client = (0, util_1.getStoryClient)();",
              "err": {},
              "uuid": "8e1cf9bd-da37-46dd-b550-d659fc6f6404",
              "parentUUID": "34aa94a6-ffde-466d-8414-6fc595c59a5c",
              "isHook": true,
              "skipped": false
            }
          ],
          "afterHooks": [],
          "tests": [],
          "suites": [
            {
              "uuid": "98dedd20-5022-4bce-84d1-b38c483cb507",
              "title": "deposit",
              "fullFile": "/home/runner/work/sdk/sdk/packages/core-sdk/test/integration/wip.test.ts",
              "file": "/test/integration/wip.test.ts",
              "beforeHooks": [],
              "afterHooks": [],
              "tests": [
                {
                  "title": "should deposit 0.01 WIP",
                  "fullTitle": "WIP Functions deposit should deposit 0.01 WIP",
                  "timedOut": false,
                  "duration": 4547,
                  "state": "passed",
                  "speed": "slow",
                  "pass": true,
                  "fail": false,
                  "pending": false,
                  "context": null,
                  "code": "const ipAmt = (0, viem_1.parseEther)(\"0.01\");\nconst balanceBefore = await client.getWalletBalance();\nconst wipBefore = await client.wipClient.balanceOf(util_1.TEST_WALLET_ADDRESS);\nconst rsp = await client.wipClient.deposit({\n    amount: ipAmt,\n});\n(0, chai_1.expect)(rsp.txHash).to.be.a(\"string\");\nconst balanceAfter = await client.getWalletBalance();\nconst wipAfter = await client.wipClient.balanceOf(util_1.TEST_WALLET_ADDRESS);\n(0, chai_1.expect)(wipAfter).to.equal(wipBefore + ipAmt);\nconst gasCost = rsp.receipt.gasUsed * rsp.receipt.effectiveGasPrice;\n(0, chai_1.expect)(balanceAfter).to.equal(balanceBefore - ipAmt - gasCost);",
                  "err": {},
                  "uuid": "e69ee133-bf3d-4f5d-8ae8-ea471f3d902c",
                  "parentUUID": "98dedd20-5022-4bce-84d1-b38c483cb507",
                  "isHook": false,
                  "skipped": false
                }
              ],
              "suites": [],
              "passes": [
                "e69ee133-bf3d-4f5d-8ae8-ea471f3d902c"
              ],
              "failures": [],
              "pending": [],
              "skipped": [],
              "duration": 4547,
              "root": false,
              "rootEmpty": false,
              "_timeout": 300000
            },
            {
              "uuid": "5998755f-c089-4804-9c6c-92bff752999c",
              "title": "transfer",
              "fullFile": "/home/runner/work/sdk/sdk/packages/core-sdk/test/integration/wip.test.ts",
              "file": "/test/integration/wip.test.ts",
              "beforeHooks": [],
              "afterHooks": [],
              "tests": [
                {
                  "title": "should transfer WIP",
                  "fullTitle": "WIP Functions transfer should transfer WIP",
                  "timedOut": false,
                  "duration": 4391,
                  "state": "passed",
                  "speed": "slow",
                  "pass": true,
                  "fail": false,
                  "pending": false,
                  "context": null,
                  "code": "const rsp = await client.wipClient.transfer({\n    to: util_1.TEST_WALLET_ADDRESS,\n    amount: (0, viem_1.parseEther)(\"0.01\"),\n});\n(0, chai_1.expect)(rsp.txHash).to.be.a(\"string\");\n//Due to approve cannot approve msy.sender, so skip transferFrom test",
                  "err": {},
                  "uuid": "992929e4-2fbb-4ade-b99b-d2606ef125ba",
                  "parentUUID": "5998755f-c089-4804-9c6c-92bff752999c",
                  "isHook": false,
                  "skipped": false
                }
              ],
              "suites": [],
              "passes": [
                "992929e4-2fbb-4ade-b99b-d2606ef125ba"
              ],
              "failures": [],
              "pending": [],
              "skipped": [],
              "duration": 4391,
              "root": false,
              "rootEmpty": false,
              "_timeout": 300000
            },
            {
              "uuid": "225259ae-e51e-4fa9-a4d0-9321be316d70",
              "title": "withdraw",
              "fullFile": "/home/runner/work/sdk/sdk/packages/core-sdk/test/integration/wip.test.ts",
              "file": "/test/integration/wip.test.ts",
              "beforeHooks": [],
              "afterHooks": [],
              "tests": [
                {
                  "title": "should withdrawal WIP",
                  "fullTitle": "WIP Functions withdraw should withdrawal WIP",
                  "timedOut": false,
                  "duration": 4551,
                  "state": "passed",
                  "speed": "slow",
                  "pass": true,
                  "fail": false,
                  "pending": false,
                  "context": null,
                  "code": "const balanceBefore = await client.getWalletBalance();\nconst wipBefore = await client.wipClient.balanceOf(util_1.TEST_WALLET_ADDRESS);\nconst rsp = await client.wipClient.withdraw({\n    amount: wipBefore,\n});\n(0, chai_1.expect)(rsp.txHash).to.be.a(\"string\");\nconst wipAfter = await client.wipClient.balanceOf(util_1.TEST_WALLET_ADDRESS);\n(0, chai_1.expect)(wipAfter).to.equal(0n);\nconst balanceAfter = await client.getWalletBalance();\nconst gasCost = rsp.receipt.gasUsed * rsp.receipt.effectiveGasPrice;\n(0, chai_1.expect)(balanceAfter).to.equal(balanceBefore + wipBefore - gasCost);",
                  "err": {},
                  "uuid": "964ce08b-7484-4431-8497-2568764b61a2",
                  "parentUUID": "225259ae-e51e-4fa9-a4d0-9321be316d70",
                  "isHook": false,
                  "skipped": false
                }
              ],
              "suites": [],
              "passes": [
                "964ce08b-7484-4431-8497-2568764b61a2"
              ],
              "failures": [],
              "pending": [],
              "skipped": [],
              "duration": 4551,
              "root": false,
              "rootEmpty": false,
              "_timeout": 300000
            }
          ],
          "passes": [],
          "failures": [],
          "pending": [],
          "skipped": [],
          "duration": 0,
          "root": false,
          "rootEmpty": false,
          "_timeout": 300000
        }
      ],
      "passes": [],
      "failures": [],
      "pending": [],
      "skipped": [],
      "duration": 0,
      "root": true,
      "rootEmpty": true,
      "_timeout": 300000
    }
  ],
  "meta": {
    "mocha": {
      "version": "10.8.2"
    },
    "mochawesome": {
      "options": {
        "quiet": false,
        "reportFilename": "mochawesome",
        "saveHtml": true,
        "saveJson": true,
        "consoleReporter": "spec",
        "useInlineDiffs": false,
        "code": true
      },
      "version": "7.1.3"
    },
    "marge": {
      "options": null,
      "version": "6.2.0"
    }
  }
}